r48164
r48166
  +dir_prop: branches/R-2-9-branch svn:mergeinfo /branches/djm-parseRd:46922%0A/trunk:48163%2C48165
  +file_prop: branches/R-2-9-branch/src/library/tools/R/RdConv2.R svn:mergeinfo /branches/djm-parseRd/src/library/tools/R/RdConv2.R:46922%0A/trunk/src/library/tools/R/RdConv2.R:46233-46938%2C48163%2C48165
r48167
r48169
r48170
r48171
r48177
r48178
r48181
r48183
r48185
r48187
r48189
r48191
r48193
r48195
r48197
r48199
r48202
r48204
r48209
r48213
  +dir_prop: branches/R-2-9-branch svn:mergeinfo /branches/djm-parseRd:46922%0A/trunk:48163%2C48165%2C48210
  +file_prop: branches/R-2-9-branch/src/library/tools/R/RdConv2.R svn:mergeinfo /branches/djm-parseRd/src/library/tools/R/RdConv2.R:46922%0A/trunk/src/library/tools/R/RdConv2.R:46233-46938%2C48163%2C48165%2C48210
r48214
r48215
  +file_prop: branches/R-2-9-branch/src/library/tools/R/RdConv2.R svn:mergeinfo /branches/djm-parseRd/src/library/tools/R/RdConv2.R:46922%0A/trunk/src/library/tools/R/RdConv2.R:46233-46938%2C48163%2C48165%2C48210-48211
r48216
r48220
r48222
r48223
r48226
r48228
r48230
  +dir_prop: branches/R-2-9-branch svn:mergeinfo /branches/djm-parseRd:46922%0A/trunk:48163%2C48165%2C48210%2C48229
  +file_prop: branches/R-2-9-branch/src/library/tools/R/RdConv2.R svn:mergeinfo /branches/djm-parseRd/src/library/tools/R/RdConv2.R:46922%0A/trunk/src/library/tools/R/RdConv2.R:46233-46938%2C48163%2C48165%2C48210-48211%2C48229
r48232
r48234
r48236
  -empty_dir: branches/R-2-9-branch/share/R/massage-examples.R
  -empty_dir: branches/R-2-9-branch/share/perl/massage-Examples.pl
  -dir_prop: branches/R-2-9-branch svn:mergeinfo
  -file_prop: branches/R-2-9-branch/src/library/tools/R/RdConv2.R svn:mergeinfo
r48239
r48240
r48242
r48243
r48246
r48248
r48249
r48252
r48254
r48256
r48258
r48260
r48262
r48266
r48268
r48271
r48272
  +file_prop: branches/R-2-9-branch/src/library/grDevices/inst/po/de/LC_MESSAGES/grDevices.mo svn:mime-type application/octet-stream
r48274
r48275
  +dir_prop: branches/R-2-9-branch svn:mergeinfo /trunk:48270
r48276
r48279
r48281
r48283
r48285
r48287
r48292
r48293
r48296
r48297
r48302
r48304
r48306
r48309
r48313
r48315
r48317
r48322
r48325
r48331
r48333
r48335
r48340
r48342
r48343
r48345
r48347
  +dir_prop: branches/R-2-9-branch svn:mergeinfo /trunk:48270%2C48286%2C48326-48327%2C48336
r48351
r48353
r48355
r48360
r48361
r48362
r48363
r48365
r48368
r48370
r48375
r48380
r48383
  +dir_prop: branches/R-2-9-branch svn:mergeinfo /trunk:48270%2C48286%2C48326-48327%2C48336%2C48382
r48387
r48389
r48391
r48393
r48395
  +dir_prop: branches/R-2-9-branch svn:mergeinfo /trunk:48270%2C48286%2C48326-48327%2C48336%2C48382%2C48394
r48397
r48398
r48402
  +dir_prop: branches/R-2-9-branch svn:mergeinfo /trunk:48270%2C48286%2C48326-48327%2C48336%2C48382%2C48394%2C48401
r48404
  +dir_prop: branches/R-2-9-branch svn:mergeinfo /trunk:48270%2C48286%2C48326-48327%2C48336%2C48382%2C48394%2C48401%2C48403
r48405
r48408
  +dir_prop: branches/R-2-9-branch svn:mergeinfo /trunk:48270%2C48286%2C48326-48327%2C48336%2C48382%2C48394%2C48401%2C48403%2C48407
r48412
  +dir_prop: branches/R-2-9-branch svn:mergeinfo /trunk:48270%2C48286%2C48326-48327%2C48336%2C48382%2C48394%2C48401%2C48403%2C48407%2C48411
r48414
r48418
r48421
r48423
r48429
  +dir_prop: branches/R-2-9-branch svn:mergeinfo /trunk:48270%2C48286%2C48326-48327%2C48336%2C48382%2C48394%2C48401%2C48403%2C48407%2C48411%2C48428
r48431
r48432
  +dir_prop: branches/R-2-9-branch svn:mergeinfo /trunk:48270%2C48286%2C48326-48327%2C48336%2C48382%2C48394%2C48401%2C48403%2C48407%2C48411%2C48425%2C48428
r48436
r48439
r48441
  +dir_prop: branches/R-2-9-branch svn:mergeinfo /trunk:48270%2C48286%2C48326-48327%2C48336%2C48382%2C48394%2C48401%2C48403%2C48407%2C48411%2C48425%2C48428%2C48440
r48444
r48446
r48448
r48450
r48451
r48455
r48457
r48462
r48464
r48467
r48472
r48477
r48478
  +dir_prop: branches/R-2-9-branch svn:mergeinfo /trunk:48270%2C48286%2C48326-48327%2C48336%2C48382%2C48394%2C48401%2C48403%2C48407%2C48411%2C48425%2C48428%2C48440%2C48475
r48479
r48490
r48492
  +dir_prop: branches/R-2-9-branch svn:mergeinfo /trunk:48270%2C48286%2C48326-48327%2C48336%2C48382%2C48394%2C48401%2C48403%2C48407%2C48411%2C48425%2C48428%2C48440%2C48475%2C48491
r48495
r48497
r48499
  +dir_prop: branches/R-2-9-branch svn:mergeinfo /trunk:48270%2C48286%2C48326-48327%2C48336%2C48382%2C48394%2C48401%2C48403%2C48407%2C48411%2C48425%2C48428%2C48440%2C48475%2C48491%2C48498
r48501
  +dir_prop: branches/R-2-9-branch svn:mergeinfo /trunk:48270%2C48286%2C48326-48327%2C48336%2C48382%2C48394%2C48401%2C48403%2C48407%2C48411%2C48425%2C48428%2C48440%2C48475%2C48491%2C48498%2C48500
r48503
  +dir_prop: branches/R-2-9-branch svn:mergeinfo /trunk:48270%2C48286%2C48326-48327%2C48336%2C48382%2C48394%2C48401%2C48403%2C48407%2C48411%2C48425%2C48428%2C48440%2C48475%2C48491%2C48500
r48508
r48509
r48512
  +dir_prop: branches/R-2-9-branch svn:mergeinfo /trunk:48270%2C48286%2C48326-48327%2C48336%2C48352%2C48382%2C48394%2C48401%2C48403%2C48407%2C48411%2C48425%2C48428%2C48440%2C48447%2C48475%2C48491%2C48500%2C48511
r48515
r48517
r48519
r48525
r48528
r48531
r48533
r48538
r48540
r48543
r48545
r48549
  +dir_prop: branches/R-2-9-branch svn:mergeinfo /trunk:48270%2C48286%2C48326-48327%2C48336%2C48352%2C48382%2C48394%2C48401%2C48403%2C48407%2C48411%2C48425%2C48428%2C48440%2C48447%2C48475%2C48491%2C48500%2C48511%2C48546
r48556
r48559
r48561
r48563
r48564
r48565
r48567
r48568
r48570
r48573
r48575
r48577
r48580
r48584
r48585
r48590
r48592
r48594
  +dir_prop: branches/R-2-9-branch svn:mergeinfo /trunk:48270%2C48286%2C48326-48327%2C48336%2C48352%2C48382%2C48394%2C48401%2C48403%2C48407%2C48411%2C48425%2C48428%2C48440%2C48447%2C48475%2C48491%2C48500%2C48511%2C48546%2C48593
r48596
r48601
r48602
r48606
r48607
r48609
r48611
r48614
r48617
r48618
r48620
r48622
r48628
r48630
r48633
r48635
r48637
r48640
r48641
  +dir_prop: branches/R-2-9-branch svn:mergeinfo /trunk:48270%2C48286%2C48326-48327%2C48336%2C48352%2C48382%2C48394%2C48401%2C48403%2C48407%2C48411%2C48425%2C48428%2C48440%2C48447%2C48475%2C48491%2C48500%2C48511%2C48546%2C48593%2C48625
r48651
r48652
r48655
r48657
r48661
r48663
r48664
r48667
r48669
r48672
r48678
r48680
  +dir_prop: branches/R-2-9-branch svn:mergeinfo /trunk:48270%2C48286%2C48326-48327%2C48336%2C48352%2C48382%2C48394%2C48401%2C48403%2C48407%2C48411%2C48425%2C48428%2C48440%2C48447%2C48475%2C48491%2C48500%2C48511%2C48546%2C48593%2C48625%2C48679
r48683
r48685
  +dir_prop: branches/R-2-9-branch svn:mergeinfo /trunk:48270%2C48286%2C48326-48327%2C48336%2C48352%2C48382%2C48394%2C48401%2C48403%2C48407%2C48411%2C48425%2C48428%2C48440%2C48447%2C48475%2C48491%2C48500%2C48511%2C48546%2C48593%2C48625%2C48679%2C48684
r48689
r48693
r48697
r48703
  +dir_prop: branches/R-2-9-branch svn:mergeinfo /trunk:48270%2C48286%2C48326-48327%2C48336%2C48352%2C48382%2C48394%2C48401%2C48403%2C48407%2C48411%2C48425%2C48428%2C48440%2C48447%2C48475%2C48491%2C48500%2C48511%2C48546%2C48593%2C48625%2C48679%2C48684%2C48702
r48705
r48707
r48708
r48711
r48714
r48716
r48719
r48723
r48726
r48731
r48733
r48736
r48738
r48742
r48744
r48747
  +dir_prop: branches/R-2-9-branch svn:mergeinfo /trunk:48270%2C48286%2C48326-48327%2C48336%2C48352%2C48382%2C48394%2C48401%2C48403%2C48407%2C48411%2C48425%2C48428%2C48440%2C48447%2C48475%2C48491%2C48500%2C48511%2C48546%2C48593%2C48625%2C48679%2C48684%2C48702%2C48745-48746
r48751
r48754
r48758
r48760
  +dir_prop: branches/R-2-9-branch svn:mergeinfo /trunk:48270%2C48286%2C48326-48327%2C48336%2C48352%2C48382%2C48394%2C48401%2C48403%2C48407%2C48411%2C48425%2C48428%2C48440%2C48447%2C48475%2C48491%2C48500%2C48511%2C48546%2C48593%2C48625%2C48679%2C48684%2C48702%2C48745-48746%2C48759
r48762
r48765
r48769
r48772
r48774
r48777
r48778
r48781
r48783
  +dir_prop: branches/R-2-9-branch svn:mergeinfo /trunk:48270%2C48286%2C48326-48327%2C48336%2C48352%2C48382%2C48394%2C48401%2C48403%2C48407%2C48411%2C48425%2C48428%2C48440%2C48447%2C48475%2C48491%2C48500%2C48511%2C48546%2C48593%2C48625%2C48679%2C48684%2C48702%2C48745-48746%2C48759%2C48782
r48785
  +dir_prop: branches/R-2-9-branch svn:mergeinfo /trunk:48270%2C48286%2C48326-48327%2C48336%2C48352%2C48382%2C48394%2C48401%2C48403%2C48407%2C48411%2C48425%2C48428%2C48440%2C48447%2C48475%2C48491%2C48500%2C48511%2C48546%2C48593%2C48625%2C48679%2C48684%2C48702%2C48745-48746%2C48759%2C48782%2C48784
r48786
r48790
  +dir_prop: branches/R-2-9-branch svn:mergeinfo /trunk:48270%2C48286%2C48326-48327%2C48336%2C48352%2C48382%2C48394%2C48401%2C48403%2C48407%2C48411%2C48425%2C48428%2C48440%2C48447%2C48475%2C48491%2C48500%2C48511%2C48546%2C48593%2C48625%2C48679%2C48684%2C48702%2C48745-48746%2C48759%2C48782%2C48784%2C48789
r48793
  +dir_prop: branches/R-2-9-branch svn:mergeinfo /trunk:48270%2C48286%2C48326-48327%2C48336%2C48352%2C48382%2C48394%2C48401%2C48403%2C48407%2C48411%2C48425%2C48428%2C48440%2C48447%2C48475%2C48491%2C48500%2C48511%2C48546%2C48593%2C48625%2C48679%2C48684%2C48702%2C48745-48746%2C48759%2C48782%2C48784%2C48789%2C48792
r48795
r48797
r48799
r48802
r48815
r48817
  +dir_prop: branches/R-2-9-branch svn:mergeinfo /trunk:48270%2C48286%2C48326-48327%2C48336%2C48352%2C48382%2C48394%2C48401%2C48403%2C48407%2C48411%2C48425%2C48428%2C48440%2C48447%2C48475%2C48491%2C48500%2C48511%2C48546%2C48593%2C48625%2C48679%2C48684%2C48702%2C48745-48746%2C48759%2C48782%2C48784%2C48789%2C48792%2C48816
r48819
r48831
r48835
r48836
r48839
r48841
r48843
  +dir_prop: branches/R-2-9-branch svn:mergeinfo /trunk:48270%2C48286%2C48326-48327%2C48336%2C48352%2C48382%2C48394%2C48401%2C48403%2C48407%2C48411%2C48425%2C48428%2C48440%2C48447%2C48475%2C48491%2C48500%2C48511%2C48546%2C48593%2C48625%2C48679%2C48684%2C48702%2C48745-48746%2C48759%2C48782%2C48784%2C48789%2C48792%2C48816%2C48842
r48846
r48850
  +dir_prop: branches/R-2-9-branch svn:mergeinfo /trunk:48270%2C48286%2C48326-48327%2C48336%2C48352%2C48382%2C48394%2C48401%2C48403%2C48407%2C48411%2C48425%2C48428%2C48440%2C48447%2C48475%2C48491%2C48500%2C48511%2C48546%2C48593%2C48625%2C48679%2C48684%2C48702%2C48745-48746%2C48759%2C48782%2C48784%2C48789%2C48792%2C48816%2C48842%2C48848-48849
r48852
r48854
r48856
r48858
r48859
r48861
r48865
  +dir_prop: branches/R-2-9-branch svn:mergeinfo /trunk:48270%2C48286%2C48326-48327%2C48336%2C48352%2C48382%2C48394%2C48401%2C48403%2C48407%2C48411%2C48425%2C48428%2C48440%2C48447%2C48475%2C48491%2C48500%2C48511%2C48546%2C48593%2C48625%2C48679%2C48684%2C48702%2C48745-48746%2C48759%2C48782%2C48784%2C48789%2C48792%2C48816%2C48842%2C48848-48849%2C48864
r48870
  +dir_prop: branches/R-2-9-branch svn:mergeinfo /trunk:48270%2C48286%2C48326-48327%2C48336%2C48352%2C48382%2C48394%2C48401%2C48403%2C48407%2C48411%2C48425%2C48428%2C48440%2C48447%2C48475%2C48491%2C48500%2C48511%2C48546%2C48593%2C48625%2C48679%2C48684%2C48702%2C48745-48746%2C48759%2C48782%2C48784%2C48789%2C48792%2C48816%2C48842%2C48848-48849%2C48864%2C48868-48869
r48872
  +dir_prop: branches/R-2-9-branch svn:mergeinfo /trunk:48270%2C48286%2C48326-48327%2C48336%2C48352%2C48382%2C48394%2C48401%2C48403%2C48407%2C48411%2C48425%2C48428%2C48440%2C48447%2C48475%2C48491%2C48500%2C48511%2C48546%2C48593%2C48625%2C48679%2C48684%2C48702%2C48745-48746%2C48759%2C48782%2C48784%2C48789%2C48792%2C48816%2C48842%2C48848-48849%2C48864%2C48868-48869%2C48871
r48874
r48877
r48881
r48884
r48888
  +dir_prop: branches/R-2-9-branch svn:mergeinfo /trunk:48270%2C48286%2C48326-48327%2C48336%2C48352%2C48382%2C48394%2C48401%2C48403%2C48407%2C48411%2C48425%2C48428%2C48440%2C48447%2C48475%2C48491%2C48500%2C48511%2C48546%2C48593%2C48625%2C48679%2C48684%2C48702%2C48745-48746%2C48759%2C48782%2C48784%2C48789%2C48792%2C48816%2C48842%2C48848-48849%2C48864%2C48868-48869%2C48871%2C48887
r48897
r48906
r48910
  +dir_prop: branches/R-2-9-branch svn:mergeinfo /trunk:48270%2C48286%2C48326-48327%2C48336%2C48352%2C48382%2C48394%2C48401%2C48403%2C48407%2C48411%2C48425%2C48428%2C48440%2C48447%2C48475%2C48491%2C48500%2C48511%2C48546%2C48593%2C48625%2C48679%2C48684%2C48702%2C48745-48746%2C48759%2C48782%2C48784%2C48789%2C48792%2C48816%2C48842%2C48848-48849%2C48864%2C48868-48869%2C48871%2C48887%2C48908
r48916
r48919
  +dir_prop: branches/R-2-9-branch svn:mergeinfo /trunk:48270%2C48286%2C48326-48327%2C48336%2C48352%2C48382%2C48394%2C48401%2C48403%2C48407%2C48411%2C48425%2C48428%2C48440%2C48447%2C48475%2C48491%2C48500%2C48511%2C48546%2C48593%2C48625%2C48679%2C48684%2C48702%2C48745-48746%2C48759%2C48782%2C48784%2C48789%2C48792%2C48816%2C48842%2C48848-48849%2C48864%2C48868-48869%2C48871%2C48887%2C48908%2C48918
r48922
r48925
r48938
r48940
r48944
r48950
r48954
r48956
r48979
r49003
r49010
  +dir_prop: branches/R-2-9-branch svn:mergeinfo /branches/djm-parseRd:46922%0A/trunk:48163%2C48165%2C48201%2C48210%2C48218%2C48221%2C48229%2C48255%2C48257%2C48261%2C48270%2C48286%2C48295%2C48326-48327%2C48336%2C48352%2C48374%2C48376%2C48378-48379%2C48382%2C48394%2C48401%2C48403%2C48407%2C48411%2C48415-48417%2C48425%2C48428%2C48430%2C48433%2C48440%2C48447%2C48475%2C48491%2C48500%2C48511%2C48546%2C48555%2C48557%2C48562%2C48571%2C48583%2C48593%2C48608%2C48625%2C48679%2C48684%2C48702%2C48706%2C48745-48746%2C48759%2C48782%2C48784%2C48789%2C48792%2C48816%2C48842%2C48848-48849%2C48864%2C48868-48869%2C48871%2C48887%2C48908%2C48918%2C48952%2C49009
  +file_prop: branches/R-2-9-branch/src/library/tools/R/RdConv2.R svn:mergeinfo /branches/djm-parseRd/src/library/tools/R/RdConv2.R:46922%0A/trunk/src/library/tools/R/RdConv2.R:46233-46938%2C48163%2C48165%2C48201%2C48210-48211%2C48218%2C48221%2C48229%2C48255%2C48257%2C48261%2C48295%2C48374%2C48376%2C48378-48379%2C48415-48417%2C48430%2C48433%2C48555%2C48557%2C48562%2C48571%2C48583%2C48608%2C48706%2C48952%2C49009
r49024
r49031
r49035
r49048
r49070
r49085
r49090
  +dir_prop: branches/R-2-9-branch svn:mergeinfo /branches/djm-parseRd:46922%0A/trunk:48163%2C48165%2C48201%2C48210%2C48218%2C48221%2C48229%2C48255%2C48257%2C48261%2C48270%2C48286%2C48295%2C48326-48327%2C48336%2C48352%2C48374%2C48376%2C48378-48379%2C48382%2C48394%2C48401%2C48403%2C48407%2C48411%2C48415-48417%2C48425%2C48428%2C48430%2C48433%2C48440%2C48447%2C48475%2C48491%2C48500%2C48511%2C48546%2C48555%2C48557%2C48562%2C48571%2C48583%2C48593%2C48608%2C48625%2C48679%2C48684%2C48702%2C48706%2C48745-48746%2C48759%2C48782%2C48784%2C48789%2C48792%2C48816%2C48842%2C48848-48849%2C48864%2C48868-48869%2C48871%2C48887%2C48908%2C48918%2C48952%2C49009%2C49089
  +file_prop: branches/R-2-9-branch/src/library/tools/R/RdConv2.R svn:mergeinfo /branches/djm-parseRd/src/library/tools/R/RdConv2.R:46922%0A/trunk/src/library/tools/R/RdConv2.R:46233-46938%2C48163%2C48165%2C48201%2C48210-48211%2C48218%2C48221%2C48229%2C48255%2C48257%2C48261%2C48295%2C48374%2C48376%2C48378-48379%2C48415-48417%2C48430%2C48433%2C48555%2C48557%2C48562%2C48571%2C48583%2C48608%2C48706%2C48952%2C49009%2C49089
r49093
  +dir_prop: branches/R-2-9-branch svn:mergeinfo /trunk:48163%2C48165%2C48201%2C48210%2C48218%2C48221%2C48229%2C48255%2C48257%2C48261%2C48270%2C48286%2C48295%2C48326-48327%2C48336%2C48352%2C48374%2C48376%2C48378-48379%2C48382%2C48394%2C48401%2C48403%2C48407%2C48411%2C48415-48417%2C48425%2C48428%2C48430%2C48433%2C48440%2C48447%2C48475%2C48491%2C48500%2C48511%2C48546%2C48555%2C48557%2C48562%2C48571%2C48583%2C48593%2C48608%2C48625%2C48679%2C48684%2C48702%2C48706%2C48745-48746%2C48759%2C48782%2C48784%2C48789%2C48792%2C48816%2C48842%2C48848-48849%2C48864%2C48868-48869%2C48871%2C48887%2C48908%2C48918%2C48952%2C49009%2C49089%2C49092
r49097
  +dir_prop: branches/R-2-9-branch svn:mergeinfo /trunk:48163%2C48165%2C48201%2C48210%2C48218%2C48221%2C48229%2C48255%2C48257%2C48261%2C48270%2C48286%2C48295%2C48326-48327%2C48336%2C48352%2C48374%2C48376%2C48378-48379%2C48382%2C48394%2C48401%2C48403%2C48407%2C48411%2C48415-48417%2C48425%2C48428%2C48430%2C48433%2C48440%2C48447%2C48475%2C48491%2C48500%2C48511%2C48546%2C48555%2C48557%2C48562%2C48571%2C48583%2C48593%2C48608%2C48625%2C48679%2C48684%2C48702%2C48706%2C48745-48746%2C48759%2C48782%2C48784%2C48789%2C48792%2C48816%2C48842%2C48848-48849%2C48864%2C48868-48869%2C48871%2C48887%2C48908%2C48918%2C48952%2C49009%2C49089%2C49092%2C49096
  +file_prop: branches/R-2-9-branch/src/library/tools/R/RdConv2.R svn:mergeinfo /branches/djm-parseRd/src/library/tools/R/RdConv2.R:46922%0A/trunk/src/library/tools/R/RdConv2.R:46233-46938%2C48163%2C48165%2C48201%2C48210-48211%2C48218%2C48221%2C48229%2C48255%2C48257%2C48261%2C48295%2C48374%2C48376%2C48378-48379%2C48415-48417%2C48430%2C48433%2C48555%2C48557%2C48562%2C48571%2C48583%2C48608%2C48706%2C48952%2C49009%2C49089%2C49096
r49099
  +dir_prop: branches/R-2-9-branch svn:mergeinfo /trunk:48163%2C48165%2C48201%2C48210%2C48218%2C48221%2C48229%2C48255%2C48257%2C48261%2C48270%2C48286%2C48295%2C48326-48327%2C48336%2C48352%2C48374%2C48376%2C48378-48379%2C48382%2C48394%2C48401%2C48403%2C48407%2C48411%2C48415-48417%2C48425%2C48428%2C48430%2C48433%2C48440%2C48447%2C48475%2C48491%2C48500%2C48511%2C48546%2C48555%2C48557%2C48562%2C48571%2C48583%2C48593%2C48608%2C48625%2C48679%2C48684%2C48702%2C48706%2C48745-48746%2C48759%2C48782%2C48784%2C48789%2C48792%2C48816%2C48842%2C48848-48849%2C48864%2C48868-48869%2C48871%2C48887%2C48908%2C48918%2C48952%2C49009%2C49089%2C49092%2C49096%2C49098
  +file_prop: branches/R-2-9-branch/src/library/tools/R/RdConv2.R svn:mergeinfo /branches/djm-parseRd/src/library/tools/R/RdConv2.R:46922%0A/trunk/src/library/tools/R/RdConv2.R:46233-46938%2C48163%2C48165%2C48201%2C48210-48211%2C48218%2C48221%2C48229%2C48255%2C48257%2C48261%2C48295%2C48374%2C48376%2C48378-48379%2C48415-48417%2C48430%2C48433%2C48555%2C48557%2C48562%2C48571%2C48583%2C48608%2C48706%2C48952%2C49009%2C49089%2C49096%2C49098
r49120
r49171
r49183
r49185
r49189
r49192
r49195
r49201
r49203
r49204
r49211
r49213
r49214
r49217
r49219
r49220
  -empty_dir: branches/R-2-9-branch/share/sh/dcf.sh
r49221
r49222
r49225
  +dir_prop: branches/R-2-9-branch svn:mergeinfo /trunk:48163%2C48165%2C48201%2C48210%2C48218%2C48221%2C48229%2C48255%2C48257%2C48261%2C48270%2C48286%2C48295%2C48326-48327%2C48336%2C48352%2C48374%2C48376%2C48378-48379%2C48382%2C48394%2C48401%2C48403%2C48407%2C48411%2C48415-48417%2C48425%2C48428%2C48430%2C48433%2C48440%2C48447%2C48475%2C48491%2C48500%2C48511%2C48546%2C48555%2C48557%2C48562%2C48571%2C48583%2C48593%2C48608%2C48625%2C48679%2C48684%2C48702%2C48706%2C48745-48746%2C48759%2C48782%2C48784%2C48789%2C48792%2C48816%2C48842%2C48848-48849%2C48864%2C48868-48869%2C48871%2C48887%2C48908%2C48918%2C48952%2C49009%2C49089%2C49092%2C49096%2C49098%2C49224
  +file_prop: branches/R-2-9-branch/src/library/tools/R/RdConv2.R svn:mergeinfo /branches/djm-parseRd/src/library/tools/R/RdConv2.R:46922%0A/trunk/src/library/tools/R/RdConv2.R:46233-46938%2C48163%2C48165%2C48201%2C48210-48211%2C48218%2C48221%2C48229%2C48255%2C48257%2C48261%2C48295%2C48374%2C48376%2C48378-48379%2C48415-48417%2C48430%2C48433%2C48555%2C48557%2C48562%2C48571%2C48583%2C48608%2C48706%2C48952%2C49009%2C49089%2C49096%2C49098%2C49224
r49226
  -file_prop: branches/R-2-9-branch/src/library/tools/R/RdConv2.R svn:mergeinfo
r49227
r49230
r49231
r49232
r49235
r49239
r49240
r49246
  +dir_prop: branches/R-2-9-branch svn:mergeinfo /trunk:48163%2C48165%2C48201%2C48210%2C48218%2C48221%2C48229%2C48255%2C48257%2C48261%2C48270%2C48286%2C48295%2C48326-48327%2C48336%2C48352%2C48374%2C48376%2C48378-48379%2C48382%2C48394%2C48401%2C48403%2C48407%2C48411%2C48415-48417%2C48425%2C48428%2C48430%2C48433%2C48440%2C48447%2C48475%2C48491%2C48500%2C48511%2C48546%2C48555%2C48557%2C48562%2C48571%2C48583%2C48593%2C48608%2C48625%2C48679%2C48684%2C48702%2C48706%2C48745-48746%2C48759%2C48782%2C48784%2C48789%2C48792%2C48816%2C48842%2C48848-48849%2C48864%2C48868-48869%2C48871%2C48887%2C48908%2C48918%2C48952%2C49009%2C49089%2C49092%2C49096%2C49098%2C49224%2C49245
r49248
r49250
r49267
r49268
r49271
r49274
r49276
r49278
r49286
r49287
r49290
r49296
r49300
r49316
r49329
r49338
r49340
r49342
r49348
r49349
r49357
r49375
r49377
r49384
r49387
r49393
r49447
r49449
r49458
  -empty_dir: branches/R-2-9-branch/src/library/base/man/zMethods.Rd
r49461
r49473
r49487
r49519
r49527
r49529
r49536
r49575
r49584
r49617
  +dir_prop: branches/R-2-9-branch svn:mergeinfo /trunk:48163%2C48165%2C48201%2C48210%2C48218%2C48221%2C48229%2C48255%2C48257%2C48261%2C48270%2C48286%2C48295%2C48326-48327%2C48336%2C48352%2C48374%2C48376%2C48378-48379%2C48382%2C48394%2C48401%2C48403%2C48407%2C48411%2C48415-48417%2C48425%2C48428%2C48430%2C48433%2C48440%2C48447%2C48475%2C48491%2C48500%2C48511%2C48546%2C48555%2C48557%2C48562%2C48571%2C48583%2C48593%2C48608%2C48625%2C48679%2C48684%2C48702%2C48706%2C48745-48746%2C48759%2C48782%2C48784%2C48789%2C48792%2C48816%2C48842%2C48848-48849%2C48864%2C48868-48869%2C48871%2C48887%2C48908%2C48918%2C48952%2C49009%2C49089%2C49092%2C49096%2C49098%2C49224%2C49245%2C49615
r49713
r49715
r49716
r49751
  +dir_prop: branches/R-2-9-branch svn:mergeinfo /trunk:48163%2C48165%2C48201%2C48210%2C48218%2C48221%2C48229%2C48255%2C48257%2C48261%2C48270%2C48286%2C48295%2C48326-48327%2C48336%2C48352%2C48374%2C48376%2C48378-48379%2C48382%2C48394%2C48401%2C48403%2C48407%2C48411%2C48415-48417%2C48425%2C48428%2C48430%2C48433%2C48440%2C48447%2C48475%2C48491%2C48500%2C48511%2C48546%2C48555%2C48557%2C48562%2C48571%2C48583%2C48593%2C48608%2C48625%2C48679%2C48684%2C48702%2C48706%2C48745-48746%2C48759%2C48782%2C48784%2C48789%2C48792%2C48816%2C48842%2C48848-48849%2C48864%2C48868-48869%2C48871%2C48887%2C48908%2C48918%2C48952%2C49009%2C49089%2C49092%2C49096%2C49098%2C49224%2C49245%2C49615%2C49750
r49758
r49765
  +dir_prop: branches/R-2-9-branch svn:mergeinfo /trunk:48163%2C48165%2C48201%2C48210%2C48218%2C48221%2C48229%2C48255%2C48257%2C48261%2C48270%2C48286%2C48295%2C48326-48327%2C48336%2C48352%2C48374%2C48376%2C48378-48379%2C48382%2C48394%2C48401%2C48403%2C48407%2C48411%2C48415-48417%2C48425%2C48428%2C48430%2C48433%2C48440%2C48447%2C48475%2C48491%2C48500%2C48511%2C48546%2C48555%2C48557%2C48562%2C48571%2C48583%2C48593%2C48608%2C48625%2C48679%2C48684%2C48702%2C48706%2C48745-48746%2C48759%2C48782%2C48784%2C48789%2C48792%2C48816%2C48842%2C48848-48849%2C48864%2C48868-48869%2C48871%2C48887%2C48908%2C48918%2C48952%2C49009%2C49089%2C49092%2C49096%2C49098%2C49224%2C49245%2C49615%2C49750%2C49764
r49805
