r72387
r72388
r72396
r72399
r72401
r72403
r72406
r72408
r72410
r72415
r72416
r72417
r72420
r72421
r72425
  +dir_prop: branches/R-3-4-branch svn:mergeinfo /branches/R-2-12-branch:52939%2C54476%2C55265%0A/branches/R-2-13-branch:55265%2C55432%0A/branches/R-2-15-branch:58894%2C59717%0A/branches/R-3-0-branch:62497%0A/branches/R-3-1-branch:65920%0A/branches/R-DL:69025-69313%0A/branches/R-glmscore:55360-55826%0A/trunk:72424
r72427
r72429
  +dir_prop: branches/R-3-4-branch svn:mergeinfo /branches/R-2-12-branch:52939%2C54476%2C55265%0A/branches/R-2-13-branch:55265%2C55432%0A/branches/R-2-15-branch:58894%2C59717%0A/branches/R-3-0-branch:62497%0A/branches/R-3-1-branch:65920%0A/branches/R-DL:69025-69313%0A/branches/R-glmscore:55360-55826%0A/trunk:72424%2C72428
r72431
  +dir_prop: branches/R-3-4-branch svn:mergeinfo /branches/R-2-12-branch:52939%2C54476%2C55265%0A/branches/R-2-13-branch:55265%2C55432%0A/branches/R-2-15-branch:58894%2C59717%0A/branches/R-3-0-branch:62497%0A/branches/R-3-1-branch:65920%0A/branches/R-DL:69025-69313%0A/branches/R-glmscore:55360-55826%0A/trunk:72411%2C72424%2C72428
r72433
  +dir_prop: branches/R-3-4-branch svn:mergeinfo /branches/R-2-12-branch:52939%2C54476%2C55265%0A/branches/R-2-13-branch:55265%2C55432%0A/branches/R-2-15-branch:58894%2C59717%0A/branches/R-3-0-branch:62497%0A/branches/R-3-1-branch:65920%0A/branches/R-DL:69025-69313%0A/branches/R-glmscore:55360-55826%0A/trunk:72411%2C72424%2C72428%2C72432
r72440
r72443
r72449
r72454
r72458
  +dir_prop: branches/R-3-4-branch svn:mergeinfo /branches/R-2-12-branch:52939%2C54476%2C55265%0A/branches/R-2-13-branch:55265%2C55432%0A/branches/R-2-15-branch:58894%2C59717%0A/branches/R-3-0-branch:62497%0A/branches/R-3-1-branch:65920%0A/branches/R-DL:69025-69313%0A/branches/R-glmscore:55360-55826%0A/trunk:72411%2C72424%2C72428%2C72432%2C72451
r72459
r72462
r72465
r72466
r72467
r72470
r72472
r72475
r72476
r72480
r72482
r72491
r72492
r72496
  +dir_prop: branches/R-3-4-branch svn:mergeinfo /branches/R-2-12-branch:52939%2C54476%2C55265%0A/branches/R-2-13-branch:55265%2C55432%0A/branches/R-2-15-branch:58894%2C59717%0A/branches/R-3-0-branch:62497%0A/branches/R-3-1-branch:65920%0A/branches/R-DL:69025-69313%0A/branches/R-glmscore:55360-55826%0A/trunk:72411%2C72424%2C72428%2C72432%2C72451%2C72495
r72498
r72500
r72504
r72507
r72510
r72513
r72516
r72518
r72520
r72526
r72529
r72535
r72544
r72545
r72551
r72554
r72565
r72570
r72572
r72580
  +dir_prop: branches/R-3-4-branch svn:mergeinfo /branches/R-2-12-branch:52939%2C54476%2C55265%0A/branches/R-2-13-branch:55265%2C55432%0A/branches/R-2-15-branch:58894%2C59717%0A/branches/R-3-0-branch:62497%0A/branches/R-3-1-branch:65920%0A/branches/R-DL:69025-69313%0A/branches/R-glmscore:55360-55826%0A/trunk:72411%2C72424%2C72428%2C72432%2C72451%2C72495%2C72537
r72581
  +dir_prop: branches/R-3-4-branch svn:mergeinfo /branches/R-2-12-branch:52939%2C54476%2C55265%0A/branches/R-2-13-branch:55265%2C55432%0A/branches/R-2-15-branch:58894%2C59717%0A/branches/R-3-0-branch:62497%0A/branches/R-3-1-branch:65920%0A/branches/R-DL:69025-69313%0A/branches/R-glmscore:55360-55826%0A/trunk:72411%2C72424%2C72428%2C72432%2C72451%2C72495%2C72537%2C72539
r72582
r72584
r72585
r72586
r72588
  +dir_prop: branches/R-3-4-branch svn:mergeinfo /branches/R-2-12-branch:52939%2C54476%2C55265%0A/branches/R-2-13-branch:55265%2C55432%0A/branches/R-2-15-branch:58894%2C59717%0A/branches/R-3-0-branch:62497%0A/branches/R-3-1-branch:65920%0A/branches/R-DL:69025-69313%0A/branches/R-glmscore:55360-55826%0A/trunk:72411%2C72424%2C72428%2C72432%2C72451%2C72495%2C72537%2C72539%2C72547
r72589
r72591
r72593
r72596
r72598
r72600
r72602
r72605
r72608
r72614
r72629
  +dir_prop: branches/R-3-4-branch svn:mergeinfo /branches/R-2-12-branch:52939%2C54476%2C55265%0A/branches/R-2-13-branch:55265%2C55432%0A/branches/R-2-15-branch:58894%2C59717%0A/branches/R-3-0-branch:62497%0A/branches/R-3-1-branch:65920%0A/branches/R-DL:69025-69313%0A/branches/R-glmscore:55360-55826%0A/trunk:72411%2C72424%2C72428%2C72432%2C72451%2C72495%2C72537%2C72539%2C72547%2C72622%2C72628
r72632
r72637
r72644
r72646
  +dir_prop: branches/R-3-4-branch svn:mergeinfo /branches/R-2-12-branch:52939%2C54476%2C55265%0A/branches/R-2-13-branch:55265%2C55432%0A/branches/R-2-15-branch:58894%2C59717%0A/branches/R-3-0-branch:62497%0A/branches/R-3-1-branch:65920%0A/branches/R-DL:69025-69313%0A/branches/R-glmscore:55360-55826%0A/trunk:72411%2C72424%2C72428%2C72432%2C72451%2C72495%2C72537%2C72539%2C72547%2C72622%2C72628%2C72645
r72648
r72654
r72656
r72659
r72660
r72663
r72665
r72666
r72672
r72674
r72675
r72684
r72697
r72701
r72703
  +dir_prop: branches/R-3-4-branch svn:mergeinfo /branches/R-2-12-branch:52939%2C54476%2C55265%0A/branches/R-2-13-branch:55265%2C55432%0A/branches/R-2-15-branch:58894%2C59717%0A/branches/R-3-0-branch:62497%0A/branches/R-3-1-branch:65920%0A/branches/R-DL:69025-69313%0A/branches/R-glmscore:55360-55826%0A/trunk:72411%2C72424%2C72428%2C72432%2C72451%2C72495%2C72537%2C72539%2C72547%2C72622%2C72628%2C72645%2C72700
r72725
r72729
r72736
r72749
r72755
r72757
r72767
r72769
r72776
r72779
r72781
r72783
r72784
r72785
r72786
r72789
r72793
r72794
r72795
r72799
r72801
r72806
r72809
r72810
r72814
r72815
r72817
r72818
r72820
r72821
r72831
r72833
r72840
r72842
r72843
r72865
r72867
r72868
r72870
r72872
r72873
r72875
r72876
r72880
r72887
r72890
r72896
r72907
r72914
r72918
r72920
r72930
r72931
r72935
r72937
r72939
r72942
r72943
r72946
r72949
r72953
r72955
r72957
r72961
r72965
r72968
r72970
r72971
r72972
r72976
r72978
r72990
r72991
r72993
r72996
r73000
r73003
r73006
r73007
r73009
r73011
r73015
r73024
r73027
r73033
r73034
r73036
r73039
r73041
r73048
r73060
r73067
r73070
r73077
r73080
r73084
r73113
r73115
r73119
r73127
r73131
r73135
r73140
r73154
r73158
r73162
r73168
r73173
r73176
r73178
r73179
r73184
r73189
r73199
r73200
r73201
r73213
r73214
r73221
r73230
r73252
r73269
r73288
r73296
r73301
r73303
r73305
r73307
r73312
r73314
r73317
r73321
r73324
r73327
r73328
r73351
r73352
r73359
r73368
r73370
r73375
r73384
r73398
r73399
r73400
r73401
r73404
r73415
r73417
r73422
r73431
r73433
r73438
r73461
r73464
r73465
r73467
r73468
r73475
r73490
r73492
r73493
r73501
r73505
r73517
r73522
r73527
r73530
r73535
r73537
r73540
r73542
r73547
r73563
r73572
r73602
r73606
r73607
r73614
r73619
r73623
r73641
r73644
r73645
r73647
r73651
r73653
r73654
r73658
r73664
r73672
r73678
r73680
r73696
r73700
r73701
r73702
r73703
r73704
r73705
r73706
r73735
r73738
r73740
r73742
r73753
r73755
r73772
r73776
r73778
r73796
r73798
r73810
r73811
r73814
r73831
r73833
r73834
r73837
r73839
r73842
r73844
r73846
r73848
r73854
r73857
r73861
r73871
r73872
r73878
r73882
r73887
r73888
r73893
r73900
r73910
r73918
r73930
r73937
r73947
r73949
r73954
r73960
r73962
r73964
r73971
r73979
r73982
r73999
r74001
r74004
r74005
r74008
r74010
r74011
r74024
r74027
r74033
r74051
r74065
r74078
r74088
r74093
r74101
r74104
r74111
r74116
r74118
r74119
r74121
r74122
r74126
r74135
r74140
r74141
r74154
r74156
r74159
r74171
r74174
r74184
r74201
r74243
r74270
r74273
r74276
r74282
r74284
r74285
r74293
r74295
r74303
r74309
r74328
r74330
r74336
r74343
r74345
r74346
r74347
r74364
r74365
r74368
r74369
r74371
r74372
r74376
r74382
r74384
r74386
r74408
r74410
r74420
r74424
