r15150
  -empty_dir: AUTHORS
  -empty_dir: Attic
  -empty_dir: BUGS
  -empty_dir: COPYING
  -empty_dir: COPYING.LIB
  -empty_dir: COPYRIGHTS
  -empty_dir: ChangeLog
  -empty_dir: FAQ
  -empty_dir: INSTALL
  -empty_dir: Makeconf.in
  -empty_dir: Makefile.in
  -empty_dir: NEWS
  -empty_dir: ONEWS
  -empty_dir: README
  -empty_dir: RESOURCES
  -empty_dir: THANKS
  -empty_dir: VERSION
  -empty_dir: Y2K
  -empty_dir: acconfig.h
  -empty_dir: acinclude.m4
  -empty_dir: aclocal.m4
  -empty_dir: afm
  -empty_dir: config.site
  -empty_dir: configure
  -empty_dir: configure.in
  -empty_dir: debian
  -empty_dir: doc
  -empty_dir: etc
  -empty_dir: m4
  -empty_dir: share
  -empty_dir: src
  -empty_dir: tests
  -empty_dir: tools
r15186
r15206
r15218
r15242
r15262
r15284
r15312
r15340
r15364
r15383
r15411
r15438
r15453
r15475
r15493
r15511
r15550
r15557
r15570
r15623
r15639
r15654
r15671
r15689
r15709
r15728
r15748
r15769
r15786
r15810
r15832
r15859
r15866
r15872
r15879
r15893
r15921
r15942
r15951
r15964
r15972
r15987
r15999
r16005
r16015
r16027
r16040
r16051
r16058
r16064
r16072
r16078
r16089
r16095
r16101
r16109
r16120
r16133
r16141
r16155
r16159
r16178
r16188
r16199
r16210
r16222
r16241
r16248
r16268
r16283
r16315
r16331
r16343
r16352
r16355
r16368
r16381
r16399
r16404
r16416
r16429
r16436
r16441
r16454
r16461
r16470
r16475
r16492
r16505
r16512
r16519
r16531
r16548
r16556
r16570
r16581
r16610
r16631
r16644
r16652
r16658
r16664
r16679
r16696
r16703
r16716
r16729
r16743
r16761
r16772
r16778
r16796
r16822
r16828
r16845
r16860
r16873
r16886
r16903
r16931
r16969
r16994
r17027
r17049
r17071
r17120
r17184
r17231
r17253
r17279
r17300
r17318
r17336
r17363
r17389
r17408
r17427
r17434
r17448
r17464
r17478
r17491
r17509
r17518
r17527
r17539
r17545
r17551
r17565
r17573
r17585
r17593
r17598
r17607
r17611
r17625
r17631
r17645
r17653
r17657
r17672
r17676
r17696
r17712
r17725
r17740
r17751
r17773
r17816
r17837
r17858
r17873
r17887
r17905
r17919
r17940
r17947
r17968
r17981
r17985
r17998
r18011
r18022
r18038
r18057
r18081
r18095
r18103
r18114
r18131
r18143
r18157
r18172
r18183
r18195
r18208
r18218
r18234
r18249
r18276
r18294
r18305
r18320
r18333
r18353
r18371
r18394
r18419
r18431
r18447
r18461
r18476
r18488
r18500
r18518
r18532
r18547
r18555
r18568
r18580
r18599
r18615
r18632
r18651
r18686
r18700
r18713
r18728
r18743
r18750
r18763
r18781
r18804
r18825
r18858
r18870
r18893
r18920
r18947
r18970
r18990
r19017
r19037
r19056
r19077
r19095
r19130
r19172
r19191
r19207
r19232
r19248
r19259
r19272
r19280
r19295
r19303
r19321
r19332
r19345
r19359
r19370
r19375
r19384
r19391
r19401
r19413
r19426
r19432
r19443
r19451
r19458
r19481
r19514
r19530
r19541
r19552
r19558
r19568
r19574
r19592
r19608
r19626
r19641
r19649
r19664
r19676
r19687
r19711
r19724
r19738
r19746
r19752
r19777
r19797
r19805
r19811
r19820
r19829
r19839
r19849
r19865
r19879
r19898
r19915
r19922
r19931
r19947
r19961
r19975
r19985
r19997
r20015
r20027
r20047
r20065
r20077
r20101
r20117
r20120
r20138
r20160
r20180
r20200
r20214
r20222
r20231
r20240
r20250
r20260
r20274
r20287
r20295
r20308
r20322
r20338
r20351
r20369
r20384
r20390
r20400
r20410
r20416
r20427
r20440
r20455
r20484
r20493
r20506
r20529
r20542
r20556
r20565
r20572
r20587
r20596
r20607
r20615
r20627
r20636
r20647
r20654
r20661
r20686
r20698
r20716
r20726
r20741
r20761
r20773
r20803
r20821
r20834
r20850
r20856
r20862
r20868
r20887
r20894
r20906
r20921
r20927
r20930
r20939
r20946
r20966
