r70340
r70341
r70343
r70346
  +dir_prop: branches/R-3-3-branch svn:mergeinfo /branches/R-2-12-branch:52939%2C54476%2C55265%0A/branches/R-2-13-branch:55265%2C55432%0A/branches/R-2-15-branch:58894%2C59717%0A/branches/R-3-0-branch:62497%0A/branches/R-3-1-branch:65920%0A/branches/R-DL:69025-69313%0A/branches/R-glmscore:55360-55826%0A/trunk:70344-70345
r70348
r70355
  +dir_prop: branches/R-3-3-branch svn:mergeinfo /branches/R-2-12-branch:52939%2C54476%2C55265%0A/branches/R-2-13-branch:55265%2C55432%0A/branches/R-2-15-branch:58894%2C59717%0A/branches/R-3-0-branch:62497%0A/branches/R-3-1-branch:65920%0A/branches/R-DL:69025-69313%0A/branches/R-glmscore:55360-55826%0A/trunk:70344-70345%2C70354
r70357
r70361
r70366
  +dir_prop: branches/R-3-3-branch svn:mergeinfo /branches/R-2-12-branch:52939%2C54476%2C55265%0A/branches/R-2-13-branch:55265%2C55432%0A/branches/R-2-15-branch:58894%2C59717%0A/branches/R-3-0-branch:62497%0A/branches/R-3-1-branch:65920%0A/branches/R-DL:69025-69313%0A/branches/R-glmscore:55360-55826%0A/trunk:70344-70345%2C70354%2C70365
r70368
  +dir_prop: branches/R-3-3-branch svn:mergeinfo /branches/R-2-12-branch:52939%2C54476%2C55265%0A/branches/R-2-13-branch:55265%2C55432%0A/branches/R-2-15-branch:58894%2C59717%0A/branches/R-3-0-branch:62497%0A/branches/R-3-1-branch:65920%0A/branches/R-DL:69025-69313%0A/branches/R-glmscore:55360-55826%0A/trunk:70344-70345%2C70354%2C70365%2C70367
r70370
  +dir_prop: branches/R-3-3-branch svn:mergeinfo /branches/R-2-12-branch:52939%2C54476%2C55265%0A/branches/R-2-13-branch:55265%2C55432%0A/branches/R-2-15-branch:58894%2C59717%0A/branches/R-3-0-branch:62497%0A/branches/R-3-1-branch:65920%0A/branches/R-DL:69025-69313%0A/branches/R-glmscore:55360-55826%0A/trunk:70344-70345%2C70354%2C70365%2C70367%2C70369
r70373
  +dir_prop: branches/R-3-3-branch svn:mergeinfo /branches/R-2-12-branch:52939%2C54476%2C55265%0A/branches/R-2-13-branch:55265%2C55432%0A/branches/R-2-15-branch:58894%2C59717%0A/branches/R-3-0-branch:62497%0A/branches/R-3-1-branch:65920%0A/branches/R-DL:69025-69313%0A/branches/R-glmscore:55360-55826%0A/trunk:70344-70345%2C70354%2C70365%2C70367%2C70369%2C70371-70372
r70375
  +dir_prop: branches/R-3-3-branch svn:mergeinfo /branches/R-2-12-branch:52939%2C54476%2C55265%0A/branches/R-2-13-branch:55265%2C55432%0A/branches/R-2-15-branch:58894%2C59717%0A/branches/R-3-0-branch:62497%0A/branches/R-3-1-branch:65920%0A/branches/R-DL:69025-69313%0A/branches/R-glmscore:55360-55826%0A/trunk:70344-70345%2C70354%2C70365%2C70367%2C70369%2C70371-70372%2C70374
r70377
  +dir_prop: branches/R-3-3-branch svn:mergeinfo /branches/R-2-12-branch:52939%2C54476%2C55265%0A/branches/R-2-13-branch:55265%2C55432%0A/branches/R-2-15-branch:58894%2C59717%0A/branches/R-3-0-branch:62497%0A/branches/R-3-1-branch:65920%0A/branches/R-DL:69025-69313%0A/branches/R-glmscore:55360-55826%0A/trunk:70344-70345%2C70354%2C70365%2C70367%2C70369%2C70371-70372%2C70374%2C70376
r70378
  +dir_prop: branches/R-3-3-branch svn:mergeinfo /branches/R-2-12-branch:52939%2C54476%2C55265%0A/branches/R-2-13-branch:55265%2C55432%0A/branches/R-2-15-branch:58894%2C59717%0A/branches/R-3-0-branch:62497%0A/branches/R-3-1-branch:65920%0A/branches/R-DL:69025-69313%0A/branches/R-glmscore:55360-55826%0A/trunk:70344-70345%2C70354%2C70358%2C70365%2C70367%2C70369%2C70371-70372%2C70374%2C70376
r70379
r70382
  +dir_prop: branches/R-3-3-branch svn:mergeinfo /branches/R-2-12-branch:52939%2C54476%2C55265%0A/branches/R-2-13-branch:55265%2C55432%0A/branches/R-2-15-branch:58894%2C59717%0A/branches/R-3-0-branch:62497%0A/branches/R-3-1-branch:65920%0A/branches/R-DL:69025-69313%0A/branches/R-glmscore:55360-55826%0A/trunk:70344-70345%2C70354%2C70358%2C70365%2C70367%2C70369%2C70371-70372%2C70374%2C70376%2C70381
r70385
  +dir_prop: branches/R-3-3-branch svn:mergeinfo /branches/R-2-12-branch:52939%2C54476%2C55265%0A/branches/R-2-13-branch:55265%2C55432%0A/branches/R-2-15-branch:58894%2C59717%0A/branches/R-3-0-branch:62497%0A/branches/R-3-1-branch:65920%0A/branches/R-DL:69025-69313%0A/branches/R-glmscore:55360-55826%0A/trunk:70344-70345%2C70354%2C70358%2C70365%2C70367%2C70369%2C70371-70372%2C70374%2C70376%2C70381%2C70384
r70389
  +dir_prop: branches/R-3-3-branch svn:mergeinfo /branches/R-2-12-branch:52939%2C54476%2C55265%0A/branches/R-2-13-branch:55265%2C55432%0A/branches/R-2-15-branch:58894%2C59717%0A/branches/R-3-0-branch:62497%0A/branches/R-3-1-branch:65920%0A/branches/R-DL:69025-69313%0A/branches/R-glmscore:55360-55826%0A/trunk:70344-70345%2C70354%2C70358%2C70365%2C70367%2C70369%2C70371-70372%2C70374%2C70376%2C70381%2C70384%2C70388
r70393
  +dir_prop: branches/R-3-3-branch svn:mergeinfo /branches/R-2-12-branch:52939%2C54476%2C55265%0A/branches/R-2-13-branch:55265%2C55432%0A/branches/R-2-15-branch:58894%2C59717%0A/branches/R-3-0-branch:62497%0A/branches/R-3-1-branch:65920%0A/branches/R-DL:69025-69313%0A/branches/R-glmscore:55360-55826%0A/trunk:70344-70345%2C70354%2C70358%2C70365%2C70367%2C70369%2C70371-70372%2C70374%2C70376%2C70381%2C70384%2C70388%2C70392
r70398
  +dir_prop: branches/R-3-3-branch svn:mergeinfo /branches/R-2-12-branch:52939%2C54476%2C55265%0A/branches/R-2-13-branch:55265%2C55432%0A/branches/R-2-15-branch:58894%2C59717%0A/branches/R-3-0-branch:62497%0A/branches/R-3-1-branch:65920%0A/branches/R-DL:69025-69313%0A/branches/R-glmscore:55360-55826%0A/trunk:70344-70345%2C70354%2C70358%2C70365%2C70367%2C70369%2C70371-70372%2C70374%2C70376%2C70381%2C70384%2C70388%2C70392%2C70397
r70400
r70403
  +dir_prop: branches/R-3-3-branch svn:mergeinfo /branches/R-2-12-branch:52939%2C54476%2C55265%0A/branches/R-2-13-branch:55265%2C55432%0A/branches/R-2-15-branch:58894%2C59717%0A/branches/R-3-0-branch:62497%0A/branches/R-3-1-branch:65920%0A/branches/R-DL:69025-69313%0A/branches/R-glmscore:55360-55826%0A/trunk:70344-70345%2C70354%2C70358%2C70365%2C70367%2C70369%2C70371-70372%2C70374%2C70376%2C70381%2C70384%2C70388%2C70392%2C70397%2C70402
r70404
r70409
  +dir_prop: branches/R-3-3-branch svn:mergeinfo /branches/R-2-12-branch:52939%2C54476%2C55265%0A/branches/R-2-13-branch:55265%2C55432%0A/branches/R-2-15-branch:58894%2C59717%0A/branches/R-3-0-branch:62497%0A/branches/R-3-1-branch:65920%0A/branches/R-DL:69025-69313%0A/branches/R-glmscore:55360-55826%0A/trunk:70344-70345%2C70354%2C70358%2C70365%2C70367%2C70369%2C70371-70372%2C70374%2C70376%2C70381%2C70384%2C70388%2C70392%2C70397%2C70402%2C70408
r70414
  +dir_prop: branches/R-3-3-branch svn:mergeinfo /branches/R-2-12-branch:52939%2C54476%2C55265%0A/branches/R-2-13-branch:55265%2C55432%0A/branches/R-2-15-branch:58894%2C59717%0A/branches/R-3-0-branch:62497%0A/branches/R-3-1-branch:65920%0A/branches/R-DL:69025-69313%0A/branches/R-glmscore:55360-55826%0A/trunk:70344-70345%2C70354%2C70358%2C70365%2C70367%2C70369%2C70371-70372%2C70374%2C70376%2C70381%2C70384%2C70388%2C70392%2C70397%2C70402%2C70408%2C70413
r70418
  +dir_prop: branches/R-3-3-branch svn:mergeinfo /branches/R-2-12-branch:52939%2C54476%2C55265%0A/branches/R-2-13-branch:55265%2C55432%0A/branches/R-2-15-branch:58894%2C59717%0A/branches/R-3-0-branch:62497%0A/branches/R-3-1-branch:65920%0A/branches/R-DL:69025-69313%0A/branches/R-glmscore:55360-55826%0A/trunk:70344-70345%2C70354%2C70358%2C70365%2C70367%2C70369%2C70371-70372%2C70374%2C70376%2C70381%2C70384%2C70388%2C70392%2C70397%2C70402%2C70408%2C70413%2C70417
r70419
  +dir_prop: branches/R-3-3-branch svn:mergeinfo /branches/R-2-12-branch:52939%2C54476%2C55265%0A/branches/R-2-13-branch:55265%2C55432%0A/branches/R-2-15-branch:58894%2C59717%0A/branches/R-3-0-branch:62497%0A/branches/R-3-1-branch:65920%0A/branches/R-DL:69025-69313%0A/branches/R-glmscore:55360-55826%0A/trunk:70344-70345%2C70354%2C70358%2C70365%2C70367%2C70369%2C70371-70372%2C70374%2C70376%2C70381%2C70384%2C70388%2C70392%2C70397%2C70402%2C70408%2C70413%2C70415-70417
r70425
  +dir_prop: branches/R-3-3-branch svn:mergeinfo /branches/R-2-12-branch:52939%2C54476%2C55265%0A/branches/R-2-13-branch:55265%2C55432%0A/branches/R-2-15-branch:58894%2C59717%0A/branches/R-3-0-branch:62497%0A/branches/R-3-1-branch:65920%0A/branches/R-DL:69025-69313%0A/branches/R-glmscore:55360-55826%0A/trunk:70344-70345%2C70354%2C70358%2C70365%2C70367%2C70369%2C70371-70372%2C70374%2C70376%2C70381%2C70384%2C70388%2C70392%2C70397%2C70402%2C70408%2C70413%2C70415-70417%2C70423
r70426
r70429
  +dir_prop: branches/R-3-3-branch svn:mergeinfo /branches/R-2-12-branch:52939%2C54476%2C55265%0A/branches/R-2-13-branch:55265%2C55432%0A/branches/R-2-15-branch:58894%2C59717%0A/branches/R-3-0-branch:62497%0A/branches/R-3-1-branch:65920%0A/branches/R-DL:69025-69313%0A/branches/R-glmscore:55360-55826%0A/trunk:70344-70345%2C70354%2C70358%2C70365%2C70367%2C70369%2C70371-70372%2C70374%2C70376%2C70381%2C70384%2C70388%2C70392%2C70397%2C70402%2C70408%2C70413%2C70415-70417%2C70423%2C70428
r70433
  +dir_prop: branches/R-3-3-branch svn:mergeinfo /branches/R-2-12-branch:52939%2C54476%2C55265%0A/branches/R-2-13-branch:55265%2C55432%0A/branches/R-2-15-branch:58894%2C59717%0A/branches/R-3-0-branch:62497%0A/branches/R-3-1-branch:65920%0A/branches/R-DL:69025-69313%0A/branches/R-glmscore:55360-55826%0A/trunk:70344-70345%2C70354%2C70358%2C70365%2C70367%2C70369%2C70371-70372%2C70374%2C70376%2C70381%2C70384%2C70388%2C70392%2C70397%2C70402%2C70408%2C70413%2C70415-70417%2C70423%2C70428%2C70432
r70437
  +dir_prop: branches/R-3-3-branch svn:mergeinfo /branches/R-2-12-branch:52939%2C54476%2C55265%0A/branches/R-2-13-branch:55265%2C55432%0A/branches/R-2-15-branch:58894%2C59717%0A/branches/R-3-0-branch:62497%0A/branches/R-3-1-branch:65920%0A/branches/R-DL:69025-69313%0A/branches/R-glmscore:55360-55826%0A/trunk:70344-70345%2C70354%2C70358%2C70365%2C70367%2C70369%2C70371-70372%2C70374%2C70376%2C70381%2C70384%2C70388%2C70392%2C70397%2C70402%2C70408%2C70413%2C70415-70417%2C70423%2C70428%2C70432%2C70436
r70441
  +dir_prop: branches/R-3-3-branch svn:mergeinfo /branches/R-2-12-branch:52939%2C54476%2C55265%0A/branches/R-2-13-branch:55265%2C55432%0A/branches/R-2-15-branch:58894%2C59717%0A/branches/R-3-0-branch:62497%0A/branches/R-3-1-branch:65920%0A/branches/R-DL:69025-69313%0A/branches/R-glmscore:55360-55826%0A/trunk:70344-70345%2C70354%2C70358%2C70365%2C70367%2C70369%2C70371-70372%2C70374%2C70376%2C70381%2C70384%2C70388%2C70392%2C70397%2C70402%2C70408%2C70413%2C70415-70417%2C70423%2C70428%2C70432%2C70436%2C70438-70439
r70445
  +dir_prop: branches/R-3-3-branch svn:mergeinfo /branches/R-2-12-branch:52939%2C54476%2C55265%0A/branches/R-2-13-branch:55265%2C55432%0A/branches/R-2-15-branch:58894%2C59717%0A/branches/R-3-0-branch:62497%0A/branches/R-3-1-branch:65920%0A/branches/R-DL:69025-69313%0A/branches/R-glmscore:55360-55826%0A/trunk:70344-70345%2C70354%2C70358%2C70365%2C70367%2C70369%2C70371-70372%2C70374%2C70376%2C70381%2C70384%2C70388%2C70392%2C70397%2C70402%2C70408%2C70413%2C70415-70417%2C70423%2C70428%2C70432%2C70436%2C70438-70439%2C70444
r70447
  +dir_prop: branches/R-3-3-branch svn:mergeinfo /branches/R-2-12-branch:52939%2C54476%2C55265%0A/branches/R-2-13-branch:55265%2C55432%0A/branches/R-2-15-branch:58894%2C59717%0A/branches/R-3-0-branch:62497%0A/branches/R-3-1-branch:65920%0A/branches/R-DL:69025-69313%0A/branches/R-glmscore:55360-55826%0A/trunk:70344-70345%2C70354%2C70358%2C70365%2C70367%2C70369%2C70371-70372%2C70374%2C70376%2C70381%2C70384%2C70388%2C70392%2C70397%2C70402%2C70408%2C70413%2C70415-70417%2C70423%2C70428%2C70432%2C70436%2C70438-70439%2C70444%2C70446
r70449
r70451
r70453
  +dir_prop: branches/R-3-3-branch svn:mergeinfo /branches/R-2-12-branch:52939%2C54476%2C55265%0A/branches/R-2-13-branch:55265%2C55432%0A/branches/R-2-15-branch:58894%2C59717%0A/branches/R-3-0-branch:62497%0A/branches/R-3-1-branch:65920%0A/branches/R-DL:69025-69313%0A/branches/R-glmscore:55360-55826%0A/trunk:70344-70345%2C70354%2C70358%2C70365%2C70367%2C70369%2C70371-70372%2C70374%2C70376%2C70381%2C70384%2C70388%2C70392%2C70397%2C70402%2C70408%2C70413%2C70415-70417%2C70423%2C70428%2C70432%2C70436%2C70438-70439%2C70444%2C70446%2C70452
r70455
  +dir_prop: branches/R-3-3-branch svn:mergeinfo /branches/R-2-12-branch:52939%2C54476%2C55265%0A/branches/R-2-13-branch:55265%2C55432%0A/branches/R-2-15-branch:58894%2C59717%0A/branches/R-3-0-branch:62497%0A/branches/R-3-1-branch:65920%0A/branches/R-DL:69025-69313%0A/branches/R-glmscore:55360-55826%0A/trunk:70344-70345%2C70354%2C70358%2C70365%2C70367%2C70369%2C70371-70372%2C70374%2C70376%2C70381%2C70384%2C70388%2C70392%2C70397%2C70402%2C70408%2C70413%2C70415-70417%2C70423%2C70428%2C70432%2C70436%2C70438-70439%2C70444%2C70446%2C70448%2C70452%2C70454
r70459
  +dir_prop: branches/R-3-3-branch svn:mergeinfo /branches/R-2-12-branch:52939%2C54476%2C55265%0A/branches/R-2-13-branch:55265%2C55432%0A/branches/R-2-15-branch:58894%2C59717%0A/branches/R-3-0-branch:62497%0A/branches/R-3-1-branch:65920%0A/branches/R-DL:69025-69313%0A/branches/R-glmscore:55360-55826%0A/trunk:70344-70345%2C70354%2C70358%2C70365%2C70367%2C70369%2C70371-70372%2C70374%2C70376%2C70381%2C70384%2C70388%2C70392%2C70397%2C70402%2C70408%2C70413%2C70415-70417%2C70423%2C70428%2C70432%2C70436%2C70438-70439%2C70444%2C70446%2C70448%2C70452%2C70454%2C70457
r70460
  +dir_prop: branches/R-3-3-branch svn:mergeinfo /branches/R-2-12-branch:52939%2C54476%2C55265%0A/branches/R-2-13-branch:55265%2C55432%0A/branches/R-2-15-branch:58894%2C59717%0A/branches/R-3-0-branch:62497%0A/branches/R-3-1-branch:65920%0A/branches/R-DL:69025-69313%0A/branches/R-glmscore:55360-55826%0A/trunk:70344-70345%2C70354%2C70358%2C70365%2C70367%2C70369%2C70371-70372%2C70374%2C70376%2C70381%2C70384%2C70388%2C70392%2C70397%2C70402%2C70408%2C70413%2C70415-70417%2C70423%2C70428%2C70432%2C70436%2C70438-70439%2C70444%2C70446%2C70452%2C70457
r70471
r70476
  +dir_prop: branches/R-3-3-branch svn:mergeinfo /branches/R-2-12-branch:52939%2C54476%2C55265%0A/branches/R-2-13-branch:55265%2C55432%0A/branches/R-2-15-branch:58894%2C59717%0A/branches/R-3-0-branch:62497%0A/branches/R-3-1-branch:65920%0A/branches/R-DL:69025-69313%0A/branches/R-glmscore:55360-55826%0A/trunk:70344-70345%2C70354%2C70358%2C70365%2C70367%2C70369%2C70371-70372%2C70374%2C70376%2C70381%2C70384%2C70388%2C70392%2C70397%2C70402%2C70408%2C70413%2C70415-70417%2C70423%2C70428%2C70432%2C70436%2C70438-70439%2C70444%2C70446%2C70452%2C70457%2C70475
r70485
  +dir_prop: branches/R-3-3-branch svn:mergeinfo /branches/R-2-12-branch:52939%2C54476%2C55265%0A/branches/R-2-13-branch:55265%2C55432%0A/branches/R-2-15-branch:58894%2C59717%0A/branches/R-3-0-branch:62497%0A/branches/R-3-1-branch:65920%0A/branches/R-DL:69025-69313%0A/branches/R-glmscore:55360-55826%0A/trunk:70344-70345%2C70354%2C70358%2C70365%2C70367%2C70369%2C70371-70372%2C70374%2C70376%2C70381%2C70384%2C70388%2C70392%2C70397%2C70402%2C70408%2C70411%2C70413%2C70415-70417%2C70423%2C70428%2C70432%2C70436%2C70438-70439%2C70444%2C70446%2C70452%2C70457%2C70475
r70488
r70494
  +dir_prop: branches/R-3-3-branch svn:mergeinfo /branches/R-2-12-branch:52939%2C54476%2C55265%0A/branches/R-2-13-branch:55265%2C55432%0A/branches/R-2-15-branch:58894%2C59717%0A/branches/R-3-0-branch:62497%0A/branches/R-3-1-branch:65920%0A/branches/R-DL:69025-69313%0A/branches/R-glmscore:55360-55826%0A/trunk:70344-70345%2C70354%2C70358%2C70365%2C70367%2C70369%2C70371-70372%2C70374%2C70376%2C70381%2C70384%2C70388%2C70392%2C70397%2C70402%2C70408%2C70411%2C70413%2C70415-70417%2C70423%2C70428%2C70432%2C70436%2C70438-70439%2C70444%2C70446%2C70452%2C70457%2C70475%2C70493
r70497
  +dir_prop: branches/R-3-3-branch svn:mergeinfo /branches/R-2-12-branch:52939%2C54476%2C55265%0A/branches/R-2-13-branch:55265%2C55432%0A/branches/R-2-15-branch:58894%2C59717%0A/branches/R-3-0-branch:62497%0A/branches/R-3-1-branch:65920%0A/branches/R-DL:69025-69313%0A/branches/R-glmscore:55360-55826%0A/trunk:70344-70345%2C70354%2C70358%2C70365%2C70367%2C70369%2C70371-70372%2C70374%2C70376%2C70381%2C70384%2C70388%2C70392%2C70397%2C70402%2C70408%2C70411%2C70413%2C70415-70417%2C70423%2C70428%2C70432%2C70436%2C70438-70439%2C70444%2C70446%2C70452%2C70457%2C70475%2C70493%2C70495
r70499
r70500
r70501
r70502
r70503
r70504
r70505
r70508
r70510
  +dir_prop: branches/R-3-3-branch svn:mergeinfo /branches/R-2-12-branch:52939%2C54476%2C55265%0A/branches/R-2-13-branch:55265%2C55432%0A/branches/R-2-15-branch:58894%2C59717%0A/branches/R-3-0-branch:62497%0A/branches/R-3-1-branch:65920%0A/branches/R-DL:69025-69313%0A/branches/R-glmscore:55360-55826%0A/trunk:70344-70345%2C70354%2C70358%2C70365%2C70367%2C70369%2C70371-70372%2C70374%2C70376%2C70381%2C70384%2C70388%2C70392%2C70397%2C70402%2C70408%2C70411%2C70413%2C70415-70417%2C70423%2C70428%2C70432%2C70436%2C70438-70439%2C70444%2C70446%2C70452%2C70457%2C70475%2C70493%2C70495%2C70509
r70512
  +dir_prop: branches/R-3-3-branch svn:mergeinfo /branches/R-2-12-branch:52939%2C54476%2C55265%0A/branches/R-2-13-branch:55265%2C55432%0A/branches/R-2-15-branch:58894%2C59717%0A/branches/R-3-0-branch:62497%0A/branches/R-3-1-branch:65920%0A/branches/R-DL:69025-69313%0A/branches/R-glmscore:55360-55826%0A/trunk:70344-70345%2C70354%2C70358%2C70365%2C70367%2C70369%2C70371-70372%2C70374%2C70376%2C70381%2C70384%2C70388%2C70392%2C70397%2C70402%2C70408%2C70411%2C70413%2C70415-70417%2C70423%2C70428%2C70432%2C70436%2C70438-70439%2C70444%2C70446%2C70452%2C70457%2C70475%2C70493%2C70495%2C70509%2C70511
r70515
r70516
r70518
r70520
  +dir_prop: branches/R-3-3-branch svn:mergeinfo /branches/R-2-12-branch:52939%2C54476%2C55265%0A/branches/R-2-13-branch:55265%2C55432%0A/branches/R-2-15-branch:58894%2C59717%0A/branches/R-3-0-branch:62497%0A/branches/R-3-1-branch:65920%0A/branches/R-DL:69025-69313%0A/branches/R-glmscore:55360-55826%0A/trunk:70344-70345%2C70354%2C70358%2C70365%2C70367%2C70369%2C70371-70372%2C70374%2C70376%2C70381%2C70384%2C70388%2C70392%2C70397%2C70402%2C70408%2C70411%2C70413%2C70415-70417%2C70423%2C70428%2C70432%2C70436%2C70438-70439%2C70444%2C70446%2C70452%2C70457%2C70475%2C70493%2C70495%2C70509%2C70511%2C70519
r70526
r70529
r70535
  +dir_prop: branches/R-3-3-branch svn:mergeinfo /branches/R-2-12-branch:52939%2C54476%2C55265%0A/branches/R-2-13-branch:55265%2C55432%0A/branches/R-2-15-branch:58894%2C59717%0A/branches/R-3-0-branch:62497%0A/branches/R-3-1-branch:65920%0A/branches/R-DL:69025-69313%0A/branches/R-glmscore:55360-55826%0A/trunk:70344-70345%2C70354%2C70358%2C70365%2C70367%2C70369%2C70371-70372%2C70374%2C70376%2C70381%2C70384%2C70388%2C70392%2C70397%2C70402%2C70408%2C70411%2C70413%2C70415-70417%2C70423%2C70428%2C70432%2C70436%2C70438-70439%2C70444%2C70446%2C70452%2C70457%2C70467%2C70475%2C70493%2C70495%2C70509%2C70511%2C70519%2C70534
r70538
  +dir_prop: branches/R-3-3-branch svn:mergeinfo /branches/R-2-12-branch:52939%2C54476%2C55265%0A/branches/R-2-13-branch:55265%2C55432%0A/branches/R-2-15-branch:58894%2C59717%0A/branches/R-3-0-branch:62497%0A/branches/R-3-1-branch:65920%0A/branches/R-DL:69025-69313%0A/branches/R-glmscore:55360-55826%0A/trunk:70344-70345%2C70354%2C70358%2C70365%2C70367%2C70369%2C70371-70372%2C70374%2C70376%2C70381%2C70384%2C70388%2C70392%2C70397%2C70402%2C70408%2C70411%2C70413%2C70415-70417%2C70422-70423%2C70428%2C70430%2C70432%2C70436%2C70438-70439%2C70442-70444%2C70446%2C70452%2C70457%2C70467%2C70475%2C70481%2C70489%2C70491-70493%2C70495%2C70509%2C70511%2C70519%2C70534
r70539
r70540
r70541
  +dir_prop: branches/R-3-3-branch svn:mergeinfo /branches/R-2-12-branch:52939%2C54476%2C55265%0A/branches/R-2-13-branch:55265%2C55432%0A/branches/R-2-15-branch:58894%2C59717%0A/branches/R-3-0-branch:62497%0A/branches/R-3-1-branch:65920%0A/branches/R-DL:69025-69313%0A/branches/R-glmscore:55360-55826%0A/trunk:70344-70345%2C70354%2C70358%2C70365%2C70367%2C70369%2C70371-70372%2C70374%2C70376%2C70381%2C70384%2C70388%2C70392%2C70397%2C70402%2C70408%2C70411%2C70413%2C70415-70417%2C70422-70423%2C70428%2C70430%2C70432%2C70436%2C70438-70439%2C70442-70444%2C70446%2C70452%2C70457%2C70467%2C70474-70475%2C70481-70482%2C70489-70493%2C70495%2C70509%2C70511%2C70519%2C70534%2C70536
r70542
  +dir_prop: branches/R-3-3-branch svn:mergeinfo /branches/R-2-12-branch:52939%2C54476%2C55265%0A/branches/R-2-13-branch:55265%2C55432%0A/branches/R-2-15-branch:58894%2C59717%0A/branches/R-3-0-branch:62497%0A/branches/R-3-1-branch:65920%0A/branches/R-DL:69025-69313%0A/branches/R-glmscore:55360-55826%0A/trunk:70344-70345%2C70354%2C70358%2C70365%2C70367%2C70369%2C70371-70372%2C70374%2C70376%2C70381%2C70384%2C70388%2C70392%2C70397%2C70402%2C70408%2C70411%2C70413%2C70415-70417%2C70422-70423%2C70428%2C70430%2C70432%2C70436%2C70438-70439%2C70442-70444%2C70446%2C70452%2C70457%2C70467%2C70474-70475%2C70481-70482%2C70489-70493%2C70495%2C70509%2C70511%2C70519%2C70534%2C70536-70537
r70544
  +dir_prop: branches/R-3-3-branch svn:mergeinfo /branches/R-2-12-branch:52939%2C54476%2C55265%0A/branches/R-2-13-branch:55265%2C55432%0A/branches/R-2-15-branch:58894%2C59717%0A/branches/R-3-0-branch:62497%0A/branches/R-3-1-branch:65920%0A/branches/R-DL:69025-69313%0A/branches/R-glmscore:55360-55826%0A/trunk:70344-70345%2C70354%2C70358%2C70365%2C70367%2C70369%2C70371-70372%2C70374%2C70376%2C70381%2C70384%2C70388%2C70392%2C70397%2C70402%2C70408%2C70411%2C70413%2C70415-70417%2C70422-70423%2C70428%2C70430%2C70432%2C70436%2C70438-70439%2C70442-70444%2C70446%2C70452%2C70456-70457%2C70467%2C70474-70475%2C70481-70482%2C70489-70493%2C70495%2C70509%2C70511%2C70519%2C70534%2C70536-70537%2C70543
r70547
r70548
r70550
r70551
r70555
r70556
r70558
r70561
r70565
r70573
r70575
r70581
  +dir_prop: branches/R-3-3-branch svn:mergeinfo /branches/R-2-12-branch:52939%2C54476%2C55265%0A/branches/R-2-13-branch:55265%2C55432%0A/branches/R-2-15-branch:58894%2C59717%0A/branches/R-3-0-branch:62497%0A/branches/R-3-1-branch:65920%0A/branches/R-DL:69025-69313%0A/branches/R-glmscore:55360-55826%0A/trunk:70344-70345%2C70354%2C70358%2C70365%2C70367%2C70369%2C70371-70372%2C70374%2C70376%2C70381%2C70384%2C70388%2C70392%2C70397%2C70402%2C70408%2C70411%2C70413%2C70415-70417%2C70422-70423%2C70428%2C70430%2C70432%2C70436%2C70438-70439%2C70442-70444%2C70446%2C70452%2C70456-70457%2C70467%2C70474-70475%2C70481-70482%2C70489-70493%2C70495%2C70509%2C70511%2C70519%2C70534%2C70536-70537%2C70543%2C70571
r70582
r70591
  +dir_prop: branches/R-3-3-branch svn:mergeinfo /branches/R-2-12-branch:52939%2C54476%2C55265%0A/branches/R-2-13-branch:55265%2C55432%0A/branches/R-2-15-branch:58894%2C59717%0A/branches/R-3-0-branch:62497%0A/branches/R-3-1-branch:65920%0A/branches/R-DL:69025-69313%0A/branches/R-glmscore:55360-55826%0A/trunk:70344-70345%2C70354%2C70358%2C70365%2C70367%2C70369%2C70371-70372%2C70374%2C70376%2C70381%2C70384%2C70388%2C70392%2C70397%2C70402%2C70408%2C70411%2C70413%2C70415-70417%2C70422-70423%2C70428%2C70430%2C70432%2C70436%2C70438-70439%2C70442-70444%2C70446%2C70452%2C70456-70457%2C70467%2C70474-70475%2C70481-70482%2C70489-70493%2C70495%2C70509%2C70511%2C70519%2C70534%2C70536-70537%2C70543%2C70571%2C70589-70590
r70593
  +dir_prop: branches/R-3-3-branch svn:mergeinfo /branches/R-2-12-branch:52939%2C54476%2C55265%0A/branches/R-2-13-branch:55265%2C55432%0A/branches/R-2-15-branch:58894%2C59717%0A/branches/R-3-0-branch:62497%0A/branches/R-3-1-branch:65920%0A/branches/R-DL:69025-69313%0A/branches/R-glmscore:55360-55826%0A/trunk:70344-70345%2C70354%2C70358%2C70365%2C70367%2C70369%2C70371-70372%2C70374%2C70376%2C70381%2C70384%2C70388%2C70392%2C70397%2C70402%2C70408%2C70411%2C70413%2C70415-70417%2C70422-70423%2C70428%2C70430%2C70432%2C70436%2C70438-70439%2C70442-70444%2C70446%2C70452%2C70456-70457%2C70467%2C70474-70475%2C70481-70482%2C70489-70493%2C70495%2C70509%2C70511%2C70519%2C70534%2C70536-70537%2C70543%2C70571%2C70589-70590%2C70592
r70596
  +dir_prop: branches/R-3-3-branch svn:mergeinfo /branches/R-2-12-branch:52939%2C54476%2C55265%0A/branches/R-2-13-branch:55265%2C55432%0A/branches/R-2-15-branch:58894%2C59717%0A/branches/R-3-0-branch:62497%0A/branches/R-3-1-branch:65920%0A/branches/R-DL:69025-69313%0A/branches/R-glmscore:55360-55826%0A/trunk:70344-70345%2C70354%2C70358%2C70365%2C70367%2C70369%2C70371-70372%2C70374%2C70376%2C70381%2C70384%2C70388%2C70392%2C70397%2C70402%2C70408%2C70411%2C70413%2C70415-70417%2C70422-70423%2C70428%2C70430%2C70432%2C70436%2C70438-70439%2C70442-70444%2C70446%2C70452%2C70456-70457%2C70467%2C70474-70475%2C70481-70482%2C70489-70493%2C70495%2C70509%2C70511%2C70514%2C70519%2C70534%2C70536-70537%2C70543%2C70557%2C70571%2C70589-70590%2C70592%2C70595
r70603
  +dir_prop: branches/R-3-3-branch svn:mergeinfo /branches/R-2-12-branch:52939%2C54476%2C55265%0A/branches/R-2-13-branch:55265%2C55432%0A/branches/R-2-15-branch:58894%2C59717%0A/branches/R-3-0-branch:62497%0A/branches/R-3-1-branch:65920%0A/branches/R-DL:69025-69313%0A/branches/R-glmscore:55360-55826%0A/trunk:70344-70345%2C70354%2C70358%2C70365%2C70367%2C70369%2C70371-70372%2C70374%2C70376%2C70381%2C70384%2C70388%2C70392%2C70397%2C70402%2C70408%2C70411%2C70413%2C70415-70417%2C70422-70423%2C70428%2C70430%2C70432%2C70436%2C70438-70439%2C70442-70444%2C70446%2C70452%2C70456-70457%2C70467%2C70474-70475%2C70481-70482%2C70489-70493%2C70495%2C70509%2C70511%2C70514%2C70519%2C70534%2C70536-70537%2C70543%2C70557%2C70571%2C70589-70590%2C70592%2C70595%2C70602
r70619
r70621
  +dir_prop: branches/R-3-3-branch svn:mergeinfo /branches/R-2-12-branch:52939%2C54476%2C55265%0A/branches/R-2-13-branch:55265%2C55432%0A/branches/R-2-15-branch:58894%2C59717%0A/branches/R-3-0-branch:62497%0A/branches/R-3-1-branch:65920%0A/branches/R-DL:69025-69313%0A/branches/R-glmscore:55360-55826%0A/trunk:70344-70345%2C70354%2C70358%2C70365%2C70367%2C70369%2C70371-70372%2C70374%2C70376%2C70381%2C70384%2C70388%2C70392%2C70397%2C70402%2C70408%2C70411%2C70413%2C70415-70417%2C70422-70423%2C70428%2C70430%2C70432%2C70436%2C70438-70439%2C70442-70444%2C70446%2C70452%2C70456-70457%2C70467%2C70474-70475%2C70481-70482%2C70489-70493%2C70495%2C70509%2C70511%2C70514%2C70519%2C70534%2C70536-70537%2C70543%2C70557%2C70571%2C70589-70590%2C70592%2C70595%2C70602%2C70620
r70624
  +dir_prop: branches/R-3-3-branch svn:mergeinfo /branches/R-2-12-branch:52939%2C54476%2C55265%0A/branches/R-2-13-branch:55265%2C55432%0A/branches/R-2-15-branch:58894%2C59717%0A/branches/R-3-0-branch:62497%0A/branches/R-3-1-branch:65920%0A/branches/R-DL:69025-69313%0A/branches/R-glmscore:55360-55826%0A/trunk:70344-70345%2C70354%2C70358%2C70365%2C70367%2C70369%2C70371-70372%2C70374%2C70376%2C70381%2C70384%2C70388%2C70392%2C70397%2C70402%2C70408%2C70411%2C70413%2C70415-70417%2C70422-70423%2C70428%2C70430%2C70432%2C70436%2C70438-70439%2C70442-70444%2C70446%2C70452%2C70456-70457%2C70467%2C70474-70475%2C70481-70482%2C70489-70493%2C70495%2C70509%2C70511%2C70514%2C70519%2C70534%2C70536-70537%2C70543%2C70557%2C70571%2C70589-70590%2C70592%2C70595%2C70602%2C70620%2C70623
r70625
r70629
  +dir_prop: branches/R-3-3-branch svn:mergeinfo /branches/R-2-12-branch:52939%2C54476%2C55265%0A/branches/R-2-13-branch:55265%2C55432%0A/branches/R-2-15-branch:58894%2C59717%0A/branches/R-3-0-branch:62497%0A/branches/R-3-1-branch:65920%0A/branches/R-DL:69025-69313%0A/branches/R-glmscore:55360-55826%0A/trunk:70344-70345%2C70354%2C70358%2C70365%2C70367%2C70369%2C70371-70372%2C70374%2C70376%2C70381%2C70384%2C70388%2C70392%2C70397%2C70402%2C70408%2C70411%2C70413%2C70415-70417%2C70422-70423%2C70428%2C70430%2C70432%2C70436%2C70438-70439%2C70442-70444%2C70446%2C70452%2C70456-70457%2C70467%2C70474-70475%2C70481-70482%2C70489-70493%2C70495%2C70509%2C70511%2C70514%2C70519%2C70534%2C70536-70537%2C70543%2C70557%2C70571%2C70589-70590%2C70592%2C70595%2C70602%2C70613-70614%2C70620%2C70622-70623%2C70627
r70635
r70639
  +dir_prop: branches/R-3-3-branch svn:mergeinfo /branches/R-2-12-branch:52939%2C54476%2C55265%0A/branches/R-2-13-branch:55265%2C55432%0A/branches/R-2-15-branch:58894%2C59717%0A/branches/R-3-0-branch:62497%0A/branches/R-3-1-branch:65920%0A/branches/R-DL:69025-69313%0A/branches/R-glmscore:55360-55826%0A/trunk:70344-70345%2C70354%2C70358%2C70365%2C70367%2C70369%2C70371-70372%2C70374%2C70376%2C70381%2C70384%2C70388%2C70392%2C70397%2C70402%2C70408%2C70411%2C70413%2C70415-70417%2C70422-70423%2C70428%2C70430%2C70432%2C70436%2C70438-70439%2C70442-70444%2C70446%2C70452%2C70456-70457%2C70467%2C70474-70475%2C70481-70482%2C70489-70493%2C70495%2C70509%2C70511%2C70514%2C70519%2C70534%2C70536-70537%2C70543%2C70557%2C70571%2C70589-70590%2C70592%2C70595%2C70602%2C70613-70614%2C70620%2C70622-70623%2C70627%2C70636
r70640
  +dir_prop: branches/R-3-3-branch svn:mergeinfo /branches/R-2-12-branch:52939%2C54476%2C55265%0A/branches/R-2-13-branch:55265%2C55432%0A/branches/R-2-15-branch:58894%2C59717%0A/branches/R-3-0-branch:62497%0A/branches/R-3-1-branch:65920%0A/branches/R-DL:69025-69313%0A/branches/R-glmscore:55360-55826%0A/trunk:70344-70345%2C70354%2C70358%2C70365%2C70367%2C70369%2C70371-70372%2C70374%2C70376%2C70381%2C70384%2C70388%2C70392%2C70397%2C70402%2C70408%2C70411%2C70413%2C70415-70417%2C70422-70423%2C70428%2C70430%2C70432%2C70436%2C70438-70439%2C70442-70444%2C70446%2C70452%2C70456-70457%2C70467%2C70474-70475%2C70481-70482%2C70489-70493%2C70495%2C70509%2C70511%2C70514%2C70519%2C70534%2C70536-70537%2C70543%2C70557%2C70571%2C70589-70590%2C70592%2C70595%2C70602%2C70613-70614%2C70620%2C70622-70623%2C70627%2C70636-70637
r70641
  +dir_prop: branches/R-3-3-branch svn:mergeinfo /branches/R-2-12-branch:52939%2C54476%2C55265%0A/branches/R-2-13-branch:55265%2C55432%0A/branches/R-2-15-branch:58894%2C59717%0A/branches/R-3-0-branch:62497%0A/branches/R-3-1-branch:65920%0A/branches/R-DL:69025-69313%0A/branches/R-glmscore:55360-55826%0A/trunk:70344-70345%2C70354%2C70358%2C70365%2C70367%2C70369%2C70371-70372%2C70374%2C70376%2C70381%2C70384%2C70388%2C70392%2C70397%2C70402%2C70408%2C70411%2C70413%2C70415-70417%2C70422-70423%2C70428%2C70430%2C70432%2C70436%2C70438-70439%2C70442-70444%2C70446%2C70452%2C70456-70457%2C70467%2C70474-70475%2C70481-70482%2C70489-70493%2C70495%2C70509%2C70511%2C70514%2C70519%2C70534%2C70536-70537%2C70543%2C70557%2C70571%2C70589-70590%2C70592%2C70595%2C70602%2C70613-70614%2C70620%2C70622-70623%2C70627%2C70636-70638
r70645
  +dir_prop: branches/R-3-3-branch svn:mergeinfo /branches/R-2-12-branch:52939%2C54476%2C55265%0A/branches/R-2-13-branch:55265%2C55432%0A/branches/R-2-15-branch:58894%2C59717%0A/branches/R-3-0-branch:62497%0A/branches/R-3-1-branch:65920%0A/branches/R-DL:69025-69313%0A/branches/R-glmscore:55360-55826%0A/trunk:70344-70345%2C70354%2C70358%2C70365%2C70367%2C70369%2C70371-70372%2C70374%2C70376%2C70381%2C70384%2C70388%2C70392%2C70397%2C70402%2C70408%2C70411%2C70413%2C70415-70417%2C70422-70423%2C70428%2C70430%2C70432%2C70436%2C70438-70439%2C70442-70444%2C70446%2C70452%2C70456-70457%2C70467%2C70474-70475%2C70481-70482%2C70489-70493%2C70495%2C70509%2C70511%2C70514%2C70519%2C70534%2C70536-70537%2C70543%2C70557%2C70571%2C70589-70590%2C70592%2C70595%2C70602%2C70613-70614%2C70620%2C70622-70623%2C70627%2C70636-70638%2C70644
r70650
  +dir_prop: branches/R-3-3-branch svn:mergeinfo /branches/R-2-12-branch:52939%2C54476%2C55265%0A/branches/R-2-13-branch:55265%2C55432%0A/branches/R-2-15-branch:58894%2C59717%0A/branches/R-3-0-branch:62497%0A/branches/R-3-1-branch:65920%0A/branches/R-DL:69025-69313%0A/branches/R-glmscore:55360-55826%0A/trunk:70344-70345%2C70354%2C70358%2C70365%2C70367%2C70369%2C70371-70372%2C70374%2C70376%2C70381%2C70384%2C70388%2C70392%2C70397%2C70402%2C70408%2C70411%2C70413%2C70415-70417%2C70422-70423%2C70428%2C70430%2C70432%2C70436%2C70438-70439%2C70442-70444%2C70446%2C70452%2C70456-70457%2C70467%2C70474-70475%2C70481-70482%2C70489-70493%2C70495%2C70509%2C70511%2C70514%2C70519%2C70534%2C70536-70537%2C70543%2C70557%2C70571%2C70589-70590%2C70592%2C70595%2C70602%2C70613-70614%2C70620%2C70622-70623%2C70627%2C70633%2C70636-70638%2C70644%2C70648
r70652
  +dir_prop: branches/R-3-3-branch svn:mergeinfo /branches/R-2-12-branch:52939%2C54476%2C55265%0A/branches/R-2-13-branch:55265%2C55432%0A/branches/R-2-15-branch:58894%2C59717%0A/branches/R-3-0-branch:62497%0A/branches/R-3-1-branch:65920%0A/branches/R-DL:69025-69313%0A/branches/R-glmscore:55360-55826%0A/trunk:70344-70345%2C70354%2C70358%2C70365%2C70367%2C70369%2C70371-70372%2C70374%2C70376%2C70381%2C70384%2C70388%2C70392%2C70397%2C70402%2C70408%2C70411%2C70413%2C70415-70417%2C70422-70423%2C70428%2C70430%2C70432%2C70436%2C70438-70439%2C70442-70444%2C70446%2C70452%2C70456-70457%2C70467%2C70474-70475%2C70481-70482%2C70489-70493%2C70495%2C70509%2C70511%2C70514%2C70519%2C70534%2C70536-70537%2C70543%2C70557%2C70571%2C70589-70590%2C70592%2C70595%2C70602%2C70613-70614%2C70620%2C70622-70623%2C70627%2C70633%2C70636-70638%2C70644%2C70648%2C70651
r70659
  +dir_prop: branches/R-3-3-branch svn:mergeinfo /branches/R-2-12-branch:52939%2C54476%2C55265%0A/branches/R-2-13-branch:55265%2C55432%0A/branches/R-2-15-branch:58894%2C59717%0A/branches/R-3-0-branch:62497%0A/branches/R-3-1-branch:65920%0A/branches/R-DL:69025-69313%0A/branches/R-glmscore:55360-55826%0A/trunk:70344-70345%2C70354%2C70358%2C70365%2C70367%2C70369%2C70371-70372%2C70374%2C70376%2C70381%2C70384%2C70388%2C70392%2C70397%2C70402%2C70408%2C70411%2C70413%2C70415-70417%2C70422-70423%2C70428%2C70430%2C70432%2C70436%2C70438-70439%2C70442-70444%2C70446%2C70452%2C70456-70457%2C70467%2C70474-70475%2C70481-70482%2C70489-70493%2C70495%2C70509%2C70511%2C70514%2C70519%2C70532%2C70534%2C70536-70537%2C70543%2C70557%2C70571%2C70589-70590%2C70592%2C70595%2C70602%2C70613-70614%2C70620%2C70622-70623%2C70627%2C70633%2C70636-70638%2C70644%2C70648%2C70651
r70667
r70669
  +dir_prop: branches/R-3-3-branch svn:mergeinfo /branches/R-2-12-branch:52939%2C54476%2C55265%0A/branches/R-2-13-branch:55265%2C55432%0A/branches/R-2-15-branch:58894%2C59717%0A/branches/R-3-0-branch:62497%0A/branches/R-3-1-branch:65920%0A/branches/R-DL:69025-69313%0A/branches/R-glmscore:55360-55826%0A/trunk:70344-70345%2C70354%2C70358%2C70365%2C70367%2C70369%2C70371-70372%2C70374%2C70376%2C70381%2C70384%2C70388%2C70392%2C70397%2C70402%2C70408%2C70411%2C70413%2C70415-70417%2C70422-70423%2C70428%2C70430%2C70432%2C70436%2C70438-70439%2C70442-70444%2C70446%2C70452%2C70456-70457%2C70467%2C70474-70475%2C70481-70482%2C70489-70493%2C70495%2C70509%2C70511%2C70514%2C70519%2C70532%2C70534%2C70536-70537%2C70543%2C70557%2C70571%2C70589-70590%2C70592%2C70595%2C70602%2C70613-70614%2C70620%2C70622-70623%2C70627%2C70633%2C70636-70638%2C70644%2C70648%2C70651%2C70666%2C70668
r70670
r70671
r70686
  +dir_prop: branches/R-3-3-branch svn:mergeinfo /branches/R-2-12-branch:52939%2C54476%2C55265%0A/branches/R-2-13-branch:55265%2C55432%0A/branches/R-2-15-branch:58894%2C59717%0A/branches/R-3-0-branch:62497%0A/branches/R-3-1-branch:65920%0A/branches/R-DL:69025-69313%0A/branches/R-glmscore:55360-55826%0A/trunk:70344-70345%2C70354%2C70358%2C70365%2C70367%2C70369%2C70371-70372%2C70374%2C70376%2C70381%2C70384%2C70388%2C70392%2C70397%2C70402%2C70408%2C70411%2C70413%2C70415-70417%2C70422-70423%2C70428%2C70430%2C70432%2C70436%2C70438-70439%2C70442-70444%2C70446%2C70452%2C70456-70457%2C70467%2C70474-70475%2C70481-70482%2C70489-70493%2C70495%2C70509%2C70511%2C70514%2C70519%2C70532%2C70534%2C70536-70537%2C70543%2C70557%2C70571%2C70589-70590%2C70592%2C70595%2C70602%2C70613-70614%2C70620%2C70622-70623%2C70627%2C70633%2C70636-70638%2C70644%2C70648%2C70651%2C70666%2C70668%2C70679
r70690
  +dir_prop: branches/R-3-3-branch svn:mergeinfo /branches/R-2-12-branch:52939%2C54476%2C55265%0A/branches/R-2-13-branch:55265%2C55432%0A/branches/R-2-15-branch:58894%2C59717%0A/branches/R-3-0-branch:62497%0A/branches/R-3-1-branch:65920%0A/branches/R-DL:69025-69313%0A/branches/R-glmscore:55360-55826%0A/trunk:70344-70345%2C70354%2C70358%2C70365%2C70367%2C70369%2C70371-70372%2C70374%2C70376%2C70381%2C70384%2C70388%2C70392%2C70397%2C70402%2C70408%2C70411%2C70413%2C70415-70417%2C70422-70423%2C70428%2C70430%2C70432%2C70436%2C70438-70439%2C70442-70444%2C70446%2C70452%2C70456-70457%2C70467%2C70474-70475%2C70481-70482%2C70489-70493%2C70495%2C70509%2C70511%2C70514%2C70519%2C70532%2C70534%2C70536-70537%2C70543%2C70557%2C70571%2C70589-70590%2C70592%2C70595%2C70602%2C70613-70614%2C70620%2C70622-70623%2C70627%2C70633%2C70636-70638%2C70644%2C70648%2C70651%2C70666%2C70668%2C70679%2C70689
r70693
  +dir_prop: branches/R-3-3-branch svn:mergeinfo /branches/R-2-12-branch:52939%2C54476%2C55265%0A/branches/R-2-13-branch:55265%2C55432%0A/branches/R-2-15-branch:58894%2C59717%0A/branches/R-3-0-branch:62497%0A/branches/R-3-1-branch:65920%0A/branches/R-DL:69025-69313%0A/branches/R-glmscore:55360-55826%0A/trunk:70344-70345%2C70354%2C70358%2C70365%2C70367%2C70369%2C70371-70372%2C70374%2C70376%2C70381%2C70384%2C70388%2C70392%2C70397%2C70402%2C70408%2C70411%2C70413%2C70415-70417%2C70422-70423%2C70428%2C70430%2C70432%2C70436%2C70438-70439%2C70442-70444%2C70446%2C70452%2C70456-70457%2C70467%2C70474-70475%2C70481-70482%2C70489-70493%2C70495%2C70509%2C70511%2C70514%2C70519%2C70532%2C70534%2C70536-70537%2C70543%2C70557%2C70571%2C70589-70590%2C70592%2C70595%2C70602%2C70613-70614%2C70620%2C70622-70623%2C70627%2C70633%2C70636-70638%2C70644%2C70648%2C70651%2C70666%2C70668%2C70679%2C70689%2C70692
r70695
r70700
r70711
r70720
  +dir_prop: branches/R-3-3-branch svn:mergeinfo /branches/R-2-12-branch:52939%2C54476%2C55265%0A/branches/R-2-13-branch:55265%2C55432%0A/branches/R-2-15-branch:58894%2C59717%0A/branches/R-3-0-branch:62497%0A/branches/R-3-1-branch:65920%0A/branches/R-DL:69025-69313%0A/branches/R-glmscore:55360-55826%0A/trunk:70344-70345%2C70354%2C70358%2C70365%2C70367%2C70369%2C70371-70372%2C70374%2C70376%2C70381%2C70384%2C70388%2C70392%2C70397%2C70402%2C70408%2C70411%2C70413%2C70415-70417%2C70422-70423%2C70428%2C70430%2C70432%2C70436%2C70438-70439%2C70442-70444%2C70446%2C70452%2C70456-70457%2C70467%2C70474-70475%2C70481-70482%2C70489-70493%2C70495%2C70509%2C70511%2C70514%2C70519%2C70532%2C70534%2C70536-70537%2C70543%2C70557%2C70571%2C70589-70590%2C70592%2C70595%2C70602%2C70613-70614%2C70620%2C70622-70623%2C70627%2C70633%2C70636-70638%2C70644%2C70648%2C70651%2C70666%2C70668%2C70679%2C70689%2C70692%2C70701%2C70704%2C70716-70717
r70731
  +dir_prop: branches/R-3-3-branch svn:mergeinfo /branches/R-2-12-branch:52939%2C54476%2C55265%0A/branches/R-2-13-branch:55265%2C55432%0A/branches/R-2-15-branch:58894%2C59717%0A/branches/R-3-0-branch:62497%0A/branches/R-3-1-branch:65920%0A/branches/R-DL:69025-69313%0A/branches/R-glmscore:55360-55826%0A/trunk:70344-70345%2C70354%2C70358%2C70365%2C70367%2C70369%2C70371-70372%2C70374%2C70376%2C70381%2C70384%2C70388%2C70392%2C70397%2C70402%2C70408%2C70411%2C70413%2C70415-70417%2C70422-70423%2C70428%2C70430%2C70432%2C70436%2C70438-70439%2C70442-70444%2C70446%2C70452%2C70456-70457%2C70467%2C70474-70475%2C70481-70482%2C70489-70493%2C70495%2C70509%2C70511%2C70514%2C70519%2C70532%2C70534%2C70536-70537%2C70543%2C70557%2C70571%2C70589-70590%2C70592%2C70595%2C70602%2C70613-70614%2C70620%2C70622-70623%2C70627%2C70633%2C70636-70638%2C70644%2C70648%2C70651%2C70666%2C70668%2C70679%2C70689%2C70692%2C70699%2C70701%2C70704%2C70716-70717%2C70729-70730
r70735
r70738
r70740
r70746
r70748
r70752
  +dir_prop: branches/R-3-3-branch svn:mergeinfo /branches/R-2-12-branch:52939%2C54476%2C55265%0A/branches/R-2-13-branch:55265%2C55432%0A/branches/R-2-15-branch:58894%2C59717%0A/branches/R-3-0-branch:62497%0A/branches/R-3-1-branch:65920%0A/branches/R-DL:69025-69313%0A/branches/R-glmscore:55360-55826%0A/trunk:70344-70345%2C70354%2C70358%2C70365%2C70367%2C70369%2C70371-70372%2C70374%2C70376%2C70381%2C70384%2C70388%2C70392%2C70397%2C70402%2C70408%2C70411%2C70413%2C70415-70417%2C70422-70423%2C70428%2C70430%2C70432%2C70436%2C70438-70439%2C70442-70444%2C70446%2C70452%2C70456-70457%2C70467%2C70474-70475%2C70481-70482%2C70489-70493%2C70495%2C70509%2C70511%2C70514%2C70519%2C70532%2C70534%2C70536-70537%2C70543%2C70557%2C70571%2C70589-70590%2C70592%2C70595%2C70602%2C70613-70614%2C70620%2C70622-70623%2C70627%2C70633%2C70636-70638%2C70644%2C70648%2C70651%2C70666%2C70668%2C70679%2C70689%2C70692%2C70699%2C70729-70730
r70757
r70760
r70762
r70763
r70767
r70768
r70771
  +dir_prop: branches/R-3-3-branch svn:mergeinfo /branches/R-2-12-branch:52939%2C54476%2C55265%0A/branches/R-2-13-branch:55265%2C55432%0A/branches/R-2-15-branch:58894%2C59717%0A/branches/R-3-0-branch:62497%0A/branches/R-3-1-branch:65920%0A/branches/R-DL:69025-69313%0A/branches/R-glmscore:55360-55826%0A/trunk:70344-70345%2C70354%2C70358%2C70365%2C70367%2C70369%2C70371-70372%2C70374%2C70376%2C70381%2C70384%2C70388%2C70392%2C70397%2C70402%2C70408%2C70411%2C70413%2C70415-70417%2C70422-70423%2C70428%2C70430%2C70432%2C70436%2C70438-70439%2C70442-70444%2C70446%2C70452%2C70456-70457%2C70467%2C70474-70475%2C70481-70482%2C70489-70493%2C70495%2C70509%2C70511%2C70514%2C70519%2C70532%2C70534%2C70536-70537%2C70543%2C70557%2C70571%2C70589-70590%2C70592%2C70595%2C70602%2C70613-70614%2C70620%2C70622-70623%2C70627%2C70633%2C70636-70638%2C70644%2C70648%2C70651%2C70666%2C70668%2C70679%2C70689%2C70692%2C70699%2C70729-70730%2C70770
r70773
  +dir_prop: branches/R-3-3-branch svn:mergeinfo /branches/R-2-12-branch:52939%2C54476%2C55265%0A/branches/R-2-13-branch:55265%2C55432%0A/branches/R-2-15-branch:58894%2C59717%0A/branches/R-3-0-branch:62497%0A/branches/R-3-1-branch:65920%0A/branches/R-DL:69025-69313%0A/branches/R-glmscore:55360-55826%0A/trunk:70344-70345%2C70354%2C70358%2C70365%2C70367%2C70369%2C70371-70372%2C70374%2C70376%2C70381%2C70384%2C70388%2C70392%2C70397%2C70402%2C70408%2C70411%2C70413%2C70415-70417%2C70422-70423%2C70428%2C70430%2C70432%2C70436%2C70438-70439%2C70442-70444%2C70446%2C70452%2C70456-70457%2C70467%2C70474-70475%2C70481-70482%2C70489-70493%2C70495%2C70509%2C70511%2C70514%2C70519%2C70532%2C70534%2C70536-70537%2C70543%2C70557%2C70571%2C70589-70590%2C70592%2C70595%2C70602%2C70613-70614%2C70620%2C70622-70623%2C70627%2C70633%2C70636-70638%2C70644%2C70648%2C70651%2C70666%2C70668%2C70679%2C70689%2C70692%2C70699%2C70729-70730%2C70770%2C70772
r70775
r70776
r70777
r70790
r70793
r70795
  +dir_prop: branches/R-3-3-branch svn:mergeinfo /branches/R-2-12-branch:52939%2C54476%2C55265%0A/branches/R-2-13-branch:55265%2C55432%0A/branches/R-2-15-branch:58894%2C59717%0A/branches/R-3-0-branch:62497%0A/branches/R-3-1-branch:65920%0A/branches/R-DL:69025-69313%0A/branches/R-glmscore:55360-55826%0A/trunk:70344-70345%2C70354%2C70358%2C70365%2C70367%2C70369%2C70371-70372%2C70374%2C70376%2C70381%2C70384%2C70388%2C70392%2C70397%2C70402%2C70408%2C70410-70413%2C70415-70417%2C70421-70423%2C70428%2C70430%2C70432%2C70434%2C70436%2C70438-70439%2C70442-70444%2C70446%2C70452%2C70456-70457%2C70466-70467%2C70474-70475%2C70481-70482%2C70486%2C70489-70493%2C70495%2C70509%2C70511%2C70514%2C70519%2C70525%2C70528%2C70532%2C70534%2C70536-70537%2C70543%2C70557%2C70571%2C70589-70590%2C70592%2C70595%2C70602%2C70613-70614%2C70620%2C70622-70623%2C70627%2C70633%2C70636-70638%2C70644%2C70648%2C70651%2C70666%2C70668%2C70679%2C70689%2C70692%2C70699%2C70722-70730%2C70770%2C70772
r70800
r70802
r70806
r70807
r70811
r70816
r70818
r70821
r70823
r70825
r70831
r70833
r70835
r70838
  +dir_prop: branches/R-3-3-branch svn:mergeinfo /branches/R-2-12-branch:52939%2C54476%2C55265%0A/branches/R-2-13-branch:55265%2C55432%0A/branches/R-2-15-branch:58894%2C59717%0A/branches/R-3-0-branch:62497%0A/branches/R-3-1-branch:65920%0A/branches/R-DL:69025-69313%0A/branches/R-glmscore:55360-55826%0A/trunk:70344-70345%2C70354%2C70358%2C70365%2C70367%2C70369%2C70371-70372%2C70374%2C70376%2C70381%2C70384%2C70388%2C70392%2C70397%2C70402%2C70408%2C70410-70413%2C70415-70417%2C70421-70423%2C70428%2C70430%2C70432%2C70434%2C70436%2C70438-70439%2C70442-70444%2C70446%2C70452%2C70456-70457%2C70466-70467%2C70474-70475%2C70481-70482%2C70486%2C70489-70493%2C70495%2C70509%2C70511%2C70514%2C70519%2C70525%2C70528%2C70532%2C70534%2C70536-70537%2C70543%2C70557%2C70571%2C70589-70590%2C70592%2C70595%2C70602%2C70613-70614%2C70620%2C70622-70623%2C70627%2C70633%2C70636-70638%2C70644%2C70648%2C70651%2C70666%2C70668%2C70679%2C70689%2C70692%2C70699%2C70722-70730%2C70770%2C70772%2C70837
r70840
r70842
r70844
r70847
r70849
  +dir_prop: branches/R-3-3-branch svn:mergeinfo /branches/R-2-12-branch:52939%2C54476%2C55265%0A/branches/R-2-13-branch:55265%2C55432%0A/branches/R-2-15-branch:58894%2C59717%0A/branches/R-3-0-branch:62497%0A/branches/R-3-1-branch:65920%0A/branches/R-DL:69025-69313%0A/branches/R-glmscore:55360-55826%0A/trunk:70344-70345%2C70354%2C70358%2C70365%2C70367%2C70369%2C70371-70372%2C70374%2C70376%2C70381%2C70384%2C70388%2C70392%2C70397%2C70402%2C70408%2C70410-70413%2C70415-70417%2C70421-70423%2C70428%2C70430%2C70432%2C70434%2C70436%2C70438-70439%2C70442-70444%2C70446%2C70452%2C70456-70457%2C70466-70467%2C70474-70475%2C70481-70482%2C70486%2C70489-70493%2C70495%2C70509%2C70511%2C70514%2C70519%2C70525%2C70528%2C70532%2C70534%2C70536-70537%2C70543%2C70557%2C70571%2C70589-70590%2C70592%2C70595%2C70602%2C70613-70614%2C70620%2C70622-70623%2C70627%2C70633%2C70636-70638%2C70644%2C70648%2C70651%2C70666%2C70668%2C70679%2C70689%2C70692%2C70699%2C70722-70730%2C70770%2C70772%2C70837%2C70848
r70861
r70865
r70867
  +dir_prop: branches/R-3-3-branch svn:mergeinfo /branches/R-2-12-branch:52939%2C54476%2C55265%0A/branches/R-2-13-branch:55265%2C55432%0A/branches/R-2-15-branch:58894%2C59717%0A/branches/R-3-0-branch:62497%0A/branches/R-3-1-branch:65920%0A/branches/R-DL:69025-69313%0A/branches/R-glmscore:55360-55826%0A/trunk:70344-70345%2C70354%2C70358%2C70365%2C70367%2C70369%2C70371-70372%2C70374%2C70376%2C70381%2C70384%2C70388%2C70392%2C70397%2C70402%2C70408%2C70410-70413%2C70415-70417%2C70421-70423%2C70428%2C70430%2C70432%2C70434%2C70436%2C70438-70439%2C70442-70444%2C70446%2C70452%2C70456-70457%2C70466-70467%2C70474-70475%2C70481-70482%2C70486%2C70489-70493%2C70495%2C70509%2C70511%2C70514%2C70519%2C70525%2C70528%2C70532%2C70534%2C70536-70537%2C70543%2C70557%2C70571%2C70589-70590%2C70592%2C70595%2C70602%2C70613-70614%2C70620%2C70622-70623%2C70627%2C70633%2C70636-70638%2C70644%2C70648%2C70651%2C70666%2C70668%2C70679%2C70689%2C70692%2C70699%2C70722-70730%2C70770%2C70772%2C70837%2C70848%2C70866
r70871
r70873
r70876
r70878
r70880
r70883
r70888
r70889
r70890
r70897
r70906
r70907
r70911
r70916
  +dir_prop: branches/R-3-3-branch svn:mergeinfo /branches/R-2-12-branch:52939%2C54476%2C55265%0A/branches/R-2-13-branch:55265%2C55432%0A/branches/R-2-15-branch:58894%2C59717%0A/branches/R-3-0-branch:62497%0A/branches/R-3-1-branch:65920%0A/branches/R-DL:69025-69313%0A/branches/R-glmscore:55360-55826%0A/trunk:70344-70345%2C70354%2C70358%2C70365%2C70367%2C70369%2C70371-70372%2C70374%2C70376%2C70381%2C70384%2C70388%2C70392%2C70397%2C70402%2C70408%2C70410-70413%2C70415-70417%2C70421-70423%2C70428%2C70430%2C70432%2C70434%2C70436%2C70438-70439%2C70442-70444%2C70446%2C70452%2C70456-70457%2C70466-70467%2C70474-70475%2C70481-70482%2C70486%2C70489-70493%2C70495%2C70509%2C70511%2C70514%2C70519%2C70525%2C70528%2C70532%2C70534%2C70536-70537%2C70543%2C70557%2C70571%2C70589-70590%2C70592%2C70595%2C70602%2C70613-70614%2C70620%2C70622-70623%2C70627%2C70633%2C70636-70638%2C70644%2C70648%2C70651%2C70666%2C70668%2C70679%2C70689%2C70692%2C70699%2C70722-70730%2C70770%2C70772%2C70837%2C70848%2C70866%2C70912
r70921
r70926
r70929
r70934
r70936
  +dir_prop: branches/R-3-3-branch svn:mergeinfo /branches/R-2-12-branch:52939%2C54476%2C55265%0A/branches/R-2-13-branch:55265%2C55432%0A/branches/R-2-15-branch:58894%2C59717%0A/branches/R-3-0-branch:62497%0A/branches/R-3-1-branch:65920%0A/branches/R-DL:69025-69313%0A/branches/R-glmscore:55360-55826%0A/trunk:70344-70345%2C70354%2C70358%2C70365%2C70367%2C70369%2C70371-70372%2C70374%2C70376%2C70381%2C70384%2C70388%2C70392%2C70397%2C70402%2C70408%2C70410-70413%2C70415-70417%2C70421-70423%2C70428%2C70430%2C70432%2C70434%2C70436%2C70438-70439%2C70442-70444%2C70446%2C70452%2C70456-70457%2C70466-70467%2C70474-70475%2C70481-70482%2C70486%2C70489-70493%2C70495%2C70509%2C70511%2C70514%2C70519%2C70525%2C70528%2C70532%2C70534%2C70536-70537%2C70543%2C70557%2C70571%2C70589-70590%2C70592%2C70595%2C70602%2C70613-70614%2C70620%2C70622-70623%2C70627%2C70633%2C70636-70638%2C70644%2C70648%2C70651%2C70666%2C70668%2C70679%2C70689%2C70692%2C70699%2C70722-70730%2C70770%2C70772%2C70837%2C70848%2C70866%2C70912%2C70935
r70938
r70941
r70943
r70945
r70949
r70950
r70952
r70957
r70962
r70963
r70967
r70969
r70971
r70974
r70976
r70984
r70985
r70989
r70993
r70995
r70998
r71007
r71008
r71017
r71020
r71022
r71026
  +dir_prop: branches/R-3-3-branch svn:mergeinfo /branches/R-2-12-branch:52939%2C54476%2C55265%0A/branches/R-2-13-branch:55265%2C55432%0A/branches/R-2-15-branch:58894%2C59717%0A/branches/R-3-0-branch:62497%0A/branches/R-3-1-branch:65920%0A/branches/R-DL:69025-69313%0A/branches/R-glmscore:55360-55826%0A/trunk:70344-70345%2C70354%2C70358%2C70365%2C70367%2C70369%2C70371-70372%2C70374%2C70376%2C70381%2C70384%2C70388%2C70392%2C70397%2C70402%2C70408%2C70410-70413%2C70415-70417%2C70421-70423%2C70428%2C70430%2C70432%2C70434%2C70436%2C70438-70439%2C70442-70444%2C70446%2C70452%2C70456-70457%2C70466-70467%2C70474-70475%2C70481-70482%2C70486%2C70489-70493%2C70495%2C70509%2C70511%2C70514%2C70519%2C70525%2C70528%2C70532%2C70534%2C70536-70537%2C70543%2C70557%2C70571%2C70589-70590%2C70592%2C70595%2C70602%2C70613-70614%2C70620%2C70622-70623%2C70627%2C70633%2C70636-70638%2C70644%2C70648%2C70651%2C70666%2C70668%2C70679%2C70689%2C70692%2C70699%2C70722-70730%2C70770%2C70772%2C70837%2C70848%2C70866%2C70912%2C70935%2C71025
r71028
r71030
r71032
r71038
r71040
r71046
r71049
r71053
r71056
r71059
r71060
r71063
r71068
r71070
r71072
r71075
r71080
r71086
  +dir_prop: branches/R-3-3-branch svn:mergeinfo /branches/R-2-12-branch:52939%2C54476%2C55265%0A/branches/R-2-13-branch:55265%2C55432%0A/branches/R-2-15-branch:58894%2C59717%0A/branches/R-3-0-branch:62497%0A/branches/R-3-1-branch:65920%0A/branches/R-DL:69025-69313%0A/branches/R-glmscore:55360-55826%0A/trunk:70344-70345%2C70354%2C70358%2C70365%2C70367%2C70369%2C70371-70372%2C70374%2C70376%2C70381%2C70384%2C70388%2C70392%2C70397%2C70402%2C70408%2C70410-70413%2C70415-70417%2C70421-70423%2C70428%2C70430%2C70432%2C70434%2C70436%2C70438-70439%2C70442-70444%2C70446%2C70452%2C70456-70457%2C70466-70467%2C70474-70475%2C70481-70482%2C70486%2C70489-70493%2C70495%2C70509%2C70511%2C70514%2C70519%2C70525%2C70528%2C70532%2C70534%2C70536-70537%2C70543%2C70557%2C70571%2C70589-70590%2C70592%2C70595%2C70602%2C70613-70614%2C70620%2C70622-70623%2C70627%2C70633%2C70636-70638%2C70644%2C70648%2C70651%2C70666%2C70668%2C70679%2C70689%2C70692%2C70699%2C70722-70730%2C70770%2C70772%2C70837%2C70848%2C70866%2C70912%2C70935%2C71025%2C71084-71085
r71091
r71094
r71108
r71109
r71110
r71119
r71131
r71159
r71164
r71167
r71169
r71171
r71175
r71182
r71188
r71190
r71194
r71197
r71199
r71219
r71223
r71226
r71231
r71237
r71242
r71244
r71248
r71249
r71250
r71252
  +dir_prop: branches/R-3-3-branch svn:mergeinfo /branches/R-2-12-branch:52939%2C54476%2C55265%0A/branches/R-2-13-branch:55265%2C55432%0A/branches/R-2-15-branch:58894%2C59717%0A/branches/R-3-0-branch:62497%0A/branches/R-3-1-branch:65920%0A/branches/R-DL:69025-69313%0A/branches/R-glmscore:55360-55826%0A/trunk:70344-70345%2C70354%2C70358%2C70365%2C70367%2C70369%2C70371-70372%2C70374%2C70376%2C70381%2C70384%2C70388%2C70392%2C70397%2C70402%2C70408%2C70410-70413%2C70415-70417%2C70421-70423%2C70428%2C70430%2C70432%2C70434%2C70436%2C70438-70439%2C70442-70444%2C70446%2C70452%2C70456-70457%2C70466-70467%2C70474-70475%2C70481-70482%2C70486%2C70489-70493%2C70495%2C70509%2C70511%2C70514%2C70519%2C70525%2C70528%2C70532%2C70534%2C70536-70537%2C70543%2C70557%2C70571%2C70589-70590%2C70592%2C70595%2C70602%2C70613-70614%2C70620%2C70622-70623%2C70627%2C70633%2C70636-70638%2C70644%2C70648%2C70651%2C70666%2C70668%2C70679%2C70689%2C70692%2C70699%2C70722-70730%2C70770%2C70772%2C70837%2C70848%2C70866%2C70912%2C70935%2C71025%2C71084-71085%2C71251
r71266
r71269
r71272
r71286
r71288
r71291
r71293
r71294
r71296
r71301
r71305
r71313
r71324
r71327
r71332
r71335
r71337
  +dir_prop: branches/R-3-3-branch svn:mergeinfo /branches/R-2-12-branch:52939%2C54476%2C55265%0A/branches/R-2-13-branch:55265%2C55432%0A/branches/R-2-15-branch:58894%2C59717%0A/branches/R-3-0-branch:62497%0A/branches/R-3-1-branch:65920%0A/branches/R-DL:69025-69313%0A/branches/R-glmscore:55360-55826%0A/trunk:70344-70345%2C70354%2C70358%2C70365%2C70367%2C70369%2C70371-70372%2C70374%2C70376%2C70381%2C70384%2C70388%2C70392%2C70397%2C70402%2C70408%2C70410-70413%2C70415-70417%2C70421-70423%2C70428%2C70430%2C70432%2C70434%2C70436%2C70438-70439%2C70442-70444%2C70446%2C70452%2C70456-70457%2C70466-70467%2C70474-70475%2C70481-70482%2C70486%2C70489-70493%2C70495%2C70509%2C70511%2C70514%2C70519%2C70525%2C70528%2C70532%2C70534%2C70536-70537%2C70543%2C70557%2C70571%2C70589-70590%2C70592%2C70595%2C70602%2C70613-70614%2C70620%2C70622-70623%2C70627%2C70633%2C70636-70638%2C70644%2C70648%2C70651%2C70666%2C70668%2C70679%2C70689%2C70692%2C70699%2C70722-70730%2C70770%2C70772%2C70837%2C70848%2C70866%2C70912%2C70935%2C71025%2C71084-71085%2C71251%2C71336
r71342
r71346
r71348
r71352
r71363
r71368
  -empty_dir: branches/R-3-3-branch/src/library/methods/man/Classes.Rd
  -empty_dir: branches/R-3-3-branch/src/library/methods/man/Methods.Rd
r71372
r71386
r71389
r71392
r71400
r71407
r71410
r71413
r71414
r71415
r71419
r71421
r71423
  -empty_dir: branches/R-3-3-branch/src/library/utils/R/hasName.R
  -empty_dir: branches/R-3-3-branch/src/library/utils/man/hasName.Rd
  +dir_prop: branches/R-3-3-branch svn:mergeinfo /branches/R-2-12-branch:52939%2C54476%2C55265%0A/branches/R-2-13-branch:55265%2C55432%0A/branches/R-2-15-branch:58894%2C59717%0A/branches/R-3-0-branch:62497%0A/branches/R-3-1-branch:65920%0A/branches/R-DL:69025-69313%0A/branches/R-glmscore:55360-55826%0A/trunk:70344-70345%2C70354%2C70358%2C70365%2C70367%2C70369%2C70371-70372%2C70374%2C70376%2C70381%2C70384%2C70388%2C70392%2C70397%2C70402%2C70408%2C70410-70413%2C70415-70417%2C70421-70423%2C70428%2C70430%2C70432%2C70434%2C70436%2C70438-70439%2C70442-70444%2C70446%2C70452%2C70456-70457%2C70466-70467%2C70474-70475%2C70481-70482%2C70486%2C70489-70493%2C70495%2C70509%2C70511%2C70514%2C70519%2C70525%2C70528%2C70532%2C70534%2C70536-70537%2C70543%2C70557%2C70571%2C70589-70590%2C70592%2C70595%2C70602%2C70613-70614%2C70620%2C70622-70623%2C70627%2C70633%2C70636-70638%2C70644%2C70648%2C70651%2C70666%2C70668%2C70679%2C70689%2C70692%2C70699%2C70722-70730%2C70770%2C70772%2C70837%2C70866%2C70912%2C70935%2C71025%2C71084-71085%2C71251%2C71336
r71426
r71427
r71429
r71437
r71439
r71441
r71442
  +file_prop: branches/R-3-3-branch/src/main/split-incl.c svn:eol-style native
r71447
r71448
r71452
r71472
r71479
r71486
r71487
r71491
r71493
r71495
r71498
r71500
r71503
r71506
r71507
r71516
r71518
r71522
r71528
r71531
r71535
r71538
r71541
r71547
r71549
r71550
r71552
r71556
r71559
r71560
r71561
r71562
r71563
r71574
r71584
r71594
r71595
r71599
r71601
r71607
r71609
r71610
r71612
r71619
r71622
r71624
r71629
r71635
r71642
r71650
r71652
r71655
  +dir_prop: branches/R-3-3-branch svn:mergeinfo /branches/R-2-12-branch:52939%2C54476%2C55265%0A/branches/R-2-13-branch:55265%2C55432%0A/branches/R-2-15-branch:58894%2C59717%0A/branches/R-3-0-branch:62497%0A/branches/R-3-1-branch:65920%0A/branches/R-DL:69025-69313%0A/branches/R-glmscore:55360-55826%0A/trunk:70344-70345%2C70354%2C70358%2C70365%2C70367%2C70369%2C70371-70372%2C70374%2C70376%2C70381%2C70384%2C70388%2C70392%2C70397%2C70402%2C70408%2C70410-70413%2C70415-70417%2C70421-70423%2C70428%2C70430%2C70432%2C70434%2C70436%2C70438-70439%2C70442-70444%2C70446%2C70452%2C70456-70457%2C70466-70467%2C70474-70475%2C70481-70482%2C70486%2C70489-70493%2C70495%2C70509%2C70511%2C70514%2C70519%2C70525%2C70528%2C70532%2C70534%2C70536-70537%2C70543%2C70557%2C70571%2C70589-70590%2C70592%2C70595%2C70602%2C70613-70614%2C70620%2C70622-70623%2C70627%2C70633%2C70636-70638%2C70644%2C70648%2C70651%2C70666%2C70668%2C70679%2C70689%2C70692%2C70699%2C70722-70730%2C70770%2C70772%2C70837%2C70866%2C70912%2C70935%2C71025%2C71084-71085%2C71251%2C71336%2C71654
r71658
r71663
r71666
r71671
r71674
r71680
r71681
r71689
r71697
r71700
r71702
r71707
r71708
r71711
r71714
r71719
r71722
r71723
r71726
  +dir_prop: branches/R-3-3-branch svn:mergeinfo /branches/R-2-12-branch:52939%2C54476%2C55265%0A/branches/R-2-13-branch:55265%2C55432%0A/branches/R-2-15-branch:58894%2C59717%0A/branches/R-3-0-branch:62497%0A/branches/R-3-1-branch:65920%0A/branches/R-DL:69025-69313%0A/branches/R-glmscore:55360-55826%0A/trunk:70344-70345%2C70354%2C70358%2C70365%2C70367%2C70369%2C70371-70372%2C70374%2C70376%2C70381%2C70384%2C70388%2C70392%2C70397%2C70402%2C70408%2C70410-70413%2C70415-70417%2C70421-70423%2C70428%2C70430%2C70432%2C70434%2C70436%2C70438-70439%2C70442-70444%2C70446%2C70452%2C70456-70457%2C70466-70467%2C70474-70475%2C70481-70482%2C70486%2C70489-70493%2C70495%2C70509%2C70511%2C70514%2C70519%2C70525%2C70528%2C70532%2C70534%2C70536-70537%2C70543%2C70557%2C70571%2C70589-70590%2C70592%2C70595%2C70602%2C70613-70614%2C70620%2C70622-70623%2C70627%2C70633%2C70636-70638%2C70644%2C70648%2C70651%2C70666%2C70668%2C70679%2C70689%2C70692%2C70699%2C70722-70730%2C70770%2C70772%2C70837%2C70866%2C70912%2C70935%2C71025%2C71084-71085%2C71251%2C71336%2C71654%2C71725
r71730
r71731
r71732
r71733
r71735
r71738
r71741
r71743
r71751
r71773
r71784
r71785
r71788
r71792
r71793
r71795
r71797
r71805
r71807
r71809
r71811
r71817
r71829
r71832
r71834
r71846
r71863
r71865
r71871
r71878
r71887
r71900
r71904
r71911
r71913
r71918
r71925
  +dir_prop: branches/R-3-3-branch svn:mergeinfo /branches/R-2-12-branch:52939%2C54476%2C55265%0A/branches/R-2-13-branch:55265%2C55432%0A/branches/R-2-15-branch:58894%2C59717%0A/branches/R-3-0-branch:62497%0A/branches/R-3-1-branch:65920%0A/branches/R-DL:69025-69313%0A/branches/R-glmscore:55360-55826%0A/trunk:70344-70345%2C70354%2C70358%2C70365%2C70367%2C70369%2C70371-70372%2C70374%2C70376%2C70381%2C70384%2C70388%2C70392%2C70397%2C70402%2C70408%2C70410-70413%2C70415-70417%2C70421-70423%2C70428%2C70430%2C70432%2C70434%2C70436%2C70438-70439%2C70442-70444%2C70446%2C70452%2C70456-70457%2C70466-70467%2C70474-70475%2C70481-70482%2C70486%2C70489-70493%2C70495%2C70509%2C70511%2C70514%2C70519%2C70525%2C70528%2C70532%2C70534%2C70536-70537%2C70543%2C70557%2C70571%2C70589-70590%2C70592%2C70595%2C70602%2C70613-70614%2C70620%2C70622-70623%2C70627%2C70633%2C70636-70638%2C70644%2C70648%2C70651%2C70666%2C70668%2C70679%2C70689%2C70692%2C70699%2C70722-70730%2C70770%2C70772%2C70837%2C70866%2C70912%2C70935%2C71025%2C71084-71085%2C71251%2C71336%2C71654%2C71725%2C71924
r71930
r71934
r71936
  +dir_prop: branches/R-3-3-branch svn:mergeinfo /branches/R-2-12-branch:52939%2C54476%2C55265%0A/branches/R-2-13-branch:55265%2C55432%0A/branches/R-2-15-branch:58894%2C59717%0A/branches/R-3-0-branch:62497%0A/branches/R-3-1-branch:65920%0A/branches/R-DL:69025-69313%0A/branches/R-glmscore:55360-55826%0A/trunk:70344-70345%2C70354%2C70358%2C70365%2C70367%2C70369%2C70371-70372%2C70374%2C70376%2C70381%2C70384%2C70388%2C70392%2C70397%2C70402%2C70408%2C70410-70413%2C70415-70417%2C70421-70423%2C70428%2C70430%2C70432%2C70434%2C70436%2C70438-70439%2C70442-70444%2C70446%2C70452%2C70456-70457%2C70466-70467%2C70474-70475%2C70481-70482%2C70486%2C70489-70493%2C70495%2C70509%2C70511%2C70514%2C70519%2C70525%2C70528%2C70532%2C70534%2C70536-70537%2C70543%2C70557%2C70571%2C70589-70590%2C70592%2C70595%2C70602%2C70613-70614%2C70620%2C70622-70623%2C70627%2C70633%2C70636-70638%2C70644%2C70648%2C70651%2C70666%2C70668%2C70679%2C70689%2C70692%2C70699%2C70722-70730%2C70770%2C70772%2C70837%2C70866%2C70912%2C70935%2C71025%2C71084-71085%2C71251%2C71336%2C71654%2C71725%2C71924%2C71935
r71938
r71940
r71941
r71944
r71949
r71952
r71958
r71964
r71966
r71969
r71973
r71979
r71982
r71983
r71984
r71985
r71997
r72006
r72009
r72012
r72019
r72023
r72033
r72045
r72047
r72050
r72052
r72054
r72056
r72058
r72064
r72069
r72072
r72077
r72081
r72082
r72086
r72089
r72097
r72112
r72123
r72132
r72152
r72157
r72159
r72161
r72170
r72171
r72172
r72187
r72190
r72192
r72194
r72198
r72209
r72211
r72213
r72222
r72232
r72235
r72238
r72240
r72241
r72244
r72246
r72250
r72251
r72253
r72259
r72260
r72264
r72269
r72273
r72278
r72279
r72285
  +dir_prop: branches/R-3-3-branch svn:mergeinfo /branches/R-2-12-branch:52939%2C54476%2C55265%0A/branches/R-2-13-branch:55265%2C55432%0A/branches/R-2-15-branch:58894%2C59717%0A/branches/R-3-0-branch:62497%0A/branches/R-3-1-branch:65920%0A/branches/R-DL:69025-69313%0A/branches/R-glmscore:55360-55826%0A/trunk:70344-70345%2C70354%2C70358%2C70365%2C70367%2C70369%2C70371-70372%2C70374%2C70376%2C70381%2C70384%2C70388%2C70392%2C70397%2C70402%2C70408%2C70410-70413%2C70415-70417%2C70421-70423%2C70428%2C70430%2C70432%2C70434%2C70436%2C70438-70439%2C70442-70444%2C70446%2C70452%2C70456-70457%2C70466-70467%2C70474-70475%2C70481-70482%2C70486%2C70489-70493%2C70495%2C70509%2C70511%2C70514%2C70519%2C70525%2C70528%2C70532%2C70534%2C70536-70537%2C70543%2C70557%2C70571%2C70589-70590%2C70592%2C70595%2C70602%2C70613-70614%2C70620%2C70622-70623%2C70627%2C70633%2C70636-70638%2C70644%2C70648%2C70651%2C70666%2C70668%2C70679%2C70689%2C70692%2C70699%2C70722-70730%2C70770%2C70772%2C70837%2C70866%2C70912%2C70935%2C71025%2C71084-71085%2C71251%2C71336%2C71654%2C71725%2C71924%2C71935%2C72284
r72286
r72305
r72310
r72312
r72355
r73013
r73069
