r42766
r42767
r42769
r42774
r42779
r42782
r42783
r42784
r42785
r42787
r42791
r42797
  -empty_dir: branches/R-2-6-branch/share/licenses/Artistic
  -empty_dir: branches/R-2-6-branch/share/licenses/BSD
r42799
r42800
r42802
r42807
r42809
r42812
r42813
r42816
r42818
r42820
r42822
r42823
r42826
r42828
r42830
r42832
r42834
r42836
r42838
r42840
r42843
r42845
r42846
r42848
r42850
r42853
r42858
r42860
r42861
r42865
r42866
r42869
r42871
r42874
r42877
r42879
r42880
r42884
r42886
r42891
r42893
r42895
r42897
r42898
r42902
r42905
r42908
r42911
r42912
r42915
r42917
r42920
r42923
r42925
r42926
r42930
r42933
r42935
r42937
r42939
r42941
r42944
r42946
r42949
r42951
r42953
r42955
r42959
r42962
r42964
r42966
r42968
r42972
r42974
r42979
r42980
r42984
r42988
r42990
r42998
r43000
r43005
r43014
r43021
r43026
r43027
r43031
r43038
r43051
r43055
r43059
r43061
r43063
r43064
r43066
r43068
r43069
r43070
r43071
r43072
r43075
r43077
r43081
r43083
r43085
r43091
r43093
r43095
r43099
r43102
r43104
r43107
r43109
r43113
r43115
r43118
r43120
r43122
r43124
r43126
r43132
r43134
r43136
r43138
r43142
r43145
r43147
r43150
r43154
r43156
r43157
r43169
r43174
r43175
  +file_prop: branches/R-2-6-branch/src/library/grDevices/inst/po/de/LC_MESSAGES/R-grDevices.mo svn:mime-type application/octet-stream
  +file_prop: branches/R-2-6-branch/src/library/graphics/inst/po/de/LC_MESSAGES/R-graphics.mo svn:mime-type application/octet-stream
r43179
r43182
r43191
r43196
r43197
r43199
r43207
r43209
r43210
r43211
r43214
r43216
r43218
r43225
r43227
r43234
r43239
r43244
r43246
r43249
r43250
r43253
r43256
r43258
r43260
r43263
r43264
r43268
r43270
r43279
r43282
r43284
r43288
r43289
r43291
r43293
r43296
r43299
r43301
r43307
  +file_prop: branches/R-2-6-branch/src/library/grid/inst/po/de/LC_MESSAGES/R-grid.mo svn:mime-type application/octet-stream
r43309
r43311
r43317
r43319
r43321
r43322
r43327
r43333
r43336
r43339
r43340
r43346
r43355
r43356
r43359
r43364
r43367
r43369
r43372
r43378
r43379
r43384
r43386
r43387
r43388
r43393
r43395
r43397
r43399
r43400
r43407
r43408
r43411
r43416
r43419
r43421
r43429
r43434
r43436
r43439
r43441
r43446
r43448
r43451
r43453
r43455
r43457
r43461
r43462
r43468
r43471
r43474
r43476
r43478
r43481
r43483
r43488
r43492
r43493
r43494
r43496
r43497
r43499
r43501
r43505
r43510
r43512
r43515
r43518
r43522
r43524
r43527
r43528
r43531
r43534
r43536
r43537
r43539
r43541
r43543
r43546
r43548
r43551
r43552
r43555
r43558
r43560
r43562
r43567
  +file_prop: branches/R-2-6-branch/src/library/methods/inst/po/de/LC_MESSAGES/R-methods.mo svn:mime-type application/octet-stream
  +file_prop: branches/R-2-6-branch/src/library/methods/inst/po/de/LC_MESSAGES/methods.mo svn:mime-type application/octet-stream
r43569
r43572
r43574
r43577
r43579
r43581
r43584
r43588
r43592
r43594
r43596
r43602
r43604
r43606
r43609
r43617
r43619
r43632
r43635
r43637
r43639
r43641
r43645
r43647
r43649
r43654
r43656
r43661
r43663
r43667
r43671
r43673
r43675
r43681
  +file_prop: branches/R-2-6-branch/src/library/splines/inst/po/de/LC_MESSAGES/R-splines.mo svn:mime-type application/octet-stream
  +file_prop: branches/R-2-6-branch/src/library/splines/inst/po/de/LC_MESSAGES/splines.mo svn:mime-type application/octet-stream
r43684
r43686
r43688
r43695
r43699
r43701
r43704
r43722
r43731
r43736
r43749
r43751
r43758
r43766
r43771
r43774
r43783
r43791
r43794
r43799
r43803
r43813
r43836
r43852
r43866
r43872
r43875
r43886
r43888
r43894
r43901
r43912
r43920
r43923
r43940
r43942
r43955
r43956
r43959
r43964
r43986
r43988
r43999
r44007
r44019
r44022
r44026
r44049
r44050
r44071
r44072
r44073
r44074
r44075
r44078
r44083
r44084
r44087
r44088
r44089
r44098
r44105
r44107
r44109
r44112
r44117
r44119
r44126
r44127
r44134
r44136
r44139
r44141
r44143
r44149
r44150
r44157
r44163
r44164
r44172
r44175
r44185
r44188
r44190
r44208
r44209
r44211
r44215
r44222
r44225
r44227
r44239
r44242
r44244
r44246
r44247
r44248
r44284
r44305
r44316
r44319
r44322
r44324
r44332
r44335
r44341
r44344
r44349
r44353
r44354
r44355
r44359
r44366
r44370
r44380
r44384
r44388
r44390
r44391
r44397
r44400
r44402
r44408
r44415
r44425
r44436
r44450
r44454
r44461
r44476
r44480
r44504
r44510
r44521
r44522
r44532
r44560
r44599
r44630
r44635
r44644
r44649
r44658
r44666
  +file_prop: branches/R-2-6-branch/src/library/stats/inst/po/de/LC_MESSAGES/R-stats.mo svn:mime-type application/octet-stream
  +file_prop: branches/R-2-6-branch/src/library/stats/inst/po/de/LC_MESSAGES/stats.mo svn:mime-type application/octet-stream
r44670
r44672
r44685
r44691
  +file_prop: branches/R-2-6-branch/src/library/stats4/inst/po/de/LC_MESSAGES/R-stats4.mo svn:mime-type application/octet-stream
r44693
r44705
r44708
r44710
r44726
  +file_prop: branches/R-2-6-branch/src/library/tcltk/inst/po/de/LC_MESSAGES/R-tcltk.mo svn:mime-type application/octet-stream
  +file_prop: branches/R-2-6-branch/src/library/tcltk/inst/po/de/LC_MESSAGES/tcltk.mo svn:mime-type application/octet-stream
r44729
r44741
  +file_prop: branches/R-2-6-branch/src/library/tools/inst/po/de/LC_MESSAGES/R-tools.mo svn:mime-type application/octet-stream
  +file_prop: branches/R-2-6-branch/src/library/tools/inst/po/de/LC_MESSAGES/tools.mo svn:mime-type application/octet-stream
r44747
r44791
r44836
r44850
r44860
r45056
