r12965
  -empty_dir: Attic
  -empty_dir: MIRROR-SITES
  -empty_dir: afm/agd_____.lt1
  -empty_dir: afm/agdo____.lt1
  -empty_dir: afm/agw_____.lt1
  -empty_dir: afm/agwo____.lt1
  -empty_dir: afm/bkd_____.lt1
  -empty_dir: afm/bkdi____.lt1
  -empty_dir: afm/bkl_____.lt1
  -empty_dir: afm/bkli____.lt1
  -empty_dir: afm/cob_____.lt1
  -empty_dir: afm/cobo____.lt1
  -empty_dir: afm/com_____.lt1
  -empty_dir: afm/coo_____.lt1
  -empty_dir: afm/hv______.lt1
  -empty_dir: afm/hvb_____.lt1
  -empty_dir: afm/hvbo____.lt1
  -empty_dir: afm/hvn_____.lt1
  -empty_dir: afm/hvnb____.lt1
  -empty_dir: afm/hvnbo___.lt1
  -empty_dir: afm/hvno____.lt1
  -empty_dir: afm/hvo_____.lt1
  -empty_dir: afm/ncb_____.lt1
  -empty_dir: afm/ncbi____.lt1
  -empty_dir: afm/nci_____.lt1
  -empty_dir: afm/ncr_____.lt1
  -empty_dir: afm/pob_____.lt1
  -empty_dir: afm/pobi____.lt1
  -empty_dir: afm/poi_____.lt1
  -empty_dir: afm/por_____.lt1
  -empty_dir: afm/tib_____.lt1
  -empty_dir: afm/tibi____.lt1
  -empty_dir: afm/tii_____.lt1
  -empty_dir: afm/tir_____.lt1
  -empty_dir: doc/html/resource.html
  -empty_dir: src/appl/zblas.f
  -empty_dir: src/appl/zhico.f
  -empty_dir: src/appl/zhifa.f
  -empty_dir: src/appl/zhisl.f
  -empty_dir: src/appl/zsico.f
  -empty_dir: src/appl/zsifa.f
  -empty_dir: src/appl/zsisl.f
  -empty_dir: src/gnuwin32/maketitle
  -empty_dir: src/gnuwin32/unzip/COPYING
  -empty_dir: src/include/Devices.h
  -empty_dir: src/library/base/R/unix/undoc.R
  -empty_dir: src/library/base/R/windows/undoc.R
  -empty_dir: src/scripts/maketitle
  -empty_dir: tools/Rdnewer.in
  -empty_dir: tools/help2man.in
  -empty_dir: tools/install-info.in
  -empty_dir: tools/pkg2tex.in
  +file_prop: tests/reg-IO.R svn:mime-type application/octet-stream
