r14166
  -empty_dir: AUTHORS
  -empty_dir: Attic
  -empty_dir: BUGS
  -empty_dir: COPYING
  -empty_dir: COPYING.LIB
  -empty_dir: COPYRIGHTS
  -empty_dir: ChangeLog
  -empty_dir: FAQ
  -empty_dir: INSTALL
  -empty_dir: Makeconf.in
  -empty_dir: Makefile.in
  -empty_dir: NEWS
  -empty_dir: ONEWS
  -empty_dir: README
  -empty_dir: RESOURCES
  -empty_dir: THANKS
  -empty_dir: VERSION
  -empty_dir: Y2K
  -empty_dir: acconfig.h
  -empty_dir: aclocal.m4
  -empty_dir: afm
  -empty_dir: config.site
  -empty_dir: configure
  -empty_dir: configure.in
  -empty_dir: date-stamp
  -empty_dir: debian
  -empty_dir: doc
  -empty_dir: etc
  -empty_dir: m4
  -empty_dir: share
  -empty_dir: src/Makefile.in
  -empty_dir: src/appl
  -empty_dir: src/extra
  -empty_dir: src/gnuwin32
  -empty_dir: src/include
  -empty_dir: src/library
  -empty_dir: src/macintosh
  -empty_dir: src/main
  -empty_dir: src/modules
  -empty_dir: src/nmath
  -empty_dir: src/scripts
  -empty_dir: src/unix/PSPAPER
  -empty_dir: src/unix/Runix.h
  -empty_dir: src/unix/X11.c
  -empty_dir: src/unix/devUI.h
  -empty_dir: src/unix/devices.c
  -empty_dir: src/unix/dynload.c
  -empty_dir: src/unix/edit.c
  -empty_dir: src/unix/gnome.c
  -empty_dir: src/unix/hpdlfcn.c
  -empty_dir: src/unix/stubs.c
  -empty_dir: src/unix/sys-common.c
  -empty_dir: src/unix/sys-std.c
  -empty_dir: src/unix/sys-unix.c
  -empty_dir: src/unix/system.c
  -empty_dir: src/unix/system.txt
  -empty_dir: tests
  -empty_dir: tools
r16502
