r6342
  -empty_dir: Attic
  -empty_dir: BUGS
  -empty_dir: COPYING
  -empty_dir: COPYRIGHTS
  -empty_dir: FAQ
  -empty_dir: INSTALL
  -empty_dir: MIRROR-SITES
  -empty_dir: Makeconf.in
  -empty_dir: Makefile.in
  -empty_dir: NEWS
  -empty_dir: PLATFORMS
  -empty_dir: PROJECTS
  -empty_dir: README
  -empty_dir: RESOURCES
  -empty_dir: VERSION
  -empty_dir: Y2K
  -empty_dir: aclocal.m4
  -empty_dir: afm
  -empty_dir: config.site
  -empty_dir: configure
  -empty_dir: configure.in
  -empty_dir: configure.mac
  -empty_dir: date-stamp
  -empty_dir: debian
  -empty_dir: demos
  -empty_dir: doc
  -empty_dir: etc/Makeconf.in
  -empty_dir: etc/Makefile.in
  -empty_dir: etc/Rd.files
  -empty_dir: etc/Rdconvlib.pl
  -empty_dir: etc/Rdoc
  -empty_dir: etc/buildlib.pl
  -empty_dir: etc/colors.big
  -empty_dir: etc/colors.small
  -empty_dir: etc/gnome-interface.glade
  -empty_dir: etc/older-stuff
  -empty_dir: etc/tasks
  -empty_dir: etc/test-things.Rd
  -empty_dir: etc/undoc
  -empty_dir: src
  -empty_dir: tests
  -empty_dir: tools
r6398
