r80166
r80167
r80183
r80210
  +dir_prop: branches/R-groups svn:mergeinfo /branches/R-2-12-branch:52939%2C54476%2C55265%0A/branches/R-2-13-branch:55265%2C55432%0A/branches/R-2-15-branch:58894%2C59717%0A/branches/R-3-0-branch:62497%0A/branches/R-3-1-branch:65920%0A/branches/R-3-6-branch:76839%2C77241%0A/branches/R-DL:69025-69313%0A/branches/R-conflicts:75454-76247%0A/branches/R-defs:77464-78758%0A/branches/R-glmscore:55360-55826%0A/branches/R-symfam:78109-78182%0A/trunk:80167-80209
  +file_prop: branches/R-groups/src/library/translations/inst/fr/LC_MESSAGES/utils.mo svn:mime-type application/x-gettext-translation
r80211
r80212
r80247
  +dir_prop: branches/R-groups svn:mergeinfo /branches/R-2-12-branch:52939%2C54476%2C55265%0A/branches/R-2-13-branch:55265%2C55432%0A/branches/R-2-15-branch:58894%2C59717%0A/branches/R-3-0-branch:62497%0A/branches/R-3-1-branch:65920%0A/branches/R-3-6-branch:76839%2C77241%0A/branches/R-DL:69025-69313%0A/branches/R-conflicts:75454-76247%0A/branches/R-defs:77464-78758%0A/branches/R-glmscore:55360-55826%0A/branches/R-symfam:78109-78182%0A/trunk:80167-80246
r80267
  +dir_prop: branches/R-groups svn:mergeinfo /branches/R-2-12-branch:52939%2C54476%2C55265%0A/branches/R-2-13-branch:55265%2C55432%0A/branches/R-2-15-branch:58894%2C59717%0A/branches/R-3-0-branch:62497%0A/branches/R-3-1-branch:65920%0A/branches/R-3-6-branch:76839%2C77241%0A/branches/R-DL:69025-69313%0A/branches/R-conflicts:75454-76247%0A/branches/R-defs:77464-78758%0A/branches/R-glmscore:55360-55826%0A/branches/R-symfam:78109-78182%0A/trunk:80167-80266
  +file_prop: branches/R-groups/src/library/translations/inst/it/LC_MESSAGES/splines.mo svn:mime-type application/x-gettext-translation
  +file_prop: branches/R-groups/src/library/translations/inst/it/LC_MESSAGES/tcltk.mo svn:mime-type application/x-gettext-translation
r80294
  +dir_prop: branches/R-groups svn:mergeinfo /branches/R-2-12-branch:52939%2C54476%2C55265%0A/branches/R-2-13-branch:55265%2C55432%0A/branches/R-2-15-branch:58894%2C59717%0A/branches/R-3-0-branch:62497%0A/branches/R-3-1-branch:65920%0A/branches/R-3-6-branch:76839%2C77241%0A/branches/R-DL:69025-69313%0A/branches/R-conflicts:75454-76247%0A/branches/R-defs:77464-78758%0A/branches/R-glmscore:55360-55826%0A/branches/R-symfam:78109-78182%0A/trunk:80167-80293
  +file_prop: branches/R-groups/src/nmath/qDiscrete_search.h svn:eol-style native
  +file_prop: branches/R-groups/src/nmath/qDiscrete_search.h svn:keywords Author%20Date%20Id%20Rev%20URL
  +file_prop: branches/R-groups/src/nmath/qnbinom_mu.c svn:eol-style native
r80347
  -empty_dir: branches/R-groups/src/include/R_ext/R-ftp-http.h
  -empty_dir: branches/R-groups/src/library/grid/vignettes/grid.Rnw-nolattice
  -empty_dir: branches/R-groups/src/modules/internet/nanoftp.c
  +dir_prop: branches/R-groups svn:mergeinfo /branches/R-2-12-branch:52939%2C54476%2C55265%0A/branches/R-2-13-branch:55265%2C55432%0A/branches/R-2-15-branch:58894%2C59717%0A/branches/R-3-0-branch:62497%0A/branches/R-3-1-branch:65920%0A/branches/R-3-6-branch:76839%2C77241%0A/branches/R-4-1-branch:80314%0A/branches/R-DL:69025-69313%0A/branches/R-conflicts:75454-76247%0A/branches/R-defs:77464-78758%0A/branches/R-glmscore:55360-55826%0A/branches/R-symfam:78109-78182%0A/trunk:80167-80346
r80399
  +dir_prop: branches/R-groups svn:mergeinfo /branches/R-2-12-branch:52939%2C54476%2C55265%0A/branches/R-2-13-branch:55265%2C55432%0A/branches/R-2-15-branch:58894%2C59717%0A/branches/R-3-0-branch:62497%0A/branches/R-3-1-branch:65920%0A/branches/R-3-6-branch:76839%2C77241%0A/branches/R-4-1-branch:80314%0A/branches/R-DL:69025-69313%0A/branches/R-conflicts:75454-76247%0A/branches/R-defs:77464-78758%0A/branches/R-glmscore:55360-55826%0A/branches/R-symfam:78109-78182%0A/trunk:80167-80398
r80400
r80452
  -empty_dir: branches/R-groups/src/modules/internet/nanohttp.c
  +dir_prop: branches/R-groups svn:mergeinfo /branches/R-2-12-branch:52939%2C54476%2C55265%0A/branches/R-2-13-branch:55265%2C55432%0A/branches/R-2-15-branch:58894%2C59717%0A/branches/R-3-0-branch:62497%0A/branches/R-3-1-branch:65920%0A/branches/R-3-6-branch:76839%2C77241%0A/branches/R-4-1-branch:80314%0A/branches/R-DL:69025-69313%0A/branches/R-conflicts:75454-76247%0A/branches/R-defs:77464-78758%0A/branches/R-glmscore:55360-55826%0A/branches/R-symfam:78109-78182%0A/trunk:80167-80451
r80480
  +dir_prop: branches/R-groups svn:mergeinfo /branches/R-2-12-branch:52939%2C54476%2C55265%0A/branches/R-2-13-branch:55265%2C55432%0A/branches/R-2-15-branch:58894%2C59717%0A/branches/R-3-0-branch:62497%0A/branches/R-3-1-branch:65920%0A/branches/R-3-6-branch:76839%2C77241%0A/branches/R-4-1-branch:80314%0A/branches/R-DL:69025-69313%0A/branches/R-conflicts:75454-76247%0A/branches/R-defs:77464-78758%0A/branches/R-glmscore:55360-55826%0A/branches/R-symfam:78109-78182%0A/trunk:80167-80479
r80516
  -empty_dir: branches/R-groups/src/include/R-ftp-http.h
  +dir_prop: branches/R-groups svn:mergeinfo /branches/R-2-12-branch:52939%2C54476%2C55265%0A/branches/R-2-13-branch:55265%2C55432%0A/branches/R-2-15-branch:58894%2C59717%0A/branches/R-3-0-branch:62497%0A/branches/R-3-1-branch:65920%0A/branches/R-3-6-branch:76839%2C77241%0A/branches/R-4-1-branch:80314%0A/branches/R-DL:69025-69313%0A/branches/R-conflicts:75454-76247%0A/branches/R-defs:77464-78758%0A/branches/R-glmscore:55360-55826%0A/branches/R-symfam:78109-78182%0A/trunk:80167-80515
r80555
  +dir_prop: branches/R-groups svn:mergeinfo /branches/R-2-12-branch:52939%2C54476%2C55265%0A/branches/R-2-13-branch:55265%2C55432%0A/branches/R-2-15-branch:58894%2C59717%0A/branches/R-3-0-branch:62497%0A/branches/R-3-1-branch:65920%0A/branches/R-3-6-branch:76839%2C77241%0A/branches/R-4-1-branch:80314%0A/branches/R-DL:69025-69313%0A/branches/R-conflicts:75454-76247%0A/branches/R-defs:77464-78758%0A/branches/R-glmscore:55360-55826%0A/branches/R-symfam:78109-78182%0A/trunk:80167-80554
r80575
  +dir_prop: branches/R-groups svn:mergeinfo /branches/R-2-12-branch:52939%2C54476%2C55265%0A/branches/R-2-13-branch:55265%2C55432%0A/branches/R-2-15-branch:58894%2C59717%0A/branches/R-3-0-branch:62497%0A/branches/R-3-1-branch:65920%0A/branches/R-3-6-branch:76839%2C77241%0A/branches/R-4-1-branch:80314%0A/branches/R-DL:69025-69313%0A/branches/R-conflicts:75454-76247%0A/branches/R-defs:77464-78758%0A/branches/R-glmscore:55360-55826%0A/branches/R-symfam:78109-78182%0A/trunk:80167-80574
r80631
  +dir_prop: branches/R-groups svn:mergeinfo /branches/R-2-12-branch:52939%2C54476%2C55265%0A/branches/R-2-13-branch:55265%2C55432%0A/branches/R-2-15-branch:58894%2C59717%0A/branches/R-3-0-branch:62497%0A/branches/R-3-1-branch:65920%0A/branches/R-3-6-branch:76839%2C77241%0A/branches/R-4-1-branch:80314%0A/branches/R-DL:69025-69313%0A/branches/R-conflicts:75454-76247%0A/branches/R-defs:77464-78758%0A/branches/R-glmscore:55360-55826%0A/branches/R-symfam:78109-78182%0A/trunk:80167-80630
r80679
  +dir_prop: branches/R-groups svn:mergeinfo /branches/R-2-12-branch:52939%2C54476%2C55265%0A/branches/R-2-13-branch:55265%2C55432%0A/branches/R-2-15-branch:58894%2C59717%0A/branches/R-3-0-branch:62497%0A/branches/R-3-1-branch:65920%0A/branches/R-3-6-branch:76839%2C77241%0A/branches/R-4-1-branch:80314%0A/branches/R-DL:69025-69313%0A/branches/R-conflicts:75454-76247%0A/branches/R-defs:77464-78758%0A/branches/R-glmscore:55360-55826%0A/branches/R-symfam:78109-78182%0A/trunk:80167-80678
r80717
  +dir_prop: branches/R-groups svn:mergeinfo /branches/R-2-12-branch:52939%2C54476%2C55265%0A/branches/R-2-13-branch:55265%2C55432%0A/branches/R-2-15-branch:58894%2C59717%0A/branches/R-3-0-branch:62497%0A/branches/R-3-1-branch:65920%0A/branches/R-3-6-branch:76839%2C77241%0A/branches/R-4-1-branch:80314%0A/branches/R-DL:69025-69313%0A/branches/R-conflicts:75454-76247%0A/branches/R-defs:77464-78758%0A/branches/R-glmscore:55360-55826%0A/branches/R-symfam:78109-78182%0A/trunk:80167-80716
r80811
  +dir_prop: branches/R-groups svn:mergeinfo /branches/R-2-12-branch:52939%2C54476%2C55265%0A/branches/R-2-13-branch:55265%2C55432%0A/branches/R-2-15-branch:58894%2C59717%0A/branches/R-3-0-branch:62497%0A/branches/R-3-1-branch:65920%0A/branches/R-3-6-branch:76839%2C77241%0A/branches/R-4-1-branch:80314%0A/branches/R-DL:69025-69313%0A/branches/R-conflicts:75454-76247%0A/branches/R-defs:77464-78758%0A/branches/R-glmscore:55360-55826%0A/branches/R-symfam:78109-78182%0A/trunk:80167-80810
r80818
  +dir_prop: branches/R-groups svn:mergeinfo /branches/R-2-12-branch:52939%2C54476%2C55265%0A/branches/R-2-13-branch:55265%2C55432%0A/branches/R-2-15-branch:58894%2C59717%0A/branches/R-3-0-branch:62497%0A/branches/R-3-1-branch:65920%0A/branches/R-3-6-branch:76839%2C77241%0A/branches/R-4-1-branch:80314%0A/branches/R-DL:69025-69313%0A/branches/R-conflicts:75454-76247%0A/branches/R-defs:77464-78758%0A/branches/R-glmscore:55360-55826%0A/branches/R-symfam:78109-78182%0A/trunk:80167-80817
r80833
r80850
  -empty_dir: branches/R-groups/src/gnuwin32/malloc.c
  +dir_prop: branches/R-groups svn:mergeinfo /branches/R-2-12-branch:52939%2C54476%2C55265%0A/branches/R-2-13-branch:55265%2C55432%0A/branches/R-2-15-branch:58894%2C59717%0A/branches/R-3-0-branch:62497%0A/branches/R-3-1-branch:65920%0A/branches/R-3-6-branch:76839%2C77241%0A/branches/R-4-1-branch:80314%0A/branches/R-DL:69025-69313%0A/branches/R-conflicts:75454-76247%0A/branches/R-defs:77464-78758%0A/branches/R-glmscore:55360-55826%0A/branches/R-symfam:78109-78182%0A/trunk:80167-80849
r80861
  -empty_dir: branches/R-groups/src/library/grDevices/R/composite.R
  -empty_dir: branches/R-groups/src/library/grDevices/src/composite.c
  -empty_dir: branches/R-groups/src/library/grid/R/composite.R
r80862
r80863
r80864
r80865
r80870
r80871
r80872
r80874
  +dir_prop: branches/R-groups svn:mergeinfo /branches/R-2-12-branch:52939%2C54476%2C55265%0A/branches/R-2-13-branch:55265%2C55432%0A/branches/R-2-15-branch:58894%2C59717%0A/branches/R-3-0-branch:62497%0A/branches/R-3-1-branch:65920%0A/branches/R-3-6-branch:76839%2C77241%0A/branches/R-4-1-branch:80314%0A/branches/R-DL:69025-69313%0A/branches/R-conflicts:75454-76247%0A/branches/R-defs:77464-78758%0A/branches/R-glmscore:55360-55826%0A/branches/R-symfam:78109-78182%0A/trunk:80167-80873
r80875
r80888
r80889
