r49852
r49853
r49855
r49861
r49864
r49865
r49870
  +dir_prop: branches/R-2-10-branch svn:mergeinfo /trunk:49868-49869
  -file_prop: branches/R-2-10-branch/src/library/tools/R/Rd2latex.R svn:mergeinfo
r49874
r49876
r49878
r49880
r49884
r49885
r49891
  +dir_prop: branches/R-2-10-branch svn:mergeinfo /trunk:49868-49869%2C49886
r49892
  +dir_prop: branches/R-2-10-branch svn:mergeinfo /trunk:49868-49869%2C49886%2C49889
r49893
r49897
r49899
r49900
r49905
r49906
r49909
r49910
r49912
r49914
r49916
  +dir_prop: branches/R-2-10-branch svn:mergeinfo /trunk:49868-49869%2C49886%2C49889%2C49915
r49918
  +dir_prop: branches/R-2-10-branch svn:mergeinfo /trunk:49868-49869%2C49886%2C49889%2C49915%2C49917
r49920
  +dir_prop: branches/R-2-10-branch svn:mergeinfo /trunk:49868-49869%2C49886%2C49889%2C49915%2C49917%2C49919
r49924
r49926
r49928
r49930
r49932
r49934
r49936
r49939
r49940
r49943
r49945
r49947
r49950
r49952
r49956
  +file_prop: branches/R-2-10-branch/po/nn.gmo svn:mime-type application/octet-stream
r49959
r49961
  +dir_prop: branches/R-2-10-branch svn:mergeinfo /trunk:49868-49869%2C49886%2C49889%2C49915%2C49917%2C49919%2C49960
r49963
r49969
r49970
r49973
r49975
r49976
r49979
r49981
r49982
r49985
  +dir_prop: branches/R-2-10-branch svn:mergeinfo /trunk:49868-49869%2C49886%2C49889%2C49915%2C49917%2C49919%2C49960%2C49984
r49987
r49988
r49992
r49993
r49994
r49996
r49997
  +file_prop: branches/R-2-10-branch/src/library/grid/inst/po/de/LC_MESSAGES/grid.mo svn:mime-type application/octet-stream
r50000
r50002
r50004
r50006
r50009
r50012
r50013
  +dir_prop: branches/R-2-10-branch svn:mergeinfo /trunk:49868-49869%2C49886%2C49889%2C49915%2C49917%2C49919%2C49960%2C49984%2C50007%2C50011
r50016
r50018
r50020
r50021
r50022
r50024
r50027
r50028
r50031
  +dir_prop: branches/R-2-10-branch svn:mergeinfo /trunk:49868-49869%2C49886%2C49889%2C49915%2C49917%2C49919%2C49960%2C49984%2C50007%2C50011%2C50030
r50033
  +dir_prop: branches/R-2-10-branch svn:mergeinfo /trunk:49868-49869%2C49886%2C49889%2C49915%2C49917%2C49919%2C49960%2C49984%2C50007%2C50011%2C50030%2C50032
r50036
r50037
r50039
r50041
r50044
r50045
r50047
r50049
r50053
r50055
r50058
r50060
  -empty_dir: branches/R-2-10-branch/src/main/Rregex.h
r50063
r50065
r50069
r50071
r50073
r50074
r50077
r50079
r50081
  +dir_prop: branches/R-2-10-branch svn:mergeinfo /trunk:49868-49869%2C49886%2C49889%2C49915%2C49917%2C49919%2C49960%2C49984%2C50007%2C50011%2C50030%2C50032%2C50080
r50083
r50085
r50086
r50088
r50093
r50095
r50097
r50100
r50102
r50105
r50106
r50109
r50111
r50112
r50115
  +dir_prop: branches/R-2-10-branch svn:mergeinfo /trunk:49868-49869%2C49886%2C49889%2C49915%2C49917%2C49919%2C49960%2C49984%2C50007%2C50011%2C50030%2C50032%2C50080%2C50114
r50117
r50121
r50122
r50125
  +dir_prop: branches/R-2-10-branch svn:mergeinfo /trunk:49868-49869%2C49886%2C49889%2C49915%2C49917%2C49919%2C49960%2C49984%2C50007%2C50011%2C50030%2C50032%2C50080%2C50114%2C50123
r50128
r50131
r50133
r50135
r50138
r50139
r50142
r50145
r50149
r50154
r50155
r50157
r50159
r50160
r50163
r50164
r50166
r50169
r50174
  +dir_prop: branches/R-2-10-branch svn:mergeinfo /trunk:49868-49869%2C49886%2C49889%2C49915%2C49917%2C49919%2C49960%2C49984%2C50007%2C50011%2C50030%2C50032%2C50080%2C50114%2C50123%2C50173
r50178
  +dir_prop: branches/R-2-10-branch svn:mergeinfo /trunk:49868-49869%2C49886%2C49889%2C49915%2C49917%2C49919%2C49960%2C49984%2C50007%2C50011%2C50030%2C50032%2C50080%2C50114%2C50123%2C50172-50173%2C50176-50177
r50182
r50185
r50187
  +dir_prop: branches/R-2-10-branch svn:mergeinfo /trunk:49868-49869%2C49886%2C49889%2C49915%2C49917%2C49919%2C49960%2C49984%2C50007%2C50011%2C50030%2C50032%2C50080%2C50114%2C50123%2C50172-50173%2C50176-50177%2C50186
r50191
r50201
  +dir_prop: branches/R-2-10-branch svn:mergeinfo /trunk:49868-49869%2C49886%2C49889%2C49915%2C49917%2C49919%2C49960%2C49984%2C50007%2C50011%2C50030%2C50032%2C50080%2C50114%2C50123%2C50172-50173%2C50176-50177%2C50186%2C50200
r50204
  +dir_prop: branches/R-2-10-branch svn:mergeinfo /trunk:49868-49869%2C49886%2C49889%2C49915%2C49917%2C49919%2C49960%2C49984%2C50007%2C50011%2C50030%2C50032%2C50080%2C50114%2C50123%2C50172-50173%2C50176-50177%2C50186%2C50200%2C50203
r50206
  +dir_prop: branches/R-2-10-branch svn:mergeinfo /trunk:49868-49869%2C49886%2C49889%2C49915%2C49917%2C49919%2C49960%2C49984%2C50007%2C50011%2C50030%2C50032%2C50080%2C50114%2C50123%2C50172-50173%2C50176-50177%2C50186%2C50200%2C50203%2C50205
r50208
r50210
r50212
r50213
r50214
r50218
  +dir_prop: branches/R-2-10-branch svn:mergeinfo /trunk:49868-49869%2C49886%2C49889%2C49915%2C49917%2C49919%2C49960%2C49984%2C50007%2C50011%2C50030%2C50032%2C50080%2C50114%2C50123%2C50172-50173%2C50176-50177%2C50186%2C50200%2C50203%2C50205%2C50217
r50220
r50222
r50223
r50226
r50227
r50231
r50237
r50239
r50240
r50241
r50243
r50245
r50249
r50251
r50254
  +dir_prop: branches/R-2-10-branch svn:mergeinfo /trunk:49868-49869%2C49886%2C49889%2C49915%2C49917%2C49919%2C49960%2C49984%2C50007%2C50011%2C50030%2C50032%2C50080%2C50114%2C50123%2C50172-50173%2C50176-50177%2C50186%2C50200%2C50203%2C50205%2C50217%2C50253
r50257
r50262
r50264
r50265
r50268
r50271
r50273
r50274
r50276
r50279
r50281
r50291
r50292
r50301
r50306
r50311
r50313
  -empty_dir: branches/R-2-10-branch/src/library/base/man/ns-lowlev.Rd
r50315
r50319
  +dir_prop: branches/R-2-10-branch svn:mergeinfo /trunk:49868-49869%2C49886%2C49889%2C49915%2C49917%2C49919%2C49960%2C49984%2C50007%2C50011%2C50030%2C50032%2C50080%2C50114%2C50123%2C50172-50173%2C50176-50177%2C50186%2C50200%2C50203%2C50205%2C50217%2C50253%2C50318
r50322
r50326
r50328
r50329
r50333
r50336
r50339
r50341
r50342
r50353
r50355
r50358
r50362
  +dir_prop: branches/R-2-10-branch svn:mergeinfo /trunk:49868-49869%2C49886%2C49889%2C49915%2C49917%2C49919%2C49960%2C49984%2C50007%2C50011%2C50030%2C50032%2C50080%2C50114%2C50123%2C50172-50173%2C50176-50177%2C50186%2C50200%2C50203%2C50205%2C50217%2C50253%2C50318%2C50361
r50365
r50370
r50372
  +dir_prop: branches/R-2-10-branch svn:mergeinfo /trunk:49868-49869%2C49886%2C49889%2C49915%2C49917%2C49919%2C49960%2C49984%2C50007%2C50011%2C50030%2C50032%2C50080%2C50114%2C50123%2C50172-50173%2C50176-50177%2C50186%2C50200%2C50203%2C50205%2C50217%2C50253%2C50318%2C50361%2C50371
r50377
r50379
r50382
r50388
r50391
  +dir_prop: branches/R-2-10-branch svn:mergeinfo /trunk:49868-49869%2C49886%2C49889%2C49915%2C49917%2C49919%2C49960%2C49984%2C50007%2C50011%2C50030%2C50032%2C50080%2C50114%2C50123%2C50172-50173%2C50176-50177%2C50186%2C50200%2C50203%2C50205%2C50217%2C50253%2C50318%2C50361%2C50371%2C50390
r50394
r50395
r50398
r50400
r50405
  +dir_prop: branches/R-2-10-branch svn:mergeinfo /trunk:49868-49869%2C49886%2C49889%2C49915%2C49917%2C49919%2C49960%2C49984%2C50007%2C50011%2C50030%2C50032%2C50080%2C50114%2C50123%2C50172-50173%2C50176-50177%2C50186%2C50200%2C50203%2C50205%2C50217%2C50253%2C50318%2C50361%2C50371%2C50390%2C50404
r50409
  +dir_prop: branches/R-2-10-branch svn:mergeinfo /trunk:49868-49869%2C49886%2C49889%2C49915%2C49917%2C49919%2C49960%2C49984%2C50007%2C50011%2C50030%2C50032%2C50080%2C50114%2C50123%2C50172-50173%2C50176-50177%2C50186%2C50200%2C50203%2C50205%2C50217%2C50253%2C50318%2C50361%2C50371%2C50390%2C50404%2C50408
r50415
  +dir_prop: branches/R-2-10-branch svn:mergeinfo /trunk:49868-49869%2C49886%2C49889%2C49915%2C49917%2C49919%2C49960%2C49984%2C50007%2C50011%2C50030%2C50032%2C50080%2C50114%2C50123%2C50172-50173%2C50176-50177%2C50186%2C50200%2C50203%2C50205%2C50217%2C50253%2C50318%2C50361%2C50371%2C50390%2C50404%2C50408%2C50414
r50417
r50419
r50421
  +dir_prop: branches/R-2-10-branch svn:mergeinfo /trunk:49868-49869%2C49886%2C49889%2C49915%2C49917%2C49919%2C49960%2C49984%2C50007%2C50011%2C50030%2C50032%2C50080%2C50114%2C50123%2C50172-50173%2C50176-50177%2C50186%2C50200%2C50203%2C50205%2C50217%2C50253%2C50318%2C50361%2C50371%2C50390%2C50404%2C50408%2C50414%2C50420
r50424
  +dir_prop: branches/R-2-10-branch svn:mergeinfo /trunk:49868-49869%2C49886%2C49889%2C49915%2C49917%2C49919%2C49960%2C49984%2C50007%2C50011%2C50030%2C50032%2C50080%2C50114%2C50123%2C50172-50173%2C50176-50177%2C50186%2C50200%2C50203%2C50205%2C50217%2C50253%2C50318%2C50361%2C50371%2C50390%2C50404%2C50408%2C50414%2C50420%2C50423
r50428
r50433
r50435
r50438
r50440
r50441
r50442
r50447
r50449
r50452
r50459
r50462
  +dir_prop: branches/R-2-10-branch svn:mergeinfo /trunk:49868-49869%2C49886%2C49889%2C49915%2C49917%2C49919%2C49960%2C49984%2C50007%2C50011%2C50030%2C50032%2C50080%2C50114%2C50123%2C50172-50173%2C50176-50177%2C50186%2C50200%2C50203%2C50205%2C50217%2C50253%2C50318%2C50361%2C50371%2C50390%2C50404%2C50408%2C50414%2C50420%2C50423%2C50461
r50464
r50465
r50467
r50471
r50482
r50484
r50486
r50491
  +dir_prop: branches/R-2-10-branch svn:mergeinfo /trunk:49868-49869%2C49886%2C49889%2C49915%2C49917%2C49919%2C49960%2C49984%2C50007%2C50011%2C50030%2C50032%2C50080%2C50114%2C50123%2C50172-50173%2C50176-50177%2C50186%2C50200%2C50203%2C50205%2C50217%2C50253%2C50318%2C50361%2C50371%2C50390%2C50404%2C50408%2C50414%2C50420%2C50423%2C50461%2C50490
r50494
r50496
  +dir_prop: branches/R-2-10-branch svn:mergeinfo /trunk:49868-49869%2C49886%2C49889%2C49915%2C49917%2C49919%2C49960%2C49984%2C50007%2C50011%2C50030%2C50032%2C50080%2C50114%2C50123%2C50172-50173%2C50176-50177%2C50186%2C50200%2C50203%2C50205%2C50217%2C50253%2C50318%2C50361%2C50371%2C50390%2C50404%2C50408%2C50414%2C50420%2C50423%2C50461%2C50490%2C50495
r50498
r50501
r50502
r50506
r50508
r50510
r50514
r50517
r50519
r50520
r50522
r50525
r50527
r50529
r50531
r50534
r50538
r50545
r50550
r50551
r50553
r50555
r50558
r50560
r50563
r50566
r50570
r50572
r50575
  +dir_prop: branches/R-2-10-branch svn:mergeinfo /trunk:49868-49869%2C49886%2C49889%2C49915%2C49917%2C49919%2C49960%2C49984%2C50007%2C50011%2C50030%2C50032%2C50080%2C50114%2C50123%2C50172-50173%2C50176-50177%2C50186%2C50200%2C50203%2C50205%2C50217%2C50253%2C50318%2C50361%2C50371%2C50390%2C50404%2C50408%2C50414%2C50420%2C50423%2C50461%2C50490%2C50495%2C50574
r50577
r50581
r50583
  +dir_prop: branches/R-2-10-branch svn:mergeinfo /trunk:49868-49869%2C49886%2C49889%2C49915%2C49917%2C49919%2C49960%2C49984%2C50007%2C50011%2C50030%2C50032%2C50080%2C50114%2C50123%2C50172-50173%2C50176-50177%2C50186%2C50200%2C50203%2C50205%2C50217%2C50253%2C50318%2C50361%2C50371%2C50390%2C50404%2C50408%2C50414%2C50420%2C50423%2C50461%2C50490%2C50495%2C50574%2C50582
r50587
r50590
r50594
r50600
r50601
r50607
r50610
r50615
r50619
r50625
  +dir_prop: branches/R-2-10-branch svn:mergeinfo /trunk:49868-49869%2C49886%2C49889%2C49915%2C49917%2C49919%2C49960%2C49984%2C50007%2C50011%2C50030%2C50032%2C50080%2C50114%2C50123%2C50172-50173%2C50176-50177%2C50186%2C50200%2C50203%2C50205%2C50217%2C50253%2C50318%2C50361%2C50371%2C50390%2C50404%2C50408%2C50414%2C50420%2C50423%2C50461%2C50490%2C50495%2C50574%2C50582%2C50623-50624
r50629
r50630
  +dir_prop: branches/R-2-10-branch svn:mergeinfo /trunk:49868-49869%2C49886%2C49889%2C49915%2C49917%2C49919%2C49960%2C49983-49984%2C50007%2C50011%2C50030%2C50032%2C50080%2C50114%2C50123%2C50172-50173%2C50176-50177%2C50186%2C50200%2C50203%2C50205%2C50217%2C50253%2C50318%2C50361%2C50371%2C50390%2C50404%2C50408%2C50414%2C50420%2C50423%2C50461%2C50490%2C50495%2C50574%2C50582%2C50623-50624
r50633
r50639
r50642
r50644
r50648
r50653
r50655
r50656
r50659
  +dir_prop: branches/R-2-10-branch svn:mergeinfo /trunk:49868-49869%2C49886%2C49889%2C49915%2C49917%2C49919%2C49960%2C49983-49984%2C50007%2C50011%2C50030%2C50032%2C50080%2C50114%2C50123%2C50172-50173%2C50176-50177%2C50186%2C50200%2C50203%2C50205%2C50217%2C50253%2C50318%2C50361%2C50371%2C50390%2C50404%2C50408%2C50414%2C50420%2C50423%2C50461%2C50490%2C50495%2C50574%2C50582%2C50623-50624%2C50658
r50660
r50670
r50672
r50674
r50681
r50694
r50697
r50700
r50702
r50703
r50706
r50709
r50712
r50714
r50717
r50718
r50719
r50720
r50722
r50725
r50726
r50727
r50729
r50734
r50736
r50739
r50744
r50749
r50750
r50756
r50758
  +dir_prop: branches/R-2-10-branch svn:mergeinfo /trunk:49868-49869%2C49886%2C49889%2C49915%2C49917%2C49919%2C49960%2C49983-49984%2C50007%2C50011%2C50030%2C50032%2C50080%2C50114%2C50123%2C50172-50173%2C50176-50177%2C50186%2C50200%2C50203%2C50205%2C50217%2C50253%2C50318%2C50361%2C50371%2C50390%2C50404%2C50408%2C50414%2C50420%2C50423%2C50461%2C50490%2C50495%2C50574%2C50582%2C50623-50624%2C50658%2C50757
r50765
r50767
r50774
r50776
r50779
r50780
r50781
r50782
r50787
  +dir_prop: branches/R-2-10-branch svn:mergeinfo /trunk:49868-49869%2C49886%2C49889%2C49915%2C49917%2C49919%2C49960%2C49983-49984%2C50007%2C50011%2C50030%2C50032%2C50080%2C50114%2C50123%2C50172-50173%2C50176-50177%2C50186%2C50200%2C50203%2C50205%2C50217%2C50253%2C50318%2C50361%2C50371%2C50390%2C50404%2C50408%2C50414%2C50420%2C50423%2C50461%2C50490%2C50495%2C50574%2C50582%2C50623-50624%2C50658%2C50757%2C50785
r50792
r50795
r50800
r50802
r50804
r50810
r50817
r50819
r50822
r50825
r50828
r50832
r50835
r50840
r50842
r50845
r50847
r50852
r50854
r50858
r50865
r50867
r50869
r50872
r50874
r50876
r50878
r50886
r50889
r50891
r50895
r50900
  +dir_prop: branches/R-2-10-branch svn:mergeinfo /trunk:49868-49869%2C49886%2C49889%2C49915%2C49917%2C49919%2C49960%2C49983-49984%2C50007%2C50011%2C50030%2C50032%2C50080%2C50114%2C50123%2C50172-50173%2C50176-50177%2C50186%2C50200%2C50203%2C50205%2C50217%2C50253%2C50318%2C50361%2C50371%2C50390%2C50404%2C50408%2C50414%2C50420%2C50423%2C50461%2C50490%2C50495%2C50574%2C50582%2C50623-50624%2C50658%2C50757%2C50785%2C50899
r50917
r50918
r50923
r50925
r50943
r50944
r50949
  -empty_dir: branches/R-2-10-branch/src/gnuwin32/installer/Japanese.isl
  +dir_prop: branches/R-2-10-branch svn:mergeinfo /trunk:49868-49869%2C49886%2C49889%2C49915%2C49917%2C49919%2C49960%2C49983-49984%2C50007%2C50011%2C50030%2C50032%2C50080%2C50114%2C50123%2C50172-50173%2C50176-50177%2C50186%2C50200%2C50203%2C50205%2C50217%2C50253%2C50318%2C50361%2C50371%2C50390%2C50404%2C50408%2C50414%2C50420%2C50423%2C50461%2C50490%2C50495%2C50574%2C50582%2C50623-50624%2C50658%2C50757%2C50785%2C50899%2C50948
r50955
r50958
r50960
r50967
r50970
r50998
r51001
r51008
r51009
r51011
r51013
r51016
  +dir_prop: branches/R-2-10-branch svn:mergeinfo /trunk:49868-49869%2C49886%2C49889%2C49915%2C49917%2C49919%2C49960%2C49983-49984%2C50007%2C50011%2C50030%2C50032%2C50080%2C50114%2C50123%2C50172-50173%2C50176-50177%2C50186%2C50200%2C50203%2C50205%2C50217%2C50253%2C50318%2C50361%2C50371%2C50390%2C50404%2C50408%2C50414%2C50420%2C50423%2C50461%2C50490%2C50495%2C50574%2C50582%2C50623-50624%2C50658%2C50757%2C50785%2C50899%2C50948%2C50974
r51017
  +dir_prop: branches/R-2-10-branch svn:mergeinfo /trunk:49868-49869%2C49886%2C49889%2C49915%2C49917%2C49919%2C49960%2C49983-49984%2C50007%2C50011%2C50030%2C50032%2C50080%2C50114%2C50123%2C50172-50173%2C50176-50177%2C50186%2C50200%2C50203%2C50205%2C50217%2C50253%2C50318%2C50361%2C50371%2C50390%2C50404%2C50408%2C50414%2C50420%2C50423%2C50461%2C50490%2C50495%2C50574%2C50582%2C50623-50624%2C50658%2C50757%2C50785%2C50899%2C50948%2C50974%2C51015
r51021
r51023
r51024
r51032
r51055
  +dir_prop: branches/R-2-10-branch svn:mergeinfo /trunk:49868-49869%2C49886%2C49889%2C49915%2C49917%2C49919%2C49960%2C49983-49984%2C50007%2C50011%2C50030%2C50032%2C50080%2C50114%2C50123%2C50172-50173%2C50176-50177%2C50186%2C50200%2C50203%2C50205%2C50217%2C50253%2C50318%2C50361%2C50371%2C50390%2C50404%2C50408%2C50414%2C50420%2C50423%2C50461%2C50490%2C50495%2C50574%2C50582%2C50623-50624%2C50658%2C50757%2C50785%2C50899%2C50948%2C50974%2C51015%2C51054
r51057
r51059
r51086
  +dir_prop: branches/R-2-10-branch svn:mergeinfo /trunk:49868-49869%2C49886%2C49889%2C49915%2C49917%2C49919%2C49960%2C49983-49984%2C50007%2C50011%2C50030%2C50032%2C50080%2C50114%2C50123%2C50172-50173%2C50176-50177%2C50186%2C50200%2C50203%2C50205%2C50217%2C50253%2C50318%2C50361%2C50371%2C50390%2C50404%2C50408%2C50414%2C50420%2C50423%2C50461%2C50490%2C50495%2C50574%2C50582%2C50623-50624%2C50658%2C50757%2C50785%2C50899%2C50948%2C50974%2C51015%2C51054%2C51082%2C51084-51085
r51088
r51091
  +dir_prop: branches/R-2-10-branch svn:mergeinfo /trunk:49868-49869%2C49886%2C49889%2C49915%2C49917%2C49919%2C49960%2C49983-49984%2C50007%2C50011%2C50030%2C50032%2C50080%2C50114%2C50123%2C50172-50173%2C50176-50177%2C50186%2C50200%2C50203%2C50205%2C50217%2C50253%2C50318%2C50361%2C50371%2C50390%2C50404%2C50408%2C50414%2C50420%2C50423%2C50461%2C50490%2C50495%2C50574%2C50582%2C50623-50624%2C50658%2C50757%2C50785%2C50899%2C50948%2C50974%2C51015%2C51054%2C51082%2C51084-51085%2C51090
r51097
r51100
r51106
r51108
r51112
  +dir_prop: branches/R-2-10-branch svn:mergeinfo /trunk:49868-49869%2C49886%2C49889%2C49915%2C49917%2C49919%2C49960%2C49983-49984%2C50007%2C50011%2C50030%2C50032%2C50080%2C50114%2C50123%2C50172-50173%2C50176-50177%2C50186%2C50200%2C50203%2C50205%2C50217%2C50253%2C50318%2C50361%2C50371%2C50390%2C50404%2C50408%2C50414%2C50420%2C50423%2C50461%2C50490%2C50495%2C50574%2C50582%2C50623-50624%2C50658%2C50757%2C50785%2C50899%2C50948%2C50974%2C51015%2C51054%2C51082%2C51084-51085%2C51090%2C51111
r51120
r51131
r51135
r51144
r51155
r51165
r51171
r51174
r51184
  +dir_prop: branches/R-2-10-branch svn:mergeinfo /trunk:49868-49869%2C49886%2C49889%2C49903%2C49907%2C49915%2C49917%2C49919%2C49960%2C49983-49984%2C50007%2C50011%2C50030%2C50032%2C50080%2C50114%2C50123%2C50158%2C50172-50173%2C50176-50177%2C50186%2C50200%2C50203%2C50205%2C50217%2C50253%2C50318%2C50361%2C50371%2C50390%2C50404%2C50408%2C50414%2C50420%2C50423%2C50426-50427%2C50461%2C50490%2C50495%2C50552%2C50574%2C50582%2C50623-50624%2C50658%2C50757%2C50785%2C50899%2C50948%2C50974%2C51015%2C51054%2C51082%2C51084-51085%2C51090%2C51105%2C51111%2C51115%2C51183
r51198
r51200
r51220
r51222
r51223
r51241
r51287
r51290
r51297
r51325
r51331
r51339
r51373
r51454
r51633
  +dir_prop: branches/R-2-10-branch svn:mergeinfo /trunk:49868-49869%2C49886%2C49889%2C49903%2C49907%2C49915%2C49917%2C49919%2C49960%2C49983-49984%2C50007%2C50011%2C50030%2C50032%2C50080%2C50114%2C50123%2C50158%2C50172-50173%2C50176-50177%2C50186%2C50200%2C50203%2C50205%2C50217%2C50253%2C50318%2C50361%2C50371%2C50390%2C50404%2C50408%2C50414%2C50420%2C50423%2C50426-50427%2C50461%2C50490%2C50495%2C50552%2C50574%2C50582%2C50623-50624%2C50658%2C50757%2C50785%2C50899%2C50948%2C50974%2C51015%2C51054%2C51082%2C51084-51085%2C51090%2C51105%2C51111%2C51115%2C51183%2C51631
