r15148
  -empty_dir: AUTHORS
  -empty_dir: Attic
  -empty_dir: COPYING
  -empty_dir: COPYING.LIB
  -empty_dir: COPYRIGHTS
  -empty_dir: ChangeLog
  -empty_dir: FAQ
  -empty_dir: INSTALL
  -empty_dir: Makeconf.in
  -empty_dir: Makefile.in
  -empty_dir: NEWS
  -empty_dir: ONEWS
  -empty_dir: README
  -empty_dir: RESOURCES
  -empty_dir: THANKS
  -empty_dir: VERSION
  -empty_dir: Y2K
  -empty_dir: acconfig.h
  -empty_dir: acinclude.m4
  -empty_dir: aclocal.m4
  -empty_dir: afm
  -empty_dir: config.site
  -empty_dir: configure
  -empty_dir: configure.in
  -empty_dir: date-stamp
  -empty_dir: debian
  -empty_dir: doc
  -empty_dir: etc
  -empty_dir: m4
  -empty_dir: share
  -empty_dir: src
  -empty_dir: tests
  -empty_dir: tools
r15171
r15209
r15239
r15281
r15307
r15336
r15361
r15389
r15408
r15435
r15450
r15472
r15490
r15507
r15547
r15554
r15620
r15636
r15651
r15668
r15686
r15705
r15725
r15765
r15782
r15829
r15856
r15869
r15918
r15935
r15961
r15969
r16012
r16024
r16037
r16048
r16055
r16069
r16086
r16106
r16117
r16130
r16138
r16152
r16175
r16185
r16196
r16207
r16219
r16238
r16265
r16312
r16328
r16339
r16349
r16364
r16378
r16413
r16426
r16433
r16451
r16458
r16467
r16489
r16501
r16516
r16528
r16545
r16567
r16607
r16625
r16641
r16649
r16655
r16661
r16690
r16712
r16726
r16740
r16754
r16769
r16792
r16819
r16842
r16857
r16900
r16921
r16955
r16982
r17013
r17042
r17066
r17107
r17172
r17250
r17275
r17296
r17315
r17333
r17358
r17405
r17422
r17431
r17461
r17475
r17505
r17536
r17548
r17562
r17570
r17577
r17580
r17590
r17604
r17622
r17628
r17642
r17654
r17669
r17693
r17709
r17722
r17737
r17748
r17770
r17813
r17834
r17855
r17870
r17902
r17937
r17944
r17965
r17978
r17995
r18008
r18019
r18035
r18050
r18078
r18111
r18154
r18169
r18180
r18205
r18231
r18246
r18273
r18291
r18302
r18317
r18330
r18350
r18368
r18391
r18416
r18444
r18458
r18473
r18484
r18497
r18515
r18529
r18544
r18552
r18565
r18577
r18596
r18629
r18647
r18683
r18697
r18710
r18725
r18740
r18747
r18778
r18801
r18822
r18855
r18864
r18916
r18944
r18967
r18987
r19014
r19034
r19053
r19074
r19092
r19121
r19162
r19188
r19204
r19228
r19245
r19256
r19268
r19277
r19291
r19300
r19317
r19329
r19342
r19356
r19367
r19381
r19388
r19398
r19410
r19429
r19440
r19448
r19455
r19478
r19511
r19525
r19538
r19549
r19555
r19565
r19571
r19589
r19605
r19623
r19638
r19646
r19661
r19673
r19684
r19708
r19721
r19735
r19743
r19749
r19774
r19794
r19802
r19808
r19817
r19826
r19836
r19846
r19862
r19873
r19894
r19911
r19919
r19928
r19944
r19957
r19972
r19982
r19994
r20012
r20024
r20036
r20044
r20062
r20074
r20098
r20114
r20135
r20157
r20176
r20196
r20211
r20219
r20228
r20237
r20247
r20256
r20283
r20292
r20305
r20319
r20335
r20348
r20366
r20381
r20387
r20396
r20407
r20413
r20422
r20437
r20452
r20481
r20490
r20503
r20538
r20551
r20562
r20569
r20584
r20593
r20604
r20610
r20624
r20633
r20644
r20651
r20682
r20695
r20712
r20738
r20758
r20770
r20800
r20818
r20831
r20847
r20853
r20859
r20865
r20884
r20903
r20918
r20924
r20936
r20963
