r82735
r82737
r82762
  +dir_prop: branches/R-typeset svn:mergeinfo /branches/R-2-12-branch:52939%2C54476%2C55265%0A/branches/R-2-13-branch:55265%2C55432%0A/branches/R-2-15-branch:58894%2C59717%0A/branches/R-3-0-branch:62497%0A/branches/R-3-1-branch:65920%0A/branches/R-3-6-branch:76839%2C77241%0A/branches/R-4-1-branch:80314%0A/branches/R-DL:69025-69313%0A/branches/R-conflicts:75454-76247%0A/branches/R-defs:77464-78758%0A/branches/R-glmscore:55360-55826%0A/branches/R-groups:80166-81095%0A/branches/R-structure:81439%0A/branches/R-symfam:78109-78182%0A/branches/R-ucrt:81323-81359%0A/branches/R-vecpat:81390-81922%0A/trunk:82736-82761
  +file_prop: branches/R-typeset/doc/NEWS.Rd svn:mergeinfo /branches/R-2-12-branch/doc/NEWS.Rd:52939%2C54476%2C55265%0A/branches/R-2-13-branch/doc/NEWS.Rd:55265%2C55432%0A/branches/R-2-15-branch/doc/NEWS.Rd:58894%2C59717%0A/branches/R-3-0-branch/doc/NEWS.Rd:62497%0A/branches/R-3-1-branch/doc/NEWS.Rd:65920%0A/branches/R-3-6-branch/doc/NEWS.Rd:76839%2C77241%0A/branches/R-4-1-branch/doc/NEWS.Rd:80314%0A/branches/R-DL/doc/NEWS.Rd:69025-69313%0A/branches/R-conflicts/doc/NEWS.Rd:75454-76247%0A/branches/R-defs/doc/NEWS.Rd:77464-78758%0A/branches/R-glmscore/doc/NEWS.Rd:55360-55826%0A/branches/R-groups/doc/NEWS.Rd:80166-81095%0A/branches/R-structure/doc/NEWS.Rd:81439%0A/branches/R-symfam/doc/NEWS.Rd:78109-78182%0A/branches/R-ucrt/doc/NEWS.Rd:81323-81359%0A/branches/R-vecpat/doc/NEWS.Rd:81390-81922%0A/trunk/doc/NEWS.Rd:82225%2C82736-82761
r82763
r82767
r82786
r82787
  +dir_prop: branches/R-typeset svn:mergeinfo /branches/R-2-12-branch:52939%2C54476%2C55265%0A/branches/R-2-13-branch:55265%2C55432%0A/branches/R-2-15-branch:58894%2C59717%0A/branches/R-3-0-branch:62497%0A/branches/R-3-1-branch:65920%0A/branches/R-3-6-branch:76839%2C77241%0A/branches/R-4-1-branch:80314%0A/branches/R-DL:69025-69313%0A/branches/R-conflicts:75454-76247%0A/branches/R-defs:77464-78758%0A/branches/R-glmscore:55360-55826%0A/branches/R-groups:80166-81095%0A/branches/R-structure:81439%0A/branches/R-symfam:78109-78182%0A/branches/R-ucrt:81323-81359%0A/branches/R-vecpat:81390-81922%0A/trunk:82736-82786
  +file_prop: branches/R-typeset/doc/NEWS.Rd svn:mergeinfo /branches/R-2-12-branch/doc/NEWS.Rd:52939%2C54476%2C55265%0A/branches/R-2-13-branch/doc/NEWS.Rd:55265%2C55432%0A/branches/R-2-15-branch/doc/NEWS.Rd:58894%2C59717%0A/branches/R-3-0-branch/doc/NEWS.Rd:62497%0A/branches/R-3-1-branch/doc/NEWS.Rd:65920%0A/branches/R-3-6-branch/doc/NEWS.Rd:76839%2C77241%0A/branches/R-4-1-branch/doc/NEWS.Rd:80314%0A/branches/R-DL/doc/NEWS.Rd:69025-69313%0A/branches/R-conflicts/doc/NEWS.Rd:75454-76247%0A/branches/R-defs/doc/NEWS.Rd:77464-78758%0A/branches/R-glmscore/doc/NEWS.Rd:55360-55826%0A/branches/R-groups/doc/NEWS.Rd:80166-81095%0A/branches/R-structure/doc/NEWS.Rd:81439%0A/branches/R-symfam/doc/NEWS.Rd:78109-78182%0A/branches/R-ucrt/doc/NEWS.Rd:81323-81359%0A/branches/R-vecpat/doc/NEWS.Rd:81390-81922%0A/trunk/doc/NEWS.Rd:82225%2C82736-82786
r82818
r82822
  +dir_prop: branches/R-typeset svn:mergeinfo /branches/R-2-12-branch:52939%2C54476%2C55265%0A/branches/R-2-13-branch:55265%2C55432%0A/branches/R-2-15-branch:58894%2C59717%0A/branches/R-3-0-branch:62497%0A/branches/R-3-1-branch:65920%0A/branches/R-3-6-branch:76839%2C77241%0A/branches/R-4-1-branch:80314%0A/branches/R-DL:69025-69313%0A/branches/R-conflicts:75454-76247%0A/branches/R-defs:77464-78758%0A/branches/R-glmscore:55360-55826%0A/branches/R-groups:80166-81095%0A/branches/R-structure:81439%0A/branches/R-symfam:78109-78182%0A/branches/R-ucrt:81323-81359%0A/branches/R-vecpat:81390-81922%0A/trunk:82736-82821
  +file_prop: branches/R-typeset/doc/NEWS.Rd svn:mergeinfo /branches/R-2-12-branch/doc/NEWS.Rd:52939%2C54476%2C55265%0A/branches/R-2-13-branch/doc/NEWS.Rd:55265%2C55432%0A/branches/R-2-15-branch/doc/NEWS.Rd:58894%2C59717%0A/branches/R-3-0-branch/doc/NEWS.Rd:62497%0A/branches/R-3-1-branch/doc/NEWS.Rd:65920%0A/branches/R-3-6-branch/doc/NEWS.Rd:76839%2C77241%0A/branches/R-4-1-branch/doc/NEWS.Rd:80314%0A/branches/R-DL/doc/NEWS.Rd:69025-69313%0A/branches/R-conflicts/doc/NEWS.Rd:75454-76247%0A/branches/R-defs/doc/NEWS.Rd:77464-78758%0A/branches/R-glmscore/doc/NEWS.Rd:55360-55826%0A/branches/R-groups/doc/NEWS.Rd:80166-81095%0A/branches/R-structure/doc/NEWS.Rd:81439%0A/branches/R-symfam/doc/NEWS.Rd:78109-78182%0A/branches/R-ucrt/doc/NEWS.Rd:81323-81359%0A/branches/R-vecpat/doc/NEWS.Rd:81390-81922%0A/trunk/doc/NEWS.Rd:82225%2C82736-82821
r82835
r82842
r82843
r82850
r82859
r82873
r82882
r82896
  -empty_dir: branches/R-typeset/src/library/grDevices/R/font.R
r82897
  +dir_prop: branches/R-typeset svn:mergeinfo /branches/R-2-12-branch:52939%2C54476%2C55265%0A/branches/R-2-13-branch:55265%2C55432%0A/branches/R-2-15-branch:58894%2C59717%0A/branches/R-3-0-branch:62497%0A/branches/R-3-1-branch:65920%0A/branches/R-3-6-branch:76839%2C77241%0A/branches/R-4-1-branch:80314%0A/branches/R-DL:69025-69313%0A/branches/R-conflicts:75454-76247%0A/branches/R-defs:77464-78758%0A/branches/R-glmscore:55360-55826%0A/branches/R-groups:80166-81095%0A/branches/R-structure:81439%0A/branches/R-symfam:78109-78182%0A/branches/R-ucrt:81323-81359%0A/branches/R-vecpat:81390-81922%0A/trunk:82736-82896
  +file_prop: branches/R-typeset/doc/NEWS.Rd svn:mergeinfo /branches/R-2-12-branch/doc/NEWS.Rd:52939%2C54476%2C55265%0A/branches/R-2-13-branch/doc/NEWS.Rd:55265%2C55432%0A/branches/R-2-15-branch/doc/NEWS.Rd:58894%2C59717%0A/branches/R-3-0-branch/doc/NEWS.Rd:62497%0A/branches/R-3-1-branch/doc/NEWS.Rd:65920%0A/branches/R-3-6-branch/doc/NEWS.Rd:76839%2C77241%0A/branches/R-4-1-branch/doc/NEWS.Rd:80314%0A/branches/R-DL/doc/NEWS.Rd:69025-69313%0A/branches/R-conflicts/doc/NEWS.Rd:75454-76247%0A/branches/R-defs/doc/NEWS.Rd:77464-78758%0A/branches/R-glmscore/doc/NEWS.Rd:55360-55826%0A/branches/R-groups/doc/NEWS.Rd:80166-81095%0A/branches/R-structure/doc/NEWS.Rd:81439%0A/branches/R-symfam/doc/NEWS.Rd:78109-78182%0A/branches/R-ucrt/doc/NEWS.Rd:81323-81359%0A/branches/R-vecpat/doc/NEWS.Rd:81390-81922%0A/trunk/doc/NEWS.Rd:82225%2C82736-82896
r82917
r82918
r82922
r82923
r82924
  -empty_dir: branches/R-typeset/src/library/grDevices/R/span.R
r82937
r82938
r82942
r82963
  +dir_prop: branches/R-typeset svn:mergeinfo /branches/R-2-12-branch:52939%2C54476%2C55265%0A/branches/R-2-13-branch:55265%2C55432%0A/branches/R-2-15-branch:58894%2C59717%0A/branches/R-3-0-branch:62497%0A/branches/R-3-1-branch:65920%0A/branches/R-3-6-branch:76839%2C77241%0A/branches/R-4-1-branch:80314%0A/branches/R-DL:69025-69313%0A/branches/R-conflicts:75454-76247%0A/branches/R-defs:77464-78758%0A/branches/R-glmscore:55360-55826%0A/branches/R-groups:80166-81095%0A/branches/R-structure:81439%0A/branches/R-symfam:78109-78182%0A/branches/R-ucrt:81323-81359%0A/branches/R-vecpat:81390-81922%0A/trunk:82736-82962
  +file_prop: branches/R-typeset/doc/NEWS.Rd svn:mergeinfo /branches/R-2-12-branch/doc/NEWS.Rd:52939%2C54476%2C55265%0A/branches/R-2-13-branch/doc/NEWS.Rd:55265%2C55432%0A/branches/R-2-15-branch/doc/NEWS.Rd:58894%2C59717%0A/branches/R-3-0-branch/doc/NEWS.Rd:62497%0A/branches/R-3-1-branch/doc/NEWS.Rd:65920%0A/branches/R-3-6-branch/doc/NEWS.Rd:76839%2C77241%0A/branches/R-4-1-branch/doc/NEWS.Rd:80314%0A/branches/R-DL/doc/NEWS.Rd:69025-69313%0A/branches/R-conflicts/doc/NEWS.Rd:75454-76247%0A/branches/R-defs/doc/NEWS.Rd:77464-78758%0A/branches/R-glmscore/doc/NEWS.Rd:55360-55826%0A/branches/R-groups/doc/NEWS.Rd:80166-81095%0A/branches/R-structure/doc/NEWS.Rd:81439%0A/branches/R-symfam/doc/NEWS.Rd:78109-78182%0A/branches/R-ucrt/doc/NEWS.Rd:81323-81359%0A/branches/R-vecpat/doc/NEWS.Rd:81390-81922%0A/trunk/doc/NEWS.Rd:82225%2C82736-82962
r82992
r83039
  +dir_prop: branches/R-typeset svn:mergeinfo /branches/R-2-12-branch:52939%2C54476%2C55265%0A/branches/R-2-13-branch:55265%2C55432%0A/branches/R-2-15-branch:58894%2C59717%0A/branches/R-3-0-branch:62497%0A/branches/R-3-1-branch:65920%0A/branches/R-3-6-branch:76839%2C77241%0A/branches/R-4-1-branch:80314%0A/branches/R-DL:69025-69313%0A/branches/R-conflicts:75454-76247%0A/branches/R-defs:77464-78758%0A/branches/R-glmscore:55360-55826%0A/branches/R-groups:80166-81095%0A/branches/R-structure:81439%0A/branches/R-symfam:78109-78182%0A/branches/R-ucrt:81323-81359%0A/branches/R-vecpat:81390-81922%0A/trunk:82736-83038
  +file_prop: branches/R-typeset/doc/NEWS.Rd svn:mergeinfo /branches/R-2-12-branch/doc/NEWS.Rd:52939%2C54476%2C55265%0A/branches/R-2-13-branch/doc/NEWS.Rd:55265%2C55432%0A/branches/R-2-15-branch/doc/NEWS.Rd:58894%2C59717%0A/branches/R-3-0-branch/doc/NEWS.Rd:62497%0A/branches/R-3-1-branch/doc/NEWS.Rd:65920%0A/branches/R-3-6-branch/doc/NEWS.Rd:76839%2C77241%0A/branches/R-4-1-branch/doc/NEWS.Rd:80314%0A/branches/R-DL/doc/NEWS.Rd:69025-69313%0A/branches/R-conflicts/doc/NEWS.Rd:75454-76247%0A/branches/R-defs/doc/NEWS.Rd:77464-78758%0A/branches/R-glmscore/doc/NEWS.Rd:55360-55826%0A/branches/R-groups/doc/NEWS.Rd:80166-81095%0A/branches/R-structure/doc/NEWS.Rd:81439%0A/branches/R-symfam/doc/NEWS.Rd:78109-78182%0A/branches/R-ucrt/doc/NEWS.Rd:81323-81359%0A/branches/R-vecpat/doc/NEWS.Rd:81390-81922%0A/trunk/doc/NEWS.Rd:82225%2C82736-83038
r83100
  +dir_prop: branches/R-typeset svn:mergeinfo /branches/R-2-12-branch:52939%2C54476%2C55265%0A/branches/R-2-13-branch:55265%2C55432%0A/branches/R-2-15-branch:58894%2C59717%0A/branches/R-3-0-branch:62497%0A/branches/R-3-1-branch:65920%0A/branches/R-3-6-branch:76839%2C77241%0A/branches/R-4-1-branch:80314%0A/branches/R-DL:69025-69313%0A/branches/R-conflicts:75454-76247%0A/branches/R-defs:77464-78758%0A/branches/R-glmscore:55360-55826%0A/branches/R-groups:80166-81095%0A/branches/R-structure:81439%0A/branches/R-symfam:78109-78182%0A/branches/R-ucrt:81323-81359%0A/branches/R-vecpat:81390-81922%0A/trunk:82736-83099
  +file_prop: branches/R-typeset/doc/NEWS.Rd svn:mergeinfo /branches/R-2-12-branch/doc/NEWS.Rd:52939%2C54476%2C55265%0A/branches/R-2-13-branch/doc/NEWS.Rd:55265%2C55432%0A/branches/R-2-15-branch/doc/NEWS.Rd:58894%2C59717%0A/branches/R-3-0-branch/doc/NEWS.Rd:62497%0A/branches/R-3-1-branch/doc/NEWS.Rd:65920%0A/branches/R-3-6-branch/doc/NEWS.Rd:76839%2C77241%0A/branches/R-4-1-branch/doc/NEWS.Rd:80314%0A/branches/R-DL/doc/NEWS.Rd:69025-69313%0A/branches/R-conflicts/doc/NEWS.Rd:75454-76247%0A/branches/R-defs/doc/NEWS.Rd:77464-78758%0A/branches/R-glmscore/doc/NEWS.Rd:55360-55826%0A/branches/R-groups/doc/NEWS.Rd:80166-81095%0A/branches/R-structure/doc/NEWS.Rd:81439%0A/branches/R-symfam/doc/NEWS.Rd:78109-78182%0A/branches/R-ucrt/doc/NEWS.Rd:81323-81359%0A/branches/R-vecpat/doc/NEWS.Rd:81390-81922%0A/trunk/doc/NEWS.Rd:82225%2C82736-83099
r83113
r83114
r83130
  +dir_prop: branches/R-typeset svn:mergeinfo /branches/R-2-12-branch:52939%2C54476%2C55265%0A/branches/R-2-13-branch:55265%2C55432%0A/branches/R-2-15-branch:58894%2C59717%0A/branches/R-3-0-branch:62497%0A/branches/R-3-1-branch:65920%0A/branches/R-3-6-branch:76839%2C77241%0A/branches/R-4-1-branch:80314%0A/branches/R-DL:69025-69313%0A/branches/R-conflicts:75454-76247%0A/branches/R-defs:77464-78758%0A/branches/R-glmscore:55360-55826%0A/branches/R-groups:80166-81095%0A/branches/R-structure:81439%0A/branches/R-symfam:78109-78182%0A/branches/R-ucrt:81323-81359%0A/branches/R-vecpat:81390-81922%0A/trunk:82736-83129
  +file_prop: branches/R-typeset/doc/NEWS.Rd svn:mergeinfo /branches/R-2-12-branch/doc/NEWS.Rd:52939%2C54476%2C55265%0A/branches/R-2-13-branch/doc/NEWS.Rd:55265%2C55432%0A/branches/R-2-15-branch/doc/NEWS.Rd:58894%2C59717%0A/branches/R-3-0-branch/doc/NEWS.Rd:62497%0A/branches/R-3-1-branch/doc/NEWS.Rd:65920%0A/branches/R-3-6-branch/doc/NEWS.Rd:76839%2C77241%0A/branches/R-4-1-branch/doc/NEWS.Rd:80314%0A/branches/R-DL/doc/NEWS.Rd:69025-69313%0A/branches/R-conflicts/doc/NEWS.Rd:75454-76247%0A/branches/R-defs/doc/NEWS.Rd:77464-78758%0A/branches/R-glmscore/doc/NEWS.Rd:55360-55826%0A/branches/R-groups/doc/NEWS.Rd:80166-81095%0A/branches/R-structure/doc/NEWS.Rd:81439%0A/branches/R-symfam/doc/NEWS.Rd:78109-78182%0A/branches/R-ucrt/doc/NEWS.Rd:81323-81359%0A/branches/R-vecpat/doc/NEWS.Rd:81390-81922%0A/trunk/doc/NEWS.Rd:82225%2C82736-83129
r83195
  -empty_dir: branches/R-typeset/src/library/Recommended/.cvsignore
  -dir_prop: branches/R-typeset svn.ignore
  +dir_prop: branches/R-typeset svn:mergeinfo /branches/R-2-12-branch:52939%2C54476%2C55265%0A/branches/R-2-13-branch:55265%2C55432%0A/branches/R-2-15-branch:58894%2C59717%0A/branches/R-3-0-branch:62497%0A/branches/R-3-1-branch:65920%0A/branches/R-3-6-branch:76839%2C77241%0A/branches/R-4-1-branch:80314%0A/branches/R-DL:69025-69313%0A/branches/R-conflicts:75454-76247%0A/branches/R-defs:77464-78758%0A/branches/R-glmscore:55360-55826%0A/branches/R-groups:80166-81095%0A/branches/R-structure:81439%0A/branches/R-symfam:78109-78182%0A/branches/R-ucrt:81323-81359%0A/branches/R-vecpat:81390-81922%0A/trunk:82736-83194
  +file_prop: branches/R-typeset/doc/NEWS.Rd svn:mergeinfo /branches/R-2-12-branch/doc/NEWS.Rd:52939%2C54476%2C55265%0A/branches/R-2-13-branch/doc/NEWS.Rd:55265%2C55432%0A/branches/R-2-15-branch/doc/NEWS.Rd:58894%2C59717%0A/branches/R-3-0-branch/doc/NEWS.Rd:62497%0A/branches/R-3-1-branch/doc/NEWS.Rd:65920%0A/branches/R-3-6-branch/doc/NEWS.Rd:76839%2C77241%0A/branches/R-4-1-branch/doc/NEWS.Rd:80314%0A/branches/R-DL/doc/NEWS.Rd:69025-69313%0A/branches/R-conflicts/doc/NEWS.Rd:75454-76247%0A/branches/R-defs/doc/NEWS.Rd:77464-78758%0A/branches/R-glmscore/doc/NEWS.Rd:55360-55826%0A/branches/R-groups/doc/NEWS.Rd:80166-81095%0A/branches/R-structure/doc/NEWS.Rd:81439%0A/branches/R-symfam/doc/NEWS.Rd:78109-78182%0A/branches/R-ucrt/doc/NEWS.Rd:81323-81359%0A/branches/R-vecpat/doc/NEWS.Rd:81390-81922%0A/trunk/doc/NEWS.Rd:82225%2C82736-83194
  -file_prop: branches/R-typeset/src/nmath/qDiscrete_search.h svn:keywords
r83209
r83216
r83218
r83219
r83221
r83222
r83223
r83224
r83264
  +dir_prop: branches/R-typeset svn:mergeinfo /branches/R-2-12-branch:52939%2C54476%2C55265%0A/branches/R-2-13-branch:55265%2C55432%0A/branches/R-2-15-branch:58894%2C59717%0A/branches/R-3-0-branch:62497%0A/branches/R-3-1-branch:65920%0A/branches/R-3-6-branch:76839%2C77241%0A/branches/R-4-1-branch:80314%0A/branches/R-DL:69025-69313%0A/branches/R-conflicts:75454-76247%0A/branches/R-defs:77464-78758%0A/branches/R-glmscore:55360-55826%0A/branches/R-groups:80166-81095%0A/branches/R-structure:81439%0A/branches/R-symfam:78109-78182%0A/branches/R-ucrt:81323-81359%0A/branches/R-vecpat:81390-81922%0A/trunk:82736-83263
  +file_prop: branches/R-typeset/doc/NEWS.Rd svn:mergeinfo /branches/R-2-12-branch/doc/NEWS.Rd:52939%2C54476%2C55265%0A/branches/R-2-13-branch/doc/NEWS.Rd:55265%2C55432%0A/branches/R-2-15-branch/doc/NEWS.Rd:58894%2C59717%0A/branches/R-3-0-branch/doc/NEWS.Rd:62497%0A/branches/R-3-1-branch/doc/NEWS.Rd:65920%0A/branches/R-3-6-branch/doc/NEWS.Rd:76839%2C77241%0A/branches/R-4-1-branch/doc/NEWS.Rd:80314%0A/branches/R-DL/doc/NEWS.Rd:69025-69313%0A/branches/R-conflicts/doc/NEWS.Rd:75454-76247%0A/branches/R-defs/doc/NEWS.Rd:77464-78758%0A/branches/R-glmscore/doc/NEWS.Rd:55360-55826%0A/branches/R-groups/doc/NEWS.Rd:80166-81095%0A/branches/R-structure/doc/NEWS.Rd:81439%0A/branches/R-symfam/doc/NEWS.Rd:78109-78182%0A/branches/R-ucrt/doc/NEWS.Rd:81323-81359%0A/branches/R-vecpat/doc/NEWS.Rd:81390-81922%0A/trunk/doc/NEWS.Rd:82225%2C82736-83263
r83332
  +dir_prop: branches/R-typeset svn:mergeinfo /branches/R-2-12-branch:52939%2C54476%2C55265%0A/branches/R-2-13-branch:55265%2C55432%0A/branches/R-2-15-branch:58894%2C59717%0A/branches/R-3-0-branch:62497%0A/branches/R-3-1-branch:65920%0A/branches/R-3-6-branch:76839%2C77241%0A/branches/R-4-1-branch:80314%0A/branches/R-DL:69025-69313%0A/branches/R-conflicts:75454-76247%0A/branches/R-defs:77464-78758%0A/branches/R-glmscore:55360-55826%0A/branches/R-groups:80166-81095%0A/branches/R-structure:81439%0A/branches/R-symfam:78109-78182%0A/branches/R-ucrt:81323-81359%0A/branches/R-vecpat:81390-81922%0A/trunk:82736-83331
  +file_prop: branches/R-typeset/doc/NEWS.Rd svn:mergeinfo /branches/R-2-12-branch/doc/NEWS.Rd:52939%2C54476%2C55265%0A/branches/R-2-13-branch/doc/NEWS.Rd:55265%2C55432%0A/branches/R-2-15-branch/doc/NEWS.Rd:58894%2C59717%0A/branches/R-3-0-branch/doc/NEWS.Rd:62497%0A/branches/R-3-1-branch/doc/NEWS.Rd:65920%0A/branches/R-3-6-branch/doc/NEWS.Rd:76839%2C77241%0A/branches/R-4-1-branch/doc/NEWS.Rd:80314%0A/branches/R-DL/doc/NEWS.Rd:69025-69313%0A/branches/R-conflicts/doc/NEWS.Rd:75454-76247%0A/branches/R-defs/doc/NEWS.Rd:77464-78758%0A/branches/R-glmscore/doc/NEWS.Rd:55360-55826%0A/branches/R-groups/doc/NEWS.Rd:80166-81095%0A/branches/R-structure/doc/NEWS.Rd:81439%0A/branches/R-symfam/doc/NEWS.Rd:78109-78182%0A/branches/R-ucrt/doc/NEWS.Rd:81323-81359%0A/branches/R-vecpat/doc/NEWS.Rd:81390-81922%0A/trunk/doc/NEWS.Rd:82225%2C82736-83331
r83344
r83346
r83347
r83348
r83349
r83350
r83356
r83364
  +dir_prop: branches/R-typeset svn:mergeinfo /branches/R-2-12-branch:52939%2C54476%2C55265%0A/branches/R-2-13-branch:55265%2C55432%0A/branches/R-2-15-branch:58894%2C59717%0A/branches/R-3-0-branch:62497%0A/branches/R-3-1-branch:65920%0A/branches/R-3-6-branch:76839%2C77241%0A/branches/R-4-1-branch:80314%0A/branches/R-DL:69025-69313%0A/branches/R-conflicts:75454-76247%0A/branches/R-defs:77464-78758%0A/branches/R-glmscore:55360-55826%0A/branches/R-groups:80166-81095%0A/branches/R-structure:81439%0A/branches/R-symfam:78109-78182%0A/branches/R-ucrt:81323-81359%0A/branches/R-vecpat:81390-81922%0A/trunk:82736-83363
  +file_prop: branches/R-typeset/doc/NEWS.Rd svn:mergeinfo /branches/R-2-12-branch/doc/NEWS.Rd:52939%2C54476%2C55265%0A/branches/R-2-13-branch/doc/NEWS.Rd:55265%2C55432%0A/branches/R-2-15-branch/doc/NEWS.Rd:58894%2C59717%0A/branches/R-3-0-branch/doc/NEWS.Rd:62497%0A/branches/R-3-1-branch/doc/NEWS.Rd:65920%0A/branches/R-3-6-branch/doc/NEWS.Rd:76839%2C77241%0A/branches/R-4-1-branch/doc/NEWS.Rd:80314%0A/branches/R-DL/doc/NEWS.Rd:69025-69313%0A/branches/R-conflicts/doc/NEWS.Rd:75454-76247%0A/branches/R-defs/doc/NEWS.Rd:77464-78758%0A/branches/R-glmscore/doc/NEWS.Rd:55360-55826%0A/branches/R-groups/doc/NEWS.Rd:80166-81095%0A/branches/R-structure/doc/NEWS.Rd:81439%0A/branches/R-symfam/doc/NEWS.Rd:78109-78182%0A/branches/R-ucrt/doc/NEWS.Rd:81323-81359%0A/branches/R-vecpat/doc/NEWS.Rd:81390-81922%0A/trunk/doc/NEWS.Rd:82225%2C82736-83363
r83372
r83373
r83375
r83415
  +dir_prop: branches/R-typeset svn:mergeinfo /branches/R-2-12-branch:52939%2C54476%2C55265%0A/branches/R-2-13-branch:55265%2C55432%0A/branches/R-2-15-branch:58894%2C59717%0A/branches/R-3-0-branch:62497%0A/branches/R-3-1-branch:65920%0A/branches/R-3-6-branch:76839%2C77241%0A/branches/R-4-1-branch:80314%0A/branches/R-DL:69025-69313%0A/branches/R-conflicts:75454-76247%0A/branches/R-defs:77464-78758%0A/branches/R-glmscore:55360-55826%0A/branches/R-groups:80166-81095%0A/branches/R-structure:81439%0A/branches/R-symfam:78109-78182%0A/branches/R-ucrt:81323-81359%0A/branches/R-vecpat:81390-81922%0A/trunk:82736-83414
  +file_prop: branches/R-typeset/doc/NEWS.Rd svn:mergeinfo /branches/R-2-12-branch/doc/NEWS.Rd:52939%2C54476%2C55265%0A/branches/R-2-13-branch/doc/NEWS.Rd:55265%2C55432%0A/branches/R-2-15-branch/doc/NEWS.Rd:58894%2C59717%0A/branches/R-3-0-branch/doc/NEWS.Rd:62497%0A/branches/R-3-1-branch/doc/NEWS.Rd:65920%0A/branches/R-3-6-branch/doc/NEWS.Rd:76839%2C77241%0A/branches/R-4-1-branch/doc/NEWS.Rd:80314%0A/branches/R-DL/doc/NEWS.Rd:69025-69313%0A/branches/R-conflicts/doc/NEWS.Rd:75454-76247%0A/branches/R-defs/doc/NEWS.Rd:77464-78758%0A/branches/R-glmscore/doc/NEWS.Rd:55360-55826%0A/branches/R-groups/doc/NEWS.Rd:80166-81095%0A/branches/R-structure/doc/NEWS.Rd:81439%0A/branches/R-symfam/doc/NEWS.Rd:78109-78182%0A/branches/R-ucrt/doc/NEWS.Rd:81323-81359%0A/branches/R-vecpat/doc/NEWS.Rd:81390-81922%0A/trunk/doc/NEWS.Rd:82225%2C82736-83414
r83467
  +dir_prop: branches/R-typeset svn:mergeinfo /branches/R-2-12-branch:52939%2C54476%2C55265%0A/branches/R-2-13-branch:55265%2C55432%0A/branches/R-2-15-branch:58894%2C59717%0A/branches/R-3-0-branch:62497%0A/branches/R-3-1-branch:65920%0A/branches/R-3-6-branch:76839%2C77241%0A/branches/R-4-1-branch:80314%0A/branches/R-DL:69025-69313%0A/branches/R-conflicts:75454-76247%0A/branches/R-defs:77464-78758%0A/branches/R-glmscore:55360-55826%0A/branches/R-groups:80166-81095%0A/branches/R-structure:81439%0A/branches/R-symfam:78109-78182%0A/branches/R-ucrt:81323-81359%0A/branches/R-vecpat:81390-81922%0A/trunk:82736-83466
  +file_prop: branches/R-typeset/doc/NEWS.Rd svn:mergeinfo /branches/R-2-12-branch/doc/NEWS.Rd:52939%2C54476%2C55265%0A/branches/R-2-13-branch/doc/NEWS.Rd:55265%2C55432%0A/branches/R-2-15-branch/doc/NEWS.Rd:58894%2C59717%0A/branches/R-3-0-branch/doc/NEWS.Rd:62497%0A/branches/R-3-1-branch/doc/NEWS.Rd:65920%0A/branches/R-3-6-branch/doc/NEWS.Rd:76839%2C77241%0A/branches/R-4-1-branch/doc/NEWS.Rd:80314%0A/branches/R-DL/doc/NEWS.Rd:69025-69313%0A/branches/R-conflicts/doc/NEWS.Rd:75454-76247%0A/branches/R-defs/doc/NEWS.Rd:77464-78758%0A/branches/R-glmscore/doc/NEWS.Rd:55360-55826%0A/branches/R-groups/doc/NEWS.Rd:80166-81095%0A/branches/R-structure/doc/NEWS.Rd:81439%0A/branches/R-symfam/doc/NEWS.Rd:78109-78182%0A/branches/R-ucrt/doc/NEWS.Rd:81323-81359%0A/branches/R-vecpat/doc/NEWS.Rd:81390-81922%0A/trunk/doc/NEWS.Rd:82225%2C82736-83466
r83631
r83632
r83636
r83643
  +dir_prop: branches/R-typeset svn:mergeinfo /branches/R-2-12-branch:52939%2C54476%2C55265%0A/branches/R-2-13-branch:55265%2C55432%0A/branches/R-2-15-branch:58894%2C59717%0A/branches/R-3-0-branch:62497%0A/branches/R-3-1-branch:65920%0A/branches/R-3-6-branch:76839%2C77241%0A/branches/R-4-1-branch:80314%0A/branches/R-DL:69025-69313%0A/branches/R-conflicts:75454-76247%0A/branches/R-defs:77464-78758%0A/branches/R-glmscore:55360-55826%0A/branches/R-groups:80166-81095%0A/branches/R-structure:81439%0A/branches/R-symfam:78109-78182%0A/branches/R-ucrt:81323-81359%0A/branches/R-vecpat:81390-81922%0A/trunk:82736-83642
  +file_prop: branches/R-typeset/doc/NEWS.Rd svn:mergeinfo /branches/R-2-12-branch/doc/NEWS.Rd:52939%2C54476%2C55265%0A/branches/R-2-13-branch/doc/NEWS.Rd:55265%2C55432%0A/branches/R-2-15-branch/doc/NEWS.Rd:58894%2C59717%0A/branches/R-3-0-branch/doc/NEWS.Rd:62497%0A/branches/R-3-1-branch/doc/NEWS.Rd:65920%0A/branches/R-3-6-branch/doc/NEWS.Rd:76839%2C77241%0A/branches/R-4-1-branch/doc/NEWS.Rd:80314%0A/branches/R-DL/doc/NEWS.Rd:69025-69313%0A/branches/R-conflicts/doc/NEWS.Rd:75454-76247%0A/branches/R-defs/doc/NEWS.Rd:77464-78758%0A/branches/R-glmscore/doc/NEWS.Rd:55360-55826%0A/branches/R-groups/doc/NEWS.Rd:80166-81095%0A/branches/R-structure/doc/NEWS.Rd:81439%0A/branches/R-symfam/doc/NEWS.Rd:78109-78182%0A/branches/R-ucrt/doc/NEWS.Rd:81323-81359%0A/branches/R-vecpat/doc/NEWS.Rd:81390-81922%0A/trunk/doc/NEWS.Rd:82225%2C82736-83642
r83654
r83656
r83657
r83658
