r31272
r31273
r31281
  -empty_dir: branches/R-2-0-patches/src/gnuwin32/CHANGES
r31282
r31283
r31286
  -empty_dir: branches/R-2-0-patches/ONEWS
r31289
r31292
  -empty_dir: branches/R-2-0-patches/Attic
r31293
r31295
r31297
r31302
r31307
r31310
r31313
r31315
r31322
r31323
r31324
r31326
r31330
r31334
r31336
r31337
r31338
r31339
r31345
r31346
r31348
r31350
r31353
r31356
r31358
r31359
r31361
r31362
r31365
r31372
r31377
r31378
r31381
r31384
r31386
r31388
r31389
r31390
r31394
r31395
r31398
r31399
r31402
r31404
r31407
r31410
r31415
r31419
r31420
r31422
r31423
r31425
r31428
r31435
r31436
r31439
r31443
r31444
r31446
r31452
r31456
r31458
r31460
r31461
r31464
r31468
r31469
r31471
r31472
r31474
r31475
r31476
r31480
r31483
r31485
r31490
r31493
r31497
r31502
r31504
r31509
r31513
r31514
r31518
r31520
r31522
r31528
r31545
r31547
r31550
r31552
r31557
r31559
r31562
r31564
r31565
r31567
r31572
r31574
r31575
r31577
r31579
r31582
r31586
r31590
r31592
r31594
r31595
r31597
r31600
r31602
r31604
r31607
r31609
r31611
r31613
r31614
r31616
r31618
r31625
r31626
r31632
r31639
r31641
r31645
r31648
r31653
r31655
r31665
r31668
r31669
r31673
r31674
r31676
r31677
r31680
r31681
r31683
r31687
r31690
r31691
r31693
r31694
r31700
r31703
r31704
r31706
r31707
r31708
r31710
r31714
r31716
r31717
r31721
r31727
r31728
r31731
r31738
r31742
r31746
r31747
r31749
r31750
r31753
r31755
r31756
r31759
r31760
r31763
r31766
r31768
r31771
r31773
r31774
r31778
r31779
r31782
r31784
r31791
r31793
r31794
r31796
r31803
r31808
r31809
r31811
r31813
r31815
r31818
r31821
r31825
r31827
r31833
r31836
r31842
r31843
r31844
r31847
r31850
r31854
r31856
r31857
r31859
r31862
r31863
r31867
r31871
r31882
r31890
r31892
r31895
r31897
r31898
r31899
r31903
r31905
r31909
r31910
r31911
r31914
r31915
r31917
r31918
r31919
r31921
r31924
r31928
r31931
r31933
r31934
r31937
r31940
r31943
r31945
r31948
r31949
r31953
r31958
r31959
r31963
r31965
r31969
r31971
r31974
r31976
r31980
r31983
r31991
r31997
r31999
r32001
r32003
r32006
r32015
r32017
r32021
r32027
r32029
r32033
r32041
r32045
r32047
r32048
r32053
r32055
r32058
r32062
r32064
r32067
r32071
r32075
r32079
r32080
r32086
r32090
r32094
r32096
r32099
r32105
r32106
r32110
r32112
r32116
r32118
r32131
r32139
r32143
r32145
r32149
r32153
r32155
r32162
r32164
r32174
r32176
r32178
r32179
r32181
r32183
r32187
r32190
r32191
r32193
r32196
r32198
r32200
r32202
r32204
r32206
r32213
r32216
r32218
r32221
r32223
r32225
r32227
r32229
r32231
r32236
r32238
r32243
r32251
r32269
r32270
r32275
r32278
r32286
r32294
r32299
r32300
r32303
r32307
r32313
r32320
r32323
r32326
r32328
r32330
r32332
r32336
r32339
r32351
r32374
r32384
r32389
r32402
r32413
r32427
r32430
r32433
  -empty_dir: branches/R-2-0-patches/src/library/datasets/inst
r32441
r32458
r32484
r32498
r32504
r32505
r32512
r32522
r32525
r32533
r32539
r32559
r32561
r32576
r32579
r32584
r32587
r32592
r32595
r32607
r32613
r32627
r32632
r32651
r32661
r32671
r32678
r32682
r32689
r32699
r32706
r32713
r32717
r32738
r32780
r32789
r32795
r32798
r32800
r32802
r32812
r32827
r32837
r32838
r32865
r32894
r32896
r32899
r32918
r32924
r32940
r32957
r32974
r32978
r32983
r32990
r32994
r33004
r33010
r33018
r33032
r33048
r33071
r33076
r33108
r33109
r33114
r33119
r33122
r33144
r33146
r33150
r33161
r33169
r33172
r33186
r33207
r33209
r33229
r33238
r33260
r33269
r33272
r33277
r33280
r33284
r33289
r33292
r33306
r33319
r33333
r33336
r33339
r33341
r33343
r33347
r33366
r33385
r33393
r33402
r33409
r33422
r33427
r33446
r33448
r33456
r33463
r33476
r33485
r33487
r33500
r33508
r33510
r33513
r33516
r33522
r33528
r33543
r33565
r33581
r33586
r33600
r33602
r33609
r33616
r33623
r33632
r33641
r33655
r33657
r33666
r33671
r33674
r33677
r33679
r33685
r33703
r33731
r33738
r33744
r33747
r33751
r33765
r33773
r33776
r33780
r33791
r33795
r33798
r33802
r33805
r33825
r33826
r33831
r33836
r33848
r33853
r33861
r33867
r33873
r33878
r33881
r33883
r33888
r33895
r33906
r33909
r33920
r33928
r33934
r33941
r33953
r33988
