r4086
  -empty_dir: Attic
r4087
r4088
r4090
r4091
r4092
r4093
r4094
r4096
r4098
r4099
r4100
r4101
r4102
r4103
r4104
r4105
r4106
r4107
r4109
r4110
r4111
r4112
r4113
r4114
  -empty_dir: branches/R-0-64-patches/configure.win
r4115
r4116
r4118
r4119
  -empty_dir: branches/R-0-64-patches/src/appl/eigen.c
r4121
r4122
r4123
r4124
r4125
r4126
r4127
r4128
r4129
r4132
r4133
r4137
r4138
r4139
r4140
r4141
r4142
r4143
r4145
r4146
r4147
r4148
r4149
r4150
r4151
r4153
r4154
r4155
r4156
r4158
r4160
r4161
r4169
r4170
r4171
r4172
r4174
r4175
r4178
r4185
r4186
r4187
r4188
r4189
r4191
r4192
r4193
r4194
r4195
r4197
r4198
r4201
r4202
r4203
r4204
r4205
r4206
r4207
r4209
r4210
r4211
r4212
r4214
r4216
r4217
r4218
r4219
  -empty_dir: branches/R-0-64-patches/tests/simple-tests.R
  -empty_dir: branches/R-0-64-patches/tests/simple-tests.Rout.save
r4220
r4221
r4222
r4223
r4224
  -empty_dir: branches/R-0-64-patches/etc/build-help.in
r4226
r4231
r4232
r4234
r4235
r4236
r4238
r4239
r4240
r4241
r4242
r4243
r4245
r4246
r4248
r4249
r4250
r4252
r4253
r4254
r4255
r4256
r4257
r4259
r4260
  -empty_dir: branches/R-0-64-patches/src/library/base/man/Makefile
  -empty_dir: branches/R-0-64-patches/src/library/base/man/copyright.Rd.head
  -empty_dir: branches/R-0-64-patches/src/library/base/man/copyright.Rd.tail
r4261
r4262
r4263
r4266
r4269
r4270
r4271
r4272
r4274
r4286
r4290
r4291
r4292
r4293
r4294
r4295
r4398
r4402
r4406
r4410
r4411
r4416
r4421
r4422
r4423
r4424
r4425
r4426
r4429
  +file_prop: branches/R-0-64-patches/src/gnuwin32/graphapp/gifs/cam.gif svn:mime-type application/octet-stream
  +file_prop: branches/R-0-64-patches/src/gnuwin32/graphapp/gifs/color.gif svn:mime-type application/octet-stream
  +file_prop: branches/R-0-64-patches/src/gnuwin32/graphapp/gifs/console.gif svn:mime-type application/octet-stream
  +file_prop: branches/R-0-64-patches/src/gnuwin32/graphapp/gifs/copy.gif svn:mime-type application/octet-stream
  +file_prop: branches/R-0-64-patches/src/gnuwin32/graphapp/gifs/copy2.gif svn:mime-type application/octet-stream
  +file_prop: branches/R-0-64-patches/src/gnuwin32/graphapp/gifs/copypaste.gif svn:mime-type application/octet-stream
  +file_prop: branches/R-0-64-patches/src/gnuwin32/graphapp/gifs/cut.gif svn:mime-type application/octet-stream
  +file_prop: branches/R-0-64-patches/src/gnuwin32/graphapp/gifs/erase.gif svn:mime-type application/octet-stream
  +file_prop: branches/R-0-64-patches/src/gnuwin32/graphapp/gifs/help.gif svn:mime-type application/octet-stream
  +file_prop: branches/R-0-64-patches/src/gnuwin32/graphapp/gifs/open.gif svn:mime-type application/octet-stream
  +file_prop: branches/R-0-64-patches/src/gnuwin32/graphapp/gifs/open2.gif svn:mime-type application/octet-stream
  +file_prop: branches/R-0-64-patches/src/gnuwin32/graphapp/gifs/paste.gif svn:mime-type application/octet-stream
  +file_prop: branches/R-0-64-patches/src/gnuwin32/graphapp/gifs/print.gif svn:mime-type application/octet-stream
  +file_prop: branches/R-0-64-patches/src/gnuwin32/graphapp/gifs/save.gif svn:mime-type application/octet-stream
r4430
r4432
r4433
r4434
r4435
r4436
r4437
r4438
r4439
r4440
r4442
r4444
r4445
r4446
r4447
r4450
r4451
r4452
r4453
r4455
r4456
r4457
r4458
r4460
r4461
r4463
r4464
r4466
r4467
r4468
r4469
r4470
r4472
r4473
r4474
r4475
r4476
r4477
r4478
r4479
r4480
r4481
r4483
r4484
r4485
r4487
r4488
r4489
r4490
r4491
r4492
r4493
r4495
r4496
r4497
r4498
r4499
r4500
r4501
r4502
r4503
r4505
r4506
r4507
r4508
r4509
r4510
r4511
r4512
r4514
r4516
r4517
r4518
r4519
r4520
r4521
r4522
r4523
r4524
r4525
r4527
r4528
r4529
r4530
r4531
r4532
r4533
r4534
r4535
r4536
r4537
r4538
r4539
r4540
r4542
r4543
r4544
r4545
r4546
r4547
r4549
r4550
r4551
r4553
r4554
r4555
r4556
r4558
r4559
  -empty_dir: branches/R-0-64-patches/src/gnuwin32/fixed/h/platform.h
r4560
r4561
r4563
r4565
r4566
r4568
r4569
r4570
r4572
r4574
r4586
r4588
r4589
r4590
r4591
r4595
r4597
r4598
r4599
r4600
r4601
r4602
r4604
r4608
r4609
r4610
r4612
r4614
r4616
r4618
r4623
r4628
r4630
r4633
r4634
r4636
r4637
r4638
r4639
r4643
r4644
r4646
r4648
r4651
r4659
r4660
r4661
r4670
r4673
r4674
r4677
r4678
r4686
r4688
r4692
r4693
r4695
r4697
r4700
r4702
r4713
r4722
r4728
r4729
r4730
r4734
r4738
r4741
r4744
r4753
r4756
r4757
r4759
r4772
r4777
r4781
r4784
r4785
r4786
r4787
r4794
r4797
r4799
r4801
r4803
r4804
r4808
r4814
r4817
r4820
r4823
r4825
r4828
r4829
r4830
r4838
r4852
r4862
r4865
r4866
r4871
r4880
r4883
r4885
r4889
r4899
r4900
r4901
r4902
r4905
r4907
r4908
r4909
r4910
r4924
r4926
r4930
r4931
r4934
r4935
r4937
r4940
r4941
r4942
r4943
r4947
r4949
r4950
r4951
r4952
r4953
r4954
r4956
r4960
r4961
r4963
r4964
r4965
r4966
r4967
r4969
r4972
r4973
r4974
r4975
r4976
r4977
r4978
r4979
  -empty_dir: branches/R-0-64-patches/src/gnuwin32/fixed/man/x11.Rd
r4980
r4981
r4982
r4983
r4984
r4990
r4991
r4992
r4994
r4996
r4997
r4999
r5000
r5001
r5002
r5004
r5005
r5006
r5007
r5008
r5009
r5010
r5012
r5013
r5014
r5015
r5016
r5017
r5018
r5019
r5020
r5021
r5022
r5023
r5024
r5025
r5027
r5028
r5029
r5032
r5033
r5036
r5038
r5039
r5040
r5041
r5043
r5044
r5046
r5048
r5050
r5051
r5052
r5054
r5059
r5062
r5064
r5071
r5077
r5088
r5091
r5092
r5095
r5096
r5098
r5104
r5106
r5116
r5119
r5121
r5131
r5133
r5147
r5173
r5180
r5181
r5183
r5199
r5204
r5207
r5216
r5218
r5241
r5266
r5271
r5283
r5292
r5304
r5314
r5323
r5327
r5343
r5347
r5359
r5375
r5385
r5389
r5393
r5404
r5407
r5417
r5427
r5437
r5444
r5448
r5453
r5460
r5469
r5478
r5500
r5512
r5516
r5522
r5524
r5531
r5543
r5553
r5561
r5570
r5580
r5594
r5601
r5607
r5608
r5615
r5618
r5627
r5629
r5637
