r6156
  -empty_dir: Attic
  -empty_dir: BUGS
  -empty_dir: COPYING
  -empty_dir: COPYRIGHTS
  -empty_dir: FAQ
  -empty_dir: INSTALL
  -empty_dir: MIRROR-SITES
  -empty_dir: Makeconf.in
  -empty_dir: Makefile.in
  -empty_dir: NEWS
  -empty_dir: PLATFORMS
  -empty_dir: PROJECTS
  -empty_dir: README
  -empty_dir: RESOURCES
  -empty_dir: VERSION
  -empty_dir: Y2K
  -empty_dir: aclocal.m4
  -empty_dir: afm
  -empty_dir: config.site
  -empty_dir: configure
  -empty_dir: configure.in
  -empty_dir: configure.mac
  -empty_dir: date-stamp
  -empty_dir: debian
  -empty_dir: demos
  -empty_dir: doc/KEYWORDS
  -empty_dir: doc/Makefile.in
  -empty_dir: doc/R.1
  -empty_dir: doc/Rdconv.1
  -empty_dir: doc/html/authors.html
  -empty_dir: doc/html/faq.html
  -empty_dir: doc/html/index.html
  -empty_dir: doc/html/left.jpg
  -empty_dir: doc/html/logo.jpg
  -empty_dir: doc/html/logosm.jpg
  -empty_dir: doc/html/packages-foot.html
  -empty_dir: doc/html/right.jpg
  -empty_dir: doc/html/search
  -empty_dir: doc/html/up.jpg
  -empty_dir: doc/keyword-test.in
  -empty_dir: doc/manual
  -empty_dir: etc
  -empty_dir: src
  -empty_dir: tests
  -empty_dir: tools
r6398
