r86207
r86208
r86212
r86219
  +dir_prop: branches/R-4-4-branch svn:mergeinfo /branches/R-2-12-branch:52939%2C54476%2C55265%0A/branches/R-2-13-branch:55265%2C55432%0A/branches/R-2-15-branch:58894%2C59717%0A/branches/R-3-0-branch:62497%0A/branches/R-3-1-branch:65920%0A/branches/R-3-6-branch:76839%2C77241%0A/branches/R-4-1-branch:80314%0A/branches/R-DL:69025-69313%0A/branches/R-OBJSXP:84772-85462%0A/branches/R-conflicts:75454-76247%0A/branches/R-defquartz:82652-83916%0A/branches/R-defs:77464-78758%0A/branches/R-glmscore:55360-55826%0A/branches/R-groups:80166-81095%0A/branches/R-structure:81439%0A/branches/R-symfam:78109-78182%0A/branches/R-typeset:82735-83683%0A/branches/R-ucrt:81323-81359%0A/branches/R-vecpat:81390-81922%0A/trunk:86218
r86223
r86226
  +dir_prop: branches/R-4-4-branch svn:mergeinfo /branches/R-2-12-branch:52939%2C54476%2C55265%0A/branches/R-2-13-branch:55265%2C55432%0A/branches/R-2-15-branch:58894%2C59717%0A/branches/R-3-0-branch:62497%0A/branches/R-3-1-branch:65920%0A/branches/R-3-6-branch:76839%2C77241%0A/branches/R-4-1-branch:80314%0A/branches/R-DL:69025-69313%0A/branches/R-OBJSXP:84772-85462%0A/branches/R-conflicts:75454-76247%0A/branches/R-defquartz:82652-83916%0A/branches/R-defs:77464-78758%0A/branches/R-glmscore:55360-55826%0A/branches/R-groups:80166-81095%0A/branches/R-structure:81439%0A/branches/R-symfam:78109-78182%0A/branches/R-typeset:82735-83683%0A/branches/R-ucrt:81323-81359%0A/branches/R-vecpat:81390-81922%0A/trunk:86218%2C86225
r86228
  +dir_prop: branches/R-4-4-branch svn:mergeinfo /branches/R-2-12-branch:52939%2C54476%2C55265%0A/branches/R-2-13-branch:55265%2C55432%0A/branches/R-2-15-branch:58894%2C59717%0A/branches/R-3-0-branch:62497%0A/branches/R-3-1-branch:65920%0A/branches/R-3-6-branch:76839%2C77241%0A/branches/R-4-1-branch:80314%0A/branches/R-DL:69025-69313%0A/branches/R-OBJSXP:84772-85462%0A/branches/R-conflicts:75454-76247%0A/branches/R-defquartz:82652-83916%0A/branches/R-defs:77464-78758%0A/branches/R-glmscore:55360-55826%0A/branches/R-groups:80166-81095%0A/branches/R-structure:81439%0A/branches/R-symfam:78109-78182%0A/branches/R-typeset:82735-83683%0A/branches/R-ucrt:81323-81359%0A/branches/R-vecpat:81390-81922%0A/trunk:86218%2C86225%2C86227
r86230
r86232
  +dir_prop: branches/R-4-4-branch svn:mergeinfo /branches/R-2-12-branch:52939%2C54476%2C55265%0A/branches/R-2-13-branch:55265%2C55432%0A/branches/R-2-15-branch:58894%2C59717%0A/branches/R-3-0-branch:62497%0A/branches/R-3-1-branch:65920%0A/branches/R-3-6-branch:76839%2C77241%0A/branches/R-4-1-branch:80314%0A/branches/R-DL:69025-69313%0A/branches/R-OBJSXP:84772-85462%0A/branches/R-conflicts:75454-76247%0A/branches/R-defquartz:82652-83916%0A/branches/R-defs:77464-78758%0A/branches/R-glmscore:55360-55826%0A/branches/R-groups:80166-81095%0A/branches/R-structure:81439%0A/branches/R-symfam:78109-78182%0A/branches/R-typeset:82735-83683%0A/branches/R-ucrt:81323-81359%0A/branches/R-vecpat:81390-81922%0A/trunk:86218%2C86225%2C86227%2C86231
r86237
  +dir_prop: branches/R-4-4-branch svn:mergeinfo /branches/R-2-12-branch:52939%2C54476%2C55265%0A/branches/R-2-13-branch:55265%2C55432%0A/branches/R-2-15-branch:58894%2C59717%0A/branches/R-3-0-branch:62497%0A/branches/R-3-1-branch:65920%0A/branches/R-3-6-branch:76839%2C77241%0A/branches/R-4-1-branch:80314%0A/branches/R-DL:69025-69313%0A/branches/R-OBJSXP:84772-85462%0A/branches/R-conflicts:75454-76247%0A/branches/R-defquartz:82652-83916%0A/branches/R-defs:77464-78758%0A/branches/R-glmscore:55360-55826%0A/branches/R-groups:80166-81095%0A/branches/R-structure:81439%0A/branches/R-symfam:78109-78182%0A/branches/R-typeset:82735-83683%0A/branches/R-ucrt:81323-81359%0A/branches/R-vecpat:81390-81922%0A/trunk:86218%2C86225%2C86227%2C86231%2C86236
r86238
  +dir_prop: branches/R-4-4-branch svn:mergeinfo /branches/R-2-12-branch:52939%2C54476%2C55265%0A/branches/R-2-13-branch:55265%2C55432%0A/branches/R-2-15-branch:58894%2C59717%0A/branches/R-3-0-branch:62497%0A/branches/R-3-1-branch:65920%0A/branches/R-3-6-branch:76839%2C77241%0A/branches/R-4-1-branch:80314%0A/branches/R-DL:69025-69313%0A/branches/R-OBJSXP:84772-85462%0A/branches/R-conflicts:75454-76247%0A/branches/R-defquartz:82652-83916%0A/branches/R-defs:77464-78758%0A/branches/R-glmscore:55360-55826%0A/branches/R-groups:80166-81095%0A/branches/R-structure:81439%0A/branches/R-symfam:78109-78182%0A/branches/R-typeset:82735-83683%0A/branches/R-ucrt:81323-81359%0A/branches/R-vecpat:81390-81922%0A/trunk:86218%2C86225%2C86227%2C86231%2C86235-86236
r86242
r86243
r86245
  +dir_prop: branches/R-4-4-branch svn:mergeinfo /branches/R-2-12-branch:52939%2C54476%2C55265%0A/branches/R-2-13-branch:55265%2C55432%0A/branches/R-2-15-branch:58894%2C59717%0A/branches/R-3-0-branch:62497%0A/branches/R-3-1-branch:65920%0A/branches/R-3-6-branch:76839%2C77241%0A/branches/R-4-1-branch:80314%0A/branches/R-DL:69025-69313%0A/branches/R-OBJSXP:84772-85462%0A/branches/R-conflicts:75454-76247%0A/branches/R-defquartz:82652-83916%0A/branches/R-defs:77464-78758%0A/branches/R-glmscore:55360-55826%0A/branches/R-groups:80166-81095%0A/branches/R-structure:81439%0A/branches/R-symfam:78109-78182%0A/branches/R-typeset:82735-83683%0A/branches/R-ucrt:81323-81359%0A/branches/R-vecpat:81390-81922%0A/trunk:86218%2C86225%2C86227%2C86231%2C86235-86236%2C86244
r86247
r86249
  +dir_prop: branches/R-4-4-branch svn:mergeinfo /branches/R-2-12-branch:52939%2C54476%2C55265%0A/branches/R-2-13-branch:55265%2C55432%0A/branches/R-2-15-branch:58894%2C59717%0A/branches/R-3-0-branch:62497%0A/branches/R-3-1-branch:65920%0A/branches/R-3-6-branch:76839%2C77241%0A/branches/R-4-1-branch:80314%0A/branches/R-DL:69025-69313%0A/branches/R-OBJSXP:84772-85462%0A/branches/R-conflicts:75454-76247%0A/branches/R-defquartz:82652-83916%0A/branches/R-defs:77464-78758%0A/branches/R-glmscore:55360-55826%0A/branches/R-groups:80166-81095%0A/branches/R-structure:81439%0A/branches/R-symfam:78109-78182%0A/branches/R-typeset:82735-83683%0A/branches/R-ucrt:81323-81359%0A/branches/R-vecpat:81390-81922%0A/trunk:86218%2C86225%2C86227%2C86231%2C86235-86236%2C86244%2C86248
r86251
  +dir_prop: branches/R-4-4-branch svn:mergeinfo /branches/R-2-12-branch:52939%2C54476%2C55265%0A/branches/R-2-13-branch:55265%2C55432%0A/branches/R-2-15-branch:58894%2C59717%0A/branches/R-3-0-branch:62497%0A/branches/R-3-1-branch:65920%0A/branches/R-3-6-branch:76839%2C77241%0A/branches/R-4-1-branch:80314%0A/branches/R-DL:69025-69313%0A/branches/R-OBJSXP:84772-85462%0A/branches/R-conflicts:75454-76247%0A/branches/R-defquartz:82652-83916%0A/branches/R-defs:77464-78758%0A/branches/R-glmscore:55360-55826%0A/branches/R-groups:80166-81095%0A/branches/R-structure:81439%0A/branches/R-symfam:78109-78182%0A/branches/R-typeset:82735-83683%0A/branches/R-ucrt:81323-81359%0A/branches/R-vecpat:81390-81922%0A/trunk:86218%2C86225%2C86227%2C86231%2C86235-86236%2C86244%2C86248%2C86250
r86257
  +dir_prop: branches/R-4-4-branch svn:mergeinfo /branches/R-2-12-branch:52939%2C54476%2C55265%0A/branches/R-2-13-branch:55265%2C55432%0A/branches/R-2-15-branch:58894%2C59717%0A/branches/R-3-0-branch:62497%0A/branches/R-3-1-branch:65920%0A/branches/R-3-6-branch:76839%2C77241%0A/branches/R-4-1-branch:80314%0A/branches/R-DL:69025-69313%0A/branches/R-OBJSXP:84772-85462%0A/branches/R-conflicts:75454-76247%0A/branches/R-defquartz:82652-83916%0A/branches/R-defs:77464-78758%0A/branches/R-glmscore:55360-55826%0A/branches/R-groups:80166-81095%0A/branches/R-structure:81439%0A/branches/R-symfam:78109-78182%0A/branches/R-typeset:82735-83683%0A/branches/R-ucrt:81323-81359%0A/branches/R-vecpat:81390-81922%0A/trunk:86218%2C86225%2C86227%2C86231%2C86235-86236%2C86244%2C86248%2C86250%2C86256
r86259
  +dir_prop: branches/R-4-4-branch svn:mergeinfo /branches/R-2-12-branch:52939%2C54476%2C55265%0A/branches/R-2-13-branch:55265%2C55432%0A/branches/R-2-15-branch:58894%2C59717%0A/branches/R-3-0-branch:62497%0A/branches/R-3-1-branch:65920%0A/branches/R-3-6-branch:76839%2C77241%0A/branches/R-4-1-branch:80314%0A/branches/R-DL:69025-69313%0A/branches/R-OBJSXP:84772-85462%0A/branches/R-conflicts:75454-76247%0A/branches/R-defquartz:82652-83916%0A/branches/R-defs:77464-78758%0A/branches/R-glmscore:55360-55826%0A/branches/R-groups:80166-81095%0A/branches/R-structure:81439%0A/branches/R-symfam:78109-78182%0A/branches/R-typeset:82735-83683%0A/branches/R-ucrt:81323-81359%0A/branches/R-vecpat:81390-81922%0A/trunk:86218%2C86225%2C86227%2C86231%2C86235-86236%2C86244%2C86248%2C86250%2C86256%2C86258
r86266
  +dir_prop: branches/R-4-4-branch svn:mergeinfo /branches/R-2-12-branch:52939%2C54476%2C55265%0A/branches/R-2-13-branch:55265%2C55432%0A/branches/R-2-15-branch:58894%2C59717%0A/branches/R-3-0-branch:62497%0A/branches/R-3-1-branch:65920%0A/branches/R-3-6-branch:76839%2C77241%0A/branches/R-4-1-branch:80314%0A/branches/R-DL:69025-69313%0A/branches/R-OBJSXP:84772-85462%0A/branches/R-conflicts:75454-76247%0A/branches/R-defquartz:82652-83916%0A/branches/R-defs:77464-78758%0A/branches/R-glmscore:55360-55826%0A/branches/R-groups:80166-81095%0A/branches/R-structure:81439%0A/branches/R-symfam:78109-78182%0A/branches/R-typeset:82735-83683%0A/branches/R-ucrt:81323-81359%0A/branches/R-vecpat:81390-81922%0A/trunk:86218%2C86225%2C86227%2C86231%2C86235-86236%2C86240%2C86244%2C86248%2C86250%2C86256%2C86258
r86269
  +dir_prop: branches/R-4-4-branch svn:mergeinfo /branches/R-2-12-branch:52939%2C54476%2C55265%0A/branches/R-2-13-branch:55265%2C55432%0A/branches/R-2-15-branch:58894%2C59717%0A/branches/R-3-0-branch:62497%0A/branches/R-3-1-branch:65920%0A/branches/R-3-6-branch:76839%2C77241%0A/branches/R-4-1-branch:80314%0A/branches/R-DL:69025-69313%0A/branches/R-OBJSXP:84772-85462%0A/branches/R-conflicts:75454-76247%0A/branches/R-defquartz:82652-83916%0A/branches/R-defs:77464-78758%0A/branches/R-glmscore:55360-55826%0A/branches/R-groups:80166-81095%0A/branches/R-structure:81439%0A/branches/R-symfam:78109-78182%0A/branches/R-typeset:82735-83683%0A/branches/R-ucrt:81323-81359%0A/branches/R-vecpat:81390-81922%0A/trunk:86218%2C86225%2C86227%2C86231%2C86235-86236%2C86240%2C86244%2C86248%2C86250%2C86256%2C86258%2C86268
