r9561
  -empty_dir: Attic
r9562
r9564
  -empty_dir: branches/R-1-1-patches/src/library/tcltk/src/tcl83.def
  -empty_dir: branches/R-1-1-patches/src/library/tcltk/src/tk83.def
r9565
r9566
r9567
r9570
r9571
r9572
r9574
r9575
r9579
r9580
r9583
r9584
r9586
r9588
r9589
r9590
r9591
r9592
r9593
r9595
r9598
r9600
r9601
r9602
r9603
r9604
r9605
r9614
r9619
r9620
  -empty_dir: branches/R-1-1-patches/src/library/base/man/unix/undoc.Rd
r9621
r9624
r9625
r9626
r9628
r9630
r9633
r9636
r9637
r9638
r9639
r9640
r9644
r9645
r9646
r9651
r9652
r9655
r9657
r9658
r9659
r9660
r9661
r9662
r9663
r9664
r9665
r9666
r9669
r9670
r9671
r9674
r9675
r9676
r9677
r9678
r9679
r9680
r9681
r9686
r9688
r9691
r9695
r9696
r9699
r9700
r9706
r9707
r9710
r9711
r9712
r9713
r9714
r9717
r9718
r9719
r9720
r9721
r9722
r9723
r9724
r9725
r9728
r9729
r9732
r9733
r9734
r9735
r9736
r9737
r9738
r9739
r9740
r9742
r9744
r9745
r9748
r9749
r9750
r9751
r9754
r9757
r9758
r9759
r9762
r9765
r9766
r9769
r9772
r9779
r9782
r9787
r9790
r9792
r9793
r9794
r9796
r9797
r9800
r9801
r9802
r9803
r9804
r9807
r9808
r9810
r9811
r9812
r9813
r9815
r9818
r9819
r9820
r9821
r9822
r9823
r9824
r9825
r9828
r9829
r9831
r9833
r9836
r9838
r9839
  -empty_dir: branches/R-1-1-patches/src/scripts/Rd2txt.in
r9840
r9841
r9842
r9843
r9844
r9845
r9848
r9849
r9850
r9851
r9852
r9855
r9858
r9861
r9863
r9864
r9867
r9868
r9870
r9871
r9873
r9874
r9877
r9879
r9880
r9881
r9882
r9883
r9884
r9886
r9891
r9893
r9894
r9896
r9897
r9899
r9903
r9910
r9911
r9915
r9926
r9929
r9932
r9937
r9938
r9944
r9949
r9951
r9954
r9955
r9956
r9957
r9958
r9959
r9964
r9965
r9966
r9967
r9968
r9969
r9973
r9976
r9982
r9987
r9988
r9989
r9992
r9994
r9996
r9998
r10000
r10004
r10005
r10006
r10007
r10010
r10014
r10015
r10016
r10017
r10018
r10019
r10020
r10023
r10025
r10028
r10029
r10034
r10036
r10037
r10039
r10043
r10044
r10047
r10050
r10052
r10053
r10054
r10055
r10058
r10064
r10065
r10068
r10071
r10072
r10073
r10074
r10075
r10076
r10077
r10081
r10084
r10085
r10086
r10091
r10092
r10095
r10097
r10098
r10099
r10107
r10111
r10112
r10113
r10114
r10119
r10120
r10121
r10122
r10123
r10127
r10130
r10131
r10133
r10137
r10139
r10140
r10141
r10146
r10148
r10157
r10158
r10159
r10167
r10168
r10169
r10170
r10171
r10173
r10177
r10179
r10184
r10185
r10191
r10195
r10201
r10202
r10204
r10207
r10210
r10213
r10215
r10219
r10220
r10230
r10231
r10232
r10234
r10236
r10241
r10242
r10243
r10244
r10246
r10249
r10251
r10252
r10257
r10264
r10267
r10271
r10273
r10284
r10288
r10298
r10302
r10316
r10327
r10330
r10334
r10339
r10342
r10352
r10368
r10371
r10372
r10373
r10380
r10385
r10394
r10396
r10400
r10410
r10414
r10421
r10424
r10430
r10433
r10434
r10437
r10450
r10461
r10464
r10490
r10499
r10502
r10511
r10518
r10521
r10524
r10533
r10536
r10540
r10548
r10562
r10568
r10571
r10576
r10579
r10582
r10585
r10597
r10600
r10606
r10607
r10610
r10612
r10621
r10625
r10627
r10628
r10630
r10636
r10643
r10646
r10651
r10654
r10669
r10677
r10679
r10682
r10689
r10692
r10694
r10695
r10707
r10708
r10711
r10723
r10726
r10729
r10732
r10737
r10750
r10753
r10756
r10758
r10769
r10784
r10787
r10795
r10798
r10803
r10812
r10815
r10824
r10828
r10843
r10845
r10848
r10856
r10873
r10876
r10899
r10902
r10911
r10914
r10931
r10934
r10945
r10947
r10950
r10956
r10959
r10965
r10966
r10970
r10979
r10985
r10994
r10998
r11001
r11005
r11011
r11026
r11029
r11032
r11035
r11038
r11051
r11054
r11060
r11079
r11087
r11090
r11104
r11107
r11114
r11123
r11126
r11133
r11151
r11153
r11162
r11165
r11190
r11193
r11213
r11216
r11234
r11238
r11261
r11273
r11276
r11290
r11293
r11304
r11307
r11313
r11316
r11321
r11325
r11327
r11332
r11345
r11352
r11355
r11364
r11373
r11395
r11407
r11410
r11415
r11418
r11421
r11423
r11427
r11428
r11431
r11439
r11442
r11448
r11451
r11458
r11461
r11464
r11487
r11501
r11504
r11524
r11537
r11553
r11556
r11567
r11571
r11572
r11583
r11586
r11600
r11611
r11614
r11615
r11638
r11641
r11670
r11675
r11678
r11701
r11706
r11715
r11718
r11729
r11730
r11733
r11750
r11758
r11761
r11764
r11774
r11783
r11788
r11794
r11799
r11806
r11821
r11825
r11831
r11836
r11849
r11866
r11886
r11901
