r4
  -empty_dir: CHANGES
  -empty_dir: COPYING
  -empty_dir: COPYRIGHTS
  -empty_dir: INSTALL
  -empty_dir: MIRROR-SITES
  -empty_dir: Makefile.in
  -empty_dir: PLATFORMS
  -empty_dir: PROJECTS
  -empty_dir: R.1
  -empty_dir: README
  -empty_dir: RESOURCES
  -empty_dir: TASKS
  -empty_dir: afm
  -empty_dir: cmd/filename
  -empty_dir: cmd/fwf2table.in
  -empty_dir: cmd/help
  -empty_dir: cmd/loadpath
  -empty_dir: cmd/pager
  -empty_dir: config.site
  -empty_dir: configure
  -empty_dir: configure.in
  -empty_dir: configure.mac
  -empty_dir: configure.win
  -empty_dir: demos/dynload
  -empty_dir: doc
  -empty_dir: etc/COMPILE.in
  -empty_dir: etc/INSTALL.in
  -empty_dir: etc/Makefile
  -empty_dir: etc/Rd.files
  -empty_dir: etc/Rd2txt
  -empty_dir: etc/Rdconv.in
  -empty_dir: etc/Rdindex.in
  -empty_dir: etc/Rman2Rd.in
  -empty_dir: etc/SHLIB.in
  -empty_dir: etc/Sd2Rd.in
  -empty_dir: etc/build-allhelp
  -empty_dir: etc/colors.big
  -empty_dir: etc/colors.small
  -empty_dir: etc/config.guess
  -empty_dir: etc/config.sub
  -empty_dir: etc/install-sh
  -empty_dir: etc/massage-Examples
  -empty_dir: etc/older-stuff
  -empty_dir: etc/tasks
  -empty_dir: html/authors.html
  -empty_dir: html/copying.html
  -empty_dir: html/index.html
  -empty_dir: html/intro.html
  -empty_dir: html/notdone.html
  -empty_dir: html/tech
  -empty_dir: html/test
  -empty_dir: html/thanks.html
  -empty_dir: src/GETSYMBOLS
  -empty_dir: src/Makefile
  -empty_dir: src/appl
  -empty_dir: src/appl.c
  -empty_dir: src/appl.f
  -empty_dir: src/appl.new
  -empty_dir: src/front
  -empty_dir: src/graphics/Makefile.in
  -empty_dir: src/graphics/gdevice.c
  -empty_dir: src/include/Arith.h
  -empty_dir: src/include/Blas.h
  -empty_dir: src/include/Defn.h
  -empty_dir: src/include/Errormsg.h
  -empty_dir: src/include/Fileio.h
  -empty_dir: src/include/Fortran.h
  -empty_dir: src/include/Graphics.h
  -empty_dir: src/include/Linpack.h
  -empty_dir: src/include/Mathlib.h
  -empty_dir: src/include/Platform.h.in
  -empty_dir: src/include/Print.h
  -empty_dir: src/include/Statdecl.h
  -empty_dir: src/include/Stattab.h
  -empty_dir: src/include/f2c.h
  -empty_dir: src/library/LIBCLEAN.in
  -empty_dir: src/library/Makefile
  -empty_dir: src/library/base/INDEX
  -empty_dir: src/library/base/Makefile
  -empty_dir: src/library/base/R/abline
  -empty_dir: src/library/base/R/aperm
  -empty_dir: src/library/base/R/append
  -empty_dir: src/library/base/R/apply
  -empty_dir: src/library/base/R/approx
  -empty_dir: src/library/base/R/approxfun
  -empty_dir: src/library/base/R/apropos
  -empty_dir: src/library/base/R/array
  -empty_dir: src/library/base/R/arrows
  -empty_dir: src/library/base/R/as
  -empty_dir: src/library/base/R/assign
  -empty_dir: src/library/base/R/attach
  -empty_dir: src/library/base/R/autoload
  -empty_dir: src/library/base/R/ave
  -empty_dir: src/library/base/R/axis
  -empty_dir: src/library/base/R/backsolve
  -empty_dir: src/library/base/R/barplot
  -empty_dir: src/library/base/R/box
  -empty_dir: src/library/base/R/boxplot
  -empty_dir: src/library/base/R/builtins
  -empty_dir: src/library/base/R/c
  -empty_dir: src/library/base/R/cat
  -empty_dir: src/library/base/R/character
  -empty_dir: src/library/base/R/chisq.test
  -empty_dir: src/library/base/R/chol
  -empty_dir: src/library/base/R/colnames
  -empty_dir: src/library/base/R/colorstuff
  -empty_dir: src/library/base/R/complete.cases
  -empty_dir: src/library/base/R/constants
  -empty_dir: src/library/base/R/contour
  -empty_dir: src/library/base/R/contrast
  -empty_dir: src/library/base/R/coplot
  -empty_dir: src/library/base/R/cor
  -empty_dir: src/library/base/R/cov
  -empty_dir: src/library/base/R/curve
  -empty_dir: src/library/base/R/cut
  -empty_dir: src/library/base/R/data.matrix
  -empty_dir: src/library/base/R/dataframe
  -empty_dir: src/library/base/R/de
  -empty_dir: src/library/base/R/delay
  -empty_dir: src/library/base/R/density
  -empty_dir: src/library/base/R/diag
  -empty_dir: src/library/base/R/diff
  -empty_dir: src/library/base/R/distn
  -empty_dir: src/library/base/R/dotplot
  -empty_dir: src/library/base/R/dput
  -empty_dir: src/library/base/R/dump
  -empty_dir: src/library/base/R/dynload
  -empty_dir: src/library/base/R/edit
  -empty_dir: src/library/base/R/eigen
  -empty_dir: src/library/base/R/environment
  -empty_dir: src/library/base/R/eval
  -empty_dir: src/library/base/R/exists
  -empty_dir: src/library/base/R/factor
  -empty_dir: src/library/base/R/family
  -empty_dir: src/library/base/R/fft
  -empty_dir: src/library/base/R/fivenum
  -empty_dir: src/library/base/R/fix
  -empty_dir: src/library/base/R/formals
  -empty_dir: src/library/base/R/format
  -empty_dir: src/library/base/R/get
  -empty_dir: src/library/base/R/gl
  -empty_dir: src/library/base/R/glm
  -empty_dir: src/library/base/R/graphics.off
  -empty_dir: src/library/base/R/grep
  -empty_dir: src/library/base/R/grid
  -empty_dir: src/library/base/R/help.start
  -empty_dir: src/library/base/R/hist
  -empty_dir: src/library/base/R/htest
  -empty_dir: src/library/base/R/identify
  -empty_dir: src/library/base/R/ifelse
  -empty_dir: src/library/base/R/image
  -empty_dir: src/library/base/R/iqr
  -empty_dir: src/library/base/R/is
  -empty_dir: src/library/base/R/lapply
  -empty_dir: src/library/base/R/legend
  -empty_dir: src/library/base/R/library
  -empty_dir: src/library/base/R/license
  -empty_dir: src/library/base/R/lines
  -empty_dir: src/library/base/R/lm
  -empty_dir: src/library/base/R/lm.influence
  -empty_dir: src/library/base/R/load
  -empty_dir: src/library/base/R/locator
  -empty_dir: src/library/base/R/log
  -empty_dir: src/library/base/R/lower.tri
  -empty_dir: src/library/base/R/lowess
  -empty_dir: src/library/base/R/lsfit
  -empty_dir: src/library/base/R/macintosh
  -empty_dir: src/library/base/R/mad
  -empty_dir: src/library/base/R/match
  -empty_dir: src/library/base/R/matplot
  -empty_dir: src/library/base/R/matrix
  -empty_dir: src/library/base/R/mean
  -empty_dir: src/library/base/R/median
  -empty_dir: src/library/base/R/menu
  -empty_dir: src/library/base/R/mode
  -empty_dir: src/library/base/R/models
  -empty_dir: src/library/base/R/mtext
  -empty_dir: src/library/base/R/names
  -empty_dir: src/library/base/R/nlm
  -empty_dir: src/library/base/R/objects
  -empty_dir: src/library/base/R/options
  -empty_dir: src/library/base/R/outer
  -empty_dir: src/library/base/R/pairs
  -empty_dir: src/library/base/R/par
  -empty_dir: src/library/base/R/parse
  -empty_dir: src/library/base/R/paste
  -empty_dir: src/library/base/R/pictex
  -empty_dir: src/library/base/R/piechart
  -empty_dir: src/library/base/R/plot
  -empty_dir: src/library/base/R/pmax
  -empty_dir: src/library/base/R/pmin
  -empty_dir: src/library/base/R/points
  -empty_dir: src/library/base/R/polygon
  -empty_dir: src/library/base/R/postscript
  -empty_dir: src/library/base/R/ppoints
  -empty_dir: src/library/base/R/predict
  -empty_dir: src/library/base/R/pretty
  -empty_dir: src/library/base/R/print
  -empty_dir: src/library/base/R/prompt
  -empty_dir: src/library/base/R/qqnorm
  -empty_dir: src/library/base/R/qqplot
  -empty_dir: src/library/base/R/qr
  -empty_dir: src/library/base/R/quantile
  -empty_dir: src/library/base/R/quit
  -empty_dir: src/library/base/R/range
  -empty_dir: src/library/base/R/read
  -empty_dir: src/library/base/R/readtable
  -empty_dir: src/library/base/R/rect
  -empty_dir: src/library/base/R/rep
  -empty_dir: src/library/base/R/replace
  -empty_dir: src/library/base/R/rev
  -empty_dir: src/library/base/R/rm
  -empty_dir: src/library/base/R/rownames
  -empty_dir: src/library/base/R/sample
  -empty_dir: src/library/base/R/sapply
  -empty_dir: src/library/base/R/scale
  -empty_dir: src/library/base/R/scan
  -empty_dir: src/library/base/R/sd
  -empty_dir: src/library/base/R/segments
  -empty_dir: src/library/base/R/seq
  -empty_dir: src/library/base/R/solve
  -empty_dir: src/library/base/R/sort
  -empty_dir: src/library/base/R/source
  -empty_dir: src/library/base/R/spline
  -empty_dir: src/library/base/R/splinefun
  -empty_dir: src/library/base/R/split
  -empty_dir: src/library/base/R/stem
  -empty_dir: src/library/base/R/stripplot
  -empty_dir: src/library/base/R/structure
  -empty_dir: src/library/base/R/strwidth
  -empty_dir: src/library/base/R/summaries
  -empty_dir: src/library/base/R/summary
  -empty_dir: src/library/base/R/svd
  -empty_dir: src/library/base/R/sweep
  -empty_dir: src/library/base/R/switch
  -empty_dir: src/library/base/R/sys
  -empty_dir: src/library/base/R/system.unix
  -empty_dir: src/library/base/R/system.win
  -empty_dir: src/library/base/R/table
  -empty_dir: src/library/base/R/tabulate
  -empty_dir: src/library/base/R/tapply
  -empty_dir: src/library/base/R/text
  -empty_dir: src/library/base/R/title
  -empty_dir: src/library/base/R/traceback
  -empty_dir: src/library/base/R/trunc
  -empty_dir: src/library/base/R/ts
  -empty_dir: src/library/base/R/ttest
  -empty_dir: src/library/base/R/units
  -empty_dir: src/library/base/R/upper.tri
  -empty_dir: src/library/base/R/utilities
  -empty_dir: src/library/base/R/var
  -empty_dir: src/library/base/R/vector
  -empty_dir: src/library/base/R/which
  -empty_dir: src/library/base/R/windows.sav
  -empty_dir: src/library/base/R/write
  -empty_dir: src/library/base/R/x11
  -empty_dir: src/library/base/R/xor
  -empty_dir: src/library/base/TITLE
  -empty_dir: src/library/base/man/Arithmetic.Rd
  -empty_dir: src/library/base/man/Beta.Rd
  -empty_dir: src/library/base/man/Binomial.Rd
  -empty_dir: src/library/base/man/Cauchy.Rd
  -empty_dir: src/library/base/man/Chisquare.Rd
  -empty_dir: src/library/base/man/Comparison.Rd
  -empty_dir: src/library/base/man/Constants.Rd
  -empty_dir: src/library/base/man/Control.Rd
  -empty_dir: src/library/base/man/Devices.Rd
  -empty_dir: src/library/base/man/Exponential.Rd
  -empty_dir: src/library/base/man/Extract.Rd
  -empty_dir: src/library/base/man/Extremes.Rd
  -empty_dir: src/library/base/man/F.Rd
  -empty_dir: src/library/base/man/Foreign.Rd
  -empty_dir: src/library/base/man/GammaDist.Rd
  -empty_dir: src/library/base/man/Geometric.Rd
  -empty_dir: src/library/base/man/Hyperbolic.Rd
  -empty_dir: src/library/base/man/Hypergeometric.Rd
  -empty_dir: src/library/base/man/IQR.Rd
  -empty_dir: src/library/base/man/Internal.Rd
  -empty_dir: src/library/base/man/Log.Rd
  -empty_dir: src/library/base/man/Logic.Rd
  -empty_dir: src/library/base/man/Logistic.Rd
  -empty_dir: src/library/base/man/Lognormal.Rd
  -empty_dir: src/library/base/man/Math.Rd
  -empty_dir: src/library/base/man/NA.Rd
  -empty_dir: src/library/base/man/NChisquare.Rd
  -empty_dir: src/library/base/man/NULL.Rd
  -empty_dir: src/library/base/man/NegBinomial.Rd
  -empty_dir: src/library/base/man/Normal.Rd
  -empty_dir: src/library/base/man/Poisson.Rd
  -empty_dir: src/library/base/man/Random.Rd
  -empty_dir: src/library/base/man/Round.Rd
  -empty_dir: src/library/base/man/Special.Rd
  -empty_dir: src/library/base/man/T.Rd
  -empty_dir: src/library/base/man/Trig.Rd
  -empty_dir: src/library/base/man/Uniform.Rd
  -empty_dir: src/library/base/man/Weibull.Rd
  -empty_dir: src/library/base/man/abbreviate.Rd
  -empty_dir: src/library/base/man/abline.Rd
  -empty_dir: src/library/base/man/all.Rd
  -empty_dir: src/library/base/man/anova.Rd
  -empty_dir: src/library/base/man/aperm.Rd
  -empty_dir: src/library/base/man/append.Rd
  -empty_dir: src/library/base/man/apply.Rd
  -empty_dir: src/library/base/man/approxfun.Rd
  -empty_dir: src/library/base/man/apropos.Rd
  -empty_dir: src/library/base/man/args.Rd
  -empty_dir: src/library/base/man/array.Rd
  -empty_dir: src/library/base/man/arrows.Rd
  -empty_dir: src/library/base/man/assign.Rd
  -empty_dir: src/library/base/man/attach.Rd
  -empty_dir: src/library/base/man/attr.Rd
  -empty_dir: src/library/base/man/attributes.Rd
  -empty_dir: src/library/base/man/autoload.Rd
  -empty_dir: src/library/base/man/axis.Rd
  -empty_dir: src/library/base/man/backsolve.Rd
  -empty_dir: src/library/base/man/barplot.Rd
  -empty_dir: src/library/base/man/box.Rd
  -empty_dir: src/library/base/man/boxplot.Rd
  -empty_dir: src/library/base/man/boxplot.stats.Rd
  -empty_dir: src/library/base/man/browser.Rd
  -empty_dir: src/library/base/man/bxp.Rd
  -empty_dir: src/library/base/man/c.Rd
  -empty_dir: src/library/base/man/call.Rd
  -empty_dir: src/library/base/man/cat.Rd
  -empty_dir: src/library/base/man/cbind.Rd
  -empty_dir: src/library/base/man/character.Rd
  -empty_dir: src/library/base/man/chisq.test.Rd
  -empty_dir: src/library/base/man/chol.Rd
  -empty_dir: src/library/base/man/chol2inv.Rd
  -empty_dir: src/library/base/man/class.Rd
  -empty_dir: src/library/base/man/codes.Rd
  -empty_dir: src/library/base/man/coefficients.Rd
  -empty_dir: src/library/base/man/col.Rd
  -empty_dir: src/library/base/man/colnames.Rd
  -empty_dir: src/library/base/man/colors.Rd
  -empty_dir: src/library/base/man/complete.cases.Rd
  -empty_dir: src/library/base/man/complex.Rd
  -empty_dir: src/library/base/man/contour.Rd
  -empty_dir: src/library/base/man/contrast.Rd
  -empty_dir: src/library/base/man/contrasts.Rd
  -empty_dir: src/library/base/man/convolve.Rd
  -empty_dir: src/library/base/man/coplot.Rd
  -empty_dir: src/library/base/man/cor.Rd
  -empty_dir: src/library/base/man/crossprod.Rd
  -empty_dir: src/library/base/man/cumsum.Rd
  -empty_dir: src/library/base/man/curve.Rd
  -empty_dir: src/library/base/man/cut.Rd
  -empty_dir: src/library/base/man/data.Rd
  -empty_dir: src/library/base/man/data.class.Rd
  -empty_dir: src/library/base/man/data.frame.Rd
  -empty_dir: src/library/base/man/data.matrix.Rd
  -empty_dir: src/library/base/man/dataentry.Rd
  -empty_dir: src/library/base/man/debug.Rd
  -empty_dir: src/library/base/man/delay.Rd
  -empty_dir: src/library/base/man/density.Rd
  -empty_dir: src/library/base/man/deparse.Rd
  -empty_dir: src/library/base/man/deriv.Rd
  -empty_dir: src/library/base/man/detach.Rd
  -empty_dir: src/library/base/man/deviance.Rd
  -empty_dir: src/library/base/man/df.residual.Rd
  -empty_dir: src/library/base/man/diag.Rd
  -empty_dir: src/library/base/man/diff.Rd
  -empty_dir: src/library/base/man/dim.Rd
  -empty_dir: src/library/base/man/dimnames.Rd
  -empty_dir: src/library/base/man/dotplot.Rd
  -empty_dir: src/library/base/man/double.Rd
  -empty_dir: src/library/base/man/dput.Rd
  -empty_dir: src/library/base/man/drop.Rd
  -empty_dir: src/library/base/man/dump.Rd
  -empty_dir: src/library/base/man/duplicated.Rd
  -empty_dir: src/library/base/man/dynload.Rd
  -empty_dir: src/library/base/man/edit.Rd
  -empty_dir: src/library/base/man/eigen.Rd
  -empty_dir: src/library/base/man/environment.Rd
  -empty_dir: src/library/base/man/eval.Rd
  -empty_dir: src/library/base/man/exists.Rd
  -empty_dir: src/library/base/man/expression.Rd
  -empty_dir: src/library/base/man/factor.Rd
  -empty_dir: src/library/base/man/family.Rd
  -empty_dir: src/library/base/man/fft.Rd
  -empty_dir: src/library/base/man/fitted.values.Rd
  -empty_dir: src/library/base/man/fivenum.Rd
  -empty_dir: src/library/base/man/formals.Rd
  -empty_dir: src/library/base/man/format.Rd
  -empty_dir: src/library/base/man/formatc.Rd
  -empty_dir: src/library/base/man/formula.Rd
  -empty_dir: src/library/base/man/frame.Rd
  -empty_dir: src/library/base/man/function.Rd
  -empty_dir: src/library/base/man/gc.Rd
  -empty_dir: src/library/base/man/get.Rd
  -empty_dir: src/library/base/man/gl.Rd
  -empty_dir: src/library/base/man/glm.Rd
  -empty_dir: src/library/base/man/graphics.off.Rd
  -empty_dir: src/library/base/man/gray.Rd
  -empty_dir: src/library/base/man/grep.Rd
  -empty_dir: src/library/base/man/help.Rd
  -empty_dir: src/library/base/man/hist.Rd
  -empty_dir: src/library/base/man/hsv.Rd
  -empty_dir: src/library/base/man/identify.Rd
  -empty_dir: src/library/base/man/ifelse.Rd
  -empty_dir: src/library/base/man/image.Rd
  -empty_dir: src/library/base/man/influence.measures.Rd
  -empty_dir: src/library/base/man/integer.Rd
  -empty_dir: src/library/base/man/interactive.Rd
  -empty_dir: src/library/base/man/invisible.Rd
  -empty_dir: src/library/base/man/is.atomic.Rd
  -empty_dir: src/library/base/man/is.finite.Rd
  -empty_dir: src/library/base/man/is.function.Rd
  -empty_dir: src/library/base/man/is.language.Rd
  -empty_dir: src/library/base/man/is.recursive.Rd
  -empty_dir: src/library/base/man/is.single.Rd
  -empty_dir: src/library/base/man/lapply.Rd
  -empty_dir: src/library/base/man/legend.Rd
  -empty_dir: src/library/base/man/length.Rd
  -empty_dir: src/library/base/man/levels.Rd
  -empty_dir: src/library/base/man/library.Rd
  -empty_dir: src/library/base/man/license.Rd
  -empty_dir: src/library/base/man/lines.Rd
  -empty_dir: src/library/base/man/list.Rd
  -empty_dir: src/library/base/man/lm.Rd
  -empty_dir: src/library/base/man/lm.influence.Rd
  -empty_dir: src/library/base/man/load.Rd
  -empty_dir: src/library/base/man/locator.Rd
  -empty_dir: src/library/base/man/logical.Rd
  -empty_dir: src/library/base/man/lower.tri.Rd
  -empty_dir: src/library/base/man/lowess.Rd
  -empty_dir: src/library/base/man/ls.Rd
  -empty_dir: src/library/base/man/ls.diag.Rd
  -empty_dir: src/library/base/man/ls.print.Rd
  -empty_dir: src/library/base/man/lsfit.Rd
  -empty_dir: src/library/base/man/machine.Rd
  -empty_dir: src/library/base/man/macintosh.Rd
  -empty_dir: src/library/base/man/mad.Rd
  -empty_dir: src/library/base/man/match.Rd
  -empty_dir: src/library/base/man/matplot.Rd
  -empty_dir: src/library/base/man/matrix.Rd
  -empty_dir: src/library/base/man/mean.Rd
  -empty_dir: src/library/base/man/median.Rd
  -empty_dir: src/library/base/man/methods.Rd
  -empty_dir: src/library/base/man/missing.Rd
  -empty_dir: src/library/base/man/mode.Rd
  -empty_dir: src/library/base/man/model.frame.Rd
  -empty_dir: src/library/base/man/model.matrix.Rd
  -empty_dir: src/library/base/man/mtext.Rd
  -empty_dir: src/library/base/man/na.action.Rd
  -empty_dir: src/library/base/man/name.Rd
  -empty_dir: src/library/base/man/names.Rd
  -empty_dir: src/library/base/man/nargs.Rd
  -empty_dir: src/library/base/man/nchar.Rd
  -empty_dir: src/library/base/man/nextn.Rd
  -empty_dir: src/library/base/man/nlevels.Rd
  -empty_dir: src/library/base/man/nlm.Rd
  -empty_dir: src/library/base/man/nrow.Rd
  -empty_dir: src/library/base/man/numeric.Rd
  -empty_dir: src/library/base/man/on.exit.Rd
  -empty_dir: src/library/base/man/optimize.Rd
  -empty_dir: src/library/base/man/options.Rd
  -empty_dir: src/library/base/man/order.Rd
  -empty_dir: src/library/base/man/outer.Rd
  -empty_dir: src/library/base/man/pairs.Rd
  -empty_dir: src/library/base/man/palette.Rd
  -empty_dir: src/library/base/man/palettes.Rd
  -empty_dir: src/library/base/man/par.Rd
  -empty_dir: src/library/base/man/parse.Rd
  -empty_dir: src/library/base/man/paste.Rd
  -empty_dir: src/library/base/man/pictex.Rd
  -empty_dir: src/library/base/man/piechart.Rd
  -empty_dir: src/library/base/man/plot.Rd
  -empty_dir: src/library/base/man/plot.xy.Rd
  -empty_dir: src/library/base/man/plotdefault.Rd
  -empty_dir: src/library/base/man/pmatch.Rd
  -empty_dir: src/library/base/man/points.Rd
  -empty_dir: src/library/base/man/polygon.Rd
  -empty_dir: src/library/base/man/polyroot.Rd
  -empty_dir: src/library/base/man/postscript.Rd
  -empty_dir: src/library/base/man/ppoints.Rd
  -empty_dir: src/library/base/man/pretty.Rd
  -empty_dir: src/library/base/man/print.Rd
  -empty_dir: src/library/base/man/print.default.Rd
  -empty_dir: src/library/base/man/prod.Rd
  -empty_dir: src/library/base/man/prompt.Rd
  -empty_dir: src/library/base/man/qqnorm.Rd
  -empty_dir: src/library/base/man/qr.Rd
  -empty_dir: src/library/base/man/quantile.Rd
  -empty_dir: src/library/base/man/quit.Rd
  -empty_dir: src/library/base/man/range.Rd
  -empty_dir: src/library/base/man/rank.Rd
  -empty_dir: src/library/base/man/rbind.Rd
  -empty_dir: src/library/base/man/read.table.Rd
  -empty_dir: src/library/base/man/real.Rd
  -empty_dir: src/library/base/man/rect.Rd
  -empty_dir: src/library/base/man/remove.Rd
  -empty_dir: src/library/base/man/rep.Rd
  -empty_dir: src/library/base/man/replace.Rd
  -empty_dir: src/library/base/man/residuals.Rd
  -empty_dir: src/library/base/man/rev.Rd
  -empty_dir: src/library/base/man/rgb.Rd
  -empty_dir: src/library/base/man/row.Rd
  -empty_dir: src/library/base/man/rownames.Rd
  -empty_dir: src/library/base/man/sample.Rd
  -empty_dir: src/library/base/man/save.Rd
  -empty_dir: src/library/base/man/scale.Rd
  -empty_dir: src/library/base/man/scan.Rd
  -empty_dir: src/library/base/man/sd.Rd
  -empty_dir: src/library/base/man/seq.Rd
  -empty_dir: src/library/base/man/sequence.Rd
  -empty_dir: src/library/base/man/solve.Rd
  -empty_dir: src/library/base/man/sort.Rd
  -empty_dir: src/library/base/man/source.Rd
  -empty_dir: src/library/base/man/splinefun.Rd
  -empty_dir: src/library/base/man/split.Rd
  -empty_dir: src/library/base/man/stem.Rd
  -empty_dir: src/library/base/man/stop.Rd
  -empty_dir: src/library/base/man/stripplot.Rd
  -empty_dir: src/library/base/man/strsplit.Rd
  -empty_dir: src/library/base/man/structure.Rd
  -empty_dir: src/library/base/man/strwidth.Rd
  -empty_dir: src/library/base/man/substitute.Rd
  -empty_dir: src/library/base/man/substr.Rd
  -empty_dir: src/library/base/man/sum.Rd
  -empty_dir: src/library/base/man/summary.Rd
  -empty_dir: src/library/base/man/svd.Rd
  -empty_dir: src/library/base/man/sweep.Rd
  -empty_dir: src/library/base/man/switch.Rd
  -empty_dir: src/library/base/man/sys.parent.Rd
  -empty_dir: src/library/base/man/system.Rd
  -empty_dir: src/library/base/man/system.date.Rd
  -empty_dir: src/library/base/man/system.time.Rd
  -empty_dir: src/library/base/man/t.Rd
  -empty_dir: src/library/base/man/t.test.Rd
  -empty_dir: src/library/base/man/table.Rd
  -empty_dir: src/library/base/man/tabulate.Rd
  -empty_dir: src/library/base/man/tapply.Rd
  -empty_dir: src/library/base/man/terms.Rd
  -empty_dir: src/library/base/man/text.Rd
  -empty_dir: src/library/base/man/time.Rd
  -empty_dir: src/library/base/man/title.Rd
  -empty_dir: src/library/base/man/trace.Rd
  -empty_dir: src/library/base/man/ts.Rd
  -empty_dir: src/library/base/man/typeof.Rd
  -empty_dir: src/library/base/man/unique.Rd
  -empty_dir: src/library/base/man/uniroot.Rd
  -empty_dir: src/library/base/man/units.Rd
  -empty_dir: src/library/base/man/unlink.Rd
  -empty_dir: src/library/base/man/unlist.Rd
  -empty_dir: src/library/base/man/var.Rd
  -empty_dir: src/library/base/man/vector.Rd
  -empty_dir: src/library/base/man/warning.Rd
  -empty_dir: src/library/base/man/weighted.mean.Rd
  -empty_dir: src/library/base/man/window.Rd
  -empty_dir: src/library/base/man/write.Rd
  -empty_dir: src/library/base/man/x11.Rd
  -empty_dir: src/library/base/man/xy.coords.Rd
  -empty_dir: src/library/eda
  -empty_dir: src/library/mva
  -empty_dir: src/library/profile
  -empty_dir: src/macintosh
  -empty_dir: src/main
  -empty_dir: src/math
  -empty_dir: src/regex
  -empty_dir: src/unix
  -empty_dir: src/windows
r374
