r5056
  -empty_dir: Attic
  -empty_dir: BUGS
  -empty_dir: COPYING
  -empty_dir: COPYRIGHTS
  -empty_dir: FAQ
  -empty_dir: INSTALL
  -empty_dir: MIRROR-SITES
  -empty_dir: Makeconf.in
  -empty_dir: Makefile.in
  -empty_dir: NEWS
  -empty_dir: PLATFORMS
  -empty_dir: PROJECTS
  -empty_dir: README
  -empty_dir: RESOURCES
  -empty_dir: TASKS
  -empty_dir: Y2K
  -empty_dir: aclocal.m4
  -empty_dir: afm
  -empty_dir: config.site
  -empty_dir: configure
  -empty_dir: configure.in
  -empty_dir: configure.mac
  -empty_dir: configure.win
  -empty_dir: date-stamp
  -empty_dir: debian
  -empty_dir: demos
  -empty_dir: doc
  -empty_dir: etc
  -empty_dir: src/Makefile.in
  -empty_dir: src/appl
  -empty_dir: src/f2clib
  -empty_dir: src/gnome
  -empty_dir: src/gnuwin32
  -empty_dir: src/include
  -empty_dir: src/library/Makefile.in
  -empty_dir: src/library/base/INDEX
  -empty_dir: src/library/base/Makefile.in
  -empty_dir: src/library/base/R/Bessel.R
  -empty_dir: src/library/base/R/C.R
  -empty_dir: src/library/base/R/Defunct.R
  -empty_dir: src/library/base/R/Deprecated.R
  -empty_dir: src/library/base/R/New-Internal.R
  -empty_dir: src/library/base/R/RNG.R
  -empty_dir: src/library/base/R/abline.R
  -empty_dir: src/library/base/R/add.R
  -empty_dir: src/library/base/R/aggregate.R
  -empty_dir: src/library/base/R/allnames.R
  -empty_dir: src/library/base/R/anova.R
  -empty_dir: src/library/base/R/aov.R
  -empty_dir: src/library/base/R/aperm.R
  -empty_dir: src/library/base/R/append.R
  -empty_dir: src/library/base/R/apply.R
  -empty_dir: src/library/base/R/approx.R
  -empty_dir: src/library/base/R/approxfun.R
  -empty_dir: src/library/base/R/apropos.R
  -empty_dir: src/library/base/R/array.R
  -empty_dir: src/library/base/R/arrows.R
  -empty_dir: src/library/base/R/as.R
  -empty_dir: src/library/base/R/assign.R
  -empty_dir: src/library/base/R/attach.R
  -empty_dir: src/library/base/R/attr.R
  -empty_dir: src/library/base/R/autoload.R
  -empty_dir: src/library/base/R/ave.R
  -empty_dir: src/library/base/R/axis.R
  -empty_dir: src/library/base/R/backsolve.R
  -empty_dir: src/library/base/R/barplot.R
  -empty_dir: src/library/base/R/box.R
  -empty_dir: src/library/base/R/boxplot.R
  -empty_dir: src/library/base/R/bug.report.R
  -empty_dir: src/library/base/R/builtins.R
  -empty_dir: src/library/base/R/cat.R
  -empty_dir: src/library/base/R/character.R
  -empty_dir: src/library/base/R/chisq.test.R
  -empty_dir: src/library/base/R/chol.R
  -empty_dir: src/library/base/R/chull.R
  -empty_dir: src/library/base/R/colorstuff.R
  -empty_dir: src/library/base/R/complete.cases.R
  -empty_dir: src/library/base/R/conflicts.R
  -empty_dir: src/library/base/R/constants.R
  -empty_dir: src/library/base/R/contour.R
  -empty_dir: src/library/base/R/contr.poly.R
  -empty_dir: src/library/base/R/contrast.R
  -empty_dir: src/library/base/R/coplot.R
  -empty_dir: src/library/base/R/cor.R
  -empty_dir: src/library/base/R/cov.R
  -empty_dir: src/library/base/R/cov.wt.R
  -empty_dir: src/library/base/R/curve.R
  -empty_dir: src/library/base/R/cut.R
  -empty_dir: src/library/base/R/data.R
  -empty_dir: src/library/base/R/data.matrix.R
  -empty_dir: src/library/base/R/dataframe.R
  -empty_dir: src/library/base/R/de.R
  -empty_dir: src/library/base/R/delay.R
  -empty_dir: src/library/base/R/density.R
  -empty_dir: src/library/base/R/device.R
  -empty_dir: src/library/base/R/diag.R
  -empty_dir: src/library/base/R/diff.R
  -empty_dir: src/library/base/R/distn.R
  -empty_dir: src/library/base/R/dotplot.R
  -empty_dir: src/library/base/R/dput.R
  -empty_dir: src/library/base/R/dummy.coef.R
  -empty_dir: src/library/base/R/dump.R
  -empty_dir: src/library/base/R/dynload.R
  -empty_dir: src/library/base/R/edit.R
  -empty_dir: src/library/base/R/eigen.R
  -empty_dir: src/library/base/R/environment.R
  -empty_dir: src/library/base/R/eval.R
  -empty_dir: src/library/base/R/exists.R
  -empty_dir: src/library/base/R/expand.grid.R
  -empty_dir: src/library/base/R/factor.R
  -empty_dir: src/library/base/R/family.R
  -empty_dir: src/library/base/R/fft.R
  -empty_dir: src/library/base/R/file.R
  -empty_dir: src/library/base/R/filled.contour.R
  -empty_dir: src/library/base/R/fivenum.R
  -empty_dir: src/library/base/R/fix.R
  -empty_dir: src/library/base/R/formals.R
  -empty_dir: src/library/base/R/format.R
  -empty_dir: src/library/base/R/frametools.R
  -empty_dir: src/library/base/R/get.R
  -empty_dir: src/library/base/R/gl.R
  -empty_dir: src/library/base/R/glm.R
  -empty_dir: src/library/base/R/glmnull.R
  -empty_dir: src/library/base/R/grep.R
  -empty_dir: src/library/base/R/grid.R
  -empty_dir: src/library/base/R/hdf5.R
  -empty_dir: src/library/base/R/help.R
  -empty_dir: src/library/base/R/hist.R
  -empty_dir: src/library/base/R/htest.R
  -empty_dir: src/library/base/R/identify.R
  -empty_dir: src/library/base/R/ifelse.R
  -empty_dir: src/library/base/R/image.R
  -empty_dir: src/library/base/R/interaction.R
  -empty_dir: src/library/base/R/is.R
  -empty_dir: src/library/base/R/jitter.R
  -empty_dir: src/library/base/R/kappa.R
  -empty_dir: src/library/base/R/kronecker.R
  -empty_dir: src/library/base/R/labels.R
  -empty_dir: src/library/base/R/lapply.R
  -empty_dir: src/library/base/R/layout.R
  -empty_dir: src/library/base/R/legend.R
  -empty_dir: src/library/base/R/license.R
  -empty_dir: src/library/base/R/lines.R
  -empty_dir: src/library/base/R/lm.R
  -empty_dir: src/library/base/R/lm.influence.R
  -empty_dir: src/library/base/R/lmnull.R
  -empty_dir: src/library/base/R/load.R
  -empty_dir: src/library/base/R/locator.R
  -empty_dir: src/library/base/R/log.R
  -empty_dir: src/library/base/R/loglin.R
  -empty_dir: src/library/base/R/lower.tri.R
  -empty_dir: src/library/base/R/lowess.R
  -empty_dir: src/library/base/R/lsfit.R
  -empty_dir: src/library/base/R/macintosh.R
  -empty_dir: src/library/base/R/mad.R
  -empty_dir: src/library/base/R/mahalanobis.R
  -empty_dir: src/library/base/R/match.R
  -empty_dir: src/library/base/R/match.fun.R
  -empty_dir: src/library/base/R/matplot.R
  -empty_dir: src/library/base/R/matrix.R
  -empty_dir: src/library/base/R/mean.R
  -empty_dir: src/library/base/R/median.R
  -empty_dir: src/library/base/R/menu.R
  -empty_dir: src/library/base/R/mlm.R
  -empty_dir: src/library/base/R/mode.R
  -empty_dir: src/library/base/R/model.tables.R
  -empty_dir: src/library/base/R/models.R
  -empty_dir: src/library/base/R/mosaicplot.R
  -empty_dir: src/library/base/R/mtext.R
  -empty_dir: src/library/base/R/names.R
  -empty_dir: src/library/base/R/nlm.R
  -empty_dir: src/library/base/R/notyet.R
  -empty_dir: src/library/base/R/objects.R
  -empty_dir: src/library/base/R/options.R
  -empty_dir: src/library/base/R/outer.R
  -empty_dir: src/library/base/R/page.R
  -empty_dir: src/library/base/R/pairlist.R
  -empty_dir: src/library/base/R/pairs.R
  -empty_dir: src/library/base/R/par.R
  -empty_dir: src/library/base/R/parse.R
  -empty_dir: src/library/base/R/paste.R
  -empty_dir: src/library/base/R/persp.R
  -empty_dir: src/library/base/R/pictex.R
  -empty_dir: src/library/base/R/piechart.R
  -empty_dir: src/library/base/R/plot.R
  -empty_dir: src/library/base/R/plot.lm.R
  -empty_dir: src/library/base/R/pmax.R
  -empty_dir: src/library/base/R/pmin.R
  -empty_dir: src/library/base/R/points.R
  -empty_dir: src/library/base/R/polygon.R
  -empty_dir: src/library/base/R/postscript.R
  -empty_dir: src/library/base/R/ppoints.R
  -empty_dir: src/library/base/R/predict.R
  -empty_dir: src/library/base/R/predict.glm.R
  -empty_dir: src/library/base/R/pretty.R
  -empty_dir: src/library/base/R/print.R
  -empty_dir: src/library/base/R/proj.R
  -empty_dir: src/library/base/R/prompt.R
  -empty_dir: src/library/base/R/prop.test.R
  -empty_dir: src/library/base/R/qqnorm.R
  -empty_dir: src/library/base/R/qqplot.R
  -empty_dir: src/library/base/R/qr.R
  -empty_dir: src/library/base/R/quantile.R
  -empty_dir: src/library/base/R/quit.R
  -empty_dir: src/library/base/R/range.R
  -empty_dir: src/library/base/R/read.R
  -empty_dir: src/library/base/R/readtable.R
  -empty_dir: src/library/base/R/rect.R
  -empty_dir: src/library/base/R/relevel.R
  -empty_dir: src/library/base/R/rep.R
  -empty_dir: src/library/base/R/replace.R
  -empty_dir: src/library/base/R/rev.R
  -empty_dir: src/library/base/R/rle.R
  -empty_dir: src/library/base/R/rm.R
  -empty_dir: src/library/base/R/rowsum.R
  -empty_dir: src/library/base/R/rug.R
  -empty_dir: src/library/base/R/sample.R
  -empty_dir: src/library/base/R/sapply.R
  -empty_dir: src/library/base/R/scale.R
  -empty_dir: src/library/base/R/scan.R
  -empty_dir: src/library/base/R/screen.R
  -empty_dir: src/library/base/R/sd.R
  -empty_dir: src/library/base/R/segments.R
  -empty_dir: src/library/base/R/seq.R
  -empty_dir: src/library/base/R/sock.R
  -empty_dir: src/library/base/R/solve.R
  -empty_dir: src/library/base/R/sort.R
  -empty_dir: src/library/base/R/source.R
  -empty_dir: src/library/base/R/spline.R
  -empty_dir: src/library/base/R/splinefun.R
  -empty_dir: src/library/base/R/split.R
  -empty_dir: src/library/base/R/stem.R
  -empty_dir: src/library/base/R/str.R
  -empty_dir: src/library/base/R/stripplot.R
  -empty_dir: src/library/base/R/structure.R
  -empty_dir: src/library/base/R/strwidth.R
  -empty_dir: src/library/base/R/summaries.R
  -empty_dir: src/library/base/R/summary.R
  -empty_dir: src/library/base/R/svd.R
  -empty_dir: src/library/base/R/sweep.R
  -empty_dir: src/library/base/R/switch.R
  -empty_dir: src/library/base/R/symbols.R
  -empty_dir: src/library/base/R/symnum.R
  -empty_dir: src/library/base/R/sys.R
  -empty_dir: src/library/base/R/system.mac.R
  -empty_dir: src/library/base/R/system.unix.R
  -empty_dir: src/library/base/R/table.R
  -empty_dir: src/library/base/R/tabulate.R
  -empty_dir: src/library/base/R/tapply.R
  -empty_dir: src/library/base/R/text.R
  -empty_dir: src/library/base/R/time.R
  -empty_dir: src/library/base/R/title.R
  -empty_dir: src/library/base/R/traceback.R
  -empty_dir: src/library/base/R/trunc.R
  -empty_dir: src/library/base/R/ts.R
  -empty_dir: src/library/base/R/ttest.R
  -empty_dir: src/library/base/R/units.R
  -empty_dir: src/library/base/R/unlist.R
  -empty_dir: src/library/base/R/update.R
  -empty_dir: src/library/base/R/upper.tri.R
  -empty_dir: src/library/base/R/utilities.R
  -empty_dir: src/library/base/R/var.R
  -empty_dir: src/library/base/R/vector.R
  -empty_dir: src/library/base/R/warnings.R
  -empty_dir: src/library/base/R/which.R
  -empty_dir: src/library/base/R/write.R
  -empty_dir: src/library/base/R/write.table.R
  -empty_dir: src/library/base/R/x11.R
  -empty_dir: src/library/base/R/xor.R
  -empty_dir: src/library/base/R/zapsmall.R
  -empty_dir: src/library/base/TITLE
  -empty_dir: src/library/base/data
  -empty_dir: src/library/base/man
  -empty_dir: src/library/eda
  -empty_dir: src/library/lqs
  -empty_dir: src/library/modreg
  -empty_dir: src/library/mva
  -empty_dir: src/library/profile
  -empty_dir: src/library/stepfun
  -empty_dir: src/macintosh
  -empty_dir: src/main
  -empty_dir: src/nmath
  -empty_dir: src/regex
  -empty_dir: src/scripts
  -empty_dir: src/unix
  -empty_dir: tests
  -empty_dir: tools
r5286
