r69024
r69047
  +dir_prop: branches/R-DL svn:mergeinfo /branches/R-2-12-branch:52939%2C54476%2C55265%0A/branches/R-2-13-branch:55265%2C55432%0A/branches/R-2-15-branch:58894%2C59717%0A/branches/R-3-0-branch:62497%0A/branches/R-3-1-branch:65920%0A/branches/R-glmscore:55360-55826%0A/trunk:69025-69041
r69048
r69049
r69137
r69138
  +dir_prop: branches/R-DL svn:mergeinfo /branches/R-2-12-branch:52939%2C54476%2C55265%0A/branches/R-2-13-branch:55265%2C55432%0A/branches/R-2-15-branch:58894%2C59717%0A/branches/R-3-0-branch:62497%0A/branches/R-3-1-branch:65920%0A/branches/R-glmscore:55360-55826%0A/trunk:69025-69137
r69189
r69190
r69199
r69200
  +dir_prop: branches/R-DL svn:mergeinfo /branches/R-2-12-branch:52939%2C54476%2C55265%0A/branches/R-2-13-branch:55265%2C55432%0A/branches/R-2-15-branch:58894%2C59717%0A/branches/R-3-0-branch:62497%0A/branches/R-3-1-branch:65920%0A/branches/R-glmscore:55360-55826%0A/trunk:69025-69199
r69270
  +dir_prop: branches/R-DL svn:mergeinfo /branches/R-2-12-branch:52939%2C54476%2C55265%0A/branches/R-2-13-branch:55265%2C55432%0A/branches/R-2-15-branch:58894%2C59717%0A/branches/R-3-0-branch:62497%0A/branches/R-3-1-branch:65920%0A/branches/R-glmscore:55360-55826%0A/trunk:69025-69269
  +file_prop: branches/R-DL/src/library/stats/tests/anorexia.rda svn:mime-type application/octet-stream
  +file_prop: branches/R-DL/src/library/stats/tests/birthwt.rda svn:mime-type application/octet-stream
  +file_prop: branches/R-DL/src/library/stats/tests/hills.rda svn:mime-type application/octet-stream
r69271
r69313
  +dir_prop: branches/R-DL svn:mergeinfo /branches/R-2-12-branch:52939%2C54476%2C55265%0A/branches/R-2-13-branch:55265%2C55432%0A/branches/R-2-15-branch:58894%2C59717%0A/branches/R-3-0-branch:62497%0A/branches/R-3-1-branch:65920%0A/branches/R-glmscore:55360-55826%0A/trunk:69025-69312
