r4663
  -empty_dir: Attic
  -empty_dir: BUGS
  -empty_dir: COPYING
  -empty_dir: COPYRIGHTS
  -empty_dir: FAQ
  -empty_dir: INSTALL
  -empty_dir: MIRROR-SITES
  -empty_dir: Makeconf.in
  -empty_dir: Makefile.in
  -empty_dir: NEWS
  -empty_dir: PLATFORMS
  -empty_dir: PROJECTS
  -empty_dir: README
  -empty_dir: RESOURCES
  -empty_dir: TASKS
  -empty_dir: Y2K
  -empty_dir: aclocal.m4
  -empty_dir: afm
  -empty_dir: config.site
  -empty_dir: configure
  -empty_dir: configure.in
  -empty_dir: configure.mac
  -empty_dir: configure.win
  -empty_dir: date-stamp
  -empty_dir: debian
  -empty_dir: demos
  -empty_dir: doc
  -empty_dir: etc
  -empty_dir: src/Makefile.in
  -empty_dir: src/appl
  -empty_dir: src/f2clib
  -empty_dir: src/gnome
  -empty_dir: src/gnuwin32
  -empty_dir: src/include
  -empty_dir: src/library
  -empty_dir: src/macintosh
  -empty_dir: src/main/Makefile.in
  -empty_dir: src/main/arithmetic.c
  -empty_dir: src/main/arithmetic.h
  -empty_dir: src/main/array.c
  -empty_dir: src/main/attrib.c
  -empty_dir: src/main/bind.c
  -empty_dir: src/main/builtin.c
  -empty_dir: src/main/character.c
  -empty_dir: src/main/coerce.c
  -empty_dir: src/main/colors.c
  -empty_dir: src/main/complex.c
  -empty_dir: src/main/context.c
  -empty_dir: src/main/cov.c
  -empty_dir: src/main/cum.c
  -empty_dir: src/main/debug.c
  -empty_dir: src/main/deparse.c
  -empty_dir: src/main/deriv.c
  -empty_dir: src/main/devices.c
  -empty_dir: src/main/dotcode.c
  -empty_dir: src/main/dstruct.c
  -empty_dir: src/main/duplicate.c
  -empty_dir: src/main/envir.c
  -empty_dir: src/main/errors.c
  -empty_dir: src/main/eval.c
  -empty_dir: src/main/format.c
  -empty_dir: src/main/fourier.c
  -empty_dir: src/main/gram-ex.c
  -empty_dir: src/main/gram.c
  -empty_dir: src/main/gram.y
  -empty_dir: src/main/graphics.c
  -empty_dir: src/main/iosupport.c
  -empty_dir: src/main/list.c
  -empty_dir: src/main/logic.c
  -empty_dir: src/main/main.c
  -empty_dir: src/main/match.c
  -empty_dir: src/main/memory.c
  -empty_dir: src/main/model.c
  -empty_dir: src/main/names.c
  -empty_dir: src/main/names.h
  -empty_dir: src/main/objects.c
  -empty_dir: src/main/optimize.c
  -empty_dir: src/main/par.c
  -empty_dir: src/main/paste.c
  -empty_dir: src/main/platform.c
  -empty_dir: src/main/plot.c
  -empty_dir: src/main/plot3d.c
  -empty_dir: src/main/plotmath.c
  -empty_dir: src/main/print.c
  -empty_dir: src/main/printarray.c
  -empty_dir: src/main/printutils.c
  -empty_dir: src/main/printvector.c
  -empty_dir: src/main/random.c
  -empty_dir: src/main/relop.c
  -empty_dir: src/main/saveload.c
  -empty_dir: src/main/scan.c
  -empty_dir: src/main/seq.c
  -empty_dir: src/main/sort.c
  -empty_dir: src/main/source.c
  -empty_dir: src/main/split.c
  -empty_dir: src/main/subassign.c
  -empty_dir: src/main/subscript.c
  -empty_dir: src/main/subset.c
  -empty_dir: src/main/summary.c
  -empty_dir: src/main/unique.c
  -empty_dir: src/main/util.c
  -empty_dir: src/main/version.c
  -empty_dir: src/nmath
  -empty_dir: src/regex
  -empty_dir: src/scripts
  -empty_dir: src/unix
  -empty_dir: tests
  -empty_dir: tools
r5286
