r44870
r44871
r44874
r44875
r44879
r44880
r44884
r44886
r44887
r44888
r44891
r44892
r44896
r44905
r44907
r44910
r44913
r44914
r44915
r44916
r44919
r44921
r44928
r44931
r44938
r44939
r44943
r44945
r44948
r44950
r44951
r44953
r44955
  +file_prop: branches/R-2-7-branch/src/library/base/po/R-fr.mo svn:mime-type application/octet-stream
  +file_prop: branches/R-2-7-branch/src/library/graphics/po/R-fr.mo svn:mime-type application/octet-stream
r44958
r44960
r44962
r44964
r44966
r44968
r44971
r44975
r44978
r44981
r44983
r44985
r44989
r44993
r44995
r44996
r44998
r45000
r45003
r45006
r45008
r45011
r45013
r45015
r45018
r45019
r45025
r45026
r45029
r45040
r45045
r45046
r45047
r45048
r45050
r45057
r45065
r45068
r45071
r45073
r45078
r45080
r45081
r45084
r45087
r45089
r45090
r45092
r45094
r45097
r45098
r45100
r45102
r45104
r45107
r45108
r45110
r45111
r45113
r45115
r45118
r45123
r45128
r45129
  +file_prop: branches/R-2-7-branch/src/library/utils/inst/po/de/LC_MESSAGES/R-utils.mo svn:mime-type application/octet-stream
r45132
r45134
r45136
r45138
r45140
r45142
r45144
r45146
r45148
r45151
r45153
r45154
r45158
r45159
r45160
r45162
r45165
r45167
r45168
r45171
r45177
r45179
r45181
r45183
r45187
r45190
r45192
r45193
r45194
r45196
r45197
r45205
r45208
r45210
r45212
r45216
r45218
r45220
r45222
r45224
r45226
r45228
r45230
r45232
r45234
r45235
r45238
r45240
r45243
r45245
r45247
r45248
r45253
r45254
r45257
r45259
r45262
r45266
r45268
r45269
r45282
r45284
r45286
r45288
r45290
r45292
r45293
r45297
r45300
r45302
r45303
r45304
r45307
r45308
r45309
r45310
r45312
r45315
r45319
r45322
r45324
r45327
r45330
r45331
r45332
r45334
r45337
r45340
r45341
r45344
r45347
r45350
r45352
r45354
r45356
r45358
r45365
r45369
r45371
r45374
r45377
r45379
r45381
r45382
r45383
r45388
r45392
r45400
r45401
r45403
r45405
r45406
r45407
r45411
r45414
r45422
r45425
r45427
r45429
r45430
r45431
r45432
r45433
r45434
r45437
r45438
r45439
r45440
r45442
r45444
r45447
r45448
r45451
r45452
r45453
r45459
r45461
r45463
r45465
r45466
r45470
r45472
r45474
r45476
r45478
r45482
r45485
r45488
r45490
r45492
r45494
r45497
r45500
r45502
r45504
r45507
r45512
r45515
r45520
r45523
r45529
r45531
r45532
r45536
r45539
r45543
r45545
r45547
r45556
r45558
r45563
r45565
r45567
r45571
r45576
r45580
r45582
r45587
r45594
r45595
r45598
r45601
r45602
r45605
r45607
r45609
r45611
r45622
r45624
r45638
r45647
r45650
r45655
r45658
r45659
r45663
r45665
r45666
r45669
r45672
r45677
r45689
r45700
r45702
r45705
r45709
r45715
r45717
r45719
r45730
r45732
r45734
r45739
r45741
r45743
r45745
r45747
r45751
r45754
r45758
r45760
r45762
r45764
r45767
r45770
r45773
r45777
r45779
r45781
r45785
r45787
r45789
r45791
r45793
r45795
r45797
r45803
r45806
r45808
r45810
r45812
r45823
r45828
r45830
r45832
r45834
r45836
r45841
r45844
r45846
r45852
r45854
r45857
r45858
r45859
r45861
r45863
r45866
r45870
r45876
r45877
r45879
r45881
r45887
r45888
r45891
r45893
r45896
r45898
r45903
r45905
r45906
r45907
r45910
r45912
r45914
r45916
r45919
r45920
r45925
r45926
r45929
r45931
r45935
r45936
r45939
r45940
r45942
r45944
r45951
r45957
r45959
r45963
r45965
r45968
r45970
r45972
r45974
r45976
r45978
r45980
r45986
r45988
r45993
r45996
r45999
r46002
r46004
r46006
r46008
r46011
r46014
r46015
r46017
r46021
r46023
r46026
r46030
r46032
r46035
r46037
r46043
r46044
r46046
r46050
r46053
r46058
r46069
r46071
r46073
r46081
r46083
r46088
r46104
r46105
r46108
r46111
r46115
r46120
r46123
r46126
r46131
r46132
r46142
r46144
r46146
r46149
r46152
r46155
r46157
r46160
r46163
r46166
r46182
r46185
r46188
r46189
r46192
r46195
r46197
r46198
r46201
r46208
r46210
r46211
r46212
r46216
r46218
r46222
r46227
r46240
r46242
r46245
r46249
r46250
r46253
r46254
r46257
r46259
r46263
r46268
r46271
r46274
r46277
r46283
r46291
  -empty_dir: branches/R-2-7-branch/po/RGui-ko.gmo
  -empty_dir: branches/R-2-7-branch/po/RGui-ko.po
r46292
r46294
r46296
r46299
r46300
r46302
r46304
r46305
r46306
r46309
r46311
r46318
r46320
r46322
r46323
r46326
r46328
r46332
r46334
r46336
r46338
r46340
r46344
r46346
r46349
r46352
r46353
r46356
r46360
r46364
r46371
r46372
r46373
r46377
r46379
r46381
r46399
r46402
r46404
r46405
r46413
r46415
r46418
r46420
r46421
r46425
r46427
r46428
r46429
r46430
r46432
r46437
r46439
r46442
r46450
r46456
r46460
r46461
r46467
r46475
r46479
r46482
r46486
r46507
r46509
r46520
r46527
r46534
r46545
r46552
