r84772
r84774
r84777
r84896
r84897
  -empty_dir: branches/R-OBJSXP/doc/manual/Rfaq.css
  +dir_prop: branches/R-OBJSXP svn:mergeinfo /branches/R-2-12-branch:52939%2C54476%2C55265%0A/branches/R-2-13-branch:55265%2C55432%0A/branches/R-2-15-branch:58894%2C59717%0A/branches/R-3-0-branch:62497%0A/branches/R-3-1-branch:65920%0A/branches/R-3-6-branch:76839%2C77241%0A/branches/R-4-1-branch:80314%0A/branches/R-DL:69025-69313%0A/branches/R-conflicts:75454-76247%0A/branches/R-defquartz:82652-83916%0A/branches/R-defs:77464-78758%0A/branches/R-glmscore:55360-55826%0A/branches/R-groups:80166-81095%0A/branches/R-structure:81439%0A/branches/R-symfam:78109-78182%0A/branches/R-typeset:82735-83683%0A/branches/R-ucrt:81323-81359%0A/branches/R-vecpat:81390-81922%0A/trunk:84772-84896
  +file_prop: branches/R-OBJSXP/src/library/translations/inst/bn/LC_MESSAGES/R-base.mo svn:mime-type application/x-gettext-translation
  +file_prop: branches/R-OBJSXP/src/library/translations/inst/bn/LC_MESSAGES/RGui.mo svn:mime-type application/x-gettext-translation
  +file_prop: branches/R-OBJSXP/src/library/translations/inst/bn/LC_MESSAGES/tcltk.mo svn:mime-type application/x-gettext-translation
  +file_prop: branches/R-OBJSXP/src/library/translations/inst/es/LC_MESSAGES/R-base.mo svn:mime-type application/x-gettext-translation
  +file_prop: branches/R-OBJSXP/src/library/translations/inst/es/LC_MESSAGES/R-methods.mo svn:mime-type application/x-gettext-translation
  +file_prop: branches/R-OBJSXP/src/library/translations/inst/es/LC_MESSAGES/R-stats4.mo svn:mime-type application/x-gettext-translation
  +file_prop: branches/R-OBJSXP/src/library/translations/inst/es/LC_MESSAGES/R-tools.mo svn:mime-type application/x-gettext-translation
  +file_prop: branches/R-OBJSXP/src/library/translations/inst/es/LC_MESSAGES/R-utils.mo svn:mime-type application/x-gettext-translation
  +file_prop: branches/R-OBJSXP/src/library/translations/inst/es/LC_MESSAGES/stats.mo svn:mime-type application/x-gettext-translation
  +file_prop: branches/R-OBJSXP/src/library/translations/inst/hi/LC_MESSAGES/R.mo svn:mime-type application/x-gettext-translation
  +file_prop: branches/R-OBJSXP/src/library/translations/inst/hi/LC_MESSAGES/RGui.mo svn:mime-type application/x-gettext-translation
  +file_prop: branches/R-OBJSXP/src/library/translations/inst/id/LC_MESSAGES/R-base.mo svn:mime-type application/x-gettext-translation
  +file_prop: branches/R-OBJSXP/src/library/translations/inst/ne/LC_MESSAGES/R-compiler.mo svn:mime-type application/x-gettext-translation
  +file_prop: branches/R-OBJSXP/src/library/translations/inst/ne/LC_MESSAGES/R.mo svn:mime-type application/x-gettext-translation
  +file_prop: branches/R-OBJSXP/src/library/translations/inst/ne/LC_MESSAGES/RGui.mo svn:mime-type application/x-gettext-translation
  +file_prop: branches/R-OBJSXP/src/library/translations/inst/pt_BR/LC_MESSAGES/R-parallel.mo svn:mime-type application/x-gettext-translation
  +file_prop: branches/R-OBJSXP/src/library/translations/inst/pt_BR/LC_MESSAGES/utils.mo svn:mime-type application/x-gettext-translation
  +file_prop: branches/R-OBJSXP/src/library/translations/inst/sq/LC_MESSAGES/R-base.mo svn:mime-type application/x-gettext-translation
  +file_prop: branches/R-OBJSXP/src/library/translations/inst/sq/LC_MESSAGES/R.mo svn:mime-type application/x-gettext-translation
  +file_prop: branches/R-OBJSXP/src/library/translations/inst/ur/LC_MESSAGES/R-base.mo svn:mime-type application/x-gettext-translation
r84959
r84977
r84985
r85145
  -empty_dir: branches/R-OBJSXP/src/gnuwin32/installer/reg3264.iss
  -empty_dir: branches/R-OBJSXP/src/gnuwin32/installer/types32.iss
  -empty_dir: branches/R-OBJSXP/src/gnuwin32/installer/types3264.iss
  +dir_prop: branches/R-OBJSXP svn:mergeinfo /branches/R-2-12-branch:52939%2C54476%2C55265%0A/branches/R-2-13-branch:55265%2C55432%0A/branches/R-2-15-branch:58894%2C59717%0A/branches/R-3-0-branch:62497%0A/branches/R-3-1-branch:65920%0A/branches/R-3-6-branch:76839%2C77241%0A/branches/R-4-1-branch:80314%0A/branches/R-DL:69025-69313%0A/branches/R-conflicts:75454-76247%0A/branches/R-defquartz:82652-83916%0A/branches/R-defs:77464-78758%0A/branches/R-glmscore:55360-55826%0A/branches/R-groups:80166-81095%0A/branches/R-structure:81439%0A/branches/R-symfam:78109-78182%0A/branches/R-typeset:82735-83683%0A/branches/R-ucrt:81323-81359%0A/branches/R-vecpat:81390-81922%0A/trunk:84772-85143
