r82652
r82696
r82713
  +dir_prop: branches/R-defquartz svn:mergeinfo /branches/R-2-12-branch:52939%2C54476%2C55265%0A/branches/R-2-13-branch:55265%2C55432%0A/branches/R-2-15-branch:58894%2C59717%0A/branches/R-3-0-branch:62497%0A/branches/R-3-1-branch:65920%0A/branches/R-3-6-branch:76839%2C77241%0A/branches/R-4-1-branch:80314%0A/branches/R-DL:69025-69313%0A/branches/R-conflicts:75454-76247%0A/branches/R-defs:77464-78758%0A/branches/R-glmscore:55360-55826%0A/branches/R-groups:80166-81095%0A/branches/R-structure:81439%0A/branches/R-symfam:78109-78182%0A/branches/R-ucrt:81323-81359%0A/branches/R-vecpat:81390-81922%0A/trunk:82653-82712
  +file_prop: branches/R-defquartz/doc/NEWS.Rd svn:mergeinfo /branches/R-2-12-branch/doc/NEWS.Rd:52939%2C54476%2C55265%0A/branches/R-2-13-branch/doc/NEWS.Rd:55265%2C55432%0A/branches/R-2-15-branch/doc/NEWS.Rd:58894%2C59717%0A/branches/R-3-0-branch/doc/NEWS.Rd:62497%0A/branches/R-3-1-branch/doc/NEWS.Rd:65920%0A/branches/R-3-6-branch/doc/NEWS.Rd:76839%2C77241%0A/branches/R-4-1-branch/doc/NEWS.Rd:80314%0A/branches/R-DL/doc/NEWS.Rd:69025-69313%0A/branches/R-conflicts/doc/NEWS.Rd:75454-76247%0A/branches/R-defs/doc/NEWS.Rd:77464-78758%0A/branches/R-glmscore/doc/NEWS.Rd:55360-55826%0A/branches/R-groups/doc/NEWS.Rd:80166-81095%0A/branches/R-structure/doc/NEWS.Rd:81439%0A/branches/R-symfam/doc/NEWS.Rd:78109-78182%0A/branches/R-ucrt/doc/NEWS.Rd:81323-81359%0A/branches/R-vecpat/doc/NEWS.Rd:81390-81922%0A/trunk/doc/NEWS.Rd:82225%2C82653-82712
r82720
r82721
r82726
  +dir_prop: branches/R-defquartz svn:mergeinfo /branches/R-2-12-branch:52939%2C54476%2C55265%0A/branches/R-2-13-branch:55265%2C55432%0A/branches/R-2-15-branch:58894%2C59717%0A/branches/R-3-0-branch:62497%0A/branches/R-3-1-branch:65920%0A/branches/R-3-6-branch:76839%2C77241%0A/branches/R-4-1-branch:80314%0A/branches/R-DL:69025-69313%0A/branches/R-conflicts:75454-76247%0A/branches/R-defs:77464-78758%0A/branches/R-glmscore:55360-55826%0A/branches/R-groups:80166-81095%0A/branches/R-structure:81439%0A/branches/R-symfam:78109-78182%0A/branches/R-ucrt:81323-81359%0A/branches/R-vecpat:81390-81922%0A/trunk:82653-82725
  +file_prop: branches/R-defquartz/doc/NEWS.Rd svn:mergeinfo /branches/R-2-12-branch/doc/NEWS.Rd:52939%2C54476%2C55265%0A/branches/R-2-13-branch/doc/NEWS.Rd:55265%2C55432%0A/branches/R-2-15-branch/doc/NEWS.Rd:58894%2C59717%0A/branches/R-3-0-branch/doc/NEWS.Rd:62497%0A/branches/R-3-1-branch/doc/NEWS.Rd:65920%0A/branches/R-3-6-branch/doc/NEWS.Rd:76839%2C77241%0A/branches/R-4-1-branch/doc/NEWS.Rd:80314%0A/branches/R-DL/doc/NEWS.Rd:69025-69313%0A/branches/R-conflicts/doc/NEWS.Rd:75454-76247%0A/branches/R-defs/doc/NEWS.Rd:77464-78758%0A/branches/R-glmscore/doc/NEWS.Rd:55360-55826%0A/branches/R-groups/doc/NEWS.Rd:80166-81095%0A/branches/R-structure/doc/NEWS.Rd:81439%0A/branches/R-symfam/doc/NEWS.Rd:78109-78182%0A/branches/R-ucrt/doc/NEWS.Rd:81323-81359%0A/branches/R-vecpat/doc/NEWS.Rd:81390-81922%0A/trunk/doc/NEWS.Rd:82225%2C82653-82725
r82761
  +dir_prop: branches/R-defquartz svn:mergeinfo /branches/R-2-12-branch:52939%2C54476%2C55265%0A/branches/R-2-13-branch:55265%2C55432%0A/branches/R-2-15-branch:58894%2C59717%0A/branches/R-3-0-branch:62497%0A/branches/R-3-1-branch:65920%0A/branches/R-3-6-branch:76839%2C77241%0A/branches/R-4-1-branch:80314%0A/branches/R-DL:69025-69313%0A/branches/R-conflicts:75454-76247%0A/branches/R-defs:77464-78758%0A/branches/R-glmscore:55360-55826%0A/branches/R-groups:80166-81095%0A/branches/R-structure:81439%0A/branches/R-symfam:78109-78182%0A/branches/R-ucrt:81323-81359%0A/branches/R-vecpat:81390-81922%0A/trunk:82653-82760
  +file_prop: branches/R-defquartz/doc/NEWS.Rd svn:mergeinfo /branches/R-2-12-branch/doc/NEWS.Rd:52939%2C54476%2C55265%0A/branches/R-2-13-branch/doc/NEWS.Rd:55265%2C55432%0A/branches/R-2-15-branch/doc/NEWS.Rd:58894%2C59717%0A/branches/R-3-0-branch/doc/NEWS.Rd:62497%0A/branches/R-3-1-branch/doc/NEWS.Rd:65920%0A/branches/R-3-6-branch/doc/NEWS.Rd:76839%2C77241%0A/branches/R-4-1-branch/doc/NEWS.Rd:80314%0A/branches/R-DL/doc/NEWS.Rd:69025-69313%0A/branches/R-conflicts/doc/NEWS.Rd:75454-76247%0A/branches/R-defs/doc/NEWS.Rd:77464-78758%0A/branches/R-glmscore/doc/NEWS.Rd:55360-55826%0A/branches/R-groups/doc/NEWS.Rd:80166-81095%0A/branches/R-structure/doc/NEWS.Rd:81439%0A/branches/R-symfam/doc/NEWS.Rd:78109-78182%0A/branches/R-ucrt/doc/NEWS.Rd:81323-81359%0A/branches/R-vecpat/doc/NEWS.Rd:81390-81922%0A/trunk/doc/NEWS.Rd:82225%2C82653-82760
r82785
  +dir_prop: branches/R-defquartz svn:mergeinfo /branches/R-2-12-branch:52939%2C54476%2C55265%0A/branches/R-2-13-branch:55265%2C55432%0A/branches/R-2-15-branch:58894%2C59717%0A/branches/R-3-0-branch:62497%0A/branches/R-3-1-branch:65920%0A/branches/R-3-6-branch:76839%2C77241%0A/branches/R-4-1-branch:80314%0A/branches/R-DL:69025-69313%0A/branches/R-conflicts:75454-76247%0A/branches/R-defs:77464-78758%0A/branches/R-glmscore:55360-55826%0A/branches/R-groups:80166-81095%0A/branches/R-structure:81439%0A/branches/R-symfam:78109-78182%0A/branches/R-ucrt:81323-81359%0A/branches/R-vecpat:81390-81922%0A/trunk:82653-82784
  +file_prop: branches/R-defquartz/doc/NEWS.Rd svn:mergeinfo /branches/R-2-12-branch/doc/NEWS.Rd:52939%2C54476%2C55265%0A/branches/R-2-13-branch/doc/NEWS.Rd:55265%2C55432%0A/branches/R-2-15-branch/doc/NEWS.Rd:58894%2C59717%0A/branches/R-3-0-branch/doc/NEWS.Rd:62497%0A/branches/R-3-1-branch/doc/NEWS.Rd:65920%0A/branches/R-3-6-branch/doc/NEWS.Rd:76839%2C77241%0A/branches/R-4-1-branch/doc/NEWS.Rd:80314%0A/branches/R-DL/doc/NEWS.Rd:69025-69313%0A/branches/R-conflicts/doc/NEWS.Rd:75454-76247%0A/branches/R-defs/doc/NEWS.Rd:77464-78758%0A/branches/R-glmscore/doc/NEWS.Rd:55360-55826%0A/branches/R-groups/doc/NEWS.Rd:80166-81095%0A/branches/R-structure/doc/NEWS.Rd:81439%0A/branches/R-symfam/doc/NEWS.Rd:78109-78182%0A/branches/R-ucrt/doc/NEWS.Rd:81323-81359%0A/branches/R-vecpat/doc/NEWS.Rd:81390-81922%0A/trunk/doc/NEWS.Rd:82225%2C82653-82784
r82823
r82824
  +dir_prop: branches/R-defquartz svn:mergeinfo /branches/R-2-12-branch:52939%2C54476%2C55265%0A/branches/R-2-13-branch:55265%2C55432%0A/branches/R-2-15-branch:58894%2C59717%0A/branches/R-3-0-branch:62497%0A/branches/R-3-1-branch:65920%0A/branches/R-3-6-branch:76839%2C77241%0A/branches/R-4-1-branch:80314%0A/branches/R-DL:69025-69313%0A/branches/R-conflicts:75454-76247%0A/branches/R-defs:77464-78758%0A/branches/R-glmscore:55360-55826%0A/branches/R-groups:80166-81095%0A/branches/R-structure:81439%0A/branches/R-symfam:78109-78182%0A/branches/R-ucrt:81323-81359%0A/branches/R-vecpat:81390-81922%0A/trunk:82653-82823
  +file_prop: branches/R-defquartz/doc/NEWS.Rd svn:mergeinfo /branches/R-2-12-branch/doc/NEWS.Rd:52939%2C54476%2C55265%0A/branches/R-2-13-branch/doc/NEWS.Rd:55265%2C55432%0A/branches/R-2-15-branch/doc/NEWS.Rd:58894%2C59717%0A/branches/R-3-0-branch/doc/NEWS.Rd:62497%0A/branches/R-3-1-branch/doc/NEWS.Rd:65920%0A/branches/R-3-6-branch/doc/NEWS.Rd:76839%2C77241%0A/branches/R-4-1-branch/doc/NEWS.Rd:80314%0A/branches/R-DL/doc/NEWS.Rd:69025-69313%0A/branches/R-conflicts/doc/NEWS.Rd:75454-76247%0A/branches/R-defs/doc/NEWS.Rd:77464-78758%0A/branches/R-glmscore/doc/NEWS.Rd:55360-55826%0A/branches/R-groups/doc/NEWS.Rd:80166-81095%0A/branches/R-structure/doc/NEWS.Rd:81439%0A/branches/R-symfam/doc/NEWS.Rd:78109-78182%0A/branches/R-ucrt/doc/NEWS.Rd:81323-81359%0A/branches/R-vecpat/doc/NEWS.Rd:81390-81922%0A/trunk/doc/NEWS.Rd:82225%2C82653-82823
r82834
r82898
  +dir_prop: branches/R-defquartz svn:mergeinfo /branches/R-2-12-branch:52939%2C54476%2C55265%0A/branches/R-2-13-branch:55265%2C55432%0A/branches/R-2-15-branch:58894%2C59717%0A/branches/R-3-0-branch:62497%0A/branches/R-3-1-branch:65920%0A/branches/R-3-6-branch:76839%2C77241%0A/branches/R-4-1-branch:80314%0A/branches/R-DL:69025-69313%0A/branches/R-conflicts:75454-76247%0A/branches/R-defs:77464-78758%0A/branches/R-glmscore:55360-55826%0A/branches/R-groups:80166-81095%0A/branches/R-structure:81439%0A/branches/R-symfam:78109-78182%0A/branches/R-ucrt:81323-81359%0A/branches/R-vecpat:81390-81922%0A/trunk:82653-82897
  +file_prop: branches/R-defquartz/doc/NEWS.Rd svn:mergeinfo /branches/R-2-12-branch/doc/NEWS.Rd:52939%2C54476%2C55265%0A/branches/R-2-13-branch/doc/NEWS.Rd:55265%2C55432%0A/branches/R-2-15-branch/doc/NEWS.Rd:58894%2C59717%0A/branches/R-3-0-branch/doc/NEWS.Rd:62497%0A/branches/R-3-1-branch/doc/NEWS.Rd:65920%0A/branches/R-3-6-branch/doc/NEWS.Rd:76839%2C77241%0A/branches/R-4-1-branch/doc/NEWS.Rd:80314%0A/branches/R-DL/doc/NEWS.Rd:69025-69313%0A/branches/R-conflicts/doc/NEWS.Rd:75454-76247%0A/branches/R-defs/doc/NEWS.Rd:77464-78758%0A/branches/R-glmscore/doc/NEWS.Rd:55360-55826%0A/branches/R-groups/doc/NEWS.Rd:80166-81095%0A/branches/R-structure/doc/NEWS.Rd:81439%0A/branches/R-symfam/doc/NEWS.Rd:78109-78182%0A/branches/R-ucrt/doc/NEWS.Rd:81323-81359%0A/branches/R-vecpat/doc/NEWS.Rd:81390-81922%0A/trunk/doc/NEWS.Rd:82225%2C82653-82897
r82962
  +dir_prop: branches/R-defquartz svn:mergeinfo /branches/R-2-12-branch:52939%2C54476%2C55265%0A/branches/R-2-13-branch:55265%2C55432%0A/branches/R-2-15-branch:58894%2C59717%0A/branches/R-3-0-branch:62497%0A/branches/R-3-1-branch:65920%0A/branches/R-3-6-branch:76839%2C77241%0A/branches/R-4-1-branch:80314%0A/branches/R-DL:69025-69313%0A/branches/R-conflicts:75454-76247%0A/branches/R-defs:77464-78758%0A/branches/R-glmscore:55360-55826%0A/branches/R-groups:80166-81095%0A/branches/R-structure:81439%0A/branches/R-symfam:78109-78182%0A/branches/R-ucrt:81323-81359%0A/branches/R-vecpat:81390-81922%0A/trunk:82653-82961
  +file_prop: branches/R-defquartz/doc/NEWS.Rd svn:mergeinfo /branches/R-2-12-branch/doc/NEWS.Rd:52939%2C54476%2C55265%0A/branches/R-2-13-branch/doc/NEWS.Rd:55265%2C55432%0A/branches/R-2-15-branch/doc/NEWS.Rd:58894%2C59717%0A/branches/R-3-0-branch/doc/NEWS.Rd:62497%0A/branches/R-3-1-branch/doc/NEWS.Rd:65920%0A/branches/R-3-6-branch/doc/NEWS.Rd:76839%2C77241%0A/branches/R-4-1-branch/doc/NEWS.Rd:80314%0A/branches/R-DL/doc/NEWS.Rd:69025-69313%0A/branches/R-conflicts/doc/NEWS.Rd:75454-76247%0A/branches/R-defs/doc/NEWS.Rd:77464-78758%0A/branches/R-glmscore/doc/NEWS.Rd:55360-55826%0A/branches/R-groups/doc/NEWS.Rd:80166-81095%0A/branches/R-structure/doc/NEWS.Rd:81439%0A/branches/R-symfam/doc/NEWS.Rd:78109-78182%0A/branches/R-ucrt/doc/NEWS.Rd:81323-81359%0A/branches/R-vecpat/doc/NEWS.Rd:81390-81922%0A/trunk/doc/NEWS.Rd:82225%2C82653-82961
r83034
r83037
r83038
  +dir_prop: branches/R-defquartz svn:mergeinfo /branches/R-2-12-branch:52939%2C54476%2C55265%0A/branches/R-2-13-branch:55265%2C55432%0A/branches/R-2-15-branch:58894%2C59717%0A/branches/R-3-0-branch:62497%0A/branches/R-3-1-branch:65920%0A/branches/R-3-6-branch:76839%2C77241%0A/branches/R-4-1-branch:80314%0A/branches/R-DL:69025-69313%0A/branches/R-conflicts:75454-76247%0A/branches/R-defs:77464-78758%0A/branches/R-glmscore:55360-55826%0A/branches/R-groups:80166-81095%0A/branches/R-structure:81439%0A/branches/R-symfam:78109-78182%0A/branches/R-ucrt:81323-81359%0A/branches/R-vecpat:81390-81922%0A/trunk:82653-83037
  +file_prop: branches/R-defquartz/doc/NEWS.Rd svn:mergeinfo /branches/R-2-12-branch/doc/NEWS.Rd:52939%2C54476%2C55265%0A/branches/R-2-13-branch/doc/NEWS.Rd:55265%2C55432%0A/branches/R-2-15-branch/doc/NEWS.Rd:58894%2C59717%0A/branches/R-3-0-branch/doc/NEWS.Rd:62497%0A/branches/R-3-1-branch/doc/NEWS.Rd:65920%0A/branches/R-3-6-branch/doc/NEWS.Rd:76839%2C77241%0A/branches/R-4-1-branch/doc/NEWS.Rd:80314%0A/branches/R-DL/doc/NEWS.Rd:69025-69313%0A/branches/R-conflicts/doc/NEWS.Rd:75454-76247%0A/branches/R-defs/doc/NEWS.Rd:77464-78758%0A/branches/R-glmscore/doc/NEWS.Rd:55360-55826%0A/branches/R-groups/doc/NEWS.Rd:80166-81095%0A/branches/R-structure/doc/NEWS.Rd:81439%0A/branches/R-symfam/doc/NEWS.Rd:78109-78182%0A/branches/R-ucrt/doc/NEWS.Rd:81323-81359%0A/branches/R-vecpat/doc/NEWS.Rd:81390-81922%0A/trunk/doc/NEWS.Rd:82225%2C82653-83037
r83060
r83072
r83099
  +dir_prop: branches/R-defquartz svn:mergeinfo /branches/R-2-12-branch:52939%2C54476%2C55265%0A/branches/R-2-13-branch:55265%2C55432%0A/branches/R-2-15-branch:58894%2C59717%0A/branches/R-3-0-branch:62497%0A/branches/R-3-1-branch:65920%0A/branches/R-3-6-branch:76839%2C77241%0A/branches/R-4-1-branch:80314%0A/branches/R-DL:69025-69313%0A/branches/R-conflicts:75454-76247%0A/branches/R-defs:77464-78758%0A/branches/R-glmscore:55360-55826%0A/branches/R-groups:80166-81095%0A/branches/R-structure:81439%0A/branches/R-symfam:78109-78182%0A/branches/R-ucrt:81323-81359%0A/branches/R-vecpat:81390-81922%0A/trunk:82653-83098
  +file_prop: branches/R-defquartz/doc/NEWS.Rd svn:mergeinfo /branches/R-2-12-branch/doc/NEWS.Rd:52939%2C54476%2C55265%0A/branches/R-2-13-branch/doc/NEWS.Rd:55265%2C55432%0A/branches/R-2-15-branch/doc/NEWS.Rd:58894%2C59717%0A/branches/R-3-0-branch/doc/NEWS.Rd:62497%0A/branches/R-3-1-branch/doc/NEWS.Rd:65920%0A/branches/R-3-6-branch/doc/NEWS.Rd:76839%2C77241%0A/branches/R-4-1-branch/doc/NEWS.Rd:80314%0A/branches/R-DL/doc/NEWS.Rd:69025-69313%0A/branches/R-conflicts/doc/NEWS.Rd:75454-76247%0A/branches/R-defs/doc/NEWS.Rd:77464-78758%0A/branches/R-glmscore/doc/NEWS.Rd:55360-55826%0A/branches/R-groups/doc/NEWS.Rd:80166-81095%0A/branches/R-structure/doc/NEWS.Rd:81439%0A/branches/R-symfam/doc/NEWS.Rd:78109-78182%0A/branches/R-ucrt/doc/NEWS.Rd:81323-81359%0A/branches/R-vecpat/doc/NEWS.Rd:81390-81922%0A/trunk/doc/NEWS.Rd:82225%2C82653-83098
r83131
  +dir_prop: branches/R-defquartz svn:mergeinfo /branches/R-2-12-branch:52939%2C54476%2C55265%0A/branches/R-2-13-branch:55265%2C55432%0A/branches/R-2-15-branch:58894%2C59717%0A/branches/R-3-0-branch:62497%0A/branches/R-3-1-branch:65920%0A/branches/R-3-6-branch:76839%2C77241%0A/branches/R-4-1-branch:80314%0A/branches/R-DL:69025-69313%0A/branches/R-conflicts:75454-76247%0A/branches/R-defs:77464-78758%0A/branches/R-glmscore:55360-55826%0A/branches/R-groups:80166-81095%0A/branches/R-structure:81439%0A/branches/R-symfam:78109-78182%0A/branches/R-ucrt:81323-81359%0A/branches/R-vecpat:81390-81922%0A/trunk:82653-83130
  +file_prop: branches/R-defquartz/doc/NEWS.Rd svn:mergeinfo /branches/R-2-12-branch/doc/NEWS.Rd:52939%2C54476%2C55265%0A/branches/R-2-13-branch/doc/NEWS.Rd:55265%2C55432%0A/branches/R-2-15-branch/doc/NEWS.Rd:58894%2C59717%0A/branches/R-3-0-branch/doc/NEWS.Rd:62497%0A/branches/R-3-1-branch/doc/NEWS.Rd:65920%0A/branches/R-3-6-branch/doc/NEWS.Rd:76839%2C77241%0A/branches/R-4-1-branch/doc/NEWS.Rd:80314%0A/branches/R-DL/doc/NEWS.Rd:69025-69313%0A/branches/R-conflicts/doc/NEWS.Rd:75454-76247%0A/branches/R-defs/doc/NEWS.Rd:77464-78758%0A/branches/R-glmscore/doc/NEWS.Rd:55360-55826%0A/branches/R-groups/doc/NEWS.Rd:80166-81095%0A/branches/R-structure/doc/NEWS.Rd:81439%0A/branches/R-symfam/doc/NEWS.Rd:78109-78182%0A/branches/R-ucrt/doc/NEWS.Rd:81323-81359%0A/branches/R-vecpat/doc/NEWS.Rd:81390-81922%0A/trunk/doc/NEWS.Rd:82225%2C82653-83130
r83176
r83177
r83184
r83196
  -empty_dir: branches/R-defquartz/src/library/Recommended/.cvsignore
  -dir_prop: branches/R-defquartz svn.ignore
  +dir_prop: branches/R-defquartz svn:mergeinfo /branches/R-2-12-branch:52939%2C54476%2C55265%0A/branches/R-2-13-branch:55265%2C55432%0A/branches/R-2-15-branch:58894%2C59717%0A/branches/R-3-0-branch:62497%0A/branches/R-3-1-branch:65920%0A/branches/R-3-6-branch:76839%2C77241%0A/branches/R-4-1-branch:80314%0A/branches/R-DL:69025-69313%0A/branches/R-conflicts:75454-76247%0A/branches/R-defs:77464-78758%0A/branches/R-glmscore:55360-55826%0A/branches/R-groups:80166-81095%0A/branches/R-structure:81439%0A/branches/R-symfam:78109-78182%0A/branches/R-ucrt:81323-81359%0A/branches/R-vecpat:81390-81922%0A/trunk:82653-83195
  +file_prop: branches/R-defquartz/doc/NEWS.Rd svn:mergeinfo /branches/R-2-12-branch/doc/NEWS.Rd:52939%2C54476%2C55265%0A/branches/R-2-13-branch/doc/NEWS.Rd:55265%2C55432%0A/branches/R-2-15-branch/doc/NEWS.Rd:58894%2C59717%0A/branches/R-3-0-branch/doc/NEWS.Rd:62497%0A/branches/R-3-1-branch/doc/NEWS.Rd:65920%0A/branches/R-3-6-branch/doc/NEWS.Rd:76839%2C77241%0A/branches/R-4-1-branch/doc/NEWS.Rd:80314%0A/branches/R-DL/doc/NEWS.Rd:69025-69313%0A/branches/R-conflicts/doc/NEWS.Rd:75454-76247%0A/branches/R-defs/doc/NEWS.Rd:77464-78758%0A/branches/R-glmscore/doc/NEWS.Rd:55360-55826%0A/branches/R-groups/doc/NEWS.Rd:80166-81095%0A/branches/R-structure/doc/NEWS.Rd:81439%0A/branches/R-symfam/doc/NEWS.Rd:78109-78182%0A/branches/R-ucrt/doc/NEWS.Rd:81323-81359%0A/branches/R-vecpat/doc/NEWS.Rd:81390-81922%0A/trunk/doc/NEWS.Rd:82225%2C82653-83195
  -file_prop: branches/R-defquartz/src/nmath/qDiscrete_search.h svn:keywords
r83263
  +dir_prop: branches/R-defquartz svn:mergeinfo /branches/R-2-12-branch:52939%2C54476%2C55265%0A/branches/R-2-13-branch:55265%2C55432%0A/branches/R-2-15-branch:58894%2C59717%0A/branches/R-3-0-branch:62497%0A/branches/R-3-1-branch:65920%0A/branches/R-3-6-branch:76839%2C77241%0A/branches/R-4-1-branch:80314%0A/branches/R-DL:69025-69313%0A/branches/R-conflicts:75454-76247%0A/branches/R-defs:77464-78758%0A/branches/R-glmscore:55360-55826%0A/branches/R-groups:80166-81095%0A/branches/R-structure:81439%0A/branches/R-symfam:78109-78182%0A/branches/R-ucrt:81323-81359%0A/branches/R-vecpat:81390-81922%0A/trunk:82653-83262
  +file_prop: branches/R-defquartz/doc/NEWS.Rd svn:mergeinfo /branches/R-2-12-branch/doc/NEWS.Rd:52939%2C54476%2C55265%0A/branches/R-2-13-branch/doc/NEWS.Rd:55265%2C55432%0A/branches/R-2-15-branch/doc/NEWS.Rd:58894%2C59717%0A/branches/R-3-0-branch/doc/NEWS.Rd:62497%0A/branches/R-3-1-branch/doc/NEWS.Rd:65920%0A/branches/R-3-6-branch/doc/NEWS.Rd:76839%2C77241%0A/branches/R-4-1-branch/doc/NEWS.Rd:80314%0A/branches/R-DL/doc/NEWS.Rd:69025-69313%0A/branches/R-conflicts/doc/NEWS.Rd:75454-76247%0A/branches/R-defs/doc/NEWS.Rd:77464-78758%0A/branches/R-glmscore/doc/NEWS.Rd:55360-55826%0A/branches/R-groups/doc/NEWS.Rd:80166-81095%0A/branches/R-structure/doc/NEWS.Rd:81439%0A/branches/R-symfam/doc/NEWS.Rd:78109-78182%0A/branches/R-ucrt/doc/NEWS.Rd:81323-81359%0A/branches/R-vecpat/doc/NEWS.Rd:81390-81922%0A/trunk/doc/NEWS.Rd:82225%2C82653-83262
r83331
  +dir_prop: branches/R-defquartz svn:mergeinfo /branches/R-2-12-branch:52939%2C54476%2C55265%0A/branches/R-2-13-branch:55265%2C55432%0A/branches/R-2-15-branch:58894%2C59717%0A/branches/R-3-0-branch:62497%0A/branches/R-3-1-branch:65920%0A/branches/R-3-6-branch:76839%2C77241%0A/branches/R-4-1-branch:80314%0A/branches/R-DL:69025-69313%0A/branches/R-conflicts:75454-76247%0A/branches/R-defs:77464-78758%0A/branches/R-glmscore:55360-55826%0A/branches/R-groups:80166-81095%0A/branches/R-structure:81439%0A/branches/R-symfam:78109-78182%0A/branches/R-ucrt:81323-81359%0A/branches/R-vecpat:81390-81922%0A/trunk:82653-83330
  +file_prop: branches/R-defquartz/doc/NEWS.Rd svn:mergeinfo /branches/R-2-12-branch/doc/NEWS.Rd:52939%2C54476%2C55265%0A/branches/R-2-13-branch/doc/NEWS.Rd:55265%2C55432%0A/branches/R-2-15-branch/doc/NEWS.Rd:58894%2C59717%0A/branches/R-3-0-branch/doc/NEWS.Rd:62497%0A/branches/R-3-1-branch/doc/NEWS.Rd:65920%0A/branches/R-3-6-branch/doc/NEWS.Rd:76839%2C77241%0A/branches/R-4-1-branch/doc/NEWS.Rd:80314%0A/branches/R-DL/doc/NEWS.Rd:69025-69313%0A/branches/R-conflicts/doc/NEWS.Rd:75454-76247%0A/branches/R-defs/doc/NEWS.Rd:77464-78758%0A/branches/R-glmscore/doc/NEWS.Rd:55360-55826%0A/branches/R-groups/doc/NEWS.Rd:80166-81095%0A/branches/R-structure/doc/NEWS.Rd:81439%0A/branches/R-symfam/doc/NEWS.Rd:78109-78182%0A/branches/R-ucrt/doc/NEWS.Rd:81323-81359%0A/branches/R-vecpat/doc/NEWS.Rd:81390-81922%0A/trunk/doc/NEWS.Rd:82225%2C82653-83330
r83365
  +dir_prop: branches/R-defquartz svn:mergeinfo /branches/R-2-12-branch:52939%2C54476%2C55265%0A/branches/R-2-13-branch:55265%2C55432%0A/branches/R-2-15-branch:58894%2C59717%0A/branches/R-3-0-branch:62497%0A/branches/R-3-1-branch:65920%0A/branches/R-3-6-branch:76839%2C77241%0A/branches/R-4-1-branch:80314%0A/branches/R-DL:69025-69313%0A/branches/R-conflicts:75454-76247%0A/branches/R-defs:77464-78758%0A/branches/R-glmscore:55360-55826%0A/branches/R-groups:80166-81095%0A/branches/R-structure:81439%0A/branches/R-symfam:78109-78182%0A/branches/R-ucrt:81323-81359%0A/branches/R-vecpat:81390-81922%0A/trunk:82653-83364
  +file_prop: branches/R-defquartz/doc/NEWS.Rd svn:mergeinfo /branches/R-2-12-branch/doc/NEWS.Rd:52939%2C54476%2C55265%0A/branches/R-2-13-branch/doc/NEWS.Rd:55265%2C55432%0A/branches/R-2-15-branch/doc/NEWS.Rd:58894%2C59717%0A/branches/R-3-0-branch/doc/NEWS.Rd:62497%0A/branches/R-3-1-branch/doc/NEWS.Rd:65920%0A/branches/R-3-6-branch/doc/NEWS.Rd:76839%2C77241%0A/branches/R-4-1-branch/doc/NEWS.Rd:80314%0A/branches/R-DL/doc/NEWS.Rd:69025-69313%0A/branches/R-conflicts/doc/NEWS.Rd:75454-76247%0A/branches/R-defs/doc/NEWS.Rd:77464-78758%0A/branches/R-glmscore/doc/NEWS.Rd:55360-55826%0A/branches/R-groups/doc/NEWS.Rd:80166-81095%0A/branches/R-structure/doc/NEWS.Rd:81439%0A/branches/R-symfam/doc/NEWS.Rd:78109-78182%0A/branches/R-ucrt/doc/NEWS.Rd:81323-81359%0A/branches/R-vecpat/doc/NEWS.Rd:81390-81922%0A/trunk/doc/NEWS.Rd:82225%2C82653-83364
r83414
  +dir_prop: branches/R-defquartz svn:mergeinfo /branches/R-2-12-branch:52939%2C54476%2C55265%0A/branches/R-2-13-branch:55265%2C55432%0A/branches/R-2-15-branch:58894%2C59717%0A/branches/R-3-0-branch:62497%0A/branches/R-3-1-branch:65920%0A/branches/R-3-6-branch:76839%2C77241%0A/branches/R-4-1-branch:80314%0A/branches/R-DL:69025-69313%0A/branches/R-conflicts:75454-76247%0A/branches/R-defs:77464-78758%0A/branches/R-glmscore:55360-55826%0A/branches/R-groups:80166-81095%0A/branches/R-structure:81439%0A/branches/R-symfam:78109-78182%0A/branches/R-ucrt:81323-81359%0A/branches/R-vecpat:81390-81922%0A/trunk:82653-83413
  +file_prop: branches/R-defquartz/doc/NEWS.Rd svn:mergeinfo /branches/R-2-12-branch/doc/NEWS.Rd:52939%2C54476%2C55265%0A/branches/R-2-13-branch/doc/NEWS.Rd:55265%2C55432%0A/branches/R-2-15-branch/doc/NEWS.Rd:58894%2C59717%0A/branches/R-3-0-branch/doc/NEWS.Rd:62497%0A/branches/R-3-1-branch/doc/NEWS.Rd:65920%0A/branches/R-3-6-branch/doc/NEWS.Rd:76839%2C77241%0A/branches/R-4-1-branch/doc/NEWS.Rd:80314%0A/branches/R-DL/doc/NEWS.Rd:69025-69313%0A/branches/R-conflicts/doc/NEWS.Rd:75454-76247%0A/branches/R-defs/doc/NEWS.Rd:77464-78758%0A/branches/R-glmscore/doc/NEWS.Rd:55360-55826%0A/branches/R-groups/doc/NEWS.Rd:80166-81095%0A/branches/R-structure/doc/NEWS.Rd:81439%0A/branches/R-symfam/doc/NEWS.Rd:78109-78182%0A/branches/R-ucrt/doc/NEWS.Rd:81323-81359%0A/branches/R-vecpat/doc/NEWS.Rd:81390-81922%0A/trunk/doc/NEWS.Rd:82225%2C82653-83413
r83466
  +dir_prop: branches/R-defquartz svn:mergeinfo /branches/R-2-12-branch:52939%2C54476%2C55265%0A/branches/R-2-13-branch:55265%2C55432%0A/branches/R-2-15-branch:58894%2C59717%0A/branches/R-3-0-branch:62497%0A/branches/R-3-1-branch:65920%0A/branches/R-3-6-branch:76839%2C77241%0A/branches/R-4-1-branch:80314%0A/branches/R-DL:69025-69313%0A/branches/R-conflicts:75454-76247%0A/branches/R-defs:77464-78758%0A/branches/R-glmscore:55360-55826%0A/branches/R-groups:80166-81095%0A/branches/R-structure:81439%0A/branches/R-symfam:78109-78182%0A/branches/R-ucrt:81323-81359%0A/branches/R-vecpat:81390-81922%0A/trunk:82653-83465
  +file_prop: branches/R-defquartz/doc/NEWS.Rd svn:mergeinfo /branches/R-2-12-branch/doc/NEWS.Rd:52939%2C54476%2C55265%0A/branches/R-2-13-branch/doc/NEWS.Rd:55265%2C55432%0A/branches/R-2-15-branch/doc/NEWS.Rd:58894%2C59717%0A/branches/R-3-0-branch/doc/NEWS.Rd:62497%0A/branches/R-3-1-branch/doc/NEWS.Rd:65920%0A/branches/R-3-6-branch/doc/NEWS.Rd:76839%2C77241%0A/branches/R-4-1-branch/doc/NEWS.Rd:80314%0A/branches/R-DL/doc/NEWS.Rd:69025-69313%0A/branches/R-conflicts/doc/NEWS.Rd:75454-76247%0A/branches/R-defs/doc/NEWS.Rd:77464-78758%0A/branches/R-glmscore/doc/NEWS.Rd:55360-55826%0A/branches/R-groups/doc/NEWS.Rd:80166-81095%0A/branches/R-structure/doc/NEWS.Rd:81439%0A/branches/R-symfam/doc/NEWS.Rd:78109-78182%0A/branches/R-ucrt/doc/NEWS.Rd:81323-81359%0A/branches/R-vecpat/doc/NEWS.Rd:81390-81922%0A/trunk/doc/NEWS.Rd:82225%2C82653-83465
r83644
  +dir_prop: branches/R-defquartz svn:mergeinfo /branches/R-2-12-branch:52939%2C54476%2C55265%0A/branches/R-2-13-branch:55265%2C55432%0A/branches/R-2-15-branch:58894%2C59717%0A/branches/R-3-0-branch:62497%0A/branches/R-3-1-branch:65920%0A/branches/R-3-6-branch:76839%2C77241%0A/branches/R-4-1-branch:80314%0A/branches/R-DL:69025-69313%0A/branches/R-conflicts:75454-76247%0A/branches/R-defs:77464-78758%0A/branches/R-glmscore:55360-55826%0A/branches/R-groups:80166-81095%0A/branches/R-structure:81439%0A/branches/R-symfam:78109-78182%0A/branches/R-ucrt:81323-81359%0A/branches/R-vecpat:81390-81922%0A/trunk:82653-83643
  +file_prop: branches/R-defquartz/doc/NEWS.Rd svn:mergeinfo /branches/R-2-12-branch/doc/NEWS.Rd:52939%2C54476%2C55265%0A/branches/R-2-13-branch/doc/NEWS.Rd:55265%2C55432%0A/branches/R-2-15-branch/doc/NEWS.Rd:58894%2C59717%0A/branches/R-3-0-branch/doc/NEWS.Rd:62497%0A/branches/R-3-1-branch/doc/NEWS.Rd:65920%0A/branches/R-3-6-branch/doc/NEWS.Rd:76839%2C77241%0A/branches/R-4-1-branch/doc/NEWS.Rd:80314%0A/branches/R-DL/doc/NEWS.Rd:69025-69313%0A/branches/R-conflicts/doc/NEWS.Rd:75454-76247%0A/branches/R-defs/doc/NEWS.Rd:77464-78758%0A/branches/R-glmscore/doc/NEWS.Rd:55360-55826%0A/branches/R-groups/doc/NEWS.Rd:80166-81095%0A/branches/R-structure/doc/NEWS.Rd:81439%0A/branches/R-symfam/doc/NEWS.Rd:78109-78182%0A/branches/R-ucrt/doc/NEWS.Rd:81323-81359%0A/branches/R-vecpat/doc/NEWS.Rd:81390-81922%0A/trunk/doc/NEWS.Rd:82225%2C82653-83643
r83700
  +dir_prop: branches/R-defquartz svn:mergeinfo /branches/R-2-12-branch:52939%2C54476%2C55265%0A/branches/R-2-13-branch:55265%2C55432%0A/branches/R-2-15-branch:58894%2C59717%0A/branches/R-3-0-branch:62497%0A/branches/R-3-1-branch:65920%0A/branches/R-3-6-branch:76839%2C77241%0A/branches/R-4-1-branch:80314%0A/branches/R-DL:69025-69313%0A/branches/R-conflicts:75454-76247%0A/branches/R-defs:77464-78758%0A/branches/R-glmscore:55360-55826%0A/branches/R-groups:80166-81095%0A/branches/R-structure:81439%0A/branches/R-symfam:78109-78182%0A/branches/R-typeset:82735-83683%0A/branches/R-ucrt:81323-81359%0A/branches/R-vecpat:81390-81922%0A/trunk:82653-83699
  -file_prop: branches/R-defquartz/doc/NEWS.Rd svn:mergeinfo
  +file_prop: branches/R-defquartz/src/library/grDevices/inst/fonts/Montserrat/static/Montserrat-BoldItalic.ttf svn:mime-type application/octet-stream
  +file_prop: branches/R-defquartz/src/library/grDevices/inst/fonts/Montserrat/static/Montserrat-Medium.ttf svn:mime-type application/octet-stream
  +file_prop: branches/R-defquartz/src/library/grDevices/inst/fonts/Roboto/Roboto-Medium.ttf svn:mime-type application/octet-stream
r83751
  +dir_prop: branches/R-defquartz svn:mergeinfo /branches/R-2-12-branch:52939%2C54476%2C55265%0A/branches/R-2-13-branch:55265%2C55432%0A/branches/R-2-15-branch:58894%2C59717%0A/branches/R-3-0-branch:62497%0A/branches/R-3-1-branch:65920%0A/branches/R-3-6-branch:76839%2C77241%0A/branches/R-4-1-branch:80314%0A/branches/R-DL:69025-69313%0A/branches/R-conflicts:75454-76247%0A/branches/R-defs:77464-78758%0A/branches/R-glmscore:55360-55826%0A/branches/R-groups:80166-81095%0A/branches/R-structure:81439%0A/branches/R-symfam:78109-78182%0A/branches/R-typeset:82735-83683%0A/branches/R-ucrt:81323-81359%0A/branches/R-vecpat:81390-81922%0A/trunk:82653-83750
r83782
r83797
  +dir_prop: branches/R-defquartz svn:mergeinfo /branches/R-2-12-branch:52939%2C54476%2C55265%0A/branches/R-2-13-branch:55265%2C55432%0A/branches/R-2-15-branch:58894%2C59717%0A/branches/R-3-0-branch:62497%0A/branches/R-3-1-branch:65920%0A/branches/R-3-6-branch:76839%2C77241%0A/branches/R-4-1-branch:80314%0A/branches/R-DL:69025-69313%0A/branches/R-conflicts:75454-76247%0A/branches/R-defs:77464-78758%0A/branches/R-glmscore:55360-55826%0A/branches/R-groups:80166-81095%0A/branches/R-structure:81439%0A/branches/R-symfam:78109-78182%0A/branches/R-typeset:82735-83683%0A/branches/R-ucrt:81323-81359%0A/branches/R-vecpat:81390-81922%0A/trunk:82653-83796
r83803
r83808
r83810
r83812
r83813
r83814
r83815
r83816
r83822
r83823
r83824
r83826
r83827
r83828
r83829
r83848
r83856
r83857
  +dir_prop: branches/R-defquartz svn:mergeinfo /branches/R-2-12-branch:52939%2C54476%2C55265%0A/branches/R-2-13-branch:55265%2C55432%0A/branches/R-2-15-branch:58894%2C59717%0A/branches/R-3-0-branch:62497%0A/branches/R-3-1-branch:65920%0A/branches/R-3-6-branch:76839%2C77241%0A/branches/R-4-1-branch:80314%0A/branches/R-DL:69025-69313%0A/branches/R-conflicts:75454-76247%0A/branches/R-defs:77464-78758%0A/branches/R-glmscore:55360-55826%0A/branches/R-groups:80166-81095%0A/branches/R-structure:81439%0A/branches/R-symfam:78109-78182%0A/branches/R-typeset:82735-83683%0A/branches/R-ucrt:81323-81359%0A/branches/R-vecpat:81390-81922%0A/trunk:82653-83856
r83858
r83859
r83862
r83875
r83876
r83878
r83879
r83887
r83895
  +dir_prop: branches/R-defquartz svn:mergeinfo /branches/R-2-12-branch:52939%2C54476%2C55265%0A/branches/R-2-13-branch:55265%2C55432%0A/branches/R-2-15-branch:58894%2C59717%0A/branches/R-3-0-branch:62497%0A/branches/R-3-1-branch:65920%0A/branches/R-3-6-branch:76839%2C77241%0A/branches/R-4-1-branch:80314%0A/branches/R-DL:69025-69313%0A/branches/R-conflicts:75454-76247%0A/branches/R-defs:77464-78758%0A/branches/R-glmscore:55360-55826%0A/branches/R-groups:80166-81095%0A/branches/R-structure:81439%0A/branches/R-symfam:78109-78182%0A/branches/R-typeset:82735-83683%0A/branches/R-ucrt:81323-81359%0A/branches/R-vecpat:81390-81922%0A/trunk:82653-83894
