r54810
r54811
r54819
r54820
r54822
r54823
r54826
r54829
r54831
r54833
r54835
r54837
r54839
r54841
r54843
r54845
r54846
r54849
r54850
r54854
r54859
  +dir_prop: branches/R-2-13-branch svn:mergeinfo /branches/R-2-12-branch:54476%0A/trunk:54858
r54861
r54864
  +dir_prop: branches/R-2-13-branch svn:mergeinfo /branches/R-2-12-branch:54476%0A/trunk:54858%2C54863
r54866
r54868
r54874
r54875
r54877
  +dir_prop: branches/R-2-13-branch svn:mergeinfo /branches/R-2-12-branch:54476%0A/trunk:54858%2C54863%2C54876
r54880
  +dir_prop: branches/R-2-13-branch svn:mergeinfo /branches/R-2-12-branch:54476%0A/trunk:54858%2C54863%2C54876%2C54879
r54882
r54883
  +dir_prop: branches/R-2-13-branch svn:mergeinfo /branches/R-2-12-branch:54476%0A/trunk:54858%2C54863%2C54876%2C54878-54879
r54885
r54887
r54889
r54892
  +dir_prop: branches/R-2-13-branch svn:mergeinfo /branches/R-2-12-branch:54476%0A/trunk:54858%2C54863%2C54876%2C54878-54879%2C54891
r54894
r54897
r54899
r54901
r54903
r54905
r54907
r54914
r54916
r54918
r54920
r54922
r54923
r54924
r54928
  +dir_prop: branches/R-2-13-branch svn:mergeinfo /branches/R-2-12-branch:54476%0A/trunk:54858%2C54863%2C54876%2C54878-54879%2C54891%2C54926
r54929
  +dir_prop: branches/R-2-13-branch svn:mergeinfo /branches/R-2-12-branch:54476%0A/trunk:54858%2C54863%2C54876%2C54878-54879%2C54891%2C54925-54926
r54930
  +dir_prop: branches/R-2-13-branch svn:mergeinfo /branches/R-2-12-branch:54476%0A/trunk:54858%2C54863%2C54876%2C54878-54879%2C54891%2C54925-54927
r54932
  +dir_prop: branches/R-2-13-branch svn:mergeinfo /branches/R-2-12-branch:54476%0A/trunk:54858%2C54863%2C54876%2C54878-54879%2C54891%2C54925-54927%2C54931
r54935
  +dir_prop: branches/R-2-13-branch svn:mergeinfo /branches/R-2-12-branch:54476%0A/trunk:54858%2C54863%2C54876%2C54878-54879%2C54891%2C54925-54927%2C54931%2C54933-54934
r54938
r54940
r54942
r54944
r54946
r54948
r54950
  +dir_prop: branches/R-2-13-branch svn:mergeinfo /branches/R-2-12-branch:54476%0A/trunk:54858%2C54863%2C54876%2C54878-54879%2C54891%2C54925-54927%2C54931%2C54933-54934%2C54949
r54952
  +dir_prop: branches/R-2-13-branch svn:mergeinfo /branches/R-2-12-branch:54476%0A/trunk:54858%2C54863%2C54876%2C54878-54879%2C54891%2C54925-54927%2C54931%2C54933-54934%2C54949%2C54951
r54954
  +dir_prop: branches/R-2-13-branch svn:mergeinfo /branches/R-2-12-branch:54476%0A/trunk:54858%2C54863%2C54876%2C54878-54879%2C54891%2C54925-54927%2C54931%2C54933-54934%2C54949%2C54951%2C54953
r54955
r54956
r54959
  +dir_prop: branches/R-2-13-branch svn:mergeinfo /branches/R-2-12-branch:54476%0A/trunk:54858%2C54863%2C54876%2C54878-54879%2C54891%2C54925-54927%2C54931%2C54933-54934%2C54949%2C54951%2C54953%2C54958
r54961
  +dir_prop: branches/R-2-13-branch svn:mergeinfo /branches/R-2-12-branch:54476%0A/trunk:54858%2C54863%2C54876%2C54878-54879%2C54891%2C54925-54927%2C54931%2C54933-54934%2C54949%2C54951%2C54953%2C54958%2C54960
r54965
r54967
r54969
r54972
r54974
r54978
r54980
  +dir_prop: branches/R-2-13-branch svn:mergeinfo /branches/R-2-12-branch:54476%0A/trunk:54858%2C54863%2C54876%2C54878-54879%2C54891%2C54925-54927%2C54931%2C54933-54934%2C54949%2C54951%2C54953%2C54958%2C54960%2C54979
r54981
r54983
r54985
r54990
r54992
r54994
r54997
r54998
r54999
r55000
r55004
r55006
  +dir_prop: branches/R-2-13-branch svn:mergeinfo /branches/R-2-12-branch:54476%0A/trunk:54858%2C54863%2C54876%2C54878-54879%2C54891%2C54925-54927%2C54931%2C54933-54934%2C54949%2C54951%2C54953%2C54958%2C54960%2C54979%2C55005
r55008
  +dir_prop: branches/R-2-13-branch svn:mergeinfo /branches/R-2-12-branch:54476%0A/trunk:54858%2C54863%2C54876%2C54878-54879%2C54891%2C54925-54927%2C54931%2C54933-54934%2C54949%2C54951%2C54953%2C54958%2C54960%2C54979%2C54986%2C55005
r55012
r55014
r55016
  +dir_prop: branches/R-2-13-branch svn:mergeinfo /branches/R-2-12-branch:54476%0A/trunk:54858%2C54863%2C54876%2C54878-54879%2C54891%2C54925-54927%2C54931%2C54933-54934%2C54949%2C54951%2C54953%2C54958%2C54960%2C54979%2C54986%2C55005%2C55015
r55017
  +file_prop: branches/R-2-13-branch/src/library/compiler/inst/po/de/LC_MESSAGES/R-compiler.mo svn:mime-type application/octet-stream
r55025
  +dir_prop: branches/R-2-13-branch svn:mergeinfo /branches/R-2-12-branch:54476%0A/trunk:54858%2C54863%2C54876%2C54878-54879%2C54891%2C54925-54927%2C54931%2C54933-54934%2C54949%2C54951%2C54953%2C54958%2C54960%2C54979%2C54986%2C55005%2C55015%2C55024
r55027
r55029
r55031
r55033
  +dir_prop: branches/R-2-13-branch svn:mergeinfo /branches/R-2-12-branch:54476%0A/trunk:54858%2C54863%2C54876%2C54878-54879%2C54891%2C54925-54927%2C54931%2C54933-54934%2C54949%2C54951%2C54953%2C54958%2C54960%2C54976%2C54979%2C54986%2C55005%2C55015%2C55024%2C55032
r55034
r55036
r55039
  +dir_prop: branches/R-2-13-branch svn:mergeinfo /branches/R-2-12-branch:54476%0A/trunk:54858%2C54863%2C54876%2C54878-54879%2C54891%2C54925-54927%2C54931%2C54933-54934%2C54949%2C54951%2C54953%2C54958%2C54960%2C54976%2C54979%2C54986%2C55005%2C55015%2C55024%2C55032%2C55038
r55041
  +dir_prop: branches/R-2-13-branch svn:mergeinfo /branches/R-2-12-branch:54476%0A/trunk:54858%2C54863%2C54876%2C54878-54879%2C54891%2C54925-54927%2C54931%2C54933-54934%2C54949%2C54951%2C54953%2C54958%2C54960%2C54976%2C54979%2C54986%2C55005%2C55015%2C55024%2C55032%2C55038%2C55040
r55044
r55048
r55049
r55053
r55054
  +dir_prop: branches/R-2-13-branch svn:mergeinfo /branches/R-2-12-branch:54476%0A/trunk:54858%2C54863%2C54876%2C54878-54879%2C54891%2C54925-54927%2C54931%2C54933-54934%2C54949%2C54951%2C54953%2C54958%2C54960%2C54976%2C54979%2C54986%2C55005%2C55015%2C55024%2C55032%2C55038%2C55040%2C55050
r55056
r55058
  +dir_prop: branches/R-2-13-branch svn:mergeinfo /branches/R-2-12-branch:54476%0A/trunk:54858%2C54863%2C54876%2C54878-54879%2C54891%2C54925-54927%2C54931%2C54933-54934%2C54949%2C54951%2C54953%2C54958%2C54960%2C54976%2C54979%2C54986%2C55005%2C55015%2C55024%2C55032%2C55038%2C55040%2C55050%2C55057
r55060
  +dir_prop: branches/R-2-13-branch svn:mergeinfo /branches/R-2-12-branch:54476%0A/trunk:54858%2C54863%2C54876%2C54878-54879%2C54891%2C54925-54927%2C54931%2C54933-54934%2C54949%2C54951%2C54953%2C54958%2C54960%2C54976%2C54979%2C54986%2C55005%2C55015%2C55024%2C55032%2C55038%2C55040%2C55050%2C55057%2C55059
r55065
r55066
r55067
r55070
r55072
r55075
r55082
  +dir_prop: branches/R-2-13-branch svn:mergeinfo /branches/R-2-12-branch:54476%0A/trunk:54858%2C54863%2C54876%2C54878-54879%2C54891%2C54925-54927%2C54931%2C54933-54934%2C54949%2C54951%2C54953%2C54958%2C54960%2C54976%2C54979%2C54986%2C55005%2C55015%2C55024%2C55032%2C55038%2C55040%2C55050%2C55057%2C55059%2C55081
r55085
  +dir_prop: branches/R-2-13-branch svn:mergeinfo /branches/R-2-12-branch:54476%0A/trunk:54858%2C54863%2C54876%2C54878-54879%2C54891%2C54925-54927%2C54931%2C54933-54934%2C54949%2C54951%2C54953%2C54958%2C54960%2C54976%2C54979%2C54986%2C55005%2C55015%2C55024%2C55032%2C55038%2C55040%2C55050%2C55057%2C55059%2C55081%2C55084
r55086
r55090
r55091
r55092
r55100
r55101
r55102
r55104
  +dir_prop: branches/R-2-13-branch svn:mergeinfo /branches/R-2-12-branch:54476%0A/trunk:54858%2C54863%2C54876%2C54878-54879%2C54891%2C54925-54927%2C54931%2C54933-54934%2C54949%2C54951%2C54953%2C54958%2C54960%2C54976%2C54979%2C54986%2C55005%2C55015%2C55024%2C55032%2C55038%2C55040%2C55050%2C55057%2C55059%2C55081%2C55084%2C55096
r55110
r55111
r55113
  +dir_prop: branches/R-2-13-branch svn:mergeinfo /branches/R-2-12-branch:54476%0A/trunk:54858%2C54863%2C54876%2C54878-54879%2C54891%2C54925-54927%2C54931%2C54933-54934%2C54949%2C54951%2C54953%2C54958%2C54960%2C54976%2C54979%2C54986%2C55005%2C55015%2C55024%2C55032%2C55038%2C55040%2C55050%2C55057%2C55059%2C55081%2C55084%2C55096%2C55112
r55115
r55118
r55121
r55125
r55127
  +dir_prop: branches/R-2-13-branch svn:mergeinfo /branches/R-2-12-branch:54476%0A/trunk:54858%2C54863%2C54876%2C54878-54879%2C54891%2C54925-54927%2C54931%2C54933-54934%2C54949%2C54951%2C54953%2C54958%2C54960%2C54976%2C54979%2C54986%2C55005%2C55015%2C55024%2C55032%2C55038%2C55040%2C55050%2C55057%2C55059%2C55081%2C55084%2C55096%2C55112%2C55124
r55128
r55131
  +dir_prop: branches/R-2-13-branch svn:mergeinfo /branches/R-2-12-branch:54476%0A/trunk:54858%2C54863%2C54876%2C54878-54879%2C54891%2C54925-54927%2C54931%2C54933-54934%2C54949%2C54951%2C54953%2C54958%2C54960%2C54976%2C54979%2C54986%2C55005%2C55015%2C55024%2C55032%2C55038%2C55040%2C55050%2C55057%2C55059%2C55081%2C55084%2C55096%2C55112%2C55124%2C55130
r55132
r55133
r55135
r55137
r55139
r55143
r55144
  -empty_dir: branches/R-2-13-branch/src/gnuwin32/TESTING
r55147
r55151
r55153
r55155
r55157
r55159
  +dir_prop: branches/R-2-13-branch svn:mergeinfo /branches/R-2-12-branch:54476%0A/trunk:54858%2C54863%2C54876%2C54878-54879%2C54891%2C54925-54927%2C54931%2C54933-54934%2C54949%2C54951%2C54953%2C54958%2C54960%2C54976%2C54979%2C54986%2C55005%2C55015%2C55024%2C55032%2C55038%2C55040%2C55050%2C55057%2C55059%2C55081%2C55084%2C55096%2C55112%2C55124%2C55130%2C55158
r55160
r55162
  +dir_prop: branches/R-2-13-branch svn:mergeinfo /branches/R-2-12-branch:54476%0A/trunk:54858%2C54863%2C54876%2C54878-54879%2C54891%2C54925-54927%2C54931%2C54933-54934%2C54949%2C54951%2C54953%2C54958%2C54960%2C54976%2C54979%2C54986%2C55005%2C55015%2C55024%2C55032%2C55038%2C55040%2C55050%2C55057%2C55059%2C55081%2C55084%2C55096%2C55112%2C55124%2C55130%2C55158%2C55161
r55165
  +file_prop: branches/R-2-13-branch/src/library/compiler/inst/po/zh_CN/LC_MESSAGES/R-compiler.mo svn:mime-type application/octet-stream
r55167
r55170
r55172
r55175
  +dir_prop: branches/R-2-13-branch svn:mergeinfo /branches/R-2-12-branch:54476%0A/trunk:54858%2C54863%2C54876%2C54878-54879%2C54891%2C54925-54927%2C54931%2C54933-54934%2C54943%2C54949%2C54951%2C54953%2C54958%2C54960%2C54966%2C54976%2C54979%2C54986%2C55005%2C55015%2C55024%2C55032%2C55038%2C55040%2C55050%2C55057%2C55059%2C55081%2C55084%2C55096%2C55112%2C55122-55124%2C55130%2C55158%2C55161
r55177
r55179
r55182
r55185
r55186
r55188
r55190
r55193
r55196
r55198
r55199
r55200
r55204
r55205
r55206
  +file_prop: branches/R-2-13-branch/po/RGui-tr.gmo svn:mime-type application/octet-stream
  +file_prop: branches/R-2-13-branch/po/tr.gmo svn:mime-type application/octet-stream
  +file_prop: branches/R-2-13-branch/src/library/compiler/inst/po/ru/LC_MESSAGES/R-compiler.mo svn:mime-type application/octet-stream
r55209
r55212
r55214
r55215
r55220
r55221
  +dir_prop: branches/R-2-13-branch svn:mergeinfo /branches/R-2-12-branch:54476%0A/trunk:54858%2C54863%2C54876%2C54878-54879%2C54891%2C54925-54927%2C54931%2C54933-54934%2C54943%2C54949%2C54951%2C54953%2C54958%2C54960%2C54966%2C54976%2C54979%2C54986%2C55005%2C55015%2C55024%2C55032%2C55038%2C55040%2C55050%2C55057%2C55059%2C55081%2C55084%2C55096%2C55112%2C55122-55124%2C55130%2C55158%2C55161%2C55191
r55223
r55225
  +file_prop: branches/R-2-13-branch/src/library/compiler/inst/po/pt_BR/LC_MESSAGES/R-compiler.mo svn:mime-type application/octet-stream
r55228
r55231
r55233
r55237
r55238
  +file_prop: branches/R-2-13-branch/src/library/compiler/inst/po/ja/LC_MESSAGES/R-compiler.mo svn:mime-type application/octet-stream
r55245
r55247
r55252
r55253
r55256
r55258
r55262
  +file_prop: branches/R-2-13-branch/src/library/compiler/inst/po/fr/LC_MESSAGES/R-compiler.mo svn:mime-type application/octet-stream
r55265
  +file_prop: branches/R-2-13-branch/src/library/base/inst/po/tr/LC_MESSAGES/R-base.mo svn:mime-type application/octet-stream
  +file_prop: branches/R-2-13-branch/src/library/stats/inst/po/tr/LC_MESSAGES/R-stats.mo svn:mime-type application/octet-stream
  +file_prop: branches/R-2-13-branch/src/library/stats4/inst/po/tr/LC_MESSAGES/R-stats4.mo svn:mime-type application/octet-stream
  +file_prop: branches/R-2-13-branch/src/library/tools/inst/po/tr/LC_MESSAGES/R-tools.mo svn:mime-type application/octet-stream
  +file_prop: branches/R-2-13-branch/src/library/utils/inst/po/tr/LC_MESSAGES/R-utils.mo svn:mime-type application/octet-stream
r55269
  +dir_prop: branches/R-2-13-branch svn:mergeinfo /branches/R-2-12-branch:54476%0A/trunk:54858%2C54863%2C54876%2C54878-54879%2C54891%2C54925-54927%2C54931%2C54933-54934%2C54943%2C54949%2C54951%2C54953%2C54958%2C54960%2C54966%2C54976%2C54979%2C54986%2C55005%2C55015%2C55024%2C55032%2C55038%2C55040%2C55050%2C55057%2C55059%2C55081%2C55084%2C55096%2C55112%2C55122-55124%2C55130%2C55158%2C55161%2C55191%2C55268
r55276
r55279
r55281
  +dir_prop: branches/R-2-13-branch svn:mergeinfo /branches/R-2-12-branch:54476%0A/trunk:54858%2C54863%2C54876%2C54878-54879%2C54891%2C54925-54927%2C54931%2C54933-54934%2C54943%2C54949%2C54951%2C54953%2C54958%2C54960%2C54966%2C54976%2C54979%2C54986%2C55005%2C55015%2C55024%2C55032%2C55038%2C55040%2C55050%2C55057%2C55059%2C55081%2C55084%2C55096%2C55112%2C55122-55124%2C55130%2C55158%2C55161%2C55191%2C55268%2C55280
r55282
r55287
r55289
r55290
r55292
r55295
r55301
r55305
r55310
r55312
r55316
r55318
r55321
r55324
r55331
r55334
r55339
r55347
r55350
r55353
r55358
r55362
r55366
r55369
r55378
r55383
r55386
  +dir_prop: branches/R-2-13-branch svn:mergeinfo /branches/R-2-12-branch:54476%0A/trunk:54858%2C54863%2C54876%2C54878-54879%2C54891%2C54925-54927%2C54931%2C54933-54934%2C54943%2C54949%2C54951%2C54953%2C54958%2C54960%2C54966%2C54976%2C54979%2C54986%2C55005%2C55015%2C55024%2C55032%2C55038%2C55040%2C55050%2C55057%2C55059%2C55081%2C55084%2C55096%2C55112%2C55122-55124%2C55130%2C55158%2C55161%2C55191%2C55268%2C55280%2C55385
r55388
r55390
r55394
r55395
r55402
r55405
r55408
r55410
r55427
r55429
r55430
r55431
r55432
r55434
r55437
r55440
  +dir_prop: branches/R-2-13-branch svn:mergeinfo /branches/R-2-12-branch:54476%0A/trunk:54858%2C54863%2C54876%2C54878-54879%2C54891%2C54925-54927%2C54931%2C54933-54934%2C54943%2C54949%2C54951%2C54953%2C54958%2C54960%2C54966%2C54976%2C54979%2C54986%2C55005%2C55015%2C55024%2C55032%2C55038%2C55040%2C55050%2C55057%2C55059%2C55081%2C55084%2C55096%2C55112%2C55122-55124%2C55130%2C55158%2C55161%2C55191%2C55268%2C55280%2C55385%2C55409
r55441
r55443
r55445
  -empty_dir: branches/R-2-13-branch/doc/COPYING.LIB
r55446
r55450
r55452
r55454
r55456
r55459
r55462
r55463
r55466
  +dir_prop: branches/R-2-13-branch svn:mergeinfo /branches/R-2-12-branch:54476%0A/trunk:54858%2C54863%2C54876%2C54878-54879%2C54891%2C54925-54927%2C54931%2C54933-54934%2C54943%2C54949%2C54951%2C54953%2C54958%2C54960%2C54966%2C54976%2C54979%2C54986%2C55005%2C55015%2C55024%2C55032%2C55038%2C55040%2C55050%2C55057%2C55059%2C55081%2C55084%2C55096%2C55112%2C55122-55124%2C55130%2C55158%2C55161%2C55191%2C55268%2C55280%2C55385%2C55409%2C55465
r55468
r55469
r55472
  +dir_prop: branches/R-2-13-branch svn:mergeinfo /branches/R-2-12-branch:54476%0A/trunk:54858%2C54863%2C54876%2C54878-54879%2C54891%2C54925-54927%2C54931%2C54933-54934%2C54943%2C54949%2C54951%2C54953%2C54958%2C54960%2C54966%2C54976%2C54979%2C54986%2C55005%2C55015%2C55024%2C55032%2C55038%2C55040%2C55050%2C55057%2C55059%2C55081%2C55084%2C55096%2C55112%2C55122-55124%2C55130%2C55158%2C55161%2C55191%2C55268%2C55280%2C55385%2C55409%2C55465%2C55471
r55474
r55479
r55482
r55484
r55488
r55490
r55491
r55494
r55495
r55497
r55499
r55502
r55505
r55506
r55507
r55508
r55509
r55517
r55519
r55522
r55535
  +dir_prop: branches/R-2-13-branch svn:mergeinfo /branches/R-2-12-branch:54476%0A/trunk:54858%2C54863%2C54876%2C54878-54879%2C54891%2C54925-54927%2C54931%2C54933-54934%2C54943%2C54949%2C54951%2C54953%2C54958%2C54960%2C54966%2C54976%2C54979%2C54986%2C55005%2C55015%2C55024%2C55032%2C55038%2C55040%2C55050%2C55057%2C55059%2C55081%2C55084%2C55096%2C55112%2C55122-55124%2C55130%2C55158%2C55161%2C55191%2C55268%2C55280%2C55385%2C55409%2C55465%2C55471%2C55534
r55542
r55548
r55550
r55552
r55556
r55560
r55570
r55572
r55573
r55575
r55577
r55579
r55581
r55583
  +dir_prop: branches/R-2-13-branch svn:mergeinfo /branches/R-2-12-branch:54476%0A/trunk:54858%2C54863%2C54876%2C54878-54879%2C54891%2C54925-54927%2C54931%2C54933-54934%2C54943%2C54949%2C54951%2C54953%2C54958%2C54960%2C54966%2C54976%2C54979%2C54986%2C55005%2C55015%2C55024%2C55032%2C55038%2C55040%2C55050%2C55057%2C55059%2C55081%2C55084%2C55096%2C55112%2C55122-55124%2C55130%2C55158%2C55161%2C55191%2C55268%2C55280%2C55385%2C55409%2C55465%2C55471%2C55534%2C55582
r55585
r55587
r55588
r55590
r55591
r55593
r55596
r55604
r55607
r55615
r55617
r55620
r55622
r55626
r55629
  +dir_prop: branches/R-2-13-branch svn:mergeinfo /branches/R-2-12-branch:54476%0A/trunk:54858%2C54863%2C54876%2C54878-54879%2C54891%2C54925-54927%2C54931%2C54933-54934%2C54943%2C54949%2C54951%2C54953%2C54958%2C54960%2C54966%2C54976%2C54979%2C54986%2C55005%2C55015%2C55024%2C55032%2C55038%2C55040%2C55050%2C55057%2C55059%2C55081%2C55084%2C55096%2C55112%2C55122-55124%2C55130%2C55158%2C55161%2C55191%2C55268%2C55280%2C55385%2C55409%2C55465%2C55471%2C55534%2C55582%2C55627-55628
r55632
r55634
r55637
r55640
r55644
r55649
r55655
  +dir_prop: branches/R-2-13-branch svn:mergeinfo /branches/R-2-12-branch:54476%0A/trunk:54858%2C54863%2C54876%2C54878-54879%2C54891%2C54925-54927%2C54931%2C54933-54934%2C54943%2C54949%2C54951%2C54953%2C54958%2C54960%2C54966%2C54976%2C54979%2C54986%2C55005%2C55015%2C55024%2C55032%2C55038%2C55040%2C55050%2C55057%2C55059%2C55081%2C55084%2C55096%2C55112%2C55122-55124%2C55130%2C55158%2C55161%2C55191%2C55268%2C55280%2C55385%2C55409%2C55465%2C55471%2C55534%2C55582%2C55627-55628%2C55654
r55660
r55669
r55680
r55699
r55705
r55712
r55717
r55723
r55730
r55737
r55746
r55748
  +dir_prop: branches/R-2-13-branch svn:mergeinfo /branches/R-2-12-branch:54476%0A/trunk:54858%2C54863%2C54876%2C54878-54879%2C54891%2C54925-54927%2C54931%2C54933-54934%2C54943%2C54949%2C54951%2C54953%2C54958%2C54960%2C54966%2C54976%2C54979%2C54986%2C55005%2C55015%2C55024%2C55032%2C55038%2C55040%2C55050%2C55057%2C55059%2C55081%2C55084%2C55096%2C55112%2C55122-55124%2C55130%2C55158%2C55161%2C55191%2C55268%2C55280%2C55385%2C55409%2C55465%2C55471%2C55534%2C55582%2C55627-55628%2C55654%2C55747
r55752
r55756
r55758
  +dir_prop: branches/R-2-13-branch svn:mergeinfo /branches/R-2-12-branch:54476%0A/trunk:54858%2C54863%2C54876%2C54878-54879%2C54891%2C54925-54927%2C54931%2C54933-54934%2C54943%2C54949%2C54951%2C54953%2C54958%2C54960%2C54966%2C54976%2C54979%2C54986%2C55005%2C55015%2C55024%2C55032%2C55038%2C55040%2C55050%2C55057%2C55059%2C55081%2C55084%2C55096%2C55112%2C55122-55124%2C55130%2C55158%2C55161%2C55191%2C55268%2C55280%2C55385%2C55409%2C55465%2C55471%2C55534%2C55582%2C55627-55628%2C55654%2C55747%2C55757
r55762
r55766
r55768
r55770
r55790
r55824
r55837
r55843
r55849
  +dir_prop: branches/R-2-13-branch svn:mergeinfo /branches/R-2-12-branch:54476%0A/trunk:54858%2C54863%2C54876%2C54878-54879%2C54891%2C54925-54927%2C54931%2C54933-54934%2C54943%2C54949%2C54951%2C54953%2C54958%2C54960%2C54966%2C54976%2C54979%2C54986%2C55005%2C55015%2C55024%2C55032%2C55038%2C55040%2C55050%2C55057%2C55059%2C55081%2C55084%2C55096%2C55112%2C55122-55124%2C55130%2C55158%2C55161%2C55191%2C55268%2C55280%2C55385%2C55409%2C55465%2C55471%2C55534%2C55582%2C55627-55628%2C55654%2C55747%2C55757%2C55848
r55854
r55855
r55856
r55858
r55861
r55867
r55870
r55879
  +dir_prop: branches/R-2-13-branch svn:mergeinfo /branches/R-2-12-branch:54476%0A/trunk:54858%2C54863%2C54876%2C54878-54879%2C54891%2C54925-54927%2C54931%2C54933-54934%2C54943%2C54949%2C54951%2C54953%2C54958%2C54960%2C54966%2C54976%2C54979%2C54986%2C55005%2C55015%2C55024%2C55032%2C55038%2C55040%2C55050%2C55057%2C55059%2C55081%2C55084%2C55096%2C55112%2C55122-55124%2C55130%2C55158%2C55161%2C55191%2C55268%2C55280%2C55385%2C55409%2C55465%2C55471%2C55534%2C55582%2C55627-55628%2C55654%2C55747%2C55757%2C55848%2C55878
r55881
r55890
r55895
r55899
r55902
r55904
r55907
  +dir_prop: branches/R-2-13-branch svn:mergeinfo /branches/R-2-12-branch:54476%0A/trunk:54858%2C54863%2C54876%2C54878-54879%2C54891%2C54925-54927%2C54931%2C54933-54934%2C54943%2C54949%2C54951%2C54953%2C54958%2C54960%2C54966%2C54976%2C54979%2C54986%2C55005%2C55015%2C55024%2C55032%2C55038%2C55040%2C55050%2C55057%2C55059%2C55081%2C55084%2C55096%2C55112%2C55122-55124%2C55130%2C55158%2C55161%2C55191%2C55268%2C55280%2C55385%2C55409%2C55465%2C55471%2C55534%2C55582%2C55627-55628%2C55654%2C55747%2C55757%2C55848%2C55878%2C55906
r55912
r55916
r55922
  +dir_prop: branches/R-2-13-branch svn:mergeinfo /branches/R-2-12-branch:54476%0A/trunk:54858%2C54863%2C54876%2C54878-54879%2C54891%2C54925-54927%2C54931%2C54933-54934%2C54943%2C54949%2C54951%2C54953%2C54958%2C54960%2C54966%2C54976%2C54979%2C54986%2C55005%2C55015%2C55024%2C55032%2C55038%2C55040%2C55050%2C55057%2C55059%2C55081%2C55084%2C55096%2C55112%2C55122-55124%2C55130%2C55158%2C55161%2C55191%2C55268%2C55280%2C55385%2C55409%2C55465%2C55471%2C55534%2C55582%2C55627-55628%2C55654%2C55747%2C55757%2C55848%2C55878%2C55906%2C55921
r55926
r55928
r55930
r55933
r55934
r55938
  +dir_prop: branches/R-2-13-branch svn:mergeinfo /branches/R-2-12-branch:54476%0A/trunk:54858%2C54863%2C54876%2C54878-54879%2C54891%2C54925-54927%2C54931%2C54933-54934%2C54943%2C54949%2C54951%2C54953%2C54958%2C54960%2C54966%2C54976%2C54979%2C54986%2C55005%2C55015%2C55024%2C55032%2C55038%2C55040%2C55050%2C55057%2C55059%2C55081%2C55084%2C55096%2C55112%2C55122-55124%2C55130%2C55158%2C55161%2C55191%2C55268%2C55280%2C55385%2C55409%2C55465%2C55471%2C55534%2C55582%2C55627-55628%2C55654%2C55747%2C55757%2C55848%2C55878%2C55906%2C55921%2C55937
r55941
r55948
r55951
r55953
r55956
  +dir_prop: branches/R-2-13-branch svn:mergeinfo /branches/R-2-12-branch:54476%0A/trunk:54858%2C54863%2C54876%2C54878-54879%2C54891%2C54925-54927%2C54931%2C54933-54934%2C54943%2C54949%2C54951%2C54953%2C54958%2C54960%2C54966%2C54976%2C54979%2C54986%2C55005%2C55015%2C55024%2C55032%2C55038%2C55040%2C55050%2C55057%2C55059%2C55081%2C55084%2C55096%2C55112%2C55122-55124%2C55130%2C55158%2C55161%2C55191%2C55268%2C55280%2C55385%2C55409%2C55465%2C55471%2C55534%2C55582%2C55627-55628%2C55654%2C55747%2C55757%2C55848%2C55878%2C55906%2C55921%2C55937%2C55955
r55960
r55962
  +dir_prop: branches/R-2-13-branch svn:mergeinfo /branches/R-2-12-branch:54476%0A/trunk:54858%2C54863%2C54876%2C54878-54879%2C54891%2C54925-54927%2C54931%2C54933-54934%2C54943%2C54949%2C54951%2C54953%2C54958%2C54960%2C54966%2C54976%2C54979%2C54986%2C55005%2C55015%2C55024%2C55032%2C55038%2C55040%2C55050%2C55057%2C55059%2C55081%2C55084%2C55096%2C55112%2C55122-55124%2C55130%2C55158%2C55161%2C55191%2C55268%2C55280%2C55385%2C55409%2C55465%2C55471%2C55534%2C55582%2C55627-55628%2C55654%2C55747%2C55757%2C55848%2C55878%2C55906%2C55921%2C55937%2C55955%2C55961
r55968
r55972
r55976
r55979
r55984
r55987
r55991
r55993
r55995
r55998
  +dir_prop: branches/R-2-13-branch svn:mergeinfo /branches/R-2-12-branch:54476%0A/trunk:54858%2C54863%2C54876%2C54878-54879%2C54891%2C54925-54927%2C54931%2C54933-54934%2C54943%2C54949%2C54951%2C54953%2C54958%2C54960%2C54966%2C54976%2C54979%2C54986%2C55005%2C55015%2C55024%2C55032%2C55038%2C55040%2C55050%2C55057%2C55059%2C55081%2C55084%2C55096%2C55112%2C55122-55124%2C55130%2C55158%2C55161%2C55191%2C55268%2C55280%2C55385%2C55409%2C55465%2C55471%2C55534%2C55582%2C55627-55628%2C55654%2C55747%2C55757%2C55848%2C55878%2C55906%2C55921%2C55937%2C55955%2C55961%2C55997
r56000
  +dir_prop: branches/R-2-13-branch svn:mergeinfo /branches/R-2-12-branch:54476%0A/trunk:54858%2C54863%2C54876%2C54878-54879%2C54891%2C54925-54927%2C54931%2C54933-54934%2C54943%2C54949%2C54951%2C54953%2C54958%2C54960%2C54966%2C54976%2C54979%2C54986%2C55005%2C55015%2C55024%2C55032%2C55038%2C55040%2C55050%2C55057%2C55059%2C55081%2C55084%2C55096%2C55112%2C55122-55124%2C55130%2C55158%2C55161%2C55191%2C55268%2C55280%2C55385%2C55409%2C55465%2C55471%2C55534%2C55582%2C55627-55628%2C55654%2C55747%2C55757%2C55848%2C55878%2C55906%2C55921%2C55937%2C55955%2C55961%2C55997%2C55999
r56005
r56011
r56013
r56017
r56018
r56024
r56028
r56030
r56034
r56037
r56042
r56046
r56056
r56062
r56064
r56070
  +dir_prop: branches/R-2-13-branch svn:mergeinfo /branches/R-2-12-branch:54476%0A/trunk:54858%2C54863%2C54876%2C54878-54879%2C54891%2C54925-54927%2C54931%2C54933-54934%2C54943%2C54949%2C54951%2C54953%2C54958%2C54960%2C54966%2C54976%2C54979%2C54986%2C55005%2C55015%2C55024%2C55032%2C55038%2C55040%2C55050%2C55057%2C55059%2C55081%2C55084%2C55096%2C55112%2C55122-55124%2C55130%2C55158%2C55161%2C55191%2C55268%2C55280%2C55385%2C55409%2C55465%2C55471%2C55534%2C55582%2C55627-55628%2C55654%2C55747%2C55757%2C55848%2C55878%2C55906%2C55921%2C55937%2C55955%2C55961%2C55997%2C55999%2C56069
r56074
  +dir_prop: branches/R-2-13-branch svn:mergeinfo /branches/R-2-12-branch:54476%0A/trunk:54858%2C54863%2C54876%2C54878-54879%2C54891%2C54925-54927%2C54931%2C54933-54934%2C54943%2C54949%2C54951%2C54953%2C54958%2C54960%2C54966%2C54976%2C54979%2C54986%2C55005%2C55015%2C55024%2C55032%2C55038%2C55040%2C55050%2C55057%2C55059%2C55081%2C55084%2C55096%2C55112%2C55122-55124%2C55130%2C55158%2C55161%2C55191%2C55268%2C55280%2C55385%2C55409%2C55465%2C55471%2C55534%2C55582%2C55627-55628%2C55654%2C55747%2C55757%2C55848%2C55878%2C55906%2C55921%2C55937%2C55955%2C55961%2C55997%2C55999%2C56069%2C56072-56073
r56079
r56080
r56081
r56085
r56087
r56090
r56094
  +dir_prop: branches/R-2-13-branch svn:mergeinfo /branches/R-2-12-branch:54476%0A/trunk:54858%2C54863%2C54876%2C54878-54879%2C54891%2C54925-54927%2C54931%2C54933-54934%2C54943%2C54949%2C54951%2C54953%2C54958%2C54960%2C54966%2C54976%2C54979%2C54986%2C55005%2C55015%2C55024%2C55032%2C55038%2C55040%2C55050%2C55057%2C55059%2C55081%2C55084%2C55096%2C55112%2C55122-55124%2C55130%2C55158%2C55161%2C55191%2C55268%2C55280%2C55385%2C55409%2C55465%2C55471%2C55534%2C55582%2C55627-55628%2C55654%2C55747%2C55757%2C55848%2C55878%2C55906%2C55921%2C55937%2C55955%2C55961%2C55997%2C55999%2C56069%2C56072-56073%2C56092
r56095
  +dir_prop: branches/R-2-13-branch svn:mergeinfo /branches/R-2-12-branch:54476%0A/trunk:54858%2C54863%2C54876%2C54878-54879%2C54891%2C54925-54927%2C54931%2C54933-54934%2C54943%2C54949%2C54951%2C54953%2C54958%2C54960%2C54966%2C54976%2C54979%2C54986%2C55005%2C55015%2C55024%2C55032%2C55038%2C55040%2C55050%2C55057%2C55059%2C55081%2C55084%2C55096%2C55112%2C55122-55124%2C55130%2C55158%2C55161%2C55191%2C55268%2C55280%2C55385%2C55409%2C55465%2C55471%2C55534%2C55582%2C55627-55628%2C55654%2C55747%2C55757%2C55848%2C55878%2C55906%2C55921%2C55937%2C55955%2C55961%2C55997%2C55999%2C56069%2C56072-56073%2C56092-56093
r56099
r56101
r56106
r56110
  +dir_prop: branches/R-2-13-branch svn:mergeinfo /branches/R-2-12-branch:54476%0A/trunk:54858%2C54863%2C54876%2C54878-54879%2C54891%2C54925-54927%2C54931%2C54933-54934%2C54943%2C54949%2C54951%2C54953%2C54958%2C54960%2C54966%2C54976%2C54979%2C54986%2C55005%2C55015%2C55024%2C55032%2C55038%2C55040%2C55050%2C55057%2C55059%2C55081%2C55084%2C55096%2C55112%2C55122-55124%2C55130%2C55158%2C55161%2C55191%2C55268%2C55280%2C55385%2C55409%2C55465%2C55471%2C55534%2C55582%2C55627-55628%2C55654%2C55747%2C55757%2C55848%2C55878%2C55906%2C55921%2C55937%2C55955%2C55961%2C55997%2C55999%2C56069%2C56072-56073%2C56092-56093%2C56108
r56114
r56116
r56118
r56120
r56121
r56124
r56127
r56130
r56133
r56136
r56138
r56140
  +dir_prop: branches/R-2-13-branch svn:mergeinfo /branches/R-2-12-branch:54476%0A/trunk:54858%2C54863%2C54876%2C54878-54879%2C54891%2C54925-54927%2C54931%2C54933-54934%2C54943%2C54949%2C54951%2C54953%2C54958%2C54960%2C54966%2C54976%2C54979%2C54986%2C55005%2C55015%2C55024%2C55032%2C55038%2C55040%2C55050%2C55057%2C55059%2C55081%2C55084%2C55096%2C55112%2C55122-55124%2C55130%2C55158%2C55161%2C55191%2C55268%2C55280%2C55385%2C55409%2C55465%2C55471%2C55534%2C55582%2C55627-55628%2C55654%2C55747%2C55757%2C55848%2C55878%2C55906%2C55921%2C55937%2C55955%2C55961%2C55997%2C55999%2C56069%2C56072-56073%2C56092-56093%2C56108%2C56139
r56142
r56144
r56146
r56148
r56150
r56152
r56154
r56157
r56159
r56164
r56171
r56173
  +dir_prop: branches/R-2-13-branch svn:mergeinfo /branches/R-2-12-branch:54476%0A/trunk:54858%2C54863%2C54876%2C54878-54879%2C54891%2C54925-54927%2C54931%2C54933-54934%2C54943%2C54949%2C54951%2C54953%2C54958%2C54960%2C54966%2C54976%2C54979%2C54986%2C55005%2C55015%2C55024%2C55032%2C55038%2C55040%2C55050%2C55057%2C55059%2C55081%2C55084%2C55096%2C55112%2C55122-55124%2C55130%2C55158%2C55161%2C55191%2C55268%2C55280%2C55385%2C55409%2C55465%2C55471%2C55534%2C55582%2C55627-55628%2C55654%2C55747%2C55757%2C55848%2C55878%2C55906%2C55921%2C55937%2C55955%2C55961%2C55997%2C55999%2C56069%2C56072-56073%2C56092-56093%2C56108%2C56139%2C56172
r56178
r56180
r56182
  +dir_prop: branches/R-2-13-branch svn:mergeinfo /branches/R-2-12-branch:54476%0A/trunk:54858%2C54863%2C54876%2C54878-54879%2C54891%2C54925-54927%2C54931%2C54933-54934%2C54943%2C54949%2C54951%2C54953%2C54958%2C54960%2C54966%2C54976%2C54979%2C54986%2C55005%2C55015%2C55024%2C55032%2C55038%2C55040%2C55050%2C55057%2C55059%2C55081%2C55084%2C55096%2C55112%2C55122-55124%2C55130%2C55158%2C55161%2C55191%2C55268%2C55280%2C55385%2C55409%2C55465%2C55471%2C55534%2C55582%2C55627-55628%2C55654%2C55747%2C55757%2C55848%2C55878%2C55906%2C55921%2C55937%2C55955%2C55961%2C55997%2C55999%2C56069%2C56072-56073%2C56092-56093%2C56108%2C56139%2C56172%2C56181
r56187
r56192
  +dir_prop: branches/R-2-13-branch svn:mergeinfo /branches/R-2-12-branch:54476%0A/trunk:54858%2C54863%2C54876%2C54878-54879%2C54891%2C54925-54927%2C54931%2C54933-54934%2C54943%2C54949%2C54951%2C54953%2C54958%2C54960%2C54966%2C54976%2C54979%2C54986%2C55005%2C55015%2C55024%2C55032%2C55038%2C55040%2C55050%2C55057%2C55059%2C55081%2C55084%2C55096%2C55112%2C55122-55124%2C55130%2C55158%2C55161%2C55191%2C55268%2C55280%2C55385%2C55409%2C55465%2C55471%2C55534%2C55582%2C55627-55628%2C55654%2C55747%2C55757%2C55848%2C55878%2C55906%2C55921%2C55937%2C55955%2C55961%2C55997%2C55999%2C56069%2C56072-56073%2C56092-56093%2C56108%2C56139%2C56172%2C56181%2C56190-56191
r56196
r56199
r56207
  +dir_prop: branches/R-2-13-branch svn:mergeinfo /branches/R-2-12-branch:54476%0A/trunk:54858%2C54863%2C54876%2C54878-54879%2C54891%2C54925-54927%2C54931%2C54933-54934%2C54943%2C54949%2C54951%2C54953%2C54958%2C54960%2C54966%2C54976%2C54979%2C54986%2C55005%2C55015%2C55024%2C55032%2C55038%2C55040%2C55050%2C55057%2C55059%2C55081%2C55084%2C55096%2C55112%2C55122-55124%2C55130%2C55158%2C55161%2C55191%2C55268%2C55280%2C55385%2C55409%2C55465%2C55471%2C55534%2C55582%2C55627-55628%2C55654%2C55747%2C55757%2C55848%2C55878%2C55906%2C55921%2C55937%2C55955%2C55961%2C55997%2C55999%2C56069%2C56072-56073%2C56092-56093%2C56108%2C56131%2C56139%2C56172%2C56181%2C56190-56191
r56210
  +dir_prop: branches/R-2-13-branch svn:mergeinfo /branches/R-2-12-branch:54476%0A/trunk:54858%2C54863%2C54876%2C54878-54879%2C54891%2C54925-54927%2C54931%2C54933-54934%2C54943%2C54949%2C54951%2C54953%2C54958%2C54960%2C54966%2C54976%2C54979%2C54986%2C55005%2C55015%2C55024%2C55032%2C55038%2C55040%2C55050%2C55057%2C55059%2C55081%2C55084%2C55096%2C55112%2C55122-55124%2C55130%2C55158%2C55161%2C55191%2C55268%2C55280%2C55385%2C55409%2C55465%2C55471%2C55534%2C55582%2C55627-55628%2C55654%2C55747%2C55757%2C55848%2C55878%2C55906%2C55921%2C55937%2C55955%2C55961%2C55997%2C55999%2C56069%2C56072-56073%2C56092-56093%2C56108%2C56131%2C56139%2C56172%2C56181%2C56190-56191%2C56209
r56213
  +dir_prop: branches/R-2-13-branch svn:mergeinfo /branches/R-2-12-branch:54476%0A/trunk:54858%2C54863%2C54876%2C54878-54879%2C54891%2C54925-54927%2C54931%2C54933-54934%2C54943%2C54949%2C54951%2C54953%2C54958%2C54960%2C54966%2C54976%2C54979%2C54986%2C55005%2C55015%2C55024%2C55032%2C55038%2C55040%2C55050%2C55057%2C55059%2C55081%2C55084%2C55096%2C55112%2C55122-55124%2C55130%2C55158%2C55161%2C55191%2C55268%2C55280%2C55385%2C55409%2C55465%2C55471%2C55534%2C55582%2C55627-55628%2C55654%2C55747%2C55757%2C55848%2C55878%2C55906%2C55921%2C55937%2C55955%2C55961%2C55997%2C55999%2C56069%2C56072-56073%2C56092-56093%2C56108%2C56131%2C56139%2C56172%2C56181%2C56190-56191%2C56209%2C56212
r56216
r56220
r56225
  +dir_prop: branches/R-2-13-branch svn:mergeinfo /branches/R-2-12-branch:54476%0A/trunk:54858%2C54863%2C54876%2C54878-54879%2C54891%2C54925-54927%2C54931%2C54933-54934%2C54943%2C54949%2C54951%2C54953%2C54958%2C54960%2C54966%2C54976%2C54979%2C54986%2C55005%2C55015%2C55024%2C55032%2C55038%2C55040%2C55050%2C55057%2C55059%2C55081%2C55084%2C55096%2C55112%2C55122-55124%2C55130%2C55158%2C55161%2C55191%2C55268%2C55280%2C55385%2C55409%2C55465%2C55471%2C55534%2C55582%2C55627-55628%2C55654%2C55747%2C55757%2C55848%2C55878%2C55906%2C55921%2C55937%2C55955%2C55961%2C55997%2C55999%2C56069%2C56072-56073%2C56092-56093%2C56108%2C56131%2C56139%2C56172%2C56181%2C56190-56191%2C56209%2C56212%2C56224
r56226
r56228
r56232
  +dir_prop: branches/R-2-13-branch svn:mergeinfo /branches/R-2-12-branch:54476%0A/trunk:54858%2C54863%2C54876%2C54878-54879%2C54891%2C54925-54927%2C54931%2C54933-54934%2C54943%2C54949%2C54951%2C54953%2C54958%2C54960%2C54966%2C54976%2C54979%2C54986%2C55005%2C55015%2C55024%2C55032%2C55038%2C55040%2C55050%2C55057%2C55059%2C55081%2C55084%2C55096%2C55112%2C55122-55124%2C55130%2C55158%2C55161%2C55191%2C55268%2C55280%2C55385%2C55409%2C55465%2C55471%2C55534%2C55582%2C55627-55628%2C55654%2C55747%2C55757%2C55848%2C55878%2C55906%2C55921%2C55937%2C55955%2C55961%2C55997%2C55999%2C56069%2C56072-56073%2C56092-56093%2C56108%2C56131%2C56139%2C56172%2C56181%2C56190-56191%2C56209%2C56212%2C56224%2C56231
r56233
r56234
r56235
r56237
  +dir_prop: branches/R-2-13-branch svn:mergeinfo /branches/R-2-12-branch:54476%0A/trunk:54858%2C54863%2C54876%2C54878-54879%2C54891%2C54925-54927%2C54931%2C54933-54934%2C54943%2C54949%2C54951%2C54953%2C54958%2C54960%2C54966%2C54976%2C54979%2C54986%2C55005%2C55015%2C55024%2C55032%2C55038%2C55040%2C55050%2C55057%2C55059%2C55081%2C55084%2C55096%2C55112%2C55122-55124%2C55130%2C55158%2C55161%2C55191%2C55268%2C55280%2C55385%2C55409%2C55465%2C55471%2C55534%2C55582%2C55627-55628%2C55654%2C55747%2C55757%2C55848%2C55878%2C55906%2C55921%2C55937%2C55955%2C55961%2C55997%2C55999%2C56069%2C56072-56073%2C56092-56093%2C56108%2C56131%2C56139%2C56172%2C56181%2C56190-56191%2C56209%2C56212%2C56224%2C56231%2C56236
r56238
r56240
  +dir_prop: branches/R-2-13-branch svn:mergeinfo /branches/R-2-12-branch:54476%0A/trunk:54858%2C54863%2C54876%2C54878-54879%2C54891%2C54925-54927%2C54931%2C54933-54934%2C54943%2C54949%2C54951%2C54953%2C54958%2C54960%2C54966%2C54976%2C54979%2C54986%2C55005%2C55015%2C55024%2C55032%2C55038%2C55040%2C55050%2C55057%2C55059%2C55081%2C55084%2C55096%2C55112%2C55122-55124%2C55130%2C55158%2C55161%2C55191%2C55268%2C55280%2C55385%2C55409%2C55465%2C55471%2C55534%2C55582%2C55627-55628%2C55654%2C55747%2C55757%2C55848%2C55878%2C55906%2C55921%2C55937%2C55955%2C55961%2C55997%2C55999%2C56069%2C56072-56073%2C56092-56093%2C56108%2C56131%2C56139%2C56172%2C56181%2C56190-56191%2C56209%2C56212%2C56224%2C56231%2C56236%2C56239
r56243
r56246
r56248
r56249
r56255
r56265
r56272
  +dir_prop: branches/R-2-13-branch svn:mergeinfo /branches/R-2-12-branch:54476%0A/trunk:54858%2C54863%2C54876%2C54878-54879%2C54891%2C54925-54927%2C54931%2C54933-54934%2C54943%2C54949%2C54951%2C54953%2C54958%2C54960%2C54966%2C54976%2C54979%2C54986%2C55005%2C55015%2C55024%2C55032%2C55038%2C55040%2C55050%2C55057%2C55059%2C55081%2C55084%2C55096%2C55112%2C55122-55124%2C55130%2C55158%2C55161%2C55191%2C55268%2C55280%2C55385%2C55409%2C55465%2C55471%2C55534%2C55582%2C55627-55628%2C55654%2C55747%2C55757%2C55848%2C55878%2C55906%2C55921%2C55937%2C55955%2C55961%2C55997%2C55999%2C56069%2C56072-56073%2C56092-56093%2C56108%2C56131%2C56139%2C56172%2C56181%2C56190-56191%2C56209%2C56212%2C56224%2C56231%2C56236%2C56239%2C56271
r56277
r56279
r56282
r56283
r56285
r56291
r56300
r56305
r56308
r56310
r56312
r56315
r56320
r56322
r56324
r56326
r56328
  +dir_prop: branches/R-2-13-branch svn:mergeinfo /branches/R-2-12-branch:54476%0A/trunk:54858%2C54863%2C54876%2C54878-54879%2C54891%2C54925-54927%2C54931%2C54933-54934%2C54943%2C54949%2C54951%2C54953%2C54958%2C54960%2C54966%2C54976%2C54979%2C54986%2C55005%2C55015%2C55024%2C55032%2C55038%2C55040%2C55050%2C55057%2C55059%2C55081%2C55084%2C55096%2C55112%2C55122-55124%2C55130%2C55158%2C55161%2C55191%2C55268%2C55280%2C55385%2C55409%2C55465%2C55471%2C55534%2C55582%2C55627-55628%2C55654%2C55747%2C55757%2C55848%2C55878%2C55906%2C55921%2C55937%2C55955%2C55961%2C55997%2C55999%2C56069%2C56072-56073%2C56092-56093%2C56108%2C56131%2C56139%2C56172%2C56181%2C56190-56191%2C56209%2C56212%2C56224%2C56231%2C56236%2C56239%2C56271%2C56316%2C56327
r56329
r56336
r56341
  +dir_prop: branches/R-2-13-branch svn:mergeinfo /branches/R-2-12-branch:54476%0A/trunk:54858%2C54863%2C54876%2C54878-54879%2C54891%2C54925-54927%2C54931%2C54933-54934%2C54943%2C54949%2C54951%2C54953%2C54958%2C54960%2C54966%2C54976%2C54979%2C54986%2C55005%2C55015%2C55024%2C55032%2C55038%2C55040%2C55050%2C55057%2C55059%2C55081%2C55084%2C55096%2C55112%2C55122-55124%2C55130%2C55158%2C55161%2C55191%2C55268%2C55280%2C55385%2C55409%2C55465%2C55471%2C55534%2C55582%2C55627-55628%2C55654%2C55747%2C55757%2C55848%2C55878%2C55906%2C55921%2C55937%2C55955%2C55961%2C55997%2C55999%2C56069%2C56072-56073%2C56092-56093%2C56108%2C56131%2C56139%2C56172%2C56181%2C56190-56191%2C56209%2C56212%2C56224%2C56231%2C56236%2C56239%2C56271%2C56316%2C56327%2C56340
r56346
r56349
r56354
r56356
r56361
r56376
  +dir_prop: branches/R-2-13-branch svn:mergeinfo /branches/R-2-12-branch:54476%0A/trunk:54858%2C54863%2C54876%2C54878-54879%2C54891%2C54925-54927%2C54931%2C54933-54934%2C54943%2C54949%2C54951%2C54953%2C54958%2C54960%2C54966%2C54976%2C54979%2C54986%2C55005%2C55015%2C55024%2C55032%2C55038%2C55040%2C55050%2C55057%2C55059%2C55081%2C55084%2C55096%2C55112%2C55122-55124%2C55130%2C55158%2C55161%2C55191%2C55268%2C55280%2C55385%2C55409%2C55465%2C55471%2C55534%2C55582%2C55627-55628%2C55654%2C55747%2C55757%2C55848%2C55878%2C55906%2C55921%2C55937%2C55955%2C55961%2C55997%2C55999%2C56069%2C56072-56073%2C56092-56093%2C56108%2C56131%2C56139%2C56172%2C56181%2C56190-56191%2C56209%2C56212%2C56224%2C56231%2C56236%2C56239%2C56271%2C56316%2C56327%2C56340%2C56375
r56384
r56390
r56399
r56404
r56407
  +dir_prop: branches/R-2-13-branch svn:mergeinfo /branches/R-2-12-branch:54476%0A/trunk:54858%2C54863%2C54876%2C54878-54879%2C54891%2C54925-54927%2C54931%2C54933-54934%2C54943%2C54949%2C54951%2C54953%2C54958%2C54960%2C54966%2C54976%2C54979%2C54986%2C55005%2C55015%2C55024%2C55032%2C55038%2C55040%2C55050%2C55057%2C55059%2C55081%2C55084%2C55096%2C55112%2C55122-55124%2C55130%2C55158%2C55161%2C55191%2C55268%2C55280%2C55385%2C55409%2C55465%2C55471%2C55534%2C55582%2C55627-55628%2C55654%2C55747%2C55757%2C55848%2C55878%2C55906%2C55921%2C55937%2C55955%2C55961%2C55997%2C55999%2C56069%2C56072-56073%2C56092-56093%2C56108%2C56131%2C56139%2C56172%2C56181%2C56190-56191%2C56209%2C56212%2C56224%2C56231%2C56236%2C56239%2C56271%2C56316%2C56327%2C56340%2C56375%2C56406
r56415
  +dir_prop: branches/R-2-13-branch svn:mergeinfo /branches/R-2-12-branch:54476%0A/trunk:54858%2C54863%2C54876%2C54878-54879%2C54891%2C54925-54927%2C54931%2C54933-54934%2C54943%2C54949%2C54951%2C54953%2C54958%2C54960%2C54966%2C54976%2C54979%2C54986%2C55005%2C55015%2C55024%2C55032%2C55038%2C55040%2C55050%2C55057%2C55059%2C55081%2C55084%2C55096%2C55112%2C55122-55124%2C55130%2C55158%2C55161%2C55191%2C55268%2C55280%2C55385%2C55409%2C55465%2C55471%2C55534%2C55582%2C55627-55628%2C55654%2C55747%2C55757%2C55848%2C55878%2C55906%2C55921%2C55937%2C55955%2C55961%2C55997%2C55999%2C56069%2C56072-56073%2C56092-56093%2C56108%2C56131%2C56139%2C56172%2C56181%2C56190-56191%2C56209%2C56212%2C56224%2C56231%2C56236%2C56239%2C56271%2C56316%2C56327%2C56340%2C56375%2C56406%2C56414
r56419
r56422
r56424
r56426
r56437
r56438
r56450
r56453
  +dir_prop: branches/R-2-13-branch svn:mergeinfo /branches/R-2-12-branch:54476%0A/trunk:54858%2C54863%2C54876%2C54878-54879%2C54891%2C54925-54927%2C54931%2C54933-54934%2C54943%2C54949%2C54951%2C54953%2C54958%2C54960%2C54966%2C54976%2C54979%2C54986%2C55005%2C55015%2C55024%2C55032%2C55038%2C55040%2C55050%2C55057%2C55059%2C55081%2C55084%2C55096%2C55112%2C55122-55124%2C55130%2C55158%2C55161%2C55191%2C55268%2C55280%2C55385%2C55409%2C55465%2C55471%2C55534%2C55582%2C55627-55628%2C55654%2C55747%2C55757%2C55848%2C55878%2C55906%2C55921%2C55937%2C55955%2C55961%2C55997%2C55999%2C56069%2C56072-56073%2C56092-56093%2C56108%2C56131%2C56139%2C56172%2C56181%2C56190-56191%2C56209%2C56212%2C56224%2C56231%2C56236%2C56239%2C56271%2C56316%2C56327%2C56340%2C56375%2C56406%2C56414%2C56452
r56456
r56463
r56475
r56486
r56488
r56494
r56497
r56502
r56506
r56511
r56518
r56523
r56525
r56533
  +dir_prop: branches/R-2-13-branch svn:mergeinfo /branches/R-2-12-branch:54476%0A/trunk:54858%2C54863%2C54876%2C54878-54879%2C54891%2C54925-54927%2C54931%2C54933-54934%2C54943%2C54949%2C54951%2C54953%2C54958%2C54960%2C54966%2C54976%2C54979%2C54986%2C55005%2C55015%2C55024%2C55032%2C55038%2C55040%2C55050%2C55057%2C55059%2C55081%2C55084%2C55096%2C55112%2C55122-55124%2C55130%2C55158%2C55161%2C55191%2C55268%2C55280%2C55385%2C55409%2C55465%2C55471%2C55534%2C55582%2C55627-55628%2C55654%2C55747%2C55757%2C55848%2C55878%2C55906%2C55921%2C55937%2C55955%2C55961%2C55997%2C55999%2C56069%2C56072-56073%2C56092-56093%2C56108%2C56131%2C56139%2C56172%2C56181%2C56190-56191%2C56209%2C56212%2C56224%2C56231%2C56236%2C56239%2C56271%2C56316%2C56327%2C56340%2C56375%2C56406%2C56414%2C56452%2C56530-56531
r56538
  +dir_prop: branches/R-2-13-branch svn:mergeinfo /branches/R-2-12-branch:54476%0A/trunk:54858%2C54863%2C54876%2C54878-54879%2C54891%2C54925-54927%2C54931%2C54933-54934%2C54943%2C54949%2C54951%2C54953%2C54958%2C54960%2C54966%2C54976%2C54979%2C54986%2C55005%2C55015%2C55024%2C55032%2C55038%2C55040%2C55050%2C55057%2C55059%2C55081%2C55084%2C55096%2C55112%2C55122-55124%2C55130%2C55158%2C55161%2C55191%2C55268%2C55280%2C55385%2C55409%2C55465%2C55471%2C55534%2C55582%2C55627-55628%2C55654%2C55747%2C55757%2C55848%2C55878%2C55906%2C55921%2C55937%2C55955%2C55961%2C55997%2C55999%2C56069%2C56072-56073%2C56092-56093%2C56108%2C56131%2C56139%2C56172%2C56181%2C56190-56191%2C56209%2C56212%2C56224%2C56231%2C56236%2C56239%2C56271%2C56316%2C56327%2C56340%2C56375%2C56406%2C56414%2C56452%2C56530-56531%2C56537
r56548
r56552
r56568
r56588
r56596
r56626
  +dir_prop: branches/R-2-13-branch svn:mergeinfo /branches/R-2-12-branch:54476%0A/trunk:54858%2C54863%2C54876%2C54878-54879%2C54891%2C54925-54927%2C54931%2C54933-54934%2C54943%2C54949%2C54951%2C54953%2C54958%2C54960%2C54966%2C54976%2C54979%2C54986%2C55005%2C55015%2C55024%2C55032%2C55038%2C55040%2C55050%2C55057%2C55059%2C55081%2C55084%2C55096%2C55112%2C55122-55124%2C55130%2C55158%2C55161%2C55191%2C55268%2C55280%2C55385%2C55409%2C55465%2C55471%2C55534%2C55582%2C55627-55628%2C55654%2C55747%2C55757%2C55848%2C55878%2C55906%2C55921%2C55937%2C55955%2C55961%2C55997%2C55999%2C56069%2C56072-56073%2C56092-56093%2C56108%2C56131%2C56139%2C56172%2C56181%2C56190-56191%2C56209%2C56212%2C56224%2C56231%2C56236%2C56239%2C56271%2C56316%2C56327%2C56340%2C56375%2C56406%2C56414%2C56452%2C56530-56531%2C56537%2C56625
r56661
r56665
r56674
r56676
r56685
  +dir_prop: branches/R-2-13-branch svn:mergeinfo /branches/R-2-12-branch:54476%0A/trunk:54858%2C54863%2C54876%2C54878-54879%2C54891%2C54925-54927%2C54931%2C54933-54934%2C54943%2C54949%2C54951%2C54953%2C54958%2C54960%2C54966%2C54976%2C54979%2C54986%2C55005%2C55015%2C55024%2C55032%2C55038%2C55040%2C55050%2C55057%2C55059%2C55081%2C55084%2C55096%2C55112%2C55122-55124%2C55130%2C55158%2C55161%2C55191%2C55268%2C55280%2C55385%2C55409%2C55465%2C55471%2C55534%2C55582%2C55627-55628%2C55654%2C55679%2C55747%2C55757%2C55848%2C55878%2C55906%2C55921%2C55937%2C55955%2C55961%2C55997%2C55999%2C56069%2C56072-56073%2C56092-56093%2C56108%2C56131%2C56139%2C56172%2C56181%2C56190-56191%2C56209%2C56212%2C56224%2C56231%2C56236%2C56239%2C56271%2C56316%2C56327%2C56340%2C56375%2C56406%2C56414%2C56452%2C56462%2C56530-56531%2C56537%2C56625%2C56684
r56697
  +dir_prop: branches/R-2-13-branch svn:mergeinfo /branches/R-2-12-branch:54476%0A/trunk:54858%2C54863%2C54876%2C54878-54879%2C54891%2C54925-54927%2C54931%2C54933-54934%2C54943%2C54949%2C54951%2C54953%2C54958%2C54960%2C54966%2C54976%2C54979%2C54986%2C55005%2C55015%2C55024%2C55032%2C55038%2C55040%2C55050%2C55057%2C55059%2C55081%2C55084%2C55096%2C55112%2C55122-55124%2C55130%2C55158%2C55161%2C55191%2C55268%2C55280%2C55385%2C55409%2C55465%2C55471%2C55534%2C55582%2C55627-55628%2C55654%2C55679%2C55747%2C55757%2C55848%2C55878%2C55906%2C55921%2C55937%2C55955%2C55961%2C55997%2C55999%2C56069%2C56072-56073%2C56092-56093%2C56108%2C56131%2C56139%2C56172%2C56181%2C56190-56191%2C56209%2C56212%2C56224%2C56231%2C56236%2C56239%2C56271%2C56316%2C56327%2C56340%2C56375%2C56406%2C56414%2C56452%2C56462%2C56530-56531%2C56537%2C56625%2C56684%2C56696
r56699
r56701
r56709
r56712
r56722
r56726
r56731
  +dir_prop: branches/R-2-13-branch svn:mergeinfo /branches/R-2-12-branch:54476%0A/trunk:54858%2C54863%2C54871%2C54876%2C54878-54879%2C54891%2C54925-54927%2C54931%2C54933-54934%2C54943%2C54949%2C54951%2C54953%2C54958%2C54960%2C54966%2C54976%2C54979%2C54986%2C55005%2C55015%2C55024%2C55032%2C55038%2C55040%2C55050%2C55057%2C55059%2C55081%2C55084%2C55096%2C55112%2C55122-55124%2C55130%2C55158%2C55161%2C55191%2C55268%2C55280%2C55385%2C55409%2C55465%2C55471%2C55534%2C55582%2C55627-55628%2C55654%2C55679%2C55747%2C55757%2C55848%2C55878%2C55906%2C55921%2C55937%2C55955%2C55961%2C55997%2C55999%2C56069%2C56072-56073%2C56092-56093%2C56108%2C56131%2C56139%2C56172%2C56181%2C56190-56191%2C56209%2C56212%2C56224%2C56231%2C56236%2C56239%2C56271%2C56316%2C56327%2C56340%2C56375%2C56406%2C56414%2C56452%2C56462%2C56530-56531%2C56537%2C56625%2C56684%2C56696%2C56708%2C56730
r56733
r56737
  +dir_prop: branches/R-2-13-branch svn:mergeinfo /branches/R-2-12-branch:54476%0A/trunk:54858%2C54863%2C54871%2C54876%2C54878-54879%2C54891%2C54925-54927%2C54931%2C54933-54934%2C54943%2C54949%2C54951%2C54953%2C54958%2C54960%2C54966%2C54976%2C54979%2C54986%2C55005%2C55015%2C55024%2C55032%2C55038%2C55040%2C55050%2C55057%2C55059%2C55081%2C55084%2C55096%2C55112%2C55122-55124%2C55130%2C55158%2C55161%2C55191%2C55268%2C55280%2C55385%2C55409%2C55465%2C55471%2C55534%2C55582%2C55627-55628%2C55654%2C55679%2C55747%2C55757%2C55848%2C55878%2C55906%2C55921%2C55937%2C55955%2C55961%2C55997%2C55999%2C56069%2C56072-56073%2C56092-56093%2C56108%2C56131%2C56139%2C56172%2C56181%2C56190-56191%2C56209%2C56212%2C56224%2C56231%2C56236%2C56239%2C56271%2C56316%2C56327%2C56340%2C56375%2C56406%2C56414%2C56452%2C56462%2C56530-56531%2C56537%2C56625%2C56684%2C56696%2C56708%2C56730%2C56736
r56740
r56745
r56749
r56762
r56763
r56767
r56773
r56775
r56791
r56793
r56800
r56803
r56810
r56819
r56821
r56823
r56830
r56837
r56838
r56842
r56847
r56856
r56861
r56866
r56872
r56876
r56880
r56883
r56885
r56887
r56889
  +dir_prop: branches/R-2-13-branch svn:mergeinfo /branches/R-2-12-branch:54476%0A/trunk:54858%2C54863%2C54871%2C54876%2C54878-54879%2C54891%2C54925-54927%2C54931%2C54933-54934%2C54943%2C54949%2C54951%2C54953%2C54958%2C54960%2C54966%2C54976%2C54979%2C54986%2C55005%2C55015%2C55024%2C55032%2C55038%2C55040%2C55050%2C55057%2C55059%2C55081%2C55084%2C55096%2C55112%2C55122-55124%2C55130%2C55158%2C55161%2C55191%2C55268%2C55280%2C55385%2C55409%2C55465%2C55471%2C55534%2C55582%2C55627-55628%2C55654%2C55679%2C55747%2C55757%2C55848%2C55878%2C55906%2C55921%2C55937%2C55955%2C55961%2C55997%2C55999%2C56069%2C56072-56073%2C56092-56093%2C56108%2C56131%2C56139%2C56172%2C56181%2C56190-56191%2C56209%2C56212%2C56224%2C56231%2C56236%2C56239%2C56271%2C56316%2C56327%2C56340%2C56375%2C56406%2C56414%2C56452%2C56462%2C56530-56531%2C56537%2C56625%2C56684%2C56696%2C56708%2C56730%2C56736%2C56888
r56891
r56900
r56905
r56906
r56907
r56912
r56920
r56922
r56930
r56936
r56937
r56947
  +dir_prop: branches/R-2-13-branch svn:mergeinfo /branches/R-2-12-branch:54476%0A/trunk:54858%2C54863%2C54871%2C54876%2C54878-54879%2C54891%2C54925-54927%2C54931%2C54933-54934%2C54943%2C54949%2C54951%2C54953%2C54958%2C54960%2C54966%2C54976%2C54979%2C54986%2C55005%2C55015%2C55024%2C55032%2C55038%2C55040%2C55050%2C55057%2C55059%2C55081%2C55084%2C55096%2C55112%2C55122-55124%2C55130%2C55158%2C55161%2C55191%2C55268%2C55280%2C55385%2C55409%2C55465%2C55471%2C55534%2C55582%2C55627-55628%2C55654%2C55679%2C55747%2C55757%2C55848%2C55878%2C55906%2C55921%2C55937%2C55955%2C55961%2C55997%2C55999%2C56069%2C56072-56073%2C56092-56093%2C56108%2C56131%2C56139%2C56172%2C56181%2C56190-56191%2C56209%2C56212%2C56224%2C56231%2C56236%2C56239%2C56271%2C56316%2C56327%2C56340%2C56375%2C56406%2C56414%2C56452%2C56462%2C56530-56531%2C56537%2C56625%2C56684%2C56696%2C56708%2C56730%2C56736%2C56888%2C56946
r56955
  +dir_prop: branches/R-2-13-branch svn:mergeinfo /branches/R-2-12-branch:54476%0A/trunk:54858%2C54863%2C54871%2C54876%2C54878-54879%2C54891%2C54925-54927%2C54931%2C54933-54934%2C54943%2C54949%2C54951%2C54953%2C54958%2C54960%2C54966%2C54976%2C54979%2C54986%2C55005%2C55015%2C55024%2C55032%2C55038%2C55040%2C55050%2C55057%2C55059%2C55081%2C55084%2C55096%2C55112%2C55122-55124%2C55130%2C55158%2C55161%2C55191%2C55268%2C55280%2C55385%2C55409%2C55465%2C55471%2C55534%2C55582%2C55627-55628%2C55654%2C55679%2C55747%2C55757%2C55848%2C55878%2C55906%2C55921%2C55937%2C55955%2C55961%2C55997%2C55999%2C56069%2C56072-56073%2C56092-56093%2C56108%2C56131%2C56139%2C56172%2C56181%2C56190-56191%2C56209%2C56212%2C56224%2C56231%2C56236%2C56239%2C56271%2C56316%2C56327%2C56340%2C56375%2C56406%2C56414%2C56452%2C56462%2C56530-56531%2C56537%2C56625%2C56684%2C56696%2C56708%2C56730%2C56736%2C56888%2C56946%2C56953-56954
r56957
  +dir_prop: branches/R-2-13-branch svn:mergeinfo /branches/R-2-12-branch:54476%0A/trunk:54858%2C54863%2C54871%2C54876%2C54878-54879%2C54891%2C54925-54927%2C54931%2C54933-54934%2C54943%2C54949%2C54951%2C54953%2C54958%2C54960%2C54966%2C54976%2C54979%2C54986%2C55005%2C55015%2C55024%2C55032%2C55038%2C55040%2C55050%2C55057%2C55059%2C55081%2C55084%2C55096%2C55112%2C55122-55124%2C55130%2C55158%2C55161%2C55191%2C55268%2C55280%2C55385%2C55409%2C55465%2C55471%2C55534%2C55582%2C55627-55628%2C55654%2C55679%2C55747%2C55757%2C55848%2C55878%2C55906%2C55921%2C55937%2C55955%2C55961%2C55997%2C55999%2C56069%2C56072-56073%2C56092-56093%2C56108%2C56131%2C56139%2C56172%2C56181%2C56190-56191%2C56209%2C56212%2C56224%2C56231%2C56236%2C56239%2C56271%2C56316%2C56327%2C56340%2C56375%2C56406%2C56414%2C56452%2C56462%2C56530-56531%2C56537%2C56625%2C56684%2C56696%2C56708%2C56730%2C56736%2C56888%2C56946%2C56953-56954%2C56956
r56977
  +dir_prop: branches/R-2-13-branch svn:mergeinfo /branches/R-2-12-branch:54476%0A/trunk:54858%2C54863%2C54871%2C54876%2C54878-54879%2C54891%2C54925-54927%2C54931%2C54933-54934%2C54943%2C54949%2C54951%2C54953%2C54958%2C54960%2C54966%2C54976%2C54979%2C54986%2C55005%2C55015%2C55024%2C55032%2C55038%2C55040%2C55050%2C55057%2C55059%2C55081%2C55084%2C55096%2C55112%2C55122-55124%2C55130%2C55158%2C55161%2C55191%2C55268%2C55280%2C55385%2C55409%2C55465%2C55471%2C55534%2C55582%2C55627-55628%2C55654%2C55679%2C55747%2C55757%2C55848%2C55878%2C55906%2C55921%2C55937%2C55955%2C55961%2C55997%2C55999%2C56069%2C56072-56073%2C56092-56093%2C56108%2C56131%2C56139%2C56172%2C56181%2C56190-56191%2C56209%2C56212%2C56224%2C56231%2C56236%2C56239%2C56271%2C56316%2C56327%2C56340%2C56375%2C56406%2C56414%2C56452%2C56462%2C56530-56531%2C56537%2C56625%2C56684%2C56696%2C56708%2C56730%2C56736%2C56888%2C56946%2C56953-56954%2C56956%2C56976
r56979
  +dir_prop: branches/R-2-13-branch svn:mergeinfo /branches/R-2-12-branch:54476%0A/trunk:54858%2C54863%2C54871%2C54876%2C54878-54879%2C54891%2C54925-54927%2C54931%2C54933-54934%2C54943%2C54949%2C54951%2C54953%2C54958%2C54960%2C54966%2C54976%2C54979%2C54986%2C55005%2C55015%2C55024%2C55032%2C55038%2C55040%2C55050%2C55057%2C55059%2C55081%2C55084%2C55096%2C55112%2C55122-55124%2C55130%2C55158%2C55161%2C55191%2C55268%2C55280%2C55385%2C55409%2C55465%2C55471%2C55534%2C55582%2C55627-55628%2C55654%2C55679%2C55747%2C55757%2C55848%2C55878%2C55906%2C55921%2C55937%2C55955%2C55961%2C55997%2C55999%2C56069%2C56072-56073%2C56092-56093%2C56108%2C56131%2C56139%2C56172%2C56181%2C56190-56191%2C56209%2C56212%2C56224%2C56231%2C56236%2C56239%2C56271%2C56316%2C56327%2C56340%2C56375%2C56406%2C56414%2C56452%2C56462%2C56530-56531%2C56537%2C56625%2C56684%2C56696%2C56708%2C56730%2C56736%2C56834%2C56888%2C56946%2C56953-56954%2C56956%2C56976%2C56978
r57002
  +dir_prop: branches/R-2-13-branch svn:mergeinfo /branches/R-2-12-branch:54476%0A/trunk:54858%2C54863%2C54871%2C54876%2C54878-54879%2C54891%2C54925-54927%2C54931%2C54933-54934%2C54943%2C54949%2C54951%2C54953%2C54958%2C54960%2C54966%2C54976%2C54979%2C54986%2C55005%2C55015%2C55024%2C55032%2C55038%2C55040%2C55050%2C55057%2C55059%2C55081%2C55084%2C55096%2C55112%2C55122-55124%2C55130%2C55158%2C55161%2C55191%2C55268%2C55280%2C55385%2C55409%2C55465%2C55471%2C55534%2C55582%2C55627-55628%2C55654%2C55679%2C55747%2C55757%2C55848%2C55878%2C55906%2C55921%2C55937%2C55955%2C55961%2C55997%2C55999%2C56069%2C56072-56073%2C56092-56093%2C56108%2C56131%2C56139%2C56172%2C56181%2C56190-56191%2C56209%2C56212%2C56224%2C56231%2C56236%2C56239%2C56271%2C56316%2C56327%2C56340%2C56375%2C56406%2C56414%2C56452%2C56462%2C56530-56531%2C56537%2C56625%2C56684%2C56696%2C56708%2C56730%2C56736%2C56834%2C56888%2C56946%2C56953-56954%2C56956%2C56976%2C56978%2C57001
r57009
  +dir_prop: branches/R-2-13-branch svn:mergeinfo /branches/R-2-12-branch:54476%0A/trunk:54858%2C54863%2C54871%2C54876%2C54878-54879%2C54891%2C54925-54927%2C54931%2C54933-54934%2C54943%2C54949%2C54951%2C54953%2C54958%2C54960%2C54966%2C54976%2C54979%2C54986%2C55005%2C55015%2C55024%2C55032%2C55038%2C55040%2C55050%2C55057%2C55059%2C55081%2C55084%2C55096%2C55112%2C55122-55124%2C55130%2C55158%2C55161%2C55191%2C55268%2C55280%2C55385%2C55409%2C55465%2C55471%2C55534%2C55582%2C55627-55628%2C55654%2C55679%2C55747%2C55757%2C55848%2C55878%2C55906%2C55921%2C55937%2C55955%2C55961%2C55997%2C55999%2C56069%2C56072-56073%2C56092-56093%2C56108%2C56131%2C56139%2C56172%2C56181%2C56190-56191%2C56209%2C56212%2C56224%2C56231%2C56236%2C56239%2C56271%2C56316%2C56327%2C56340%2C56375%2C56406%2C56414%2C56452%2C56462%2C56530-56531%2C56537%2C56625%2C56684%2C56696%2C56708%2C56730%2C56736%2C56834%2C56888%2C56946%2C56953-56954%2C56956%2C56976%2C56978%2C57001%2C57008
r57018
r57021
  +dir_prop: branches/R-2-13-branch svn:mergeinfo /branches/R-2-12-branch:54476%0A/trunk:54858%2C54863%2C54871%2C54876%2C54878-54879%2C54891%2C54925-54927%2C54931%2C54933-54934%2C54943%2C54949%2C54951%2C54953%2C54958%2C54960%2C54966%2C54976%2C54979%2C54986%2C55005%2C55015%2C55024%2C55032%2C55038%2C55040%2C55050%2C55057%2C55059%2C55081%2C55084%2C55096%2C55112%2C55122-55124%2C55130%2C55158%2C55161%2C55191%2C55268%2C55280%2C55385%2C55409%2C55465%2C55471%2C55534%2C55582%2C55627-55628%2C55654%2C55679%2C55747%2C55757%2C55848%2C55878%2C55906%2C55921%2C55937%2C55955%2C55961%2C55997%2C55999%2C56069%2C56072-56073%2C56092-56093%2C56108%2C56131%2C56139%2C56172%2C56181%2C56190-56191%2C56209%2C56212%2C56224%2C56231%2C56236%2C56239%2C56271%2C56316%2C56327%2C56340%2C56375%2C56406%2C56414%2C56452%2C56462%2C56530-56531%2C56537%2C56625%2C56684%2C56696%2C56708%2C56730%2C56736%2C56834%2C56888%2C56946%2C56953-56954%2C56956%2C56976%2C56978%2C57001%2C57008%2C57020
r57023
  +dir_prop: branches/R-2-13-branch svn:mergeinfo /branches/R-2-12-branch:54476%0A/trunk:54858%2C54863%2C54871%2C54876%2C54878-54879%2C54891%2C54925-54927%2C54931%2C54933-54934%2C54943%2C54949%2C54951%2C54953%2C54958%2C54960%2C54966%2C54976%2C54979%2C54986%2C55005%2C55015%2C55024%2C55032%2C55038%2C55040%2C55050%2C55057%2C55059%2C55081%2C55084%2C55096%2C55112%2C55122-55124%2C55130%2C55158%2C55161%2C55191%2C55268%2C55280%2C55385%2C55409%2C55465%2C55471%2C55534%2C55582%2C55627-55628%2C55654%2C55679%2C55747%2C55757%2C55848%2C55878%2C55906%2C55921%2C55937%2C55955%2C55961%2C55997%2C55999%2C56069%2C56072-56073%2C56092-56093%2C56108%2C56131%2C56139%2C56172%2C56181%2C56190-56191%2C56209%2C56212%2C56224%2C56231%2C56236%2C56239%2C56271%2C56316%2C56327%2C56340%2C56375%2C56406%2C56414%2C56452%2C56462%2C56530-56531%2C56537%2C56625%2C56684%2C56696%2C56708%2C56730%2C56736%2C56834%2C56888%2C56946%2C56953-56954%2C56956%2C56976%2C56978%2C57001%2C57008%2C57020%2C57022
r57026
r57029
r57030
r57034
r57038
  +dir_prop: branches/R-2-13-branch svn:mergeinfo /branches/R-2-12-branch:54476%0A/trunk:54858%2C54863%2C54871%2C54876%2C54878-54879%2C54891%2C54925-54927%2C54931%2C54933-54934%2C54943%2C54949%2C54951%2C54953%2C54958%2C54960%2C54966%2C54976%2C54979%2C54986%2C55005%2C55015%2C55024%2C55032%2C55038%2C55040%2C55050%2C55057%2C55059%2C55081%2C55084%2C55096%2C55112%2C55122-55124%2C55130%2C55158%2C55161%2C55191%2C55268%2C55280%2C55385%2C55409%2C55465%2C55471%2C55534%2C55582%2C55627-55628%2C55654%2C55679%2C55747%2C55757%2C55848%2C55878%2C55906%2C55921%2C55937%2C55955%2C55961%2C55997%2C55999%2C56069%2C56072-56073%2C56092-56093%2C56108%2C56131%2C56139%2C56172%2C56181%2C56190-56191%2C56209%2C56212%2C56224%2C56231%2C56236%2C56239%2C56271%2C56316%2C56327%2C56340%2C56375%2C56406%2C56414%2C56452%2C56462%2C56530-56531%2C56537%2C56625%2C56684%2C56696%2C56708%2C56730%2C56736%2C56834%2C56888%2C56946%2C56953-56954%2C56956%2C56976%2C56978%2C57001%2C57008%2C57020%2C57022%2C57036
r57041
r57043
r57046
r57054
r57061
r57066
  +dir_prop: branches/R-2-13-branch svn:mergeinfo /branches/R-2-12-branch:54476%0A/trunk:54858%2C54863%2C54871%2C54876%2C54878-54879%2C54891%2C54925-54927%2C54931%2C54933-54934%2C54943%2C54949%2C54951%2C54953%2C54958%2C54960%2C54966%2C54976%2C54979%2C54986%2C55005%2C55015%2C55024%2C55032%2C55038%2C55040%2C55050%2C55057%2C55059%2C55081%2C55084%2C55096%2C55112%2C55122-55124%2C55130%2C55158%2C55161%2C55191%2C55268%2C55280%2C55385%2C55409%2C55465%2C55471%2C55534%2C55582%2C55627-55628%2C55654%2C55679%2C55747%2C55757%2C55848%2C55878%2C55906%2C55921%2C55937%2C55955%2C55961%2C55997%2C55999%2C56069%2C56072-56073%2C56092-56093%2C56108%2C56131%2C56139%2C56172%2C56181%2C56190-56191%2C56209%2C56212%2C56224%2C56231%2C56236%2C56239%2C56271%2C56316%2C56327%2C56340%2C56375%2C56406%2C56414%2C56452%2C56462%2C56530-56531%2C56537%2C56625%2C56684%2C56696%2C56708%2C56730%2C56736%2C56834%2C56888%2C56946%2C56953-56954%2C56956%2C56976%2C56978%2C57001%2C57008%2C57020%2C57022%2C57036%2C57065
r57077
r57080
r57102
r57105
r57106
r57108
r57111
r57113
r57117
