r46553
r46554
r46558
r46562
r46564
r46565
r46566
r46568
r46571
r46583
r46588
r46589
  -empty_dir: branches/R-2-8-branch/src/library/utils/R/unix/bug.report.R
  -empty_dir: branches/R-2-8-branch/src/library/utils/R/windows/bug.report.R
r46594
r46597
r46598
r46600
r46601
r46603
r46604
r46605
r46606
r46610
r46611
r46612
r46614
r46615
r46617
r46618
r46620
r46621
r46622
r46625
r46627
r46630
r46632
r46635
r46637
r46640
r46641
r46643
  -empty_dir: branches/R-2-8-branch/src/extra/pcre/pcre_ucp_searchfuncs.c
  -empty_dir: branches/R-2-8-branch/src/extra/pcre/ucpinternal.h
  -empty_dir: branches/R-2-8-branch/src/extra/pcre/ucptable.h
r46645
r46647
r46649
r46651
r46652
r46653
r46654
r46655
r46658
r46660
r46662
r46665
r46666
r46667
r46672
r46674
r46676
r46678
r46682
r46684
r46686
r46688
r46696
r46699
r46704
r46708
r46710
r46719
r46721
r46726
r46728
r46730
  +dir_prop: branches/R-2-8-branch svn:mergeinfo /trunk:46729
r46734
r46738
r46740
r46747
r46754
r46756
r46758
r46759
r46762
r46764
r46766
r46772
r46776
r46779
r46780
r46783
r46785
r46787
r46789
r46791
r46795
r46797
r46799
r46802
r46807
r46809
r46812
r46813
r46816
r46819
r46827
r46841
r46845
r46847
r46849
r46851
r46853
r46856
r46857
r46859
r46861
r46863
r46866
r46868
r46871
r46874
r46875
r46878
r46880
r46882
r46884
r46885
r46886
r46891
r46892
r46896
r46902
r46909
r46911
r46912
r46914
r46918
r46921
r46924
  +dir_prop: branches/R-2-8-branch svn:mergeinfo /branches/djm-parseRd:46922%0A/trunk:46729
r46930
r46932
r46934
r46937
r46939
r46942
r46944
r46951
r46953
r46955
r46964
r46970
r46972
r46974
r46976
r46979
r46982
r46984
r46987
r46990
r46992
r46996
r47000
r47006
r47009
r47015
r47017
  +dir_prop: branches/R-2-8-branch svn:mergeinfo /branches/djm-parseRd:46922%0A/trunk:46729%2C47011
  +dir_prop: branches/R-2-8-branch/src/library/utils/R svn:mergeinfo /branches/djm-parseRd/src/library/utils/R:46922%0A/trunk:47011%0A/trunk/src/library/utils/R:46729%2C47011
r47021
r47024
r47027
r47029
r47031
r47036
r47038
r47043
r47047
r47050
r47053
r47055
r47059
r47060
r47061
r47068
r47071
  -empty_dir: branches/R-2-8-branch/src/library/utils/man/aqua/install.binaries.Rd
  -empty_dir: branches/R-2-8-branch/src/library/utils/man/aqua/install.from.file.Rd
r47074
r47076
r47078
r47080
r47082
r47089
r47090
r47092
r47093
r47095
r47099
r47101
r47103
r47105
r47107
r47111
r47113
r47116
r47118
r47120
r47122
r47124
r47126
r47129
r47130
r47133
r47134
r47136
r47139
r47142
r47144
r47146
r47150
r47152
r47155
r47158
r47161
r47165
r47167
r47170
r47172
r47173
r47176
r47180
r47182
r47184
r47186
r47189
r47190
r47192
r47194
r47200
r47206
r47210
r47212
r47216
r47217
r47230
r47236
r47239
r47241
r47243
r47244
r47246
r47249
r47252
r47256
r47261
r47269
r47278
r47281
r47283
r47284
r47285
r47289
r47295
r47298
r47302
r47325
r47337
r47355
r47358
r47362
r47363
r47367
r47390
r47397
r47405
r47410
r47418
r47419
r47421
r47423
r47425
r47430
r47450
r47465
r47477
r47479
r47483
r47486
r47492
r47528
r47533
r47535
r47542
r47544
r47553
r47561
r47577
r47584
r47596
r47600
r47613
r47617
r47619
r47623
r47639
r47641
r47648
r47665
r47668
r47670
r47677
r47679
r47683
r47685
r47688
r47691
r47700
r47705
r47707
r47729
r47745
r47749
r47752
r47754
r47772
r47826
r47829
r47832
r47838
r47842
r47867
r47871
r47876
r47879
r47884
r47904
r47907
r47910
r47929
r47932
  +dir_prop: branches/R-2-8-branch svn:mergeinfo /branches/djm-parseRd:46922%0A/trunk:46729%2C47011%2C47931
  +dir_prop: branches/R-2-8-branch/src/library/utils/R svn:mergeinfo /branches/djm-parseRd/src/library/utils/R:46922%0A/trunk:47011%0A/trunk/src/library/utils/R:46729%2C47011%2C47931
r47938
r47944
r47946
r47961
r47973
r47975
r47976
r47982
r47985
r47990
r47998
r48001
  +dir_prop: branches/R-2-8-branch svn:mergeinfo /branches/djm-parseRd:46922%0A/trunk:46729%2C47011%2C47931%2C48000
  +dir_prop: branches/R-2-8-branch/src/library/utils/R svn:mergeinfo /branches/djm-parseRd/src/library/utils/R:46922%0A/trunk:47011%0A/trunk/src/library/utils/R:46729%2C47011%2C47931%2C48000
r48004
r48005
r48010
r48022
r48032
r48033
r48035
r48037
r48043
r48049
r48057
r48061
r48066
r48076
r48082
r48084
r48086
r48095
r48100
r48105
r48107
r48126
  +dir_prop: branches/R-2-8-branch svn:mergeinfo /branches/djm-parseRd:46922%0A/trunk:46729%2C47011%2C47931%2C48000%2C48125
  +dir_prop: branches/R-2-8-branch/src/library/utils/R svn:mergeinfo /branches/djm-parseRd/src/library/utils/R:46922%0A/trunk:47011%0A/trunk/src/library/utils/R:46729%2C47011%2C47931%2C48000%2C48125
r48146
r48231
