r33947
r33951
r33952
r33958
r33960
r33963
r33965
r33967
r33968
r33969
r33972
r33975
r33977
  -empty_dir: branches/R-2-1-patches/src/gnuwin32/cran/mini.in
r33979
r33981
r33983
r33987
r33991
r33992
r33994
r33996
r34004
r34010
r34013
r34015
r34018
r34022
r34024
r34026
r34032
r34034
r34036
r34041
r34043
r34046
r34051
r34054
  +file_prop: branches/R-2-1-patches/src/library/stats/inst/po/de/LC_MESSAGES/R-stats.mo svn:mime-type application/octet-stream
r34055
r34059
r34061
r34065
r34067
r34069
r34071
r34074
r34078
r34080
r34082
r34083
r34086
r34089
r34093
r34097
r34100
r34101
r34102
r34114
r34116
r34119
r34120
r34122
r34124
r34125
  -empty_dir: branches/R-2-1-patches/src/library/stats/inst/po/de
  -empty_dir: branches/R-2-1-patches/src/library/stats/po/R-de.po
r34127
  +file_prop: branches/R-2-1-patches/src/library/base/inst/po/de/LC_MESSAGES/R-base.mo svn:mime-type application/octet-stream
r34135
r34138
r34141
r34142
r34145
r34148
r34149
r34150
r34153
r34155
r34156
r34159
r34160
r34163
r34165
r34172
r34174
r34179
r34183
r34188
r34193
r34195
r34197
r34199
r34201
r34204
r34210
r34212
r34213
r34216
r34219
r34221
r34223
r34224
r34225
r34230
r34235
r34236
r34241
r34245
r34247
r34250
r34252
r34253
r34255
r34259
r34263
r34264
r34266
r34270
r34271
r34274
r34275
r34280
  +file_prop: branches/R-2-1-patches/tests/WinUnicode.dat svn:mime-type application/octet-stream
r34281
r34284
r34289
r34291
r34295
r34296
r34299
r34303
r34305
r34307
r34308
r34310
r34314
r34316
r34319
r34320
r34327
r34338
r34342
r34352
r34358
r34361
r34362
r34366
r34368
r34370
r34371
r34376
r34377
r34381
r34382
r34383
r34385
r34386
r34389
r34398
r34400
r34403
r34407
r34410
r34413
r34415
r34420
r34427
r34430
r34434
r34435
r34439
r34441
r34443
r34446
r34454
r34457
r34459
r34460
r34470
r34471
r34473
r34476
r34477
r34479
r34482
r34485
r34488
r34489
r34492
r34494
r34496
r34498
r34500
r34504
r34506
r34508
r34513
r34517
r34518
r34521
r34523
r34526
r34529
r34531
r34532
r34535
r34537
r34539
r34540
r34543
r34545
r34548
r34550
r34554
r34557
r34565
r34570
r34571
r34575
r34577
r34578
r34579
r34582
r34586
r34590
r34591
r34594
r34597
r34602
r34606
r34609
r34611
r34612
r34615
r34616
  +file_prop: branches/R-2-1-patches/po/RGui-ko.gmo svn:mime-type application/octet-stream
r34618
r34621
r34622
r34623
  +file_prop: branches/R-2-1-patches/po/ko.gmo svn:mime-type application/octet-stream
  +file_prop: branches/R-2-1-patches/src/library/base/inst/po/ko/LC_MESSAGES/R-base.mo svn:mime-type application/octet-stream
  +file_prop: branches/R-2-1-patches/src/library/grDevices/inst/po/ko/LC_MESSAGES/R-grDevices.mo svn:mime-type application/octet-stream
  +file_prop: branches/R-2-1-patches/src/library/grDevices/inst/po/ko/LC_MESSAGES/grDevices.mo svn:mime-type application/octet-stream
  +file_prop: branches/R-2-1-patches/src/library/graphics/inst/po/ko/LC_MESSAGES/R-graphics.mo svn:mime-type application/octet-stream
  +file_prop: branches/R-2-1-patches/src/library/grid/inst/po/ko/LC_MESSAGES/R-grid.mo svn:mime-type application/octet-stream
  +file_prop: branches/R-2-1-patches/src/library/grid/inst/po/ko/LC_MESSAGES/grid.mo svn:mime-type application/octet-stream
  +file_prop: branches/R-2-1-patches/src/library/methods/inst/po/ko/LC_MESSAGES/R-methods.mo svn:mime-type application/octet-stream
  +file_prop: branches/R-2-1-patches/src/library/splines/inst/po/ko/LC_MESSAGES/R-splines.mo svn:mime-type application/octet-stream
  +file_prop: branches/R-2-1-patches/src/library/splines/inst/po/ko/LC_MESSAGES/splines.mo svn:mime-type application/octet-stream
  +file_prop: branches/R-2-1-patches/src/library/stats/inst/po/ko/LC_MESSAGES/R-stats.mo svn:mime-type application/octet-stream
  +file_prop: branches/R-2-1-patches/src/library/stats/inst/po/ko/LC_MESSAGES/stats.mo svn:mime-type application/octet-stream
  +file_prop: branches/R-2-1-patches/src/library/stats4/inst/po/ko/LC_MESSAGES/R-stats4.mo svn:mime-type application/octet-stream
  +file_prop: branches/R-2-1-patches/src/library/tcltk/inst/po/ko/LC_MESSAGES/R-tcltk.mo svn:mime-type application/octet-stream
  +file_prop: branches/R-2-1-patches/src/library/tools/inst/po/ko/LC_MESSAGES/R-tools.mo svn:mime-type application/octet-stream
  +file_prop: branches/R-2-1-patches/src/library/tools/inst/po/ko/LC_MESSAGES/tools.mo svn:mime-type application/octet-stream
  +file_prop: branches/R-2-1-patches/src/library/utils/inst/po/ko/LC_MESSAGES/R-utils.mo svn:mime-type application/octet-stream
r34627
r34630
r34631
r34635
r34638
r34645
r34647
r34649
r34651
r34654
r34656
r34657
r34659
r34660
r34662
r34665
  +file_prop: branches/R-2-1-patches/po/RGui-fr.gmo svn:mime-type application/octet-stream
  +file_prop: branches/R-2-1-patches/po/fr.gmo svn:mime-type application/octet-stream
r34668
r34670
r34671
r34672
r34675
r34678
r34679
r34681
r34682
r34684
r34686
r34690
r34692
r34693
r34695
r34696
r34699
r34705
r34707
r34709
r34711
r34714
r34716
r34718
r34723
r34725
r34726
r34728
r34730
r34732
r34734
r34735
r34737
r34739
r34741
r34745
r34752
r34754
r34757
r34759
r34762
r34764
r34766
r34769
r34771
r34774
r34775
r34778
r34780
r34781
r34784
r34788
r34790
r34792
r34797
r34799
r34802
r34804
r34807
r34811
r34812
r34815
r34816
r34817
r34820
r34822
r34824
r34826
r34828
r34829
r34831
r34837
r34839
r34842
r34843
r34846
r34847
r34850
r34852
r34854
r34859
r34860
r34867
r34870
r34872
r34876
r34884
r34886
r34888
r34900
r34901
r34903
r34904
r34905
r34908
r34909
r34911
r34913
r34915
r34916
r34918
r34919
r34921
r34923
r34926
r34934
r34937
r34945
r34948
r34958
r34959
r34960
r34963
r34968
r34971
r34972
r34973
r34981
r34985
r34990
r34993
r34998
r34999
r35004
r35007
r35009
r35013
r35016
r35018
r35020
r35029
r35037
r35040
r35042
r35045
r35048
r35050
r35053
r35056
r35059
r35060
r35067
r35071
r35075
r35086
r35088
r35090
r35091
r35092
r35093
r35095
r35096
r35098
r35100
r35108
r35116
r35120
r35122
r35132
r35135
r35137
r35140
r35141
r35144
r35150
r35152
r35155
r35157
r35159
r35165
r35168
r35170
r35172
r35173
r35177
r35179
r35181
r35186
r35190
r35196
r35204
r35208
r35217
r35219
r35221
r35232
r35235
r35237
r35240
r35244
r35247
r35252
r35256
r35259
r35260
r35268
r35278
r35287
r35293
r35294
r35295
r35302
r35304
r35306
r35309
r35312
r35316
r35319
r35322
r35324
r35326
r35332
r35341
r35346
r35348
r35351
r35353
r35367
r35368
r35374
r35376
r35378
r35379
r35381
r35393
r35398
r35405
r35409
r35416
r35424
r35427
r35435
r35436
r35437
r35439
r35453
r35457
r35462
r35465
r35470
r35473
r35475
r35477
r35479
r35482
r35486
r35490
r35492
r35497
r35501
r35510
r35515
r35516
r35537
r35545
r35548
r35551
r35552
r35555
r35558
r35566
r35569
r35574
r35584
r35587
r35603
r35606
r35607
r35609
r35612
r35614
r35632
r35641
r35643
r35658
r35662
r35666
r35668
r35681
r35689
r35702
r35710
r35712
r35714
r35716
r35717
r35720
r35726
r35731
r35735
r35742
