r15844
  -empty_dir: Attic
  -empty_dir: share/sh/massage-Examples.sh
  -empty_dir: src/macintosh/RandTool.c
  -empty_dir: src/macintosh/extra/TFLaunch.c
  -empty_dir: src/macintosh/extra/TFLaunch.h
  -empty_dir: src/macintosh/graphic/RBitMap.c
  +file_prop: src/library/BuildAll.mac svn:mime-type application/octet-stream
  +file_prop: src/library/ctest/src/Makefile.mac svn:mime-type application/octet-stream
  +file_prop: src/library/eda/src/Makefile.mac svn:mime-type application/octet-stream
  +file_prop: src/library/lqs/src/Makefile.mac svn:mime-type application/octet-stream
  +file_prop: src/library/modreg/src/Makefile.mac svn:mime-type application/octet-stream
  +file_prop: src/library/mva/src/Makefile.mac svn:mime-type application/octet-stream
  +file_prop: src/library/nls/src/Makefile.mac svn:mime-type application/octet-stream
  +file_prop: src/library/splines/src/Makefile.mac svn:mime-type application/octet-stream
  +file_prop: src/library/ts/src/Makefile.mac svn:mime-type application/octet-stream
  +file_prop: src/macintosh/FF_CREATE svn:mime-type application/octet-stream
  +file_prop: src/macintosh/GETCONFIG svn:mime-type application/octet-stream
  +file_prop: src/macintosh/GETDESC svn:mime-type application/octet-stream
  +file_prop: src/macintosh/GETVERSION svn:mime-type application/octet-stream
  +file_prop: src/macintosh/MPWBuild_R svn:mime-type application/octet-stream
  +file_prop: src/macintosh/Makefile.mac svn:mime-type application/octet-stream
  +file_prop: src/macintosh/ReadMe.MPW svn:mime-type application/octet-stream
  +file_prop: src/modules/BuildAll.mac svn:mime-type application/octet-stream
  +file_prop: src/modules/lapack/Makefile.mac svn:mime-type application/octet-stream
  +file_prop: src/modules/vfonts/Makefile.mac svn:mime-type application/octet-stream
