r1449
  -empty_dir: Attic
  -empty_dir: tests/Makefile
  -empty_dir: tests/print-tests.R
r1450
r1451
r1453
r1454
r1455
r1456
r1457
r1458
r1459
r1460
r1461
r1462
r1463
r1464
r1469
r1470
r1476
r1477
r1479
r1481
r1484
r1486
r1488
r1490
r1492
r1493
r1494
r1495
r1501
r1511
r1512
r1513
r1514
r1531
r1533
r1535
r1538
r1539
r1540
r1541
r1542
r1546
r1547
r1548
r1549
r1550
r1551
r1552
r1553
r1554
r1555
r1560
r1561
r1562
r1563
r1564
r1565
r1567
r1568
r1571
r1573
r1574
r1575
r1576
r1579
r1580
r1582
r1583
r1584
r1587
r1589
r1595
r1602
r1604
r1605
r1607
r1608
r1609
r1611
r1612
r1613
r1614
r1617
r1619
r1620
r1621
r1622
r1623
r1624
r1625
r1626
r1627
r1628
r1629
r1631
r1632
r1634
r1635
r1636
r1637
r1638
r1640
r1642
r1644
r1645
r1646
r1650
r1651
r1652
r1653
r1654
r1655
r1656
r1657
r1658
r1659
r1660
r1661
r1662
r1664
r1666
r1670
r1672
r1673
r1674
  -empty_dir: branches/R-0-62-patches/etc/COMPILE
r1675
r1676
r1677
r1679
r1680
r1681
r1683
r1684
r1686
r1687
r1689
r1690
r1691
r1692
r1693
r1694
r1695
r1696
r1697
r1698
r1699
r1700
r1701
r1702
r1703
r1704
r1706
r1707
r1708
r1709
r1710
r1711
r1712
r1713
r1714
r1715
r1716
r1717
r1718
r1719
r1720
r1723
r1724
r1725
r1727
r1729
r1731
r1733
r1735
r1737
r1738
r1739
r1740
r1741
r1742
r1743
r1744
r1745
r1746
r1747
r1748
r1750
r1751
r1752
r1753
r1756
r1758
r1759
r1764
r1765
r1766
r1767
r1768
r1769
r1770
r1771
r1772
r1773
r1774
r1775
r1776
r1777
r1778
r1780
r1784
r1787
r1788
r1789
r1790
r1791
r1792
r1793
  -empty_dir: branches/R-0-62-patches/src/library/base/man/system.date.Rd
r1795
r1796
r1797
r1798
r1800
r1802
r1804
r1806
r1810
r1813
r1814
r1817
r1818
r1822
r1823
r1824
r1826
r1828
r1830
r1833
r1834
r1835
r1836
r1838
r1844
r1847
r1848
r1849
r1853
r1855
r1857
r1859
r1860
r1861
r1866
r1870
r1871
r1875
r1876
r1877
r1880
r1885
r1886
r1891
r1898
r1900
r1901
r1902
r1905
r1906
r1907
r1910
r1911
r1915
r1918
r1919
r1921
r1922
r1923
r1924
r1925
r1928
r1929
r1930
r1931
r1932
r1933
r1938
r1939
r1940
r1941
r1942
r1943
r1944
r1946
r1947
r1948
r1949
r1950
r1951
r1953
r1954
r1955
r1957
r1959
r1960
r1961
r1963
r1964
  -empty_dir: branches/R-0-62-patches/src/library/base/R/biplot.R
r1965
r1966
r1967
r1968
r1969
r1970
r1971
r1972
r1973
r1974
r1976
r1977
r1979
r1980
r1981
r1982
r1983
r1984
  -empty_dir: branches/R-0-62-patches/src/appl/Makefile
  -empty_dir: branches/R-0-62-patches/src/graphics/Makefile
  -empty_dir: branches/R-0-62-patches/src/main/Makefile
  -empty_dir: branches/R-0-62-patches/src/nmath/Makefile
  -empty_dir: branches/R-0-62-patches/src/unix/Makefile
r1985
r1987
r1988
r1989
r1991
r1993
r1995
r1996
r1997
r1998
r1999
r2001
r2003
  -empty_dir: branches/R-0-62-patches/src/library/base/man/is.atomic.Rd
r2004
r2005
r2006
r2007
r2008
r2009
r2010
r2011
r2013
r2015
r2019
r2021
r2023
r2029
r2030
r2031
r2034
r2058
r2061
r2068
r2079
r2084
r2086
r2102
r2104
r2109
r2119
r2127
r2129
r2130
r2132
r2134
r2171
r2178
r2209
r2217
r2223
r2227
r2251
r2268
r2283
r2293
r2301
r2315
r2317
r2335
r2352
r2359
r2361
r2367
r2369
r2371
r2391
r2404
r2434
r2465
r2500
r2508
r2514
r2517
r2521
r2529
r2555
r2567
r2568
r2569
r2570
r2574
r2575
r2578
r2581
r2583
r2586
r2598
r2603
r2609
r2615
r2616
r2619
r2620
r2624
r2634
r2636
r2640
r2645
r2651
r2653
r2654
r2664
r2671
r2676
r2678
r2699
r2721
r2728
r2743
r2750
r2756
r2761
r2766
r2777
r2786
r2815
r2833
