r51393
r51394
r51399
r51401
r51404
r51406
r51408
r51410
r51413
r51415
r51417
r51419
r51420
r51422
r51424
  +dir_prop: branches/R-2-11-branch svn:mergeinfo /trunk:51423
r51429
r51431
r51432
r51434
r51435
r51436
r51438
r51440
r51442
r51446
  +dir_prop: branches/R-2-11-branch svn:mergeinfo /trunk:51423%2C51445
r51450
  -empty_dir: branches/R-2-11-branch/src/library/base/R/switch.R
  +dir_prop: branches/R-2-11-branch svn:mergeinfo /trunk:51423%2C51445%2C51449
r51452
r51455
r51456
r51458
r51460
  +dir_prop: branches/R-2-11-branch svn:mergeinfo /trunk:51423%2C51427%2C51445%2C51448-51449%2C51457-51459
r51462
r51463
r51469
r51470
  -empty_dir: branches/R-2-11-branch/src/library/grDevices/R/prettyDate.R
  -empty_dir: branches/R-2-11-branch/src/library/grDevices/man/pretty.Date.Rd
r51475
  -empty_dir: branches/R-2-11-branch/src/gnuwin32/MkRules
r51480
r51481
  +dir_prop: branches/R-2-11-branch svn:mergeinfo /trunk:51423%2C51427%2C51445%2C51448-51449%2C51457-51459%2C51465
r51484
r51488
r51489
r51495
r51496
r51498
r51500
  +dir_prop: branches/R-2-11-branch svn:mergeinfo /trunk:51423%2C51427%2C51445%2C51448-51449%2C51457-51459%2C51465%2C51499
r51501
r51504
r51506
r51508
  +dir_prop: branches/R-2-11-branch svn:mergeinfo /trunk:51423%2C51427%2C51445%2C51448-51449%2C51457-51459%2C51465%2C51499%2C51507
r51512
r51514
r51516
r51518
r51520
r51523
r51528
r51530
r51532
r51535
  +dir_prop: branches/R-2-11-branch svn:mergeinfo /trunk:51423%2C51427%2C51445%2C51448-51449%2C51457-51459%2C51465%2C51499%2C51507%2C51534
r51538
r51539
r51544
  +dir_prop: branches/R-2-11-branch svn:mergeinfo /trunk:51423%2C51427%2C51445%2C51448-51449%2C51457-51459%2C51465%2C51499%2C51507%2C51534%2C51543
r51548
r51555
r51556
r51564
r51568
r51570
r51571
r51573
r51574
r51575
r51578
r51582
r51583
r51584
r51586
r51592
r51595
  -empty_dir: branches/R-2-11-branch/src/gnuwin32/front-ends/md5check.c
  -empty_dir: branches/R-2-11-branch/src/gnuwin32/front-ends/md5ico.rc
r51596
r51601
r51603
r51604
r51607
r51608
r51610
r51614
r51616
r51619
r51622
r51624
r51625
r51629
r51630
r51632
  +dir_prop: branches/R-2-11-branch svn:mergeinfo /trunk:51423%2C51427%2C51445%2C51448-51449%2C51457-51459%2C51465%2C51499%2C51507%2C51534%2C51543%2C51631
r51635
r51637
  +dir_prop: branches/R-2-11-branch svn:mergeinfo /trunk:51423%2C51427%2C51445%2C51448-51449%2C51457-51459%2C51465%2C51499%2C51507%2C51534%2C51543%2C51631%2C51636
r51639
r51640
r51643
r51644
r51647
r51650
r51652
r51656
r51661
  +dir_prop: branches/R-2-11-branch svn:mergeinfo /trunk:51423%2C51427%2C51445%2C51448-51449%2C51457-51459%2C51465%2C51499%2C51507%2C51534%2C51543%2C51569%2C51631%2C51636%2C51660
r51662
r51665
  +dir_prop: branches/R-2-11-branch svn:mergeinfo /trunk:51423%2C51427%2C51445%2C51448-51449%2C51457-51459%2C51465%2C51499%2C51507%2C51534%2C51543%2C51569%2C51631%2C51636%2C51660%2C51664
r51668
r51671
r51675
r51676
r51682
r51684
r51689
r51694
r51695
r51700
r51711
r51715
r51718
r51719
r51734
r51736
r51738
  +dir_prop: branches/R-2-11-branch svn:mergeinfo /trunk:51423%2C51427%2C51445%2C51448-51449%2C51457-51459%2C51465%2C51499%2C51507%2C51534%2C51543%2C51569%2C51631%2C51636%2C51660%2C51664%2C51737
r51739
r51744
r51753
r51757
r51771
r51776
r51784
  +dir_prop: branches/R-2-11-branch svn:mergeinfo /trunk:51423%2C51427%2C51445%2C51448-51449%2C51457-51459%2C51465%2C51499%2C51507%2C51534%2C51543%2C51569%2C51631%2C51636%2C51660%2C51664%2C51737%2C51783
r51789
  +dir_prop: branches/R-2-11-branch svn:mergeinfo /trunk:51423%2C51427%2C51445%2C51448-51449%2C51457-51459%2C51465%2C51499%2C51507%2C51534%2C51543%2C51569%2C51631%2C51636%2C51660%2C51664%2C51737%2C51783%2C51788
r51793
r51799
r51801
r51803
r51806
  +dir_prop: branches/R-2-11-branch svn:mergeinfo /trunk:51423%2C51427%2C51445%2C51448-51449%2C51457-51459%2C51465%2C51499%2C51507%2C51534%2C51543%2C51569%2C51631%2C51636%2C51660%2C51664%2C51737%2C51783%2C51788%2C51805
r51807
r51808
r51810
  +dir_prop: branches/R-2-11-branch svn:mergeinfo /trunk:51421%2C51423%2C51427%2C51445%2C51448-51449%2C51457-51459%2C51465%2C51499%2C51507%2C51534%2C51543%2C51569%2C51613%2C51631%2C51636%2C51660%2C51664%2C51737%2C51783%2C51788%2C51804-51805
r51811
r51813
r51814
r51818
r51822
r51825
r51826
r51828
r51830
r51832
r51847
  +dir_prop: branches/R-2-11-branch svn:mergeinfo /trunk:51421%2C51423%2C51427%2C51445%2C51448-51449%2C51457-51459%2C51465%2C51499%2C51507%2C51534%2C51543%2C51569%2C51613%2C51631%2C51636%2C51660%2C51664%2C51737%2C51783%2C51788%2C51804-51805%2C51846
r51853
r51856
r51857
r51863
r51866
r51877
r51879
r51909
r51910
r51914
r51916
  +dir_prop: branches/R-2-11-branch svn:mergeinfo /trunk:51421%2C51423%2C51427%2C51445%2C51448-51449%2C51457-51459%2C51465%2C51499%2C51507%2C51534%2C51543%2C51569%2C51613%2C51631%2C51636%2C51660%2C51664%2C51737%2C51783%2C51788%2C51804-51805%2C51846%2C51915
r51920
r51922
r51925
r51929
r51932
  +dir_prop: branches/R-2-11-branch svn:mergeinfo /trunk:51421%2C51423%2C51427%2C51445%2C51448-51449%2C51457-51459%2C51465%2C51499%2C51507%2C51534%2C51543%2C51569%2C51613%2C51631%2C51636%2C51660%2C51664%2C51737%2C51783%2C51788%2C51804-51805%2C51846%2C51915%2C51931
r51939
r51943
  +dir_prop: branches/R-2-11-branch svn:mergeinfo /trunk:51421%2C51423%2C51427%2C51445%2C51448-51449%2C51457-51459%2C51465%2C51499%2C51507%2C51534%2C51543%2C51569%2C51613%2C51631%2C51636%2C51660%2C51664%2C51737%2C51783%2C51788%2C51804-51805%2C51846%2C51915%2C51931%2C51942
r51945
r51947
r51951
r51962
r51968
r51972
r51974
r51975
r51988
r51990
r51992
r52002
r52004
r52006
r52008
r52010
  +dir_prop: branches/R-2-11-branch svn:mergeinfo /trunk:51421%2C51423%2C51427%2C51445%2C51448-51449%2C51457-51459%2C51465%2C51499%2C51507%2C51534%2C51543%2C51569%2C51613%2C51631%2C51636%2C51660%2C51664%2C51737%2C51783%2C51788%2C51804-51805%2C51846%2C51915%2C51931%2C51942%2C52009
r52015
r52017
  +dir_prop: branches/R-2-11-branch svn:mergeinfo /trunk:51421%2C51423%2C51427%2C51445%2C51448-51449%2C51457-51459%2C51465%2C51499%2C51507%2C51534%2C51543%2C51569%2C51613%2C51631%2C51636%2C51660%2C51664%2C51737%2C51783%2C51788%2C51804-51805%2C51846%2C51915%2C51931%2C51942%2C52009%2C52016
r52021
r52023
r52025
r52028
  +dir_prop: branches/R-2-11-branch svn:mergeinfo /trunk:51421%2C51423%2C51427%2C51445%2C51448-51449%2C51457-51459%2C51465%2C51499%2C51507%2C51534%2C51543%2C51569%2C51613%2C51631%2C51636%2C51660%2C51664%2C51737%2C51783%2C51788%2C51804-51805%2C51846%2C51906%2C51915%2C51928%2C51931%2C51942%2C51967%2C52009%2C52016%2C52027
r52033
r52036
r52039
r52041
  +dir_prop: branches/R-2-11-branch svn:mergeinfo /trunk:51421%2C51423%2C51427%2C51445%2C51448-51449%2C51457-51459%2C51465%2C51499%2C51507%2C51534%2C51543%2C51569%2C51613%2C51631%2C51636%2C51660%2C51664%2C51737%2C51783%2C51788%2C51804-51805%2C51846%2C51906%2C51915%2C51928%2C51931%2C51942%2C51967%2C52009%2C52016%2C52027%2C52040
r52048
r52050
r52054
r52056
r52058
r52060
r52063
r52070
r52074
r52075
r52076
r52078
  +dir_prop: branches/R-2-11-branch svn:mergeinfo /trunk:51421%2C51423%2C51427%2C51445%2C51448-51449%2C51457-51459%2C51465%2C51499%2C51507%2C51534%2C51543%2C51569%2C51613%2C51631%2C51636%2C51660%2C51664%2C51737%2C51783%2C51788%2C51804-51805%2C51846%2C51906%2C51915%2C51928%2C51931%2C51942%2C51967%2C52009%2C52016%2C52027%2C52040%2C52072
r52080
r52085
r52093
r52100
r52109
r52115
r52117
r52119
r52120
r52124
r52130
r52135
r52148
r52151
  +dir_prop: branches/R-2-11-branch svn:mergeinfo /trunk:51421%2C51423%2C51427%2C51445%2C51448-51449%2C51457-51459%2C51465%2C51499%2C51507%2C51534%2C51543%2C51569%2C51613%2C51631%2C51636%2C51660%2C51664%2C51737%2C51783%2C51788%2C51804-51805%2C51846%2C51906%2C51915%2C51928%2C51931%2C51942%2C51967%2C52009%2C52016%2C52027%2C52040%2C52072%2C52150
r52155
r52157
r52159
r52161
r52167
r52191
r52218
r52227
r52229
r52230
r52234
r52238
r52247
r52250
r52252
r52257
r52271
r52276
r52294
  +dir_prop: branches/R-2-11-branch svn:mergeinfo /trunk:51421%2C51423%2C51427%2C51445%2C51448-51449%2C51457-51459%2C51465%2C51499%2C51507%2C51534%2C51543%2C51569%2C51613%2C51631%2C51636%2C51660%2C51664%2C51737%2C51783%2C51788%2C51804-51805%2C51846%2C51906%2C51915%2C51928%2C51931%2C51942%2C51967%2C52009%2C52016%2C52027%2C52040%2C52072%2C52150%2C52293
r52307
r52310
r52317
r52322
r52337
r52341
r52346
r52374
  +dir_prop: branches/R-2-11-branch svn:mergeinfo /trunk:51421%2C51423%2C51427%2C51445%2C51448-51449%2C51457-51459%2C51465%2C51499%2C51507%2C51534%2C51543%2C51569%2C51613%2C51631%2C51636%2C51660%2C51664%2C51737%2C51783%2C51788%2C51804-51805%2C51846%2C51906%2C51915%2C51928%2C51931%2C51942%2C51967%2C52009%2C52016%2C52027%2C52040%2C52072%2C52150%2C52293%2C52373
r52379
r52399
r52412
r52421
r52423
  +dir_prop: branches/R-2-11-branch svn:mergeinfo /trunk:51421%2C51423%2C51427%2C51445%2C51448-51449%2C51457-51459%2C51465%2C51499%2C51507%2C51534%2C51543%2C51569%2C51613%2C51631%2C51636%2C51660%2C51664%2C51737%2C51783%2C51788%2C51804-51805%2C51846%2C51906%2C51915%2C51928%2C51931%2C51942%2C51967%2C52009%2C52016%2C52027%2C52040%2C52072%2C52150%2C52293%2C52373%2C52422
r52425
r52429
  +dir_prop: branches/R-2-11-branch svn:mergeinfo /trunk:51421%2C51423%2C51427%2C51445%2C51448-51449%2C51457-51459%2C51465%2C51499%2C51507%2C51534%2C51543%2C51569%2C51613%2C51631%2C51636%2C51660%2C51664%2C51737%2C51783%2C51788%2C51804-51805%2C51846%2C51906%2C51915%2C51928%2C51931%2C51942%2C51967%2C52009%2C52016%2C52027%2C52040%2C52072%2C52150%2C52293%2C52373%2C52422%2C52428
r52451
r52454
r52469
r52479
r52485
r52490
r52510
r52512
r52519
r52520
r52524
r52526
r52528
r52531
r52535
r52537
r52544
  +dir_prop: branches/R-2-11-branch svn:mergeinfo /trunk:51421%2C51423%2C51427%2C51445%2C51448-51449%2C51457-51459%2C51465%2C51499%2C51507%2C51534%2C51543%2C51569%2C51613%2C51631%2C51636%2C51660%2C51664%2C51737%2C51783%2C51788%2C51804-51805%2C51846%2C51906%2C51915%2C51928%2C51931%2C51942%2C51967%2C52009%2C52016%2C52027%2C52040%2C52072%2C52114%2C52150%2C52251%2C52293%2C52373%2C52376%2C52422%2C52428%2C52542-52543
r52553
r52562
r52564
r52567
r52572
r52573
  +dir_prop: branches/R-2-11-branch svn:mergeinfo /trunk:51421%2C51423%2C51427%2C51445%2C51448-51449%2C51457-51459%2C51465%2C51499%2C51507%2C51534%2C51543%2C51569%2C51613%2C51631%2C51636%2C51660%2C51664%2C51737%2C51783%2C51788%2C51804-51805%2C51846%2C51906%2C51915%2C51928%2C51931%2C51942%2C51967%2C52009%2C52016%2C52027%2C52040%2C52072%2C52114%2C52150%2C52251%2C52293%2C52373%2C52376%2C52422%2C52428%2C52465%2C52542-52543
r52575
r52576
r52580
  +dir_prop: branches/R-2-11-branch svn:mergeinfo /trunk:51421%2C51423%2C51427%2C51445%2C51448-51449%2C51457-51459%2C51465%2C51499%2C51507%2C51534%2C51543%2C51569%2C51613%2C51631%2C51636%2C51660%2C51664%2C51737%2C51783%2C51788%2C51804-51805%2C51846%2C51906%2C51915%2C51928%2C51931%2C51942%2C51967%2C52009%2C52016%2C52027%2C52040%2C52072%2C52114%2C52150%2C52251%2C52293%2C52303%2C52373%2C52376%2C52422%2C52428%2C52465%2C52542-52543
r52584
r52587
r52593
  +dir_prop: branches/R-2-11-branch svn:mergeinfo /trunk:51421%2C51423%2C51427%2C51445%2C51448-51449%2C51457-51459%2C51465%2C51499%2C51507%2C51534%2C51543%2C51569%2C51613%2C51631%2C51636%2C51660%2C51664%2C51737%2C51783%2C51788%2C51804-51805%2C51846%2C51906%2C51915%2C51928%2C51931%2C51942%2C51967%2C52009%2C52016%2C52027%2C52040%2C52072%2C52114%2C52150%2C52251%2C52293%2C52303%2C52373%2C52376%2C52422%2C52428%2C52465%2C52542-52543%2C52592
r52601
r52602
r52612
r52614
r52619
r52621
r52627
r52630
r52635
r52637
r52639
r52643
r52645
r52648
r52667
  +dir_prop: branches/R-2-11-branch svn:mergeinfo /trunk:51421%2C51423%2C51427%2C51445%2C51448-51449%2C51457-51459%2C51465%2C51499%2C51507%2C51534%2C51543%2C51569%2C51613%2C51631%2C51636%2C51660%2C51664%2C51737%2C51783%2C51788%2C51804-51805%2C51846%2C51906%2C51915%2C51928%2C51931%2C51942%2C51967%2C52009%2C52016%2C52027%2C52040%2C52072%2C52114%2C52150%2C52251%2C52293%2C52303%2C52373%2C52376%2C52422%2C52428%2C52465%2C52542-52543%2C52592%2C52666
r52684
r52686
  +dir_prop: branches/R-2-11-branch svn:mergeinfo /trunk:51421%2C51423%2C51427%2C51445%2C51448-51449%2C51457-51459%2C51465%2C51499%2C51507%2C51534%2C51543%2C51569%2C51613%2C51631%2C51636%2C51660%2C51664%2C51737%2C51783%2C51788%2C51804-51805%2C51846%2C51906%2C51915%2C51928%2C51931%2C51942%2C51967%2C52009%2C52016%2C52027%2C52040%2C52072%2C52114%2C52150%2C52251%2C52293%2C52303%2C52373%2C52376%2C52422%2C52428%2C52465%2C52542-52543%2C52592%2C52666%2C52685
r52691
r52722
r52755
r52803
r52809
r52842
r52845
r52867
  +dir_prop: branches/R-2-11-branch svn:mergeinfo /trunk:51421%2C51423%2C51427%2C51445%2C51448-51449%2C51457-51459%2C51465%2C51499%2C51507%2C51534%2C51543%2C51569%2C51613%2C51631%2C51636%2C51660%2C51664%2C51737%2C51783%2C51788%2C51804-51805%2C51846%2C51906%2C51915%2C51928%2C51931%2C51942%2C51967%2C52009%2C52016%2C52027%2C52040%2C52072%2C52114%2C52150%2C52251%2C52293%2C52303%2C52373%2C52376%2C52422%2C52428%2C52465%2C52542-52543%2C52592%2C52666%2C52685%2C52866
r52884
r52887
r52894
r52917
r53072
