r6387
  -empty_dir: Attic
  -empty_dir: BUGS
  -empty_dir: COPYING
  -empty_dir: COPYRIGHTS
  -empty_dir: FAQ
  -empty_dir: INSTALL
  -empty_dir: MIRROR-SITES
  -empty_dir: Makeconf.in
  -empty_dir: Makefile.in
  -empty_dir: NEWS
  -empty_dir: PLATFORMS
  -empty_dir: PROJECTS
  -empty_dir: README
  -empty_dir: RESOURCES
  -empty_dir: VERSION
  -empty_dir: Y2K
  -empty_dir: aclocal.m4
  -empty_dir: afm
  -empty_dir: config.site
  -empty_dir: configure
  -empty_dir: configure.in
  -empty_dir: configure.mac
  -empty_dir: date-stamp
  -empty_dir: debian
  -empty_dir: demos
  -empty_dir: doc
  -empty_dir: etc
  -empty_dir: src
  -empty_dir: tests/Examples
  -empty_dir: tests/README
  -empty_dir: tests/Rdiff
  -empty_dir: tests/arith-true.R
  -empty_dir: tests/arith-true.Rout.save
  -empty_dir: tests/arith.R
  -empty_dir: tests/arith.Rout.save
  -empty_dir: tests/d-p-q-r-tests.R
  -empty_dir: tests/d-p-q-r-tests.Rout.save
  -empty_dir: tests/eval-etc.R
  -empty_dir: tests/eval-etc.Rout.save
  -empty_dir: tests/is-things.R
  -empty_dir: tests/is-things.Rout.save
  -empty_dir: tests/isas-tests.Rout.save
  -empty_dir: tests/make-isas-tests.R
  -empty_dir: tests/make-no-segfault.R
  -empty_dir: tests/mode-methods.R
  -empty_dir: tests/mode-methods.Rout.save
  -empty_dir: tests/primitive-funs.R
  -empty_dir: tests/primitive-funs.Rout.save
  -empty_dir: tests/print-tests.R
  -empty_dir: tests/print-tests.Rout.save
  -empty_dir: tests/simple-true.R
  -empty_dir: tests/simple-true.Rout.save
  -empty_dir: tools
r6398
