r14771
  -empty_dir: Attic
r14772
r14775
r14777
r14780
r14781
r14782
r14783
r14784
  -empty_dir: branches/R-1-3-patches/share/sh/massage-Examples.sh
r14785
r14786
r14788
r14790
r14791
r14792
r14797
r14798
r14803
r14804
r14805
r14807
r14808
r14812
r14813
r14814
r14818
r14820
r14821
r14822
r14823
r14824
r14825
r14826
r14831
r14832
r14833
r14834
r14835
r14836
r14837
r14838
r14843
r14844
r14845
r14846
r14847
r14848
r14849
r14850
r14851
r14852
r14857
r14858
r14859
r14870
r14871
r14872
r14873
r14874
r14875
r14876
r14883
r14884
r14885
r14886
r14887
r14888
r14889
r14890
r14891
r14896
r14897
r14898
r14899
r14900
r14901
r14902
r14907
r14912
r14914
r14919
r14920
r14921
r14922
r14923
r14924
r14925
r14928
r14929
r14930
r14931
r14932
r14933
r14934
r14935
r14936
r14937
r14942
r14943
r14944
r14946
r14952
r14955
r14957
r14962
r14963
r14964
r14965
r14967
r14972
r14973
r14974
r14980
r14981
r14984
r14985
r14986
r14987
r14988
r14989
r14994
r14998
r14999
r15000
r15001
r15002
r15003
r15004
r15007
r15010
r15011
r15014
r15015
r15016
r15017
r15018
r15019
r15020
r15021
r15022
r15023
r15024
r15027
r15028
r15029
r15030
r15031
r15036
r15042
r15047
r15050
r15051
r15054
r15057
r15058
r15061
r15065
r15066
r15067
r15068
r15069
r15076
r15078
r15079
r15080
r15081
r15092
r15093
r15094
r15099
r15100
r15101
  +file_prop: branches/R-1-3-patches/src/library/ctest/src/Makefile.mac svn:mime-type application/octet-stream
  +file_prop: branches/R-1-3-patches/src/library/eda/src/Makefile.mac svn:mime-type application/octet-stream
  +file_prop: branches/R-1-3-patches/src/library/lqs/src/Makefile.mac svn:mime-type application/octet-stream
  +file_prop: branches/R-1-3-patches/src/library/modreg/src/Makefile.mac svn:mime-type application/octet-stream
  +file_prop: branches/R-1-3-patches/src/library/mva/src/Makefile.mac svn:mime-type application/octet-stream
  +file_prop: branches/R-1-3-patches/src/library/nls/src/Makefile.mac svn:mime-type application/octet-stream
  +file_prop: branches/R-1-3-patches/src/library/splines/src/Makefile.mac svn:mime-type application/octet-stream
  +file_prop: branches/R-1-3-patches/src/library/ts/src/Makefile.mac svn:mime-type application/octet-stream
  +file_prop: branches/R-1-3-patches/src/modules/lapack/Makefile.mac svn:mime-type application/octet-stream
  +file_prop: branches/R-1-3-patches/src/modules/vfonts/Makefile.mac svn:mime-type application/octet-stream
r15102
  +file_prop: branches/R-1-3-patches/src/library/BuildAll.mac svn:mime-type application/octet-stream
  +file_prop: branches/R-1-3-patches/src/modules/BuildAll.mac svn:mime-type application/octet-stream
r15103
r15104
r15105
r15106
r15107
r15108
r15109
r15110
r15111
r15112
r15113
r15114
r15115
r15120
  -empty_dir: branches/R-1-3-patches/src/macintosh/extra/TFLaunch.c
  -empty_dir: branches/R-1-3-patches/src/macintosh/extra/TFLaunch.h
r15121
  -empty_dir: branches/R-1-3-patches/src/macintosh/RandTool.c
r15122
r15123
  -empty_dir: branches/R-1-3-patches/src/macintosh/graphic/RBitMap.c
r15126
r15129
r15130
r15131
r15132
r15133
r15134
r15139
r15140
r15141
r15142
r15143
r15144
r15145
r15152
r15153
r15154
r15155
r15156
r15157
r15158
r15159
r15160
r15161
r15162
r15169
r15172
r15173
r15174
r15175
r15176
  +file_prop: branches/R-1-3-patches/src/macintosh/MPWBuild_R svn:mime-type application/octet-stream
r15177
r15178
  +file_prop: branches/R-1-3-patches/src/macintosh/ReadMe.MPW svn:mime-type application/octet-stream
r15179
r15180
r15181
r15182
r15183
r15184
r15188
r15189
r15190
r15191
r15192
r15196
r15202
r15204
r15207
r15210
  +file_prop: branches/R-1-3-patches/src/macintosh/FF_CREATE svn:mime-type application/octet-stream
r15211
  +file_prop: branches/R-1-3-patches/src/macintosh/GETVERSION svn:mime-type application/octet-stream
r15212
r15213
r15214
r15215
r15216
r15219
r15220
r15221
r15222
r15223
r15224
r15225
r15227
r15228
r15229
r15235
r15236
r15237
r15240
r15243
r15244
r15246
r15247
r15248
r15249
r15250
r15254
r15256
r15260
r15263
r15264
r15265
r15266
r15269
r15271
r15279
r15282
r15285
r15287
r15289
r15290
r15294
r15295
  +file_prop: branches/R-1-3-patches/src/macintosh/GETCONFIG svn:mime-type application/octet-stream
  +file_prop: branches/R-1-3-patches/src/macintosh/GETDESC svn:mime-type application/octet-stream
  +file_prop: branches/R-1-3-patches/src/macintosh/Makefile.mac svn:mime-type application/octet-stream
r15296
r15297
r15305
r15310
r15314
r15315
r15319
r15334
r15337
r15338
r15343
r15344
r15346
r15348
r15359
r15362
r15370
r15376
r15381
r15384
r15385
r15386
r15387
r15392
r15393
r15395
r15397
r15402
r15404
r15405
r15406
r15409
r15428
r15433
r15436
r15448
r15451
r15454
r15455
r15456
r15457
r15470
r15473
r15477
r15478
r15485
r15488
r15491
r15502
r15505
r15509
r15527
  -empty_dir: branches/R-1-3-patches/src/library/ctest/src/Makefile.mac
r15528
  +file_prop: branches/R-1-3-patches/src/library/ctest/src/Makefile.mac svn:mime-type application/octet-stream
r15529
  -empty_dir: branches/R-1-3-patches/src/library/ctest/src/Makefile.mac
r15530
  +file_prop: branches/R-1-3-patches/src/library/ctest/src/Makefile.mac svn:mime-type application/octet-stream
r15531
r15532
r15533
r15539
r15545
r15548
r15551
r15552
r15555
r15559
r15562
r15563
r15564
r15568
r15572
r15574
r15575
r15576
r15577
r15578
r15579
  -empty_dir: branches/R-1-3-patches/src/library/modreg/src/Makefile.mac
r15580
  -empty_dir: branches/R-1-3-patches/src/library/mva/src/Makefile.mac
  +file_prop: branches/R-1-3-patches/src/library/modreg/src/Makefile.mac svn:mime-type application/octet-stream
r15581
  +file_prop: branches/R-1-3-patches/src/library/mva/src/Makefile.mac svn:mime-type application/octet-stream
r15582
r15583
r15613
r15618
r15621
r15626
r15629
r15634
r15637
r15647
r15649
r15652
r15666
r15669
r15672
r15673
r15674
r15678
r15679
r15681
r15684
r15687
r15690
r15691
r15693
r15694
r15695
r15703
r15706
r15707
r15710
r15712
r15713
r15715
r15723
r15726
r15746
r15749
r15763
r15767
r15771
r15772
r15773
r15774
r15780
r15784
r15787
r15799
r15804
r15808
r15817
r15819
r15827
r15830
r15833
r15834
r15840
r15843
r15845
r15847
r15854
r15857
r15864
r15867
r15870
r15877
r15891
r15894
r15916
r15919
r15924
r15933
r15940
r15949
r15959
r15962
r15967
r15970
r15985
r15995
r15997
r16000
r16003
r16010
r16013
r16022
r16025
r16035
r16038
r16046
r16049
r16053
r16056
r16062
r16067
r16070
r16076
r16080
r16084
r16087
r16093
r16099
r16104
r16107
r16115
r16118
r16128
r16131
r16139
r16150
r16153
r16157
r16173
r16176
r16183
r16186
r16194
r16197
r16205
r16208
r16217
r16220
r16236
r16239
r16246
r16263
r16266
r16281
r16310
r16313
r16326
r16329
r16337
r16341
r16347
r16350
r16353
r16362
r16366
r16379
r16396
r16397
r16402
r16411
r16414
r16423
r16424
r16427
r16431
r16434
r16437
r16439
r16449
r16452
r16456
r16459
r16465
r16468
r16473
r16487
r16490
r16499
r16503
r16507
r16510
r16514
r16517
r16520
r16526
r16529
r16543
r16546
r16554
r16565
r16568
r16579
r16605
r16608
r16611
r16623
r16629
r16639
r16642
r16647
r16650
r16653
r16656
r16659
r16662
r16675
r16677
r16688
r16694
r16701
r16710
r16714
r16724
r16727
r16738
r16741
r16752
r16759
r16767
r16770
r16776
r16779
r16790
r16794
r16817
r16820
r16826
r16840
r16843
r16855
r16858
r16871
r16884
r16887
r16898
r16901
r16919
r16929
r16953
r16967
r16980
r16992
r17011
r17025
r17029
r17040
r17047
r17064
r17069
r17072
r17105
r17118
r17170
r17182
r17229
r17248
r17251
r17273
r17277
r17286
r17294
r17298
r17313
r17316
r17331
r17334
r17356
r17361
r17377
r17387
r17403
r17406
r17411
r17420
r17425
r17429
r17432
r17446
r17449
r17459
r17462
r17466
r17473
r17476
r17503
r17534
r17546
r17560
r17568
