r84031
r84032
r84034
r84036
r84043
  +dir_prop: branches/R-4-3-branch svn:mergeinfo /branches/R-2-12-branch:52939%2C54476%2C55265%0A/branches/R-2-13-branch:55265%2C55432%0A/branches/R-2-15-branch:58894%2C59717%0A/branches/R-3-0-branch:62497%0A/branches/R-3-1-branch:65920%0A/branches/R-3-6-branch:76839%2C77241%0A/branches/R-4-1-branch:80314%0A/branches/R-DL:69025-69313%0A/branches/R-conflicts:75454-76247%0A/branches/R-defquartz:82652-83916%0A/branches/R-defs:77464-78758%0A/branches/R-glmscore:55360-55826%0A/branches/R-groups:80166-81095%0A/branches/R-structure:81439%0A/branches/R-symfam:78109-78182%0A/branches/R-typeset:82735-83683%0A/branches/R-ucrt:81323-81359%0A/branches/R-vecpat:81390-81922%0A/trunk:84042
r84047
  +dir_prop: branches/R-4-3-branch svn:mergeinfo /branches/R-2-12-branch:52939%2C54476%2C55265%0A/branches/R-2-13-branch:55265%2C55432%0A/branches/R-2-15-branch:58894%2C59717%0A/branches/R-3-0-branch:62497%0A/branches/R-3-1-branch:65920%0A/branches/R-3-6-branch:76839%2C77241%0A/branches/R-4-1-branch:80314%0A/branches/R-DL:69025-69313%0A/branches/R-conflicts:75454-76247%0A/branches/R-defquartz:82652-83916%0A/branches/R-defs:77464-78758%0A/branches/R-glmscore:55360-55826%0A/branches/R-groups:80166-81095%0A/branches/R-structure:81439%0A/branches/R-symfam:78109-78182%0A/branches/R-typeset:82735-83683%0A/branches/R-ucrt:81323-81359%0A/branches/R-vecpat:81390-81922%0A/trunk:84042%2C84046
r84051
  +dir_prop: branches/R-4-3-branch svn:mergeinfo /branches/R-2-12-branch:52939%2C54476%2C55265%0A/branches/R-2-13-branch:55265%2C55432%0A/branches/R-2-15-branch:58894%2C59717%0A/branches/R-3-0-branch:62497%0A/branches/R-3-1-branch:65920%0A/branches/R-3-6-branch:76839%2C77241%0A/branches/R-4-1-branch:80314%0A/branches/R-DL:69025-69313%0A/branches/R-conflicts:75454-76247%0A/branches/R-defquartz:82652-83916%0A/branches/R-defs:77464-78758%0A/branches/R-glmscore:55360-55826%0A/branches/R-groups:80166-81095%0A/branches/R-structure:81439%0A/branches/R-symfam:78109-78182%0A/branches/R-typeset:82735-83683%0A/branches/R-ucrt:81323-81359%0A/branches/R-vecpat:81390-81922%0A/trunk:84042%2C84046%2C84049-84050
r84052
  +dir_prop: branches/R-4-3-branch svn:mergeinfo /branches/R-2-12-branch:52939%2C54476%2C55265%0A/branches/R-2-13-branch:55265%2C55432%0A/branches/R-2-15-branch:58894%2C59717%0A/branches/R-3-0-branch:62497%0A/branches/R-3-1-branch:65920%0A/branches/R-3-6-branch:76839%2C77241%0A/branches/R-4-1-branch:80314%0A/branches/R-DL:69025-69313%0A/branches/R-conflicts:75454-76247%0A/branches/R-defquartz:82652-83916%0A/branches/R-defs:77464-78758%0A/branches/R-glmscore:55360-55826%0A/branches/R-groups:80166-81095%0A/branches/R-structure:81439%0A/branches/R-symfam:78109-78182%0A/branches/R-typeset:82735-83683%0A/branches/R-ucrt:81323-81359%0A/branches/R-vecpat:81390-81922%0A/trunk:84039%2C84042%2C84046%2C84049-84050
r84056
  +dir_prop: branches/R-4-3-branch svn:mergeinfo /branches/R-2-12-branch:52939%2C54476%2C55265%0A/branches/R-2-13-branch:55265%2C55432%0A/branches/R-2-15-branch:58894%2C59717%0A/branches/R-3-0-branch:62497%0A/branches/R-3-1-branch:65920%0A/branches/R-3-6-branch:76839%2C77241%0A/branches/R-4-1-branch:80314%0A/branches/R-DL:69025-69313%0A/branches/R-conflicts:75454-76247%0A/branches/R-defquartz:82652-83916%0A/branches/R-defs:77464-78758%0A/branches/R-glmscore:55360-55826%0A/branches/R-groups:80166-81095%0A/branches/R-structure:81439%0A/branches/R-symfam:78109-78182%0A/branches/R-typeset:82735-83683%0A/branches/R-ucrt:81323-81359%0A/branches/R-vecpat:81390-81922%0A/trunk:84039%2C84042%2C84046%2C84049-84050%2C84055
r84059
  +dir_prop: branches/R-4-3-branch svn:mergeinfo /branches/R-2-12-branch:52939%2C54476%2C55265%0A/branches/R-2-13-branch:55265%2C55432%0A/branches/R-2-15-branch:58894%2C59717%0A/branches/R-3-0-branch:62497%0A/branches/R-3-1-branch:65920%0A/branches/R-3-6-branch:76839%2C77241%0A/branches/R-4-1-branch:80314%0A/branches/R-DL:69025-69313%0A/branches/R-conflicts:75454-76247%0A/branches/R-defquartz:82652-83916%0A/branches/R-defs:77464-78758%0A/branches/R-glmscore:55360-55826%0A/branches/R-groups:80166-81095%0A/branches/R-structure:81439%0A/branches/R-symfam:78109-78182%0A/branches/R-typeset:82735-83683%0A/branches/R-ucrt:81323-81359%0A/branches/R-vecpat:81390-81922%0A/trunk:84039%2C84042%2C84046%2C84049-84050%2C84055%2C84058
r84063
r84070
  +dir_prop: branches/R-4-3-branch svn:mergeinfo /branches/R-2-12-branch:52939%2C54476%2C55265%0A/branches/R-2-13-branch:55265%2C55432%0A/branches/R-2-15-branch:58894%2C59717%0A/branches/R-3-0-branch:62497%0A/branches/R-3-1-branch:65920%0A/branches/R-3-6-branch:76839%2C77241%0A/branches/R-4-1-branch:80314%0A/branches/R-DL:69025-69313%0A/branches/R-conflicts:75454-76247%0A/branches/R-defquartz:82652-83916%0A/branches/R-defs:77464-78758%0A/branches/R-glmscore:55360-55826%0A/branches/R-groups:80166-81095%0A/branches/R-structure:81439%0A/branches/R-symfam:78109-78182%0A/branches/R-typeset:82735-83683%0A/branches/R-ucrt:81323-81359%0A/branches/R-vecpat:81390-81922%0A/trunk:84039%2C84041-84042%2C84046%2C84049-84050%2C84055%2C84058
r84071
  +dir_prop: branches/R-4-3-branch svn:mergeinfo /branches/R-2-12-branch:52939%2C54476%2C55265%0A/branches/R-2-13-branch:55265%2C55432%0A/branches/R-2-15-branch:58894%2C59717%0A/branches/R-3-0-branch:62497%0A/branches/R-3-1-branch:65920%0A/branches/R-3-6-branch:76839%2C77241%0A/branches/R-4-1-branch:80314%0A/branches/R-DL:69025-69313%0A/branches/R-conflicts:75454-76247%0A/branches/R-defquartz:82652-83916%0A/branches/R-defs:77464-78758%0A/branches/R-glmscore:55360-55826%0A/branches/R-groups:80166-81095%0A/branches/R-structure:81439%0A/branches/R-symfam:78109-78182%0A/branches/R-typeset:82735-83683%0A/branches/R-ucrt:81323-81359%0A/branches/R-vecpat:81390-81922%0A/trunk:84039%2C84041-84042%2C84044%2C84046%2C84049-84050%2C84055%2C84058
r84072
  +dir_prop: branches/R-4-3-branch svn:mergeinfo /branches/R-2-12-branch:52939%2C54476%2C55265%0A/branches/R-2-13-branch:55265%2C55432%0A/branches/R-2-15-branch:58894%2C59717%0A/branches/R-3-0-branch:62497%0A/branches/R-3-1-branch:65920%0A/branches/R-3-6-branch:76839%2C77241%0A/branches/R-4-1-branch:80314%0A/branches/R-DL:69025-69313%0A/branches/R-conflicts:75454-76247%0A/branches/R-defquartz:82652-83916%0A/branches/R-defs:77464-78758%0A/branches/R-glmscore:55360-55826%0A/branches/R-groups:80166-81095%0A/branches/R-structure:81439%0A/branches/R-symfam:78109-78182%0A/branches/R-typeset:82735-83683%0A/branches/R-ucrt:81323-81359%0A/branches/R-vecpat:81390-81922%0A/trunk:84039%2C84041-84042%2C84044-84046%2C84049-84050%2C84055%2C84058
r84074
  +dir_prop: branches/R-4-3-branch svn:mergeinfo /branches/R-2-12-branch:52939%2C54476%2C55265%0A/branches/R-2-13-branch:55265%2C55432%0A/branches/R-2-15-branch:58894%2C59717%0A/branches/R-3-0-branch:62497%0A/branches/R-3-1-branch:65920%0A/branches/R-3-6-branch:76839%2C77241%0A/branches/R-4-1-branch:80314%0A/branches/R-DL:69025-69313%0A/branches/R-conflicts:75454-76247%0A/branches/R-defquartz:82652-83916%0A/branches/R-defs:77464-78758%0A/branches/R-glmscore:55360-55826%0A/branches/R-groups:80166-81095%0A/branches/R-structure:81439%0A/branches/R-symfam:78109-78182%0A/branches/R-typeset:82735-83683%0A/branches/R-ucrt:81323-81359%0A/branches/R-vecpat:81390-81922%0A/trunk:84039%2C84041-84042%2C84044-84046%2C84049-84050%2C84055%2C84058%2C84060%2C84073
r84078
  +dir_prop: branches/R-4-3-branch svn:mergeinfo /branches/R-2-12-branch:52939%2C54476%2C55265%0A/branches/R-2-13-branch:55265%2C55432%0A/branches/R-2-15-branch:58894%2C59717%0A/branches/R-3-0-branch:62497%0A/branches/R-3-1-branch:65920%0A/branches/R-3-6-branch:76839%2C77241%0A/branches/R-4-1-branch:80314%0A/branches/R-DL:69025-69313%0A/branches/R-conflicts:75454-76247%0A/branches/R-defquartz:82652-83916%0A/branches/R-defs:77464-78758%0A/branches/R-glmscore:55360-55826%0A/branches/R-groups:80166-81095%0A/branches/R-structure:81439%0A/branches/R-symfam:78109-78182%0A/branches/R-typeset:82735-83683%0A/branches/R-ucrt:81323-81359%0A/branches/R-vecpat:81390-81922%0A/trunk:84039%2C84041-84042%2C84044-84046%2C84049-84050%2C84055%2C84058%2C84060%2C84073%2C84077
r84081
  +dir_prop: branches/R-4-3-branch svn:mergeinfo /branches/R-2-12-branch:52939%2C54476%2C55265%0A/branches/R-2-13-branch:55265%2C55432%0A/branches/R-2-15-branch:58894%2C59717%0A/branches/R-3-0-branch:62497%0A/branches/R-3-1-branch:65920%0A/branches/R-3-6-branch:76839%2C77241%0A/branches/R-4-1-branch:80314%0A/branches/R-DL:69025-69313%0A/branches/R-conflicts:75454-76247%0A/branches/R-defquartz:82652-83916%0A/branches/R-defs:77464-78758%0A/branches/R-glmscore:55360-55826%0A/branches/R-groups:80166-81095%0A/branches/R-structure:81439%0A/branches/R-symfam:78109-78182%0A/branches/R-typeset:82735-83683%0A/branches/R-ucrt:81323-81359%0A/branches/R-vecpat:81390-81922%0A/trunk:84039%2C84041-84042%2C84044-84046%2C84049-84050%2C84055%2C84058%2C84060%2C84065%2C84073%2C84077
r84082
  +dir_prop: branches/R-4-3-branch svn:mergeinfo /branches/R-2-12-branch:52939%2C54476%2C55265%0A/branches/R-2-13-branch:55265%2C55432%0A/branches/R-2-15-branch:58894%2C59717%0A/branches/R-3-0-branch:62497%0A/branches/R-3-1-branch:65920%0A/branches/R-3-6-branch:76839%2C77241%0A/branches/R-4-1-branch:80314%0A/branches/R-DL:69025-69313%0A/branches/R-conflicts:75454-76247%0A/branches/R-defquartz:82652-83916%0A/branches/R-defs:77464-78758%0A/branches/R-glmscore:55360-55826%0A/branches/R-groups:80166-81095%0A/branches/R-structure:81439%0A/branches/R-symfam:78109-78182%0A/branches/R-typeset:82735-83683%0A/branches/R-ucrt:81323-81359%0A/branches/R-vecpat:81390-81922%0A/trunk:84039%2C84041-84042%2C84044-84046%2C84049-84050%2C84055%2C84058%2C84060%2C84065-84066%2C84073%2C84077%2C84080
r84083
  +dir_prop: branches/R-4-3-branch svn:mergeinfo /branches/R-2-12-branch:52939%2C54476%2C55265%0A/branches/R-2-13-branch:55265%2C55432%0A/branches/R-2-15-branch:58894%2C59717%0A/branches/R-3-0-branch:62497%0A/branches/R-3-1-branch:65920%0A/branches/R-3-6-branch:76839%2C77241%0A/branches/R-4-1-branch:80314%0A/branches/R-DL:69025-69313%0A/branches/R-conflicts:75454-76247%0A/branches/R-defquartz:82652-83916%0A/branches/R-defs:77464-78758%0A/branches/R-glmscore:55360-55826%0A/branches/R-groups:80166-81095%0A/branches/R-structure:81439%0A/branches/R-symfam:78109-78182%0A/branches/R-typeset:82735-83683%0A/branches/R-ucrt:81323-81359%0A/branches/R-vecpat:81390-81922%0A/trunk:84039%2C84041-84042%2C84044-84046%2C84049-84050%2C84055%2C84058%2C84060%2C84065-84067%2C84073%2C84077%2C84080
r84084
r84086
