r52927
r52928
r52931
r52933
r52936
  +dir_prop: branches/R-2-12-branch svn:mergeinfo /trunk:52930%2C52935
r52939
r52943
r52945
  +dir_prop: branches/R-2-12-branch svn:mergeinfo /trunk:52930%2C52935%2C52944
r52948
r52949
r52951
  +dir_prop: branches/R-2-12-branch svn:mergeinfo /trunk:52930%2C52935%2C52944%2C52950
r52953
r52956
  +dir_prop: branches/R-2-12-branch svn:mergeinfo /trunk:52930%2C52935%2C52944%2C52950%2C52954-52955
r52959
  +dir_prop: branches/R-2-12-branch svn:mergeinfo /trunk:52930%2C52935%2C52944%2C52950%2C52954-52955%2C52957-52958
r52961
r52963
r52967
  +dir_prop: branches/R-2-12-branch svn:mergeinfo /trunk:52930%2C52935%2C52937%2C52944%2C52950%2C52954-52955%2C52957-52958
r52968
  +dir_prop: branches/R-2-12-branch svn:mergeinfo /trunk:52930%2C52935%2C52937-52938%2C52944%2C52950%2C52954-52955%2C52957-52958
r52969
  +dir_prop: branches/R-2-12-branch svn:mergeinfo /trunk:52930%2C52935%2C52937-52938%2C52944%2C52946%2C52950%2C52954-52955%2C52957-52958
r52970
  +dir_prop: branches/R-2-12-branch svn:mergeinfo /trunk:52930%2C52935%2C52937-52938%2C52944%2C52946%2C52950%2C52954-52955%2C52957-52958%2C52965
r52973
r52974
r52977
r52981
  +dir_prop: branches/R-2-12-branch svn:mergeinfo /trunk:52930%2C52935%2C52937-52938%2C52944%2C52946%2C52950%2C52954-52955%2C52957-52958%2C52965%2C52979-52980
r52983
r52984
r52986
r52987
r52989
  +dir_prop: branches/R-2-12-branch svn:mergeinfo /trunk:52930%2C52935%2C52937-52938%2C52944%2C52946%2C52950%2C52954-52955%2C52957-52958%2C52965%2C52979-52980%2C52988
r52991
  +dir_prop: branches/R-2-12-branch svn:mergeinfo /trunk:52930%2C52935%2C52937-52938%2C52944%2C52946%2C52950%2C52954-52955%2C52957-52958%2C52965%2C52979-52980%2C52988%2C52990
r52999
r53004
r53006
  +dir_prop: branches/R-2-12-branch svn:mergeinfo /trunk:52930%2C52935%2C52937-52938%2C52944%2C52946%2C52950%2C52954-52955%2C52957-52958%2C52965%2C52979-52980%2C52988%2C52990%2C53005
r53007
  +dir_prop: branches/R-2-12-branch svn:mergeinfo /trunk:52930%2C52935%2C52937-52938%2C52944%2C52946%2C52950%2C52954-52955%2C52957-52958%2C52965%2C52979-52980%2C52988%2C52990%2C53001-53002%2C53005
r53009
r53012
r53015
  +file_prop: branches/R-2-12-branch/po/RGui-nn.gmo svn:mime-type application/octet-stream
r53016
r53018
r53020
r53024
r53026
r53029
  +dir_prop: branches/R-2-12-branch svn:mergeinfo /trunk:52930%2C52935%2C52937-52938%2C52944%2C52946%2C52950%2C52954-52955%2C52957-52958%2C52965%2C52979-52980%2C52988%2C52990%2C53001-53002%2C53005%2C53027-53028
r53031
  +dir_prop: branches/R-2-12-branch svn:mergeinfo /trunk:52930%2C52935%2C52937-52938%2C52944%2C52946%2C52950%2C52954-52955%2C52957-52958%2C52965%2C52979-52980%2C52988%2C52990%2C53001-53002%2C53005%2C53027-53028%2C53030
r53034
r53036
r53039
r53041
  +dir_prop: branches/R-2-12-branch svn:mergeinfo /trunk:52930%2C52935%2C52937-52938%2C52944%2C52946%2C52950%2C52954-52955%2C52957-52958%2C52965%2C52979-52980%2C52988%2C52990%2C52992-52993%2C53001-53002%2C53005%2C53027-53028%2C53030%2C53040
r53043
r53045
r53046
r53048
  +dir_prop: branches/R-2-12-branch svn:mergeinfo /trunk:52930%2C52935%2C52937-52938%2C52944%2C52946%2C52950%2C52954-52955%2C52957-52958%2C52965%2C52979-52980%2C52988%2C52990%2C52992-52993%2C53001-53002%2C53005%2C53027-53028%2C53030%2C53040%2C53047
r53051
  +dir_prop: branches/R-2-12-branch svn:mergeinfo /trunk:52930%2C52935%2C52937-52938%2C52944%2C52946%2C52950%2C52954-52955%2C52957-52958%2C52965%2C52979-52980%2C52988%2C52990%2C52992-52993%2C53001-53002%2C53005%2C53027-53028%2C53030%2C53040%2C53047%2C53050
r53053
r53056
r53061
r53063
  +dir_prop: branches/R-2-12-branch svn:mergeinfo /trunk:52930%2C52935%2C52937-52938%2C52944%2C52946%2C52950%2C52954-52955%2C52957-52958%2C52965%2C52979-52980%2C52988%2C52990%2C52992-52993%2C53001-53002%2C53005%2C53027-53028%2C53030%2C53040%2C53047%2C53050%2C53062
r53066
  +dir_prop: branches/R-2-12-branch svn:mergeinfo /trunk:52930%2C52935%2C52937-52938%2C52944%2C52946%2C52950%2C52954-52955%2C52957-52958%2C52965%2C52979-52980%2C52988%2C52990%2C52992-52993%2C53001-53002%2C53005%2C53027-53028%2C53030%2C53040%2C53047%2C53050%2C53062%2C53065
r53067
  +dir_prop: branches/R-2-12-branch svn:mergeinfo /trunk:52930%2C52935%2C52937-52938%2C52944%2C52946%2C52950%2C52954-52955%2C52957-52958%2C52965%2C52979-52980%2C52988%2C52990%2C52992-52993%2C53001-53002%2C53005%2C53027-53028%2C53030%2C53040%2C53047%2C53050%2C53057%2C53062%2C53065
r53069
r53071
  +dir_prop: branches/R-2-12-branch svn:mergeinfo /trunk:52930%2C52935%2C52937-52938%2C52944%2C52946%2C52950%2C52954-52955%2C52957-52958%2C52965%2C52979-52980%2C52988%2C52990%2C52992-52993%2C53001-53002%2C53005%2C53027-53028%2C53030%2C53040%2C53047%2C53050%2C53057%2C53062%2C53065%2C53070
r53074
r53075
r53079
r53081
  +dir_prop: branches/R-2-12-branch svn:mergeinfo /trunk:52930%2C52935%2C52937-52938%2C52944%2C52946%2C52950%2C52954-52955%2C52957-52958%2C52965%2C52979-52980%2C52988%2C52990%2C52992-52993%2C53001-53002%2C53005%2C53027-53028%2C53030%2C53040%2C53047%2C53050%2C53057%2C53062%2C53065%2C53070%2C53080
r53082
r53083
r53085
r53089
  +dir_prop: branches/R-2-12-branch svn:mergeinfo /trunk:52930%2C52935%2C52937-52938%2C52944%2C52946%2C52950%2C52954-52955%2C52957-52958%2C52965%2C52979-52980%2C52988%2C52990%2C52992-52993%2C53001-53002%2C53005%2C53027-53028%2C53030%2C53040%2C53047%2C53050%2C53057%2C53062%2C53065%2C53070%2C53080%2C53088
r53090
r53091
r53093
  +dir_prop: branches/R-2-12-branch svn:mergeinfo /trunk:52930%2C52935%2C52937-52938%2C52944%2C52946%2C52950%2C52954-52955%2C52957-52958%2C52965%2C52979-52980%2C52988%2C52990%2C52992-52993%2C53001-53002%2C53005%2C53027-53028%2C53030%2C53040%2C53047%2C53050%2C53057%2C53062%2C53065%2C53070%2C53080%2C53088%2C53092
r53096
  +dir_prop: branches/R-2-12-branch svn:mergeinfo /trunk:52930%2C52935%2C52937-52938%2C52944%2C52946%2C52950%2C52954-52955%2C52957-52958%2C52965%2C52979-52980%2C52988%2C52990%2C52992-52996%2C52998%2C53001-53002%2C53005%2C53027-53028%2C53030%2C53040%2C53047%2C53050%2C53054%2C53057%2C53062%2C53065%2C53070%2C53080%2C53087-53088%2C53092%2C53095
r53099
r53102
r53104
r53106
r53108
r53109
r53112
r53113
r53115
r53117
  +dir_prop: branches/R-2-12-branch svn:mergeinfo /trunk:52930%2C52935%2C52937-52938%2C52944%2C52946%2C52950%2C52954-52955%2C52957-52958%2C52965%2C52979-52980%2C52988%2C52990%2C52992-52996%2C52998%2C53001-53002%2C53005%2C53027-53028%2C53030%2C53040%2C53047%2C53050%2C53054%2C53057%2C53062%2C53065%2C53070%2C53080%2C53087-53088%2C53092%2C53095%2C53116
r53119
r53121
r53123
r53125
  +dir_prop: branches/R-2-12-branch svn:mergeinfo /trunk:52930%2C52935%2C52937-52938%2C52944%2C52946%2C52950%2C52954-52955%2C52957-52958%2C52965%2C52979-52980%2C52988%2C52990%2C52992-52996%2C52998%2C53001-53002%2C53005%2C53027-53028%2C53030%2C53040%2C53047%2C53050%2C53054%2C53057%2C53062%2C53065%2C53070%2C53080%2C53087-53088%2C53092%2C53095%2C53116%2C53124
r53127
r53132
r53133
r53138
r53140
r53142
r53145
r53148
r53149
r53154
r53155
r53157
r53159
  +dir_prop: branches/R-2-12-branch svn:mergeinfo /trunk:52930%2C52935%2C52937-52938%2C52944%2C52946%2C52950%2C52954-52955%2C52957-52958%2C52965%2C52979-52980%2C52988%2C52990%2C52992-52996%2C52998%2C53001-53002%2C53005%2C53027-53028%2C53030%2C53040%2C53047%2C53050%2C53054%2C53057%2C53062%2C53065%2C53070%2C53080%2C53087-53088%2C53092%2C53095%2C53116%2C53124%2C53158
r53161
r53163
  +dir_prop: branches/R-2-12-branch svn:mergeinfo /trunk:52930%2C52935%2C52937-52938%2C52944%2C52946%2C52950%2C52954-52955%2C52957-52958%2C52965%2C52979-52980%2C52988%2C52990%2C52992-52996%2C52998%2C53001-53002%2C53005%2C53027-53028%2C53030%2C53040%2C53047%2C53050%2C53054%2C53057%2C53062%2C53065%2C53070%2C53080%2C53087-53088%2C53092%2C53095%2C53116%2C53124%2C53143%2C53158
r53165
r53166
r53174
r53175
  +dir_prop: branches/R-2-12-branch svn:mergeinfo /trunk:52930%2C52935%2C52937-52938%2C52944%2C52946%2C52950%2C52954-52955%2C52957-52958%2C52965%2C52979-52980%2C52988%2C52990%2C52992-52996%2C52998%2C53001-53002%2C53005%2C53027-53028%2C53030%2C53040%2C53047%2C53050%2C53054%2C53057%2C53062%2C53065%2C53070%2C53080%2C53087-53088%2C53092%2C53095%2C53116%2C53124%2C53143%2C53151%2C53158
r53180
  +dir_prop: branches/R-2-12-branch svn:mergeinfo /trunk:52930%2C52935%2C52937-52938%2C52944%2C52946%2C52950%2C52954-52955%2C52957-52958%2C52965%2C52979-52980%2C52988%2C52990%2C52992-52996%2C52998%2C53001-53002%2C53005%2C53027-53028%2C53030%2C53040%2C53047%2C53050%2C53054%2C53057%2C53062%2C53065%2C53070%2C53080%2C53087-53088%2C53092%2C53095%2C53116%2C53124%2C53143%2C53151%2C53158%2C53177
r53182
  +dir_prop: branches/R-2-12-branch svn:mergeinfo /trunk:52930%2C52935%2C52937-52938%2C52944%2C52946%2C52950%2C52954-52955%2C52957-52958%2C52965%2C52979-52980%2C52988%2C52990%2C52992-52996%2C52998%2C53001-53002%2C53005%2C53027-53028%2C53030%2C53040%2C53047%2C53050%2C53054%2C53057%2C53062%2C53065%2C53070%2C53080%2C53087-53088%2C53092%2C53095%2C53116%2C53124%2C53143%2C53151%2C53158%2C53177%2C53181
r53187
r53188
r53190
r53193
  +dir_prop: branches/R-2-12-branch svn:mergeinfo /trunk:52930%2C52935%2C52937-52938%2C52944%2C52946%2C52950%2C52954-52955%2C52957-52958%2C52965%2C52979-52980%2C52988%2C52990%2C52992-52996%2C52998%2C53001-53002%2C53005%2C53027-53028%2C53030%2C53040%2C53047%2C53050%2C53054%2C53057%2C53062%2C53065%2C53070%2C53080%2C53087-53088%2C53092%2C53095%2C53116%2C53124%2C53143%2C53151%2C53158%2C53177%2C53181%2C53192
r53195
r53197
r53198
r53200
r53203
r53207
r53209
r53211
r53214
r53218
r53220
r53222
r53224
r53226
r53227
r53229
r53233
r53236
  +dir_prop: branches/R-2-12-branch svn:mergeinfo /trunk:52930%2C52935%2C52937-52938%2C52944%2C52946%2C52950%2C52954-52955%2C52957-52958%2C52965%2C52979-52980%2C52988%2C52990%2C52992-52996%2C52998%2C53001-53002%2C53005%2C53027-53028%2C53030%2C53040%2C53047%2C53050%2C53054%2C53057%2C53062%2C53065%2C53070%2C53080%2C53087-53088%2C53092%2C53095%2C53116%2C53124%2C53143%2C53151%2C53158%2C53177%2C53181%2C53192%2C53235
r53239
r53240
  +dir_prop: branches/R-2-12-branch svn:mergeinfo /trunk:52930%2C52935%2C52937-52938%2C52944%2C52946%2C52950%2C52954-52955%2C52957-52958%2C52965%2C52979-52980%2C52988%2C52990%2C52992-52996%2C52998%2C53001-53002%2C53005%2C53027-53028%2C53030%2C53040%2C53047%2C53050%2C53054%2C53057%2C53062%2C53065%2C53070%2C53080%2C53084%2C53087-53088%2C53092%2C53095%2C53116%2C53124%2C53143%2C53151%2C53158%2C53177%2C53181%2C53192%2C53235
r53241
  +dir_prop: branches/R-2-12-branch svn:mergeinfo /trunk:52930%2C52935%2C52937-52938%2C52944%2C52946%2C52950%2C52954-52955%2C52957-52958%2C52965%2C52979-52980%2C52988%2C52990%2C52992-52996%2C52998%2C53001-53002%2C53005%2C53027-53028%2C53030%2C53040%2C53047%2C53050%2C53054%2C53057%2C53062%2C53065%2C53070%2C53080%2C53084%2C53087-53088%2C53092%2C53095%2C53098%2C53116%2C53124%2C53143%2C53151%2C53158%2C53177%2C53181%2C53192%2C53235
r53242
  +dir_prop: branches/R-2-12-branch svn:mergeinfo /trunk:52930%2C52935%2C52937-52938%2C52944%2C52946%2C52950%2C52954-52955%2C52957-52958%2C52965%2C52979-52980%2C52988%2C52990%2C52992-52996%2C52998%2C53001-53002%2C53005%2C53027-53028%2C53030%2C53040%2C53047%2C53050%2C53054%2C53057%2C53062%2C53065%2C53070%2C53080%2C53084%2C53087-53088%2C53092%2C53095%2C53098%2C53116%2C53124%2C53143%2C53151%2C53158%2C53177%2C53181%2C53183%2C53192%2C53235
r53243
  +dir_prop: branches/R-2-12-branch svn:mergeinfo /trunk:52930%2C52935%2C52937-52938%2C52944%2C52946%2C52950%2C52954-52955%2C52957-52958%2C52965%2C52979-52980%2C52988%2C52990%2C52992-52996%2C52998%2C53001-53002%2C53005%2C53027-53028%2C53030%2C53040%2C53047%2C53050%2C53054%2C53057%2C53062%2C53065%2C53070%2C53080%2C53084%2C53087-53088%2C53092%2C53095%2C53098%2C53116%2C53124%2C53143%2C53151%2C53158%2C53177%2C53181%2C53183%2C53185%2C53192%2C53235
r53244
  +dir_prop: branches/R-2-12-branch svn:mergeinfo /trunk:52930%2C52935%2C52937-52938%2C52944%2C52946%2C52950%2C52954-52955%2C52957-52958%2C52965%2C52979-52980%2C52988%2C52990%2C52992-52996%2C52998%2C53001-53002%2C53005%2C53027-53028%2C53030%2C53040%2C53047%2C53050%2C53054%2C53057%2C53062%2C53065%2C53070%2C53080%2C53084%2C53087-53088%2C53092%2C53095%2C53098%2C53116%2C53124%2C53143%2C53151%2C53158%2C53177%2C53181%2C53183%2C53185%2C53191-53192%2C53235
r53245
  +dir_prop: branches/R-2-12-branch svn:mergeinfo /trunk:52930%2C52935%2C52937-52938%2C52944%2C52946%2C52950%2C52954-52955%2C52957-52958%2C52965%2C52979-52980%2C52988%2C52990%2C52992-52996%2C52998%2C53001-53002%2C53005%2C53027-53028%2C53030%2C53040%2C53047%2C53050%2C53054%2C53057%2C53062%2C53065%2C53070%2C53080%2C53084%2C53087-53088%2C53092%2C53095%2C53098%2C53116%2C53124%2C53143%2C53151%2C53158%2C53177%2C53181%2C53183%2C53185%2C53191-53192%2C53235%2C53237
r53251
r53256
r53257
r53259
  +dir_prop: branches/R-2-12-branch svn:mergeinfo /trunk:52930%2C52935%2C52937-52938%2C52944%2C52946%2C52950%2C52954-52955%2C52957-52958%2C52965%2C52979-52980%2C52988%2C52990%2C52992-52996%2C52998%2C53001-53002%2C53005%2C53027-53028%2C53030%2C53040%2C53047%2C53050%2C53054%2C53057%2C53062%2C53065%2C53070%2C53080%2C53084%2C53087-53088%2C53092%2C53095%2C53098%2C53116%2C53124%2C53143%2C53151%2C53158%2C53177%2C53181%2C53183%2C53185%2C53191-53192%2C53235%2C53237%2C53258
r53261
r53263
  +dir_prop: branches/R-2-12-branch svn:mergeinfo /trunk:52930%2C52935%2C52937-52938%2C52944%2C52946%2C52950%2C52954-52955%2C52957-52958%2C52965%2C52979-52980%2C52988%2C52990%2C52992-52996%2C52998%2C53001-53002%2C53005%2C53027-53028%2C53030%2C53040%2C53047%2C53050%2C53054%2C53057%2C53062%2C53065%2C53070%2C53080%2C53084%2C53087-53088%2C53092%2C53095%2C53098%2C53116%2C53124%2C53143%2C53151%2C53158%2C53177%2C53181%2C53183%2C53185%2C53191-53192%2C53235%2C53237%2C53258%2C53262
r53265
r53273
r53276
r53281
r53284
r53287
r53289
r53299
r53301
r53302
r53307
r53312
r53317
r53319
r53320
  -file_prop: branches/R-2-12-branch/src/unix/Rscript.c svn:keywords
r53327
r53332
r53333
  +dir_prop: branches/R-2-12-branch/tests svn:mergeinfo /trunk/tests:52930%2C52935%2C52937-52938%2C52944%2C52946%2C52950%2C52954-52955%2C52957-52958%2C52965%2C52979-52980%2C52988%2C52990%2C52992-52996%2C52998%2C53001-53002%2C53005%2C53027-53028%2C53030%2C53040%2C53047%2C53050%2C53054%2C53057%2C53062%2C53065%2C53070%2C53080%2C53084%2C53087-53088%2C53092%2C53095%2C53098%2C53116%2C53124%2C53143%2C53151%2C53158%2C53177%2C53181%2C53183%2C53185%2C53191-53192%2C53235%2C53237%2C53258%2C53262%2C53331
r53334
r53337
r53339
  +dir_prop: branches/R-2-12-branch/tests svn:mergeinfo /trunk/tests:52930%2C52935%2C52937-52938%2C52944%2C52946%2C52950%2C52954-52955%2C52957-52958%2C52965%2C52979-52980%2C52988%2C52990%2C52992-52996%2C52998%2C53001-53002%2C53005%2C53027-53028%2C53030%2C53040%2C53047%2C53050%2C53054%2C53057%2C53062%2C53065%2C53070%2C53080%2C53084%2C53087-53088%2C53092%2C53095%2C53098%2C53116%2C53124%2C53143%2C53151%2C53158%2C53177%2C53181%2C53183%2C53185%2C53191-53192%2C53235%2C53237%2C53258%2C53262%2C53331%2C53338
r53340
r53343
r53345
r53347
r53350
r53354
r53355
r53358
r53362
  +dir_prop: branches/R-2-12-branch svn:mergeinfo /trunk:52930%2C52935%2C52937-52938%2C52944%2C52946%2C52950%2C52954-52955%2C52957-52958%2C52965%2C52979-52980%2C52988%2C52990%2C52992-52996%2C52998%2C53001-53002%2C53005%2C53027-53028%2C53030%2C53040%2C53047%2C53050%2C53054%2C53057%2C53062%2C53065%2C53070%2C53080%2C53084%2C53087-53088%2C53092%2C53095%2C53098%2C53116%2C53124%2C53143%2C53151%2C53158%2C53177%2C53181%2C53183%2C53185%2C53191-53192%2C53235%2C53237%2C53258%2C53262%2C53361
r53365
r53367
  +dir_prop: branches/R-2-12-branch svn:mergeinfo /trunk:52930%2C52935%2C52937-52938%2C52944%2C52946%2C52950%2C52954-52955%2C52957-52958%2C52965%2C52979-52980%2C52988%2C52990%2C52992-52996%2C52998%2C53001-53002%2C53005%2C53027-53028%2C53030%2C53040%2C53047%2C53050%2C53054%2C53057%2C53062%2C53065%2C53070%2C53080%2C53084%2C53087-53088%2C53092%2C53095%2C53098%2C53116%2C53124%2C53143%2C53151%2C53158%2C53177%2C53181%2C53183%2C53185%2C53191-53192%2C53235%2C53237%2C53258%2C53262%2C53361%2C53364
  +dir_prop: branches/R-2-12-branch/tests svn:mergeinfo /trunk/tests:52930%2C52935%2C52937-52938%2C52944%2C52946%2C52950%2C52954-52955%2C52957-52958%2C52965%2C52979-52980%2C52988%2C52990%2C52992-52996%2C52998%2C53001-53002%2C53005%2C53027-53028%2C53030%2C53040%2C53047%2C53050%2C53054%2C53057%2C53062%2C53065%2C53070%2C53080%2C53084%2C53087-53088%2C53092%2C53095%2C53098%2C53116%2C53124%2C53143%2C53151%2C53158%2C53177%2C53181%2C53183%2C53185%2C53191-53192%2C53235%2C53237%2C53258%2C53262%2C53331%2C53338%2C53364
r53368
  +dir_prop: branches/R-2-12-branch/tests svn:mergeinfo /trunk/tests:52930%2C52935%2C52937-52938%2C52944%2C52946%2C52950%2C52954-52955%2C52957-52958%2C52965%2C52979-52980%2C52988%2C52990%2C52992-52996%2C52998%2C53001-53002%2C53005%2C53027-53028%2C53030%2C53040%2C53047%2C53050%2C53054%2C53057%2C53062%2C53065%2C53070%2C53080%2C53084%2C53087-53088%2C53092%2C53095%2C53098%2C53116%2C53124%2C53143%2C53151%2C53158%2C53177%2C53181%2C53183%2C53185%2C53191-53192%2C53235%2C53237%2C53258%2C53262%2C53331%2C53338%2C53363-53365
r53370
r53372
r53375
r53378
r53380
r53383
r53386
r53388
r53390
r53393
  +dir_prop: branches/R-2-12-branch svn:mergeinfo /trunk:52930%2C52935%2C52937-52938%2C52944%2C52946%2C52950%2C52954-52955%2C52957-52958%2C52965%2C52979-52980%2C52988%2C52990%2C52992-52996%2C52998%2C53001-53002%2C53005%2C53027-53028%2C53030%2C53040%2C53047%2C53050%2C53054%2C53057%2C53062%2C53065%2C53070%2C53080%2C53084%2C53087-53088%2C53092%2C53095%2C53098%2C53116%2C53124%2C53143%2C53151%2C53158%2C53177%2C53181%2C53183%2C53185%2C53191-53192%2C53235%2C53237%2C53258%2C53262%2C53361%2C53364%2C53391
  +dir_prop: branches/R-2-12-branch/tests svn:mergeinfo /trunk/tests:52930%2C52935%2C52937-52938%2C52944%2C52946%2C52950%2C52954-52955%2C52957-52958%2C52965%2C52979-52980%2C52988%2C52990%2C52992-52996%2C52998%2C53001-53002%2C53005%2C53027-53028%2C53030%2C53040%2C53047%2C53050%2C53054%2C53057%2C53062%2C53065%2C53070%2C53080%2C53084%2C53087-53088%2C53092%2C53095%2C53098%2C53116%2C53124%2C53143%2C53151%2C53158%2C53177%2C53181%2C53183%2C53185%2C53191-53192%2C53235%2C53237%2C53258%2C53262%2C53331%2C53338%2C53363-53365%2C53391
r53395
  +dir_prop: branches/R-2-12-branch/tests svn:mergeinfo /trunk/tests:52930%2C52935%2C52937-52938%2C52944%2C52946%2C52950%2C52954-52955%2C52957-52958%2C52965%2C52979-52980%2C52988%2C52990%2C52992-52996%2C52998%2C53001-53002%2C53005%2C53027-53028%2C53030%2C53040%2C53047%2C53050%2C53054%2C53057%2C53062%2C53065%2C53070%2C53080%2C53084%2C53087-53088%2C53092%2C53095%2C53098%2C53116%2C53124%2C53143%2C53151%2C53158%2C53177%2C53181%2C53183%2C53185%2C53191-53192%2C53235%2C53237%2C53258%2C53262%2C53331%2C53338%2C53363-53365%2C53391%2C53394
r53397
  +dir_prop: branches/R-2-12-branch svn:mergeinfo /trunk:52930%2C52935%2C52937-52938%2C52944%2C52946%2C52950%2C52954-52955%2C52957-52958%2C52965%2C52979-52980%2C52988%2C52990%2C52992-52996%2C52998%2C53001-53002%2C53005%2C53027-53028%2C53030%2C53040%2C53047%2C53050%2C53054%2C53057%2C53062%2C53065%2C53070%2C53080%2C53084%2C53087-53088%2C53092%2C53095%2C53098%2C53116%2C53124%2C53143%2C53151%2C53158%2C53177%2C53181%2C53183%2C53185%2C53191-53192%2C53235%2C53237%2C53258%2C53262%2C53361%2C53364%2C53391%2C53396
  +dir_prop: branches/R-2-12-branch/tests svn:mergeinfo /trunk/tests:52930%2C52935%2C52937-52938%2C52944%2C52946%2C52950%2C52954-52955%2C52957-52958%2C52965%2C52979-52980%2C52988%2C52990%2C52992-52996%2C52998%2C53001-53002%2C53005%2C53027-53028%2C53030%2C53040%2C53047%2C53050%2C53054%2C53057%2C53062%2C53065%2C53070%2C53080%2C53084%2C53087-53088%2C53092%2C53095%2C53098%2C53116%2C53124%2C53143%2C53151%2C53158%2C53177%2C53181%2C53183%2C53185%2C53191-53192%2C53235%2C53237%2C53258%2C53262%2C53331%2C53338%2C53363-53365%2C53391%2C53394%2C53396
r53400
r53411
r53413
r53424
  +dir_prop: branches/R-2-12-branch/tests svn:mergeinfo /trunk/tests:52930%2C52935%2C52937-52938%2C52944%2C52946%2C52950%2C52954-52955%2C52957-52958%2C52965%2C52979-52980%2C52988%2C52990%2C52992-52996%2C52998%2C53001-53002%2C53005%2C53027-53028%2C53030%2C53040%2C53047%2C53050%2C53054%2C53057%2C53062%2C53065%2C53070%2C53080%2C53084%2C53087-53088%2C53092%2C53095%2C53098%2C53116%2C53124%2C53143%2C53151%2C53158%2C53177%2C53181%2C53183%2C53185%2C53191-53192%2C53235%2C53237%2C53258%2C53262%2C53331%2C53338%2C53363-53365%2C53391%2C53394%2C53396%2C53423
r53426
r53428
r53432
  -empty_dir: branches/R-2-12-branch/src/gnuwin32/installer/WIXins.pl
r53435
  +dir_prop: branches/R-2-12-branch svn:mergeinfo /trunk:52930%2C52935%2C52937-52938%2C52944%2C52946%2C52950%2C52954-52955%2C52957-52958%2C52965%2C52979-52980%2C52988%2C52990%2C52992-52996%2C52998%2C53001-53002%2C53005%2C53027-53028%2C53030%2C53040%2C53047%2C53050%2C53054%2C53057%2C53062%2C53065%2C53070%2C53080%2C53084%2C53087-53088%2C53092%2C53095%2C53098%2C53116%2C53124%2C53143%2C53151%2C53158%2C53177%2C53181%2C53183%2C53185%2C53191-53192%2C53235%2C53237%2C53258%2C53262%2C53361%2C53364%2C53391%2C53396%2C53431-53434
  +dir_prop: branches/R-2-12-branch/tests svn:mergeinfo /trunk/tests:52930%2C52935%2C52937-52938%2C52944%2C52946%2C52950%2C52954-52955%2C52957-52958%2C52965%2C52979-52980%2C52988%2C52990%2C52992-52996%2C52998%2C53001-53002%2C53005%2C53027-53028%2C53030%2C53040%2C53047%2C53050%2C53054%2C53057%2C53062%2C53065%2C53070%2C53080%2C53084%2C53087-53088%2C53092%2C53095%2C53098%2C53116%2C53124%2C53143%2C53151%2C53158%2C53177%2C53181%2C53183%2C53185%2C53191-53192%2C53235%2C53237%2C53258%2C53262%2C53331%2C53338%2C53363-53365%2C53391%2C53394%2C53396%2C53423%2C53431-53434
r53437
  +dir_prop: branches/R-2-12-branch svn:mergeinfo /trunk:52930%2C52935%2C52937-52938%2C52944%2C52946%2C52950%2C52954-52955%2C52957-52958%2C52965%2C52979-52980%2C52988%2C52990%2C52992-52996%2C52998%2C53001-53002%2C53005%2C53027-53028%2C53030%2C53040%2C53047%2C53050%2C53054%2C53057%2C53062%2C53065%2C53070%2C53080%2C53084%2C53087-53088%2C53092%2C53095%2C53098%2C53116%2C53124%2C53143%2C53151%2C53158%2C53177%2C53181%2C53183%2C53185%2C53191-53192%2C53235%2C53237%2C53258%2C53262%2C53361%2C53364%2C53391%2C53396%2C53431-53434%2C53436
  +dir_prop: branches/R-2-12-branch/tests svn:mergeinfo /trunk/tests:52930%2C52935%2C52937-52938%2C52944%2C52946%2C52950%2C52954-52955%2C52957-52958%2C52965%2C52979-52980%2C52988%2C52990%2C52992-52996%2C52998%2C53001-53002%2C53005%2C53027-53028%2C53030%2C53040%2C53047%2C53050%2C53054%2C53057%2C53062%2C53065%2C53070%2C53080%2C53084%2C53087-53088%2C53092%2C53095%2C53098%2C53116%2C53124%2C53143%2C53151%2C53158%2C53177%2C53181%2C53183%2C53185%2C53191-53192%2C53235%2C53237%2C53258%2C53262%2C53331%2C53338%2C53363-53365%2C53391%2C53394%2C53396%2C53423%2C53431-53434%2C53436
r53440
r53441
r53442
r53444
  -dir_prop: branches/R-2-12-branch/tests svn:mergeinfo
r53448
r53449
r53451
r53452
r53455
r53457
r53458
r53462
r53466
r53468
r53471
r53473
r53477
  +dir_prop: branches/R-2-12-branch svn:mergeinfo /trunk:52930%2C52935%2C52937-52938%2C52944%2C52946%2C52950%2C52954-52955%2C52957-52958%2C52965%2C52979-52980%2C52988%2C52990%2C52992-52996%2C52998%2C53001-53002%2C53005%2C53027-53028%2C53030%2C53040%2C53047%2C53050%2C53054%2C53057%2C53062%2C53065%2C53070%2C53080%2C53084%2C53087-53088%2C53092%2C53095%2C53098%2C53116%2C53124%2C53143%2C53151%2C53158%2C53177%2C53181%2C53183%2C53185%2C53191-53192%2C53235%2C53237%2C53258%2C53262%2C53361%2C53364%2C53391%2C53396%2C53431-53434%2C53436%2C53476
r53479
  +dir_prop: branches/R-2-12-branch svn:mergeinfo /trunk:52930%2C52935%2C52937-52938%2C52944%2C52946%2C52950%2C52954-52955%2C52957-52958%2C52965%2C52979-52980%2C52988%2C52990%2C52992-52996%2C52998%2C53001-53002%2C53005%2C53027-53028%2C53030%2C53040%2C53047%2C53050%2C53054%2C53057%2C53062%2C53065%2C53070%2C53080%2C53084%2C53087-53088%2C53092%2C53095%2C53098%2C53116%2C53124%2C53143%2C53151%2C53158%2C53177%2C53181%2C53183%2C53185%2C53191-53192%2C53235%2C53237%2C53258%2C53262%2C53361%2C53364%2C53391%2C53396%2C53431-53434%2C53436%2C53476%2C53478
r53481
r53483
r53486
r53488
  +dir_prop: branches/R-2-12-branch svn:mergeinfo /trunk:52930%2C52935%2C52937-52938%2C52944%2C52946%2C52950%2C52954-52955%2C52957-52958%2C52965%2C52979-52980%2C52988%2C52990%2C52992-52996%2C52998%2C53001-53002%2C53005%2C53027-53028%2C53030%2C53040%2C53047%2C53050%2C53054%2C53057%2C53062%2C53065%2C53070%2C53080%2C53084%2C53087-53088%2C53092%2C53095%2C53098%2C53116%2C53124%2C53143%2C53151%2C53158%2C53177%2C53181%2C53183%2C53185%2C53191-53192%2C53235%2C53237%2C53258%2C53262%2C53361%2C53364%2C53391%2C53396%2C53431-53434%2C53436%2C53476%2C53478%2C53487
r53490
r53491
r53495
r53498
r53500
r53501
r53503
r53505
  +dir_prop: branches/R-2-12-branch svn:mergeinfo /trunk:52930%2C52935%2C52937-52938%2C52944%2C52946%2C52950%2C52954-52955%2C52957-52958%2C52965%2C52979-52980%2C52988%2C52990%2C52992-52996%2C52998%2C53001-53002%2C53005%2C53027-53028%2C53030%2C53040%2C53047%2C53050%2C53054%2C53057%2C53062%2C53065%2C53070%2C53080%2C53084%2C53087-53088%2C53092%2C53095%2C53098%2C53116%2C53124%2C53143%2C53151%2C53158%2C53177%2C53181%2C53183%2C53185%2C53191-53192%2C53235%2C53237%2C53258%2C53262%2C53361%2C53364%2C53391%2C53396%2C53431-53434%2C53436%2C53476%2C53478%2C53487%2C53504
r53507
  +dir_prop: branches/R-2-12-branch svn:mergeinfo /trunk:52930%2C52935%2C52937-52938%2C52944%2C52946%2C52950%2C52954-52955%2C52957-52958%2C52965%2C52979-52980%2C52988%2C52990%2C52992-52996%2C52998%2C53001-53002%2C53005%2C53027-53028%2C53030%2C53040%2C53047%2C53050%2C53054%2C53057%2C53062%2C53065%2C53070%2C53080%2C53084%2C53087-53088%2C53092%2C53095%2C53098%2C53116%2C53124%2C53143%2C53151%2C53158%2C53177%2C53181%2C53183%2C53185%2C53191-53192%2C53235%2C53237%2C53258%2C53262%2C53361%2C53364%2C53391%2C53396%2C53431-53434%2C53436%2C53476%2C53478%2C53487%2C53504%2C53506
r53511
r53513
  +dir_prop: branches/R-2-12-branch svn:mergeinfo /trunk:52930%2C52935%2C52937-52938%2C52944%2C52946%2C52950%2C52954-52955%2C52957-52958%2C52965%2C52979-52980%2C52988%2C52990%2C52992-52996%2C52998%2C53001-53002%2C53005%2C53027-53028%2C53030%2C53040%2C53047%2C53050%2C53054%2C53057%2C53062%2C53065%2C53070%2C53080%2C53084%2C53087-53088%2C53092%2C53095%2C53098%2C53116%2C53124%2C53143%2C53151%2C53158%2C53177%2C53181%2C53183%2C53185%2C53191-53192%2C53235%2C53237%2C53258%2C53262%2C53361%2C53364%2C53391%2C53396%2C53431-53434%2C53436%2C53476%2C53478%2C53487%2C53504%2C53506%2C53512
r53517
r53519
  +dir_prop: branches/R-2-12-branch svn:mergeinfo /trunk:52930%2C52935%2C52937-52938%2C52944%2C52946%2C52950%2C52954-52955%2C52957-52958%2C52965%2C52979-52980%2C52988%2C52990%2C52992-52996%2C52998%2C53001-53002%2C53005%2C53027-53028%2C53030%2C53040%2C53047%2C53050%2C53054%2C53057%2C53062%2C53065%2C53070%2C53080%2C53084%2C53087-53088%2C53092%2C53095%2C53098%2C53116%2C53124%2C53143%2C53151%2C53158%2C53177%2C53181%2C53183%2C53185%2C53191-53192%2C53235%2C53237%2C53258%2C53262%2C53361%2C53364%2C53391%2C53396%2C53431-53434%2C53436%2C53476%2C53478%2C53487%2C53504%2C53506%2C53512%2C53518
r53525
  +dir_prop: branches/R-2-12-branch svn:mergeinfo /trunk:52930%2C52935%2C52937-52938%2C52944%2C52946%2C52950%2C52954-52955%2C52957-52958%2C52965%2C52979-52980%2C52988%2C52990%2C52992-52996%2C52998%2C53001-53002%2C53005%2C53027-53028%2C53030%2C53040%2C53047%2C53050%2C53054%2C53057%2C53062%2C53065%2C53070%2C53080%2C53084%2C53087-53088%2C53092%2C53095%2C53098%2C53116%2C53124%2C53143%2C53151%2C53158%2C53177%2C53181%2C53183%2C53185%2C53191-53192%2C53235%2C53237%2C53258%2C53262%2C53361%2C53364%2C53391%2C53396%2C53431-53434%2C53436%2C53476%2C53478%2C53487%2C53504%2C53506%2C53512%2C53518%2C53524
r53529
  +dir_prop: branches/R-2-12-branch svn:mergeinfo /trunk:52930%2C52935%2C52937-52938%2C52944%2C52946%2C52950%2C52954-52955%2C52957-52958%2C52965%2C52979-52980%2C52988%2C52990%2C52992-52996%2C52998%2C53001-53002%2C53005%2C53027-53028%2C53030%2C53040%2C53047%2C53050%2C53054%2C53057%2C53062%2C53065%2C53070%2C53080%2C53084%2C53087-53088%2C53092%2C53095%2C53098%2C53116%2C53124%2C53143%2C53151%2C53158%2C53177%2C53181%2C53183%2C53185%2C53191-53192%2C53235%2C53237%2C53258%2C53262%2C53361%2C53364%2C53391%2C53396%2C53431-53434%2C53436%2C53476%2C53478%2C53487%2C53504%2C53506%2C53512%2C53518%2C53524%2C53528
r53530
r53533
r53537
r53539
r53540
  -empty_dir: branches/R-2-12-branch/src/extra/xz/api/lzma/subblock.h
  -empty_dir: branches/R-2-12-branch/src/extra/xz/common/bswap.h
  -empty_dir: branches/R-2-12-branch/src/extra/xz/common/integer.h
  -empty_dir: branches/R-2-12-branch/src/extra/xz/subblock
r53542
r53545
r53547
r53551
r53553
r53554
r53557
r53559
  +dir_prop: branches/R-2-12-branch svn:mergeinfo /trunk:52930%2C52935%2C52937-52938%2C52944%2C52946%2C52950%2C52954-52955%2C52957-52958%2C52965%2C52979-52980%2C52988%2C52990%2C52992-52996%2C52998%2C53001-53002%2C53005%2C53027-53028%2C53030%2C53040%2C53047%2C53050%2C53054%2C53057%2C53062%2C53065%2C53070%2C53080%2C53084%2C53087-53088%2C53092%2C53095%2C53098%2C53116%2C53124%2C53143%2C53151%2C53158%2C53177%2C53181%2C53183%2C53185%2C53191-53192%2C53235%2C53237%2C53258%2C53262%2C53361%2C53364%2C53391%2C53396%2C53431-53434%2C53436%2C53476%2C53478%2C53487%2C53504%2C53506%2C53512%2C53518%2C53524%2C53528%2C53558
r53562
r53563
r53565
r53568
r53571
r53574
r53577
r53580
r53583
r53585
r53587
r53590
r53593
r53597
r53600
r53603
r53606
r53610
r53613
r53616
r53618
r53620
r53623
  +dir_prop: branches/R-2-12-branch svn:mergeinfo /trunk:52930%2C52935%2C52937-52938%2C52944%2C52946%2C52950%2C52954-52955%2C52957-52958%2C52965%2C52979-52980%2C52988%2C52990%2C52992-52996%2C52998%2C53001-53002%2C53005%2C53027-53028%2C53030%2C53040%2C53047%2C53050%2C53054%2C53057%2C53062%2C53065%2C53070%2C53080%2C53084%2C53087-53088%2C53092%2C53095%2C53098%2C53116%2C53124%2C53143%2C53151%2C53158%2C53177%2C53181%2C53183%2C53185%2C53191-53192%2C53235%2C53237%2C53258%2C53262%2C53361%2C53364%2C53391%2C53396%2C53431-53434%2C53436%2C53476%2C53478%2C53487%2C53504%2C53506%2C53512%2C53518%2C53524%2C53528%2C53558%2C53622
r53625
  +dir_prop: branches/R-2-12-branch svn:mergeinfo /trunk:52930%2C52935%2C52937-52938%2C52944%2C52946%2C52950%2C52954-52955%2C52957-52958%2C52965%2C52979-52980%2C52988%2C52990%2C52992-52996%2C52998%2C53001-53002%2C53005%2C53027-53028%2C53030%2C53040%2C53047%2C53050%2C53054%2C53057%2C53062%2C53065%2C53070%2C53080%2C53084%2C53087-53088%2C53092%2C53095%2C53098%2C53116%2C53124%2C53143%2C53151%2C53158%2C53177%2C53181%2C53183%2C53185%2C53191-53192%2C53235%2C53237%2C53258%2C53262%2C53361%2C53364%2C53391%2C53396%2C53431-53434%2C53436%2C53476%2C53478%2C53487%2C53504%2C53506%2C53512%2C53518%2C53524%2C53528%2C53558%2C53622%2C53624
r53628
r53631
r53635
r53636
  +dir_prop: branches/R-2-12-branch svn:mergeinfo /trunk:52930%2C52935%2C52937-52938%2C52944%2C52946%2C52950%2C52954-52955%2C52957-52958%2C52965%2C52979-52980%2C52988%2C52990%2C52992-52996%2C52998%2C53001-53002%2C53005%2C53027-53028%2C53030%2C53040%2C53047%2C53050%2C53054%2C53057%2C53062%2C53065%2C53070%2C53080%2C53084%2C53087-53088%2C53092%2C53095%2C53098%2C53116%2C53124%2C53143%2C53151%2C53158%2C53177%2C53181%2C53183%2C53185%2C53191-53192%2C53235%2C53237%2C53258%2C53262%2C53361%2C53364%2C53391%2C53396%2C53431-53434%2C53436%2C53476%2C53478%2C53487%2C53504%2C53506%2C53512%2C53518%2C53524%2C53528%2C53535%2C53558%2C53622%2C53624%2C53629%2C53632-53633
r53638
r53640
r53642
r53647
r53652
r53654
r53658
r53661
r53663
r53665
r53667
r53670
r53672
r53675
r53678
r53680
r53682
r53683
r53687
r53688
r53690
r53692
r53694
r53695
r53699
r53702
r53704
r53707
r53709
r53713
r53715
r53717
r53719
r53721
r53725
r53727
r53734
  +dir_prop: branches/R-2-12-branch svn:mergeinfo /trunk:52930%2C52935%2C52937-52938%2C52944%2C52946%2C52950%2C52954-52955%2C52957-52958%2C52965%2C52979-52980%2C52988%2C52990%2C52992-52996%2C52998%2C53001-53002%2C53005%2C53027-53028%2C53030%2C53040%2C53047%2C53050%2C53054%2C53057%2C53062%2C53065%2C53070%2C53080%2C53084%2C53087-53088%2C53092%2C53095%2C53098%2C53116%2C53124%2C53143%2C53151%2C53158%2C53177%2C53181%2C53183%2C53185%2C53191-53192%2C53235%2C53237%2C53258%2C53262%2C53361%2C53364%2C53391%2C53396%2C53431-53434%2C53436%2C53476%2C53478%2C53487%2C53504%2C53506%2C53512%2C53518%2C53524%2C53528%2C53535%2C53558%2C53622%2C53624%2C53629%2C53632-53633%2C53730-53733
r53737
  +dir_prop: branches/R-2-12-branch svn:mergeinfo /trunk:52930%2C52935%2C52937-52938%2C52944%2C52946%2C52950%2C52954-52955%2C52957-52958%2C52965%2C52979-52980%2C52988%2C52990%2C52992-52996%2C52998%2C53001-53002%2C53005%2C53027-53028%2C53030%2C53040%2C53047%2C53050%2C53054%2C53057%2C53062%2C53065%2C53070%2C53080%2C53084%2C53087-53088%2C53092%2C53095%2C53098%2C53116%2C53124%2C53143%2C53151%2C53158%2C53177%2C53181%2C53183%2C53185%2C53191-53192%2C53235%2C53237%2C53258%2C53262%2C53361%2C53364%2C53391%2C53396%2C53431-53434%2C53436%2C53476%2C53478%2C53487%2C53504%2C53506%2C53512%2C53518%2C53524%2C53528%2C53535%2C53558%2C53622%2C53624%2C53629%2C53632-53633%2C53730-53733%2C53736
r53741
r53747
r53753
r53759
r53778
r53780
r53791
  +dir_prop: branches/R-2-12-branch svn:mergeinfo /trunk:52930%2C52935%2C52937-52938%2C52944%2C52946%2C52950%2C52954-52955%2C52957-52958%2C52965%2C52979-52980%2C52988%2C52990%2C52992-52996%2C52998%2C53001-53002%2C53005%2C53027-53028%2C53030%2C53040%2C53047%2C53050%2C53054%2C53057%2C53062%2C53065%2C53070%2C53080%2C53084%2C53087-53088%2C53092%2C53095%2C53098%2C53116%2C53124%2C53143%2C53151%2C53158%2C53177%2C53181%2C53183%2C53185%2C53191-53192%2C53235%2C53237%2C53258%2C53262%2C53361%2C53364%2C53391%2C53396%2C53431-53434%2C53436%2C53476%2C53478%2C53487%2C53504%2C53506%2C53512%2C53518%2C53524%2C53528%2C53535%2C53558%2C53622%2C53624%2C53629%2C53632-53633%2C53730-53733%2C53736%2C53790
r53795
r53797
r53798
r53801
r53802
r53804
r53809
r53810
r53812
r53813
r53817
r53822
r53827
r53829
r53833
r53837
r53842
r53850
r53851
  +dir_prop: branches/R-2-12-branch svn:mergeinfo /trunk:52930%2C52935%2C52937-52938%2C52944%2C52946%2C52950%2C52954-52955%2C52957-52958%2C52965%2C52979-52980%2C52988%2C52990%2C52992-52996%2C52998%2C53001-53002%2C53005%2C53027-53028%2C53030%2C53040%2C53047%2C53050%2C53054%2C53057%2C53062%2C53065%2C53070%2C53080%2C53084%2C53087-53088%2C53092%2C53095%2C53098%2C53116%2C53124%2C53143%2C53151%2C53158%2C53177%2C53181%2C53183%2C53185%2C53191-53192%2C53235%2C53237%2C53258%2C53262%2C53361%2C53364%2C53391%2C53396%2C53431-53434%2C53436%2C53476%2C53478%2C53487%2C53504%2C53506%2C53512%2C53518%2C53524%2C53528%2C53535%2C53558%2C53622%2C53624%2C53629%2C53632-53633%2C53730-53733%2C53736%2C53790%2C53844
r53855
r53857
r53862
  +dir_prop: branches/R-2-12-branch svn:mergeinfo /trunk:52930%2C52935%2C52937-52938%2C52944%2C52946%2C52950%2C52954-52955%2C52957-52958%2C52965%2C52979-52980%2C52988%2C52990%2C52992-52996%2C52998%2C53001-53002%2C53005%2C53027-53028%2C53030%2C53040%2C53047%2C53050%2C53054%2C53057%2C53062%2C53065%2C53070%2C53080%2C53084%2C53087-53088%2C53092%2C53095%2C53098%2C53116%2C53124%2C53143%2C53151%2C53158%2C53177%2C53181%2C53183%2C53185%2C53191-53192%2C53235%2C53237%2C53258%2C53262%2C53361%2C53364%2C53391%2C53396%2C53431-53434%2C53436%2C53476%2C53478%2C53487%2C53504%2C53506%2C53512%2C53518%2C53524%2C53528%2C53535%2C53558%2C53622%2C53624%2C53629%2C53632-53633%2C53730-53733%2C53736%2C53790%2C53844%2C53861
r53864
  +dir_prop: branches/R-2-12-branch svn:mergeinfo /trunk:52930%2C52935%2C52937-52938%2C52944%2C52946%2C52950%2C52954-52955%2C52957-52958%2C52965%2C52979-52980%2C52988%2C52990%2C52992-52996%2C52998%2C53001-53002%2C53005%2C53027-53028%2C53030%2C53040%2C53047%2C53050%2C53054%2C53057%2C53062%2C53065%2C53070%2C53080%2C53084%2C53087-53088%2C53092%2C53095%2C53098%2C53116%2C53124%2C53143%2C53151%2C53158%2C53177%2C53181%2C53183%2C53185%2C53191-53192%2C53235%2C53237%2C53258%2C53262%2C53361%2C53364%2C53391%2C53396%2C53431-53434%2C53436%2C53476%2C53478%2C53487%2C53504%2C53506%2C53512%2C53518%2C53524%2C53528%2C53535%2C53558%2C53622%2C53624%2C53629%2C53632-53633%2C53730-53733%2C53736%2C53790%2C53844%2C53861%2C53863
r53865
r53867
r53869
r53873
r53877
r53878
r53881
r53890
r53898
r53903
  +file_prop: branches/R-2-12-branch/src/library/grDevices/inst/po/pt_BR/LC_MESSAGES/R-grDevices.mo svn:mime-type application/octet-stream
  +file_prop: branches/R-2-12-branch/src/library/grDevices/inst/po/pt_BR/LC_MESSAGES/grDevices.mo svn:mime-type application/octet-stream
  +file_prop: branches/R-2-12-branch/src/library/graphics/inst/po/pt_BR/LC_MESSAGES/R-graphics.mo svn:mime-type application/octet-stream
  +file_prop: branches/R-2-12-branch/src/library/grid/inst/po/pt_BR/LC_MESSAGES/R-grid.mo svn:mime-type application/octet-stream
  +file_prop: branches/R-2-12-branch/src/library/tcltk/inst/po/pt_BR/LC_MESSAGES/tcltk.mo svn:mime-type application/octet-stream
  +file_prop: branches/R-2-12-branch/src/library/tools/inst/po/pt_BR/LC_MESSAGES/R-tools.mo svn:mime-type application/octet-stream
  +file_prop: branches/R-2-12-branch/src/library/utils/inst/po/pt_BR/LC_MESSAGES/R-utils.mo svn:mime-type application/octet-stream
r53906
r53911
r53912
r53918
r53922
r53939
  +dir_prop: branches/R-2-12-branch svn:mergeinfo /trunk:52930%2C52935%2C52937-52938%2C52944%2C52946%2C52950%2C52954-52955%2C52957-52958%2C52965%2C52979-52980%2C52988%2C52990%2C52992-52996%2C52998%2C53001-53002%2C53005%2C53027-53028%2C53030%2C53040%2C53047%2C53050%2C53054%2C53057%2C53062%2C53065%2C53070%2C53080%2C53084%2C53087-53088%2C53092%2C53095%2C53098%2C53116%2C53124%2C53143%2C53151%2C53158%2C53177%2C53181%2C53183%2C53185%2C53191-53192%2C53235%2C53237%2C53258%2C53262%2C53361%2C53364%2C53391%2C53396%2C53431-53434%2C53436%2C53476%2C53478%2C53487%2C53504%2C53506%2C53512%2C53518%2C53524%2C53528%2C53535%2C53558%2C53622%2C53624%2C53629%2C53632-53633%2C53730-53733%2C53736%2C53790%2C53844%2C53861%2C53863%2C53938
r53948
r53955
r53957
r53961
r53965
r53970
r53972
r53974
r53981
r53998
r54001
r54003
r54013
r54026
r54041
r54044
r54045
r54047
r54052
r54058
r54059
r54062
r54070
r54085
r54087
r54100
r54104
r54107
r54111
r54115
r54119
r54122
  +dir_prop: branches/R-2-12-branch svn:mergeinfo /trunk:52930%2C52935%2C52937-52938%2C52944%2C52946%2C52950%2C52954-52955%2C52957-52958%2C52965%2C52979-52980%2C52988%2C52990%2C52992-52996%2C52998%2C53001-53002%2C53005%2C53027-53028%2C53030%2C53040%2C53047%2C53050%2C53054%2C53057%2C53062%2C53065%2C53070%2C53080%2C53084%2C53087-53088%2C53092%2C53095%2C53098%2C53116%2C53124%2C53143%2C53151%2C53158%2C53177%2C53181%2C53183%2C53185%2C53191-53192%2C53235%2C53237%2C53258%2C53262%2C53361%2C53364%2C53391%2C53396%2C53431-53434%2C53436%2C53476%2C53478%2C53487%2C53504%2C53506%2C53512%2C53518%2C53524%2C53528%2C53535%2C53558%2C53622%2C53624%2C53629%2C53632-53633%2C53730-53733%2C53736%2C53790%2C53844%2C53861%2C53863%2C53938%2C54120
r54125
r54127
r54129
r54131
r54134
  +dir_prop: branches/R-2-12-branch svn:mergeinfo /trunk:52930%2C52935%2C52937-52938%2C52944%2C52946%2C52950%2C52954-52955%2C52957-52958%2C52965%2C52979-52980%2C52988%2C52990%2C52992-52996%2C52998%2C53001-53002%2C53005%2C53027-53028%2C53030%2C53040%2C53047%2C53050%2C53054%2C53057%2C53062%2C53065%2C53070%2C53080%2C53084%2C53087-53088%2C53092%2C53095%2C53098%2C53116%2C53124%2C53143%2C53151%2C53158%2C53177%2C53181%2C53183%2C53185%2C53191-53192%2C53235%2C53237%2C53258%2C53262%2C53361%2C53364%2C53391%2C53396%2C53431-53434%2C53436%2C53476%2C53478%2C53487%2C53504%2C53506%2C53512%2C53518%2C53524%2C53528%2C53535%2C53558%2C53622%2C53624%2C53629%2C53632-53633%2C53730-53733%2C53736%2C53790%2C53844%2C53861%2C53863%2C53938%2C54120%2C54133
r54137
r54141
  +dir_prop: branches/R-2-12-branch svn:mergeinfo /trunk:52930%2C52935%2C52937-52938%2C52944%2C52946%2C52950%2C52954-52955%2C52957-52958%2C52965%2C52979-52980%2C52988%2C52990%2C52992-52996%2C52998%2C53001-53002%2C53005%2C53027-53028%2C53030%2C53040%2C53047%2C53050%2C53054%2C53057%2C53062%2C53065%2C53070%2C53080%2C53084%2C53087-53088%2C53092%2C53095%2C53098%2C53116%2C53124%2C53143%2C53151%2C53158%2C53177%2C53181%2C53183%2C53185%2C53191-53192%2C53235%2C53237%2C53258%2C53262%2C53361%2C53364%2C53391%2C53396%2C53431-53434%2C53436%2C53476%2C53478%2C53487%2C53504%2C53506%2C53512%2C53518%2C53524%2C53528%2C53535%2C53558%2C53622%2C53624%2C53629%2C53632-53633%2C53730-53733%2C53736%2C53790%2C53844%2C53861%2C53863%2C53938%2C54120%2C54133%2C54140
r54146
r54151
r54153
r54159
r54161
r54168
r54172
r54173
r54176
r54181
r54184
r54186
  +dir_prop: branches/R-2-12-branch svn:mergeinfo /trunk:52930%2C52935%2C52937-52938%2C52944%2C52946%2C52950%2C52954-52955%2C52957-52958%2C52965%2C52979-52980%2C52988%2C52990%2C52992-52996%2C52998%2C53001-53002%2C53005%2C53027-53028%2C53030%2C53040%2C53047%2C53050%2C53054%2C53057%2C53062%2C53065%2C53070%2C53080%2C53084%2C53087-53088%2C53092%2C53095%2C53098%2C53116%2C53124%2C53143%2C53151%2C53158%2C53177%2C53181%2C53183%2C53185%2C53191-53192%2C53235%2C53237%2C53258%2C53262%2C53361%2C53364%2C53391%2C53396%2C53431-53434%2C53436%2C53476%2C53478%2C53487%2C53504%2C53506%2C53512%2C53518%2C53524%2C53528%2C53535%2C53558%2C53622%2C53624%2C53629%2C53632-53633%2C53730-53733%2C53736%2C53790%2C53844%2C53861%2C53863%2C53938%2C54120%2C54133%2C54140%2C54185
r54187
r54189
r54191
r54193
  +dir_prop: branches/R-2-12-branch svn:mergeinfo /trunk:52930%2C52935%2C52937-52938%2C52944%2C52946%2C52950%2C52954-52955%2C52957-52958%2C52965%2C52979-52980%2C52988%2C52990%2C52992-52996%2C52998%2C53001-53002%2C53005%2C53027-53028%2C53030%2C53040%2C53047%2C53050%2C53054%2C53057%2C53062%2C53065%2C53070%2C53080%2C53084%2C53087-53088%2C53092%2C53095%2C53098%2C53116%2C53124%2C53143%2C53151%2C53158%2C53177%2C53181%2C53183%2C53185%2C53191-53192%2C53235%2C53237%2C53258%2C53262%2C53361%2C53364%2C53391%2C53396%2C53431-53434%2C53436%2C53476%2C53478%2C53487%2C53504%2C53506%2C53512%2C53518%2C53524%2C53528%2C53535%2C53558%2C53622%2C53624%2C53629%2C53632-53633%2C53730-53733%2C53736%2C53790%2C53844%2C53861%2C53863%2C53938%2C54120%2C54133%2C54140%2C54185%2C54192
r54199
  +dir_prop: branches/R-2-12-branch svn:mergeinfo /trunk:52930%2C52935%2C52937-52938%2C52944%2C52946%2C52950%2C52954-52955%2C52957-52958%2C52965%2C52979-52980%2C52988%2C52990%2C52992-52996%2C52998%2C53001-53002%2C53005%2C53027-53028%2C53030%2C53040%2C53047%2C53050%2C53054%2C53057%2C53062%2C53065%2C53070%2C53080%2C53084%2C53087-53088%2C53092%2C53095%2C53098%2C53116%2C53124%2C53143%2C53151%2C53158%2C53177%2C53181%2C53183%2C53185%2C53191-53192%2C53235%2C53237%2C53258%2C53262%2C53361%2C53364%2C53391%2C53396%2C53431-53434%2C53436%2C53476%2C53478%2C53487%2C53504%2C53506%2C53512%2C53518%2C53524%2C53528%2C53535%2C53558%2C53622%2C53624%2C53629%2C53632-53633%2C53730-53733%2C53736%2C53790%2C53844%2C53861%2C53863%2C53938%2C54120%2C54133%2C54140%2C54185%2C54192%2C54198
r54201
  +dir_prop: branches/R-2-12-branch svn:mergeinfo /trunk:52930%2C52935%2C52937-52938%2C52944%2C52946%2C52950%2C52954-52955%2C52957-52958%2C52965%2C52979-52980%2C52988%2C52990%2C52992-52996%2C52998%2C53001-53002%2C53005%2C53027-53028%2C53030%2C53040%2C53047%2C53050%2C53054%2C53057%2C53062%2C53065%2C53070%2C53080%2C53084%2C53087-53088%2C53092%2C53095%2C53098%2C53116%2C53124%2C53143%2C53151%2C53158%2C53177%2C53181%2C53183%2C53185%2C53191-53192%2C53235%2C53237%2C53258%2C53262%2C53361%2C53364%2C53391%2C53396%2C53431-53434%2C53436%2C53476%2C53478%2C53487%2C53504%2C53506%2C53512%2C53518%2C53524%2C53528%2C53535%2C53558%2C53622%2C53624%2C53629%2C53632-53633%2C53730-53733%2C53736%2C53790%2C53844%2C53861%2C53863%2C53938%2C54120%2C54133%2C54140%2C54185%2C54192%2C54198%2C54200
r54203
  +dir_prop: branches/R-2-12-branch svn:mergeinfo /trunk:52930%2C52935%2C52937-52938%2C52944%2C52946%2C52950%2C52954-52955%2C52957-52958%2C52965%2C52979-52980%2C52988%2C52990%2C52992-52996%2C52998%2C53001-53002%2C53005%2C53027-53028%2C53030%2C53040%2C53047%2C53050%2C53054%2C53057%2C53062%2C53065%2C53070%2C53080%2C53084%2C53087-53088%2C53092%2C53095%2C53098%2C53116%2C53124%2C53143%2C53151%2C53158%2C53177%2C53181%2C53183%2C53185%2C53191-53192%2C53235%2C53237%2C53258%2C53262%2C53361%2C53364%2C53391%2C53396%2C53431-53434%2C53436%2C53476%2C53478%2C53487%2C53504%2C53506%2C53512%2C53518%2C53524%2C53528%2C53535%2C53558%2C53622%2C53624%2C53629%2C53632-53633%2C53730-53733%2C53736%2C53790%2C53844%2C53861%2C53863%2C53938%2C54120%2C54133%2C54140%2C54185%2C54192%2C54198%2C54200%2C54202
r54205
r54209
r54211
  +dir_prop: branches/R-2-12-branch svn:mergeinfo /trunk:52930%2C52935%2C52937-52938%2C52944%2C52946%2C52950%2C52954-52955%2C52957-52958%2C52965%2C52979-52980%2C52988%2C52990%2C52992-52996%2C52998%2C53001-53002%2C53005%2C53027-53028%2C53030%2C53040%2C53047%2C53050%2C53054%2C53057%2C53062%2C53065%2C53070%2C53080%2C53084%2C53087-53088%2C53092%2C53095%2C53098%2C53116%2C53124%2C53143%2C53151%2C53158%2C53177%2C53181%2C53183%2C53185%2C53191-53192%2C53235%2C53237%2C53258%2C53262%2C53361%2C53364%2C53391%2C53396%2C53431-53434%2C53436%2C53476%2C53478%2C53487%2C53504%2C53506%2C53512%2C53518%2C53524%2C53528%2C53535%2C53558%2C53622%2C53624%2C53629%2C53632-53633%2C53730-53733%2C53736%2C53790%2C53844%2C53861%2C53863%2C53938%2C54120%2C54133%2C54140%2C54185%2C54192%2C54198%2C54200%2C54202%2C54210
r54212
r54231
  +dir_prop: branches/R-2-12-branch svn:mergeinfo /trunk:52930%2C52935%2C52937-52938%2C52944%2C52946%2C52950%2C52954-52955%2C52957-52958%2C52965%2C52979-52980%2C52988%2C52990%2C52992-52996%2C52998%2C53001-53002%2C53005%2C53027-53028%2C53030%2C53040%2C53047%2C53050%2C53054%2C53057%2C53062%2C53065%2C53070%2C53080%2C53084%2C53087-53088%2C53092%2C53095%2C53098%2C53116%2C53124%2C53143%2C53151%2C53158%2C53177%2C53181%2C53183%2C53185%2C53191-53192%2C53235%2C53237%2C53258%2C53262%2C53361%2C53364%2C53391%2C53396%2C53431-53434%2C53436%2C53476%2C53478%2C53487%2C53504%2C53506%2C53512%2C53518%2C53524%2C53528%2C53535%2C53558%2C53622%2C53624%2C53629%2C53632-53633%2C53730-53733%2C53736%2C53790%2C53844%2C53861%2C53863%2C53938%2C54120%2C54133%2C54140%2C54185%2C54192%2C54198%2C54200%2C54202%2C54210%2C54230
r54235
  +dir_prop: branches/R-2-12-branch svn:mergeinfo /trunk:52930%2C52935%2C52937-52938%2C52944%2C52946%2C52950%2C52954-52955%2C52957-52958%2C52965%2C52979-52980%2C52988%2C52990%2C52992-52996%2C52998%2C53001-53002%2C53005%2C53027-53028%2C53030%2C53040%2C53047%2C53050%2C53054%2C53057%2C53062%2C53065%2C53070%2C53080%2C53084%2C53087-53088%2C53092%2C53095%2C53098%2C53116%2C53124%2C53143%2C53151%2C53158%2C53177%2C53181%2C53183%2C53185%2C53191-53192%2C53235%2C53237%2C53258%2C53262%2C53361%2C53364%2C53391%2C53396%2C53431-53434%2C53436%2C53476%2C53478%2C53487%2C53504%2C53506%2C53512%2C53518%2C53524%2C53528%2C53535%2C53558%2C53622%2C53624%2C53629%2C53632-53633%2C53730-53733%2C53736%2C53790%2C53844%2C53861%2C53863%2C53938%2C54120%2C54133%2C54140%2C54185%2C54192%2C54198%2C54200%2C54202%2C54210%2C54230%2C54234
r54237
  +dir_prop: branches/R-2-12-branch svn:mergeinfo /trunk:52930%2C52935%2C52937-52938%2C52944%2C52946%2C52950%2C52954-52955%2C52957-52958%2C52965%2C52979-52980%2C52988%2C52990%2C52992-52996%2C52998%2C53001-53002%2C53005%2C53027-53028%2C53030%2C53040%2C53047%2C53050%2C53054%2C53057%2C53062%2C53065%2C53070%2C53080%2C53084%2C53087-53088%2C53092%2C53095%2C53098%2C53116%2C53124%2C53143%2C53151%2C53158%2C53177%2C53181%2C53183%2C53185%2C53191-53192%2C53235%2C53237%2C53258%2C53262%2C53361%2C53364%2C53391%2C53396%2C53431-53434%2C53436%2C53476%2C53478%2C53487%2C53504%2C53506%2C53512%2C53518%2C53524%2C53528%2C53535%2C53558%2C53622%2C53624%2C53629%2C53632-53633%2C53730-53733%2C53736%2C53790%2C53844%2C53861%2C53863%2C53938%2C54120%2C54133%2C54140%2C54185%2C54192%2C54198%2C54200%2C54202%2C54210%2C54230%2C54234%2C54236
r54240
  +dir_prop: branches/R-2-12-branch svn:mergeinfo /trunk:52930%2C52935%2C52937-52938%2C52944%2C52946%2C52950%2C52954-52955%2C52957-52958%2C52965%2C52979-52980%2C52988%2C52990%2C52992-52996%2C52998%2C53001-53002%2C53005%2C53027-53028%2C53030%2C53040%2C53047%2C53050%2C53054%2C53057%2C53062%2C53065%2C53070%2C53080%2C53084%2C53087-53088%2C53092%2C53095%2C53098%2C53116%2C53124%2C53143%2C53151%2C53158%2C53177%2C53181%2C53183%2C53185%2C53191-53192%2C53235%2C53237%2C53258%2C53262%2C53361%2C53364%2C53391%2C53396%2C53431-53434%2C53436%2C53476%2C53478%2C53487%2C53504%2C53506%2C53512%2C53518%2C53524%2C53528%2C53535%2C53558%2C53622%2C53624%2C53629%2C53632-53633%2C53730-53733%2C53736%2C53790%2C53844%2C53861%2C53863%2C53938%2C54120%2C54133%2C54140%2C54185%2C54192%2C54198%2C54200%2C54202%2C54210%2C54230%2C54234%2C54236%2C54238-54239
r54246
  +dir_prop: branches/R-2-12-branch svn:mergeinfo /trunk:52930%2C52935%2C52937-52938%2C52944%2C52946%2C52950%2C52954-52955%2C52957-52958%2C52965%2C52979-52980%2C52988%2C52990%2C52992-52996%2C52998%2C53001-53002%2C53005%2C53027-53028%2C53030%2C53040%2C53047%2C53050%2C53054%2C53057%2C53062%2C53065%2C53070%2C53080%2C53084%2C53087-53088%2C53092%2C53095%2C53098%2C53116%2C53124%2C53143%2C53151%2C53158%2C53177%2C53181%2C53183%2C53185%2C53191-53192%2C53235%2C53237%2C53258%2C53262%2C53361%2C53364%2C53391%2C53396%2C53431-53434%2C53436%2C53476%2C53478%2C53487%2C53504%2C53506%2C53512%2C53518%2C53524%2C53528%2C53535%2C53558%2C53622%2C53624%2C53629%2C53632-53633%2C53730-53733%2C53736%2C53790%2C53844%2C53861%2C53863%2C53938%2C54120%2C54133%2C54140%2C54185%2C54192%2C54198%2C54200%2C54202%2C54210%2C54230%2C54234%2C54236%2C54238-54239%2C54245
r54254
r54261
  +dir_prop: branches/R-2-12-branch svn:mergeinfo /trunk:52930%2C52935%2C52937-52938%2C52944%2C52946%2C52950%2C52954-52955%2C52957-52958%2C52965%2C52979-52980%2C52988%2C52990%2C52992-52996%2C52998%2C53001-53002%2C53005%2C53027-53028%2C53030%2C53040%2C53047%2C53050%2C53054%2C53057%2C53062%2C53065%2C53070%2C53080%2C53084%2C53087-53088%2C53092%2C53095%2C53098%2C53116%2C53124%2C53143%2C53151%2C53158%2C53177%2C53181%2C53183%2C53185%2C53191-53192%2C53235%2C53237%2C53258%2C53262%2C53361%2C53364%2C53391%2C53396%2C53431-53434%2C53436%2C53476%2C53478%2C53487%2C53504%2C53506%2C53512%2C53518%2C53524%2C53528%2C53535%2C53558%2C53622%2C53624%2C53629%2C53632-53633%2C53730-53733%2C53736%2C53790%2C53844%2C53861%2C53863%2C53938%2C54120%2C54133%2C54140%2C54185%2C54192%2C54198%2C54200%2C54202%2C54210%2C54230%2C54234%2C54236%2C54238-54239%2C54245%2C54260
r54268
  +dir_prop: branches/R-2-12-branch svn:mergeinfo /trunk:52930%2C52935%2C52937-52938%2C52944%2C52946%2C52950%2C52954-52955%2C52957-52958%2C52965%2C52979-52980%2C52988%2C52990%2C52992-52996%2C52998%2C53001-53002%2C53005%2C53027-53028%2C53030%2C53040%2C53047%2C53050%2C53054%2C53057%2C53062%2C53065%2C53070%2C53080%2C53084%2C53087-53088%2C53092%2C53095%2C53098%2C53116%2C53124%2C53143%2C53151%2C53158%2C53177%2C53181%2C53183%2C53185%2C53191-53192%2C53235%2C53237%2C53258%2C53262%2C53361%2C53364%2C53391%2C53396%2C53431-53434%2C53436%2C53476%2C53478%2C53487%2C53504%2C53506%2C53512%2C53518%2C53524%2C53528%2C53535%2C53558%2C53622%2C53624%2C53629%2C53632-53633%2C53730-53733%2C53736%2C53790%2C53844%2C53861%2C53863%2C53938%2C54120%2C54133%2C54140%2C54185%2C54192%2C54198%2C54200%2C54202%2C54210%2C54230%2C54234%2C54236%2C54238-54239%2C54245%2C54260%2C54267
r54272
  +dir_prop: branches/R-2-12-branch svn:mergeinfo /trunk:52930%2C52935%2C52937-52938%2C52944%2C52946%2C52950%2C52954-52955%2C52957-52958%2C52965%2C52979-52980%2C52988%2C52990%2C52992-52996%2C52998%2C53001-53002%2C53005%2C53027-53028%2C53030%2C53040%2C53047%2C53050%2C53054%2C53057%2C53062%2C53065%2C53070%2C53080%2C53084%2C53087-53088%2C53092%2C53095%2C53098%2C53116%2C53124%2C53143%2C53151%2C53158%2C53177%2C53181%2C53183%2C53185%2C53191-53192%2C53235%2C53237%2C53258%2C53262%2C53361%2C53364%2C53391%2C53396%2C53431-53434%2C53436%2C53476%2C53478%2C53487%2C53504%2C53506%2C53512%2C53518%2C53524%2C53528%2C53535%2C53558%2C53622%2C53624%2C53629%2C53632-53633%2C53730-53733%2C53736%2C53790%2C53844%2C53861%2C53863%2C53938%2C54120%2C54133%2C54140%2C54185%2C54192%2C54198%2C54200%2C54202%2C54210%2C54230%2C54234%2C54236%2C54238-54239%2C54245%2C54260%2C54267%2C54271
r54284
  +dir_prop: branches/R-2-12-branch svn:mergeinfo /trunk:52930%2C52935%2C52937-52938%2C52944%2C52946%2C52950%2C52954-52955%2C52957-52958%2C52965%2C52979-52980%2C52988%2C52990%2C52992-52996%2C52998%2C53001-53002%2C53005%2C53027-53028%2C53030%2C53040%2C53047%2C53050%2C53054%2C53057%2C53062%2C53065%2C53070%2C53080%2C53084%2C53087-53088%2C53092%2C53095%2C53098%2C53116%2C53124%2C53143%2C53151%2C53158%2C53177%2C53181%2C53183%2C53185%2C53191-53192%2C53235%2C53237%2C53258%2C53262%2C53361%2C53364%2C53391%2C53396%2C53431-53434%2C53436%2C53476%2C53478%2C53487%2C53504%2C53506%2C53512%2C53518%2C53524%2C53528%2C53535%2C53558%2C53622%2C53624%2C53629%2C53632-53633%2C53730-53733%2C53736%2C53790%2C53844%2C53861%2C53863%2C53938%2C54120%2C54133%2C54140%2C54185%2C54192%2C54198%2C54200%2C54202%2C54210%2C54230%2C54234%2C54236%2C54238-54239%2C54245%2C54260%2C54267%2C54271%2C54283
r54288
  +dir_prop: branches/R-2-12-branch svn:mergeinfo /trunk:52930%2C52935%2C52937-52938%2C52944%2C52946%2C52950%2C52954-52955%2C52957-52958%2C52965%2C52979-52980%2C52988%2C52990%2C52992-52996%2C52998%2C53001-53002%2C53005%2C53027-53028%2C53030%2C53040%2C53047%2C53050%2C53054%2C53057%2C53062%2C53065%2C53070%2C53080%2C53084%2C53087-53088%2C53092%2C53095%2C53098%2C53116%2C53124%2C53143%2C53151%2C53158%2C53177%2C53181%2C53183%2C53185%2C53191-53192%2C53235%2C53237%2C53258%2C53262%2C53361%2C53364%2C53391%2C53396%2C53431-53434%2C53436%2C53476%2C53478%2C53487%2C53504%2C53506%2C53512%2C53518%2C53524%2C53528%2C53535%2C53558%2C53622%2C53624%2C53629%2C53632-53633%2C53730-53733%2C53736%2C53790%2C53844%2C53861%2C53863%2C53938%2C54120%2C54133%2C54140%2C54185%2C54192%2C54198%2C54200%2C54202%2C54210%2C54230%2C54234%2C54236%2C54238-54239%2C54245%2C54260%2C54267%2C54271%2C54283%2C54287
r54291
  +dir_prop: branches/R-2-12-branch svn:mergeinfo /trunk:52930%2C52935%2C52937-52938%2C52944%2C52946%2C52950%2C52954-52955%2C52957-52958%2C52965%2C52979-52980%2C52988%2C52990%2C52992-52996%2C52998%2C53001-53002%2C53005%2C53027-53028%2C53030%2C53040%2C53047%2C53050%2C53054%2C53057%2C53062%2C53065%2C53070%2C53080%2C53084%2C53087-53088%2C53092%2C53095%2C53098%2C53116%2C53124%2C53143%2C53151%2C53158%2C53177%2C53181%2C53183%2C53185%2C53191-53192%2C53235%2C53237%2C53258%2C53262%2C53361%2C53364%2C53391%2C53396%2C53431-53434%2C53436%2C53476%2C53478%2C53487%2C53504%2C53506%2C53512%2C53518%2C53524%2C53528%2C53535%2C53558%2C53622%2C53624%2C53629%2C53632-53633%2C53730-53733%2C53736%2C53790%2C53844%2C53861%2C53863%2C53938%2C54120%2C54133%2C54140%2C54185%2C54192%2C54198%2C54200%2C54202%2C54210%2C54230%2C54234%2C54236%2C54238-54239%2C54245%2C54260%2C54267%2C54271%2C54283%2C54287%2C54290
r54297
  +dir_prop: branches/R-2-12-branch svn:mergeinfo /trunk:52930%2C52935%2C52937-52938%2C52944%2C52946%2C52950%2C52954-52955%2C52957-52958%2C52965%2C52979-52980%2C52988%2C52990%2C52992-52996%2C52998%2C53001-53002%2C53005%2C53027-53028%2C53030%2C53040%2C53047%2C53050%2C53054%2C53057%2C53062%2C53065%2C53070%2C53080%2C53084%2C53087-53088%2C53092%2C53095%2C53098%2C53116%2C53124%2C53143%2C53151%2C53158%2C53177%2C53181%2C53183%2C53185%2C53191-53192%2C53235%2C53237%2C53258%2C53262%2C53361%2C53364%2C53391%2C53396%2C53431-53434%2C53436%2C53476%2C53478%2C53487%2C53504%2C53506%2C53512%2C53518%2C53524%2C53528%2C53535%2C53558%2C53622%2C53624%2C53629%2C53632-53633%2C53730-53733%2C53736%2C53790%2C53844%2C53861%2C53863%2C53938%2C54120%2C54133%2C54140%2C54185%2C54192%2C54198%2C54200%2C54202%2C54210%2C54230%2C54234%2C54236%2C54238-54239%2C54245%2C54260%2C54267%2C54271%2C54283%2C54287%2C54290%2C54296
r54300
  +dir_prop: branches/R-2-12-branch svn:mergeinfo /trunk:52930%2C52935%2C52937-52938%2C52944%2C52946%2C52950%2C52954-52955%2C52957-52958%2C52965%2C52979-52980%2C52988%2C52990%2C52992-52996%2C52998%2C53001-53002%2C53005%2C53027-53028%2C53030%2C53040%2C53047%2C53050%2C53054%2C53057%2C53062%2C53065%2C53070%2C53080%2C53084%2C53087-53088%2C53092%2C53095%2C53098%2C53116%2C53124%2C53143%2C53151%2C53158%2C53177%2C53181%2C53183%2C53185%2C53191-53192%2C53235%2C53237%2C53258%2C53262%2C53361%2C53364%2C53391%2C53396%2C53431-53434%2C53436%2C53476%2C53478%2C53487%2C53504%2C53506%2C53512%2C53518%2C53524%2C53528%2C53535%2C53558%2C53622%2C53624%2C53629%2C53632-53633%2C53730-53733%2C53736%2C53790%2C53844%2C53861%2C53863%2C53938%2C54120%2C54133%2C54140%2C54185%2C54192%2C54198%2C54200%2C54202%2C54210%2C54230%2C54234%2C54236%2C54238-54239%2C54245%2C54260%2C54267%2C54271%2C54283%2C54287%2C54290%2C54296%2C54299
r54303
  +dir_prop: branches/R-2-12-branch svn:mergeinfo /trunk:52930%2C52935%2C52937-52938%2C52944%2C52946%2C52950%2C52954-52955%2C52957-52958%2C52965%2C52979-52980%2C52988%2C52990%2C52992-52996%2C52998%2C53001-53002%2C53005%2C53027-53028%2C53030%2C53040%2C53047%2C53050%2C53054%2C53057%2C53062%2C53065%2C53070%2C53080%2C53084%2C53087-53088%2C53092%2C53095%2C53098%2C53116%2C53124%2C53143%2C53151%2C53158%2C53177%2C53181%2C53183%2C53185%2C53191-53192%2C53235%2C53237%2C53258%2C53262%2C53361%2C53364%2C53391%2C53396%2C53431-53434%2C53436%2C53476%2C53478%2C53487%2C53504%2C53506%2C53512%2C53518%2C53524%2C53528%2C53535%2C53558%2C53622%2C53624%2C53629%2C53632-53633%2C53730-53733%2C53736%2C53790%2C53844%2C53861%2C53863%2C53938%2C54120%2C54133%2C54140%2C54185%2C54192%2C54198%2C54200%2C54202%2C54210%2C54230%2C54234%2C54236%2C54238-54239%2C54245%2C54260%2C54267%2C54271%2C54283%2C54287%2C54290%2C54296%2C54299%2C54302
r54304
r54306
r54309
r54314
r54315
r54319
r54323
r54324
r54326
r54332
  +dir_prop: branches/R-2-12-branch svn:mergeinfo /trunk:52930%2C52935%2C52937-52938%2C52944%2C52946%2C52950%2C52954-52955%2C52957-52958%2C52965%2C52979-52980%2C52988%2C52990%2C52992-52996%2C52998%2C53001-53002%2C53005%2C53027-53028%2C53030%2C53040%2C53047%2C53050%2C53054%2C53057%2C53062%2C53065%2C53070%2C53080%2C53084%2C53087-53088%2C53092%2C53095%2C53098%2C53116%2C53124%2C53143%2C53151%2C53158%2C53177%2C53181%2C53183%2C53185%2C53191-53192%2C53235%2C53237%2C53258%2C53262%2C53361%2C53364%2C53391%2C53396%2C53431-53434%2C53436%2C53476%2C53478%2C53487%2C53504%2C53506%2C53512%2C53518%2C53524%2C53528%2C53535%2C53558%2C53622%2C53624%2C53629%2C53632-53633%2C53730-53733%2C53736%2C53790%2C53844%2C53861%2C53863%2C53938%2C54120%2C54133%2C54140%2C54185%2C54192%2C54198%2C54200%2C54202%2C54210%2C54230%2C54234%2C54236%2C54238-54239%2C54245%2C54260%2C54267%2C54271%2C54283%2C54287%2C54290%2C54296%2C54299%2C54302%2C54331
r54334
r54338
r54340
r54341
r54345
r54347
r54348
r54351
r54352
r54356
r54357
r54361
r54365
r54368
r54371
r54373
r54374
r54376
r54378
r54381
r54386
r54389
r54390
r54397
  +dir_prop: branches/R-2-12-branch svn:mergeinfo /trunk:52930%2C52935%2C52937-52938%2C52944%2C52946%2C52950%2C52954-52955%2C52957-52958%2C52965%2C52979-52980%2C52988%2C52990%2C52992-52996%2C52998%2C53001-53002%2C53005%2C53027-53028%2C53030%2C53040%2C53047%2C53050%2C53054%2C53057%2C53062%2C53065%2C53070%2C53080%2C53084%2C53087-53088%2C53092%2C53095%2C53098%2C53116%2C53124%2C53143%2C53151%2C53158%2C53177%2C53181%2C53183%2C53185%2C53191-53192%2C53235%2C53237%2C53258%2C53262%2C53361%2C53364%2C53391%2C53396%2C53431-53434%2C53436%2C53476%2C53478%2C53487%2C53504%2C53506%2C53512%2C53518%2C53524%2C53528%2C53535%2C53558%2C53622%2C53624%2C53629%2C53632-53633%2C53730-53733%2C53736%2C53790%2C53844%2C53861%2C53863%2C53938%2C54120%2C54133%2C54140%2C54185%2C54192%2C54198%2C54200%2C54202%2C54210%2C54230%2C54234%2C54236%2C54238-54239%2C54245%2C54260%2C54267%2C54271%2C54283%2C54287%2C54290%2C54296%2C54299%2C54302%2C54331%2C54396
r54400
r54404
  +dir_prop: branches/R-2-12-branch svn:mergeinfo /trunk:52930%2C52935%2C52937-52938%2C52944%2C52946%2C52950%2C52954-52955%2C52957-52958%2C52965%2C52979-52980%2C52988%2C52990%2C52992-52996%2C52998%2C53001-53002%2C53005%2C53027-53028%2C53030%2C53040%2C53047%2C53050%2C53054%2C53057%2C53062%2C53065%2C53070%2C53080%2C53084%2C53087-53088%2C53092%2C53095%2C53098%2C53116%2C53124%2C53143%2C53151%2C53158%2C53177%2C53181%2C53183%2C53185%2C53191-53192%2C53235%2C53237%2C53258%2C53262%2C53361%2C53364%2C53391%2C53396%2C53431-53434%2C53436%2C53476%2C53478%2C53487%2C53504%2C53506%2C53512%2C53518%2C53524%2C53528%2C53535%2C53558%2C53622%2C53624%2C53629%2C53632-53633%2C53730-53733%2C53736%2C53790%2C53844%2C53861%2C53863%2C53938%2C54120%2C54133%2C54140%2C54185%2C54192%2C54198%2C54200%2C54202%2C54210%2C54230%2C54234%2C54236%2C54238-54239%2C54245%2C54260%2C54267%2C54271%2C54283%2C54287%2C54290%2C54296%2C54299%2C54302%2C54331%2C54396%2C54403
r54407
r54409
r54412
r54416
r54418
r54423
r54424
r54430
r54439
r54440
r54442
r54446
r54449
r54451
r54453
  +dir_prop: branches/R-2-12-branch svn:mergeinfo /trunk:52930%2C52935%2C52937-52938%2C52944%2C52946%2C52950%2C52954-52955%2C52957-52958%2C52965%2C52979-52980%2C52988%2C52990%2C52992-52996%2C52998%2C53001-53002%2C53005%2C53027-53028%2C53030%2C53040%2C53047%2C53050%2C53054%2C53057%2C53062%2C53065%2C53070%2C53080%2C53084%2C53087-53088%2C53092%2C53095%2C53098%2C53116%2C53124%2C53143%2C53151%2C53158%2C53177%2C53181%2C53183%2C53185%2C53191-53192%2C53235%2C53237%2C53258%2C53262%2C53361%2C53364%2C53391%2C53396%2C53431-53434%2C53436%2C53476%2C53478%2C53487%2C53504%2C53506%2C53512%2C53518%2C53524%2C53528%2C53535%2C53558%2C53622%2C53624%2C53629%2C53632-53633%2C53730-53733%2C53736%2C53790%2C53844%2C53861%2C53863%2C53938%2C54120%2C54133%2C54140%2C54185%2C54192%2C54198%2C54200%2C54202%2C54210%2C54230%2C54234%2C54236%2C54238-54239%2C54245%2C54260%2C54267%2C54271%2C54280%2C54283%2C54287%2C54290%2C54296%2C54299%2C54302%2C54330-54331%2C54396%2C54403
r54458
  +dir_prop: branches/R-2-12-branch svn:mergeinfo /trunk:52930%2C52935%2C52937-52938%2C52944%2C52946%2C52950%2C52954-52955%2C52957-52958%2C52965%2C52979-52980%2C52988%2C52990%2C52992-52996%2C52998%2C53001-53002%2C53005%2C53027-53028%2C53030%2C53040%2C53047%2C53050%2C53054%2C53057%2C53062%2C53065%2C53070%2C53080%2C53084%2C53087-53088%2C53092%2C53095%2C53098%2C53116%2C53124%2C53143%2C53151%2C53158%2C53177%2C53181%2C53183%2C53185%2C53191-53192%2C53235%2C53237%2C53258%2C53262%2C53361%2C53364%2C53391%2C53396%2C53431-53434%2C53436%2C53476%2C53478%2C53487%2C53504%2C53506%2C53512%2C53518%2C53524%2C53528%2C53535%2C53558%2C53622%2C53624%2C53629%2C53632-53633%2C53730-53733%2C53736%2C53790%2C53844%2C53861%2C53863%2C53938%2C54120%2C54133%2C54140%2C54185%2C54192%2C54198%2C54200%2C54202%2C54210%2C54230%2C54234%2C54236%2C54238-54239%2C54245%2C54260%2C54267%2C54271%2C54280%2C54283%2C54287%2C54290%2C54296%2C54299%2C54302%2C54330-54331%2C54396%2C54403%2C54457
r54461
r54464
r54467
r54471
r54473
r54475
  +dir_prop: branches/R-2-12-branch svn:mergeinfo /trunk:52930%2C52935%2C52937-52938%2C52944%2C52946%2C52950%2C52954-52955%2C52957-52958%2C52965%2C52979-52980%2C52988%2C52990%2C52992-52996%2C52998%2C53001-53002%2C53005%2C53027-53028%2C53030%2C53040%2C53047%2C53050%2C53054%2C53057%2C53062%2C53065%2C53070%2C53080%2C53084%2C53087-53088%2C53092%2C53095%2C53098%2C53116%2C53124%2C53143%2C53151%2C53158%2C53177%2C53181%2C53183%2C53185%2C53191-53192%2C53235%2C53237%2C53258%2C53262%2C53361%2C53364%2C53391%2C53396%2C53431-53434%2C53436%2C53476%2C53478%2C53487%2C53504%2C53506%2C53512%2C53518%2C53524%2C53528%2C53535%2C53558%2C53622%2C53624%2C53629%2C53632-53633%2C53730-53733%2C53736%2C53790%2C53844%2C53861%2C53863%2C53938%2C54120%2C54133%2C54140%2C54185%2C54192%2C54198%2C54200%2C54202%2C54210%2C54230%2C54234%2C54236%2C54238-54239%2C54245%2C54260%2C54267%2C54271%2C54280%2C54283%2C54287%2C54290%2C54296%2C54299%2C54302%2C54330-54331%2C54396%2C54403%2C54457%2C54474
r54476
r54478
r54483
r54491
r54495
r54499
  +dir_prop: branches/R-2-12-branch svn:mergeinfo /trunk:52930%2C52935%2C52937-52938%2C52944%2C52946%2C52950%2C52954-52955%2C52957-52958%2C52965%2C52979-52980%2C52988%2C52990%2C52992-52996%2C52998%2C53001-53002%2C53005%2C53027-53028%2C53030%2C53040%2C53047%2C53050%2C53054%2C53057%2C53062%2C53065%2C53070%2C53080%2C53084%2C53087-53088%2C53092%2C53095%2C53098%2C53116%2C53124%2C53143%2C53151%2C53158%2C53177%2C53181%2C53183%2C53185%2C53191-53192%2C53235%2C53237%2C53258%2C53262%2C53361%2C53364%2C53391%2C53396%2C53431-53434%2C53436%2C53476%2C53478%2C53487%2C53504%2C53506%2C53512%2C53518%2C53524%2C53528%2C53535%2C53558%2C53622%2C53624%2C53629%2C53632-53633%2C53730-53733%2C53736%2C53790%2C53844%2C53861%2C53863%2C53938%2C54120%2C54133%2C54140%2C54185%2C54192%2C54198%2C54200%2C54202%2C54210%2C54230%2C54234%2C54236%2C54238-54239%2C54245%2C54260%2C54267%2C54271%2C54280%2C54283%2C54287%2C54290%2C54296%2C54299%2C54302%2C54330-54331%2C54396%2C54403%2C54457%2C54474%2C54496-54497
r54501
r54503
r54514
r54516
r54528
r54532
r54535
r54544
r54547
r54548
r54549
r54550
r54559
r54583
r54585
r54587
r54588
r54589
r54601
r54603
r54604
r54605
r54606
r54609
r54624
  +dir_prop: branches/R-2-12-branch svn:mergeinfo /trunk:52930%2C52935%2C52937-52938%2C52944%2C52946%2C52950%2C52954-52955%2C52957-52958%2C52965%2C52979-52980%2C52988%2C52990%2C52992-52996%2C52998%2C53001-53002%2C53005%2C53027-53028%2C53030%2C53040%2C53047%2C53050%2C53054%2C53057%2C53062%2C53065%2C53070%2C53080%2C53084%2C53087-53088%2C53092%2C53095%2C53098%2C53116%2C53124%2C53143%2C53151%2C53158%2C53177%2C53181%2C53183%2C53185%2C53191-53192%2C53235%2C53237%2C53258%2C53262%2C53361%2C53364%2C53391%2C53396%2C53431-53434%2C53436%2C53476%2C53478%2C53487%2C53504%2C53506%2C53512%2C53518%2C53524%2C53528%2C53535%2C53558%2C53622%2C53624%2C53629%2C53632-53633%2C53730-53733%2C53736%2C53790%2C53844%2C53861%2C53863%2C53938%2C54120%2C54133%2C54140%2C54185%2C54192%2C54198%2C54200%2C54202%2C54210%2C54230%2C54234%2C54236%2C54238-54239%2C54245%2C54260%2C54267%2C54271%2C54280%2C54283%2C54287%2C54290%2C54296%2C54299%2C54302%2C54330-54331%2C54396%2C54403%2C54457%2C54474%2C54496-54497%2C54615
r54628
  +dir_prop: branches/R-2-12-branch svn:mergeinfo /trunk:52930%2C52935%2C52937-52938%2C52944%2C52946%2C52950%2C52954-52955%2C52957-52958%2C52965%2C52979-52980%2C52988%2C52990%2C52992-52996%2C52998%2C53001-53002%2C53005%2C53027-53028%2C53030%2C53040%2C53047%2C53050%2C53054%2C53057%2C53062%2C53065%2C53070%2C53080%2C53084%2C53087-53088%2C53092%2C53095%2C53098%2C53116%2C53124%2C53143%2C53151%2C53158%2C53177%2C53181%2C53183%2C53185%2C53191-53192%2C53235%2C53237%2C53258%2C53262%2C53361%2C53364%2C53391%2C53396%2C53431-53434%2C53436%2C53476%2C53478%2C53487%2C53504%2C53506%2C53512%2C53518%2C53524%2C53528%2C53535%2C53558%2C53622%2C53624%2C53629%2C53632-53633%2C53730-53733%2C53736%2C53790%2C53844%2C53861%2C53863%2C53938%2C54120%2C54133%2C54140%2C54185%2C54192%2C54198%2C54200%2C54202%2C54210%2C54230%2C54234%2C54236%2C54238-54239%2C54245%2C54260%2C54267%2C54271%2C54280%2C54283%2C54287%2C54290%2C54296%2C54299%2C54302%2C54330-54331%2C54396%2C54403%2C54457%2C54474%2C54496-54497%2C54615%2C54627
r54633
r54649
r54682
r54702
  +dir_prop: branches/R-2-12-branch svn:mergeinfo /trunk:52930%2C52935%2C52937-52938%2C52944%2C52946%2C52950%2C52954-52955%2C52957-52958%2C52965%2C52979-52980%2C52988%2C52990%2C52992-52996%2C52998%2C53001-53002%2C53005%2C53027-53028%2C53030%2C53040%2C53047%2C53050%2C53054%2C53057%2C53062%2C53065%2C53070%2C53080%2C53084%2C53087-53088%2C53092%2C53095%2C53098%2C53116%2C53124%2C53143%2C53151%2C53158%2C53177%2C53181%2C53183%2C53185%2C53191-53192%2C53235%2C53237%2C53258%2C53262%2C53361%2C53364%2C53391%2C53396%2C53431-53434%2C53436%2C53476%2C53478%2C53487%2C53504%2C53506%2C53512%2C53518%2C53524%2C53528%2C53535%2C53558%2C53622%2C53624%2C53629%2C53632-53633%2C53730-53733%2C53736%2C53790%2C53844%2C53861%2C53863%2C53938%2C54120%2C54133%2C54140%2C54185%2C54192%2C54198%2C54200%2C54202%2C54210%2C54230%2C54234%2C54236%2C54238-54239%2C54245%2C54260%2C54267%2C54271%2C54280%2C54283%2C54287%2C54290%2C54296%2C54299%2C54302%2C54330-54331%2C54396%2C54403%2C54457%2C54474%2C54496-54497%2C54615%2C54627%2C54701
r54704
  +dir_prop: branches/R-2-12-branch svn:mergeinfo /trunk:52930%2C52935%2C52937-52938%2C52944%2C52946%2C52950%2C52954-52955%2C52957-52958%2C52965%2C52979-52980%2C52988%2C52990%2C52992-52996%2C52998%2C53001-53002%2C53005%2C53027-53028%2C53030%2C53040%2C53047%2C53050%2C53054%2C53057%2C53062%2C53065%2C53070%2C53080%2C53084%2C53087-53088%2C53092%2C53095%2C53098%2C53116%2C53124%2C53143%2C53151%2C53158%2C53177%2C53181%2C53183%2C53185%2C53191-53192%2C53235%2C53237%2C53258%2C53262%2C53361%2C53364%2C53391%2C53396%2C53431-53434%2C53436%2C53476%2C53478%2C53487%2C53504%2C53506%2C53512%2C53518%2C53524%2C53528%2C53535%2C53558%2C53622%2C53624%2C53629%2C53632-53633%2C53730-53733%2C53736%2C53790%2C53844%2C53861%2C53863%2C53938%2C54120%2C54133%2C54140%2C54185%2C54192%2C54198%2C54200%2C54202%2C54210%2C54230%2C54234%2C54236%2C54238-54239%2C54245%2C54260%2C54267%2C54271%2C54280%2C54283%2C54287%2C54290%2C54296%2C54299%2C54302%2C54330-54331%2C54396%2C54403%2C54457%2C54474%2C54496-54497%2C54615%2C54627%2C54701%2C54703
r54711
r54746
  +dir_prop: branches/R-2-12-branch svn:mergeinfo /trunk:52930%2C52935%2C52937-52938%2C52944%2C52946%2C52950%2C52954-52955%2C52957-52958%2C52965%2C52979-52980%2C52988%2C52990%2C52992-52996%2C52998%2C53001-53002%2C53005%2C53027-53028%2C53030%2C53040%2C53047%2C53050%2C53054%2C53057%2C53062%2C53065%2C53070%2C53080%2C53084%2C53087-53088%2C53092%2C53095%2C53098%2C53116%2C53124%2C53143%2C53151%2C53158%2C53177%2C53181%2C53183%2C53185%2C53191-53192%2C53235%2C53237%2C53258%2C53262%2C53361%2C53364%2C53391%2C53396%2C53431-53434%2C53436%2C53476%2C53478%2C53487%2C53504%2C53506%2C53512%2C53518%2C53524%2C53528%2C53535%2C53558%2C53622%2C53624%2C53629%2C53632-53633%2C53730-53733%2C53736%2C53790%2C53844%2C53861%2C53863%2C53938%2C54120%2C54133%2C54140%2C54185%2C54192%2C54198%2C54200%2C54202%2C54210%2C54230%2C54234%2C54236%2C54238-54239%2C54245%2C54260%2C54267%2C54271%2C54280%2C54283%2C54287%2C54290%2C54296%2C54299%2C54302%2C54330-54331%2C54396%2C54403%2C54457%2C54474%2C54496-54497%2C54615%2C54627%2C54701%2C54703%2C54745
r54781
  +dir_prop: branches/R-2-12-branch svn:mergeinfo /trunk:52930%2C52935%2C52937-52938%2C52944%2C52946%2C52950%2C52954-52955%2C52957-52958%2C52965%2C52979-52980%2C52988%2C52990%2C52992-52996%2C52998%2C53001-53002%2C53005%2C53027-53028%2C53030%2C53040%2C53047%2C53050%2C53054%2C53057%2C53062%2C53065%2C53070%2C53080%2C53084%2C53087-53088%2C53092%2C53095%2C53098%2C53116%2C53124%2C53143%2C53151%2C53158%2C53177%2C53181%2C53183%2C53185%2C53191-53192%2C53235%2C53237%2C53258%2C53262%2C53361%2C53364%2C53391%2C53396%2C53431-53434%2C53436%2C53476%2C53478%2C53487%2C53504%2C53506%2C53512%2C53518%2C53524%2C53528%2C53535%2C53558%2C53622%2C53624%2C53629%2C53632-53633%2C53730-53733%2C53736%2C53790%2C53844%2C53861%2C53863%2C53938%2C54120%2C54133%2C54140%2C54185%2C54192%2C54198%2C54200%2C54202%2C54210%2C54230%2C54234%2C54236%2C54238-54239%2C54245%2C54260%2C54267%2C54271%2C54280%2C54283%2C54287%2C54290%2C54296%2C54299%2C54302%2C54330-54331%2C54396%2C54403%2C54457%2C54474%2C54496-54497%2C54615%2C54627%2C54701%2C54703%2C54745%2C54780
r54865
  +dir_prop: branches/R-2-12-branch svn:mergeinfo /trunk:52930%2C52935%2C52937-52938%2C52944%2C52946%2C52950%2C52954-52955%2C52957-52958%2C52965%2C52979-52980%2C52988%2C52990%2C52992-52996%2C52998%2C53001-53002%2C53005%2C53027-53028%2C53030%2C53040%2C53047%2C53050%2C53054%2C53057%2C53062%2C53065%2C53070%2C53080%2C53084%2C53087-53088%2C53092%2C53095%2C53098%2C53116%2C53124%2C53143%2C53151%2C53158%2C53177%2C53181%2C53183%2C53185%2C53191-53192%2C53235%2C53237%2C53258%2C53262%2C53361%2C53364%2C53391%2C53396%2C53431-53434%2C53436%2C53476%2C53478%2C53487%2C53504%2C53506%2C53512%2C53518%2C53524%2C53528%2C53535%2C53558%2C53622%2C53624%2C53629%2C53632-53633%2C53730-53733%2C53736%2C53790%2C53844%2C53861%2C53863%2C53938%2C54120%2C54133%2C54140%2C54185%2C54192%2C54198%2C54200%2C54202%2C54210%2C54230%2C54234%2C54236%2C54238-54239%2C54245%2C54260%2C54267%2C54271%2C54280%2C54283%2C54287%2C54290%2C54296%2C54299%2C54302%2C54330-54331%2C54396%2C54403%2C54457%2C54474%2C54496-54497%2C54615%2C54627%2C54701%2C54703%2C54745%2C54780%2C54863
