r17481
  -empty_dir: Attic
r17483
r17484
r17486
r17489
r17492
r17499
r17502
r17506
r17507
r17510
r17513
r17516
r17522
r17525
r17528
r17530
r17531
r17537
r17543
r17549
r17552
r17555
r17559
r17563
r17566
r17571
r17575
r17578
r17581
r17583
r17586
r17588
r17591
r17594
r17596
r17599
r17600
r17602
r17605
r17608
r17609
r17612
r17613
r17615
r17617
r17620
r17623
r17626
r17629
r17632
r17633
r17634
r17637
r17638
r17643
r17649
r17651
r17655
r17658
r17661
r17667
r17670
r17674
r17677
r17682
r17683
r17684
r17687
r17690
r17691
r17694
r17697
r17698
r17699
r17703
r17704
r17707
r17710
r17714
r17719
r17720
r17723
r17726
r17729
r17730
r17731
r17735
r17738
r17746
r17749
r17755
r17756
r17757
r17758
r17763
r17768
r17771
r17784
r17785
r17793
r17802
r17804
r17805
r17806
r17807
r17808
r17811
r17814
r17820
r17825
r17827
r17828
r17832
r17835
r17838
r17839
r17853
r17856
r17859
r17868
r17871
r17874
r17881
r17885
r17889
r17900
r17903
r17907
r17908
r17917
r17920
r17921
r17922
r17928
r17929
r17930
r17932
r17933
r17935
r17938
r17941
r17942
r17945
r17948
r17949
r17950
r17951
r17952
r17953
r17954
  -empty_dir: branches/R-1-4-patches/debian/logic
r17955
r17956
r17959
r17960
r17961
r17963
r17966
r17969
r17970
r17971
r17972
r17974
  -empty_dir: branches/R-1-4-patches/debian/dirs
  -empty_dir: branches/R-1-4-patches/debian/docs
  -empty_dir: branches/R-1-4-patches/debian/menu
  -empty_dir: branches/R-1-4-patches/debian/postinst
  -empty_dir: branches/R-1-4-patches/debian/r-doc-pdf.links
r17975
r17976
r17979
r17982
r17983
r17992
r17993
r17996
r17999
r18000
r18001
r18003
r18006
r18009
r18012
r18014
r18017
r18020
r18023
r18025
r18026
r18028
r18030
r18032
r18033
r18036
r18041
r18044
r18046
r18047
r18048
r18055
r18058
r18062
r18071
r18072
r18073
r18074
r18076
r18079
r18083
r18084
r18085
r18093
r18097
r18101
r18104
r18108
r18109
r18112
r18115
r18119
r18120
r18129
r18132
r18141
r18144
r18145
r18152
r18155
r18158
r18159
r18161
r18162
r18164
r18165
r18167
r18170
r18173
r18174
r18178
r18181
r18184
r18191
r18193
r18196
r18201
r18203
r18206
r18209
r18216
r18219
r18227
r18229
r18232
r18237
r18238
r18239
r18244
r18247
r18250
r18259
r18260
r18271
r18274
r18289
r18292
r18300
r18303
r18306
r18308
r18310
r18315
r18318
r18321
r18328
r18331
r18348
r18351
r18358
r18366
r18369
r18389
r18392
r18414
r18417
r18424
r18429
r18436
r18442
r18445
r18456
r18459
r18463
r18469
r18471
r18474
r18482
r18486
r18495
r18498
r18513
r18516
r18527
r18530
r18542
r18545
r18550
r18553
r18563
r18566
r18572
r18575
r18578
r18589
r18594
r18597
r18613
r18627
r18630
r18645
r18649
r18665
r18681
r18684
r18695
r18698
r18708
r18711
r18723
r18726
r18738
r18741
r18745
r18748
r18754
r18761
r18776
r18779
r18782
r18799
r18802
r18820
r18823
r18853
r18856
r18862
r18868
r18891
r18914
r18918
r18942
r18945
r18965
r18968
r18985
r18988
r18992
r19012
r19015
r19032
r19035
r19051
r19054
r19072
r19075
r19080
r19090
r19093
r19119
r19128
r19160
r19170
r19186
r19189
r19202
r19205
r19226
r19230
r19243
r19246
r19254
r19257
r19266
r19270
r19275
r19278
r19289
r19293
r19298
r19301
r19315
r19319
r19327
r19330
r19340
r19343
r19354
r19357
r19365
r19368
r19373
r19379
r19382
r19386
r19389
r19393
r19396
r19399
r19408
r19411
r19424
r19427
r19430
r19438
r19441
r19444
r19446
r19449
r19453
r19456
r19476
r19509
r19523
r19536
r19547
r19553
r19563
r20052
r20418
