r75453
r75454
r75455
r75456
r75459
r75460
r75461
r75462
r75463
r75513
r75520
r75521
r75522
r75523
r75597
r75598
r75600
r75605
r75608
r75629
r75630
r75632
r75634
r75636
r75700
r75701
  -empty_dir: branches/R-conflicts/src/scripts/f77_f2c.in
r75738
r75755
r76063
  -empty_dir: branches/R-conflicts/src/library/tools/R/pdftools.R
  -empty_dir: branches/R-conflicts/src/unix/hpdlfcn.c
  -empty_dir: branches/R-conflicts/src/unix/hpdlfcn.h
r76073
r76080
r76153
r76154
r76225
r76246
  +dir_prop: branches/R-conflicts svn:mergeinfo /branches/R-2-12-branch:52939%2C54476%2C55265%0A/branches/R-2-13-branch:55265%2C55432%0A/branches/R-2-15-branch:58894%2C59717%0A/branches/R-3-0-branch:62497%0A/branches/R-3-1-branch:65920%0A/branches/R-DL:69025-69313%0A/branches/R-glmscore:55360-55826%0A/trunk:76225-76245
r76247
