r2841
  -empty_dir: Attic
r2842
r2844
r2847
r2848
r2849
r2850
r2852
r2853
r2855
r2856
r2857
r2858
r2859
r2860
r2861
r2862
r2863
r2864
r2865
r2866
r2867
r2868
r2869
r2870
r2871
r2872
r2873
r2874
r2875
r2876
r2877
r2878
r2880
r2881
r2883
r2884
r2885
r2886
r2887
r2888
r2889
r2890
r2891
r2892
r2893
r2894
r2896
r2897
r2898
r2899
r2900
r2901
r2902
r2903
r2904
r2906
r2907
r2908
r2909
r2910
r2911
r2912
r2913
r2914
r2915
r2916
r2917
r2918
r2919
r2920
r2921
r2922
r2924
r2926
r2928
r2929
r2930
r2931
r2932
r2933
r2934
r2935
r2936
r2938
r2939
r2940
r2941
r2942
r2943
r2944
r2947
r2948
r2952
r2953
r2954
r2956
r2957
r2958
r2959
r2960
r2961
r2962
r2963
r2964
r2965
r2966
r2967
r2968
r2969
r2970
r2971
r2972
r2974
r2975
r2976
r2977
r2979
r2980
r2981
r2982
r2983
r2984
r2986
r2987
r2988
r2989
r2991
r2993
r2994
r2995
r2996
r2998
r2999
r3000
r3001
r3002
r3006
r3007
r3008
r3009
r3010
r3011
r3013
r3014
r3015
r3016
r3017
r3018
r3019
r3020
r3021
r3022
r3023
r3024
r3028
r3029
r3030
r3031
r3032
r3034
  -empty_dir: branches/R-0-63-patches/src/library/base/man/RNG.Rd
r3035
r3036
r3038
r3039
r3040
r3041
r3042
r3043
r3044
r3045
r3046
r3047
r3048
r3050
r3052
r3053
r3054
r3055
r3056
r3057
r3058
r3059
r3060
r3061
r3062
r3063
r3064
r3066
r3067
r3068
r3069
r3070
r3071
r3072
r3073
r3075
r3077
r3079
r3080
  -empty_dir: branches/R-0-63-patches/debian/files
r3081
r3082
r3084
r3085
r3086
r3087
r3089
r3095
r3096
r3098
r3099
r3100
r3101
r3102
r3103
r3104
r3111
r3112
r3113
r3114
r3115
r3116
r3117
r3119
r3120
r3121
r3123
r3124
r3125
r3126
r3127
r3128
r3129
r3130
r3131
r3132
r3134
r3136
r3138
r3140
r3141
r3142
r3144
r3145
r3146
r3147
r3148
r3149
r3150
r3151
r3153
r3154
r3155
r3156
r3157
r3158
r3159
r3160
r3163
r3164
r3165
r3166
r3168
r3169
r3172
r3174
r3175
r3177
r3178
r3180
r3181
r3182
r3183
r3184
  -empty_dir: branches/R-0-63-patches/doc/manual/ABOUT.tex
  -empty_dir: branches/R-0-63-patches/doc/manual/Man.tex
r3185
r3186
r3187
r3188
r3189
r3190
r3191
r3192
r3193
r3194
r3196
r3197
r3198
r3199
r3200
r3202
r3204
r3206
r3208
r3210
r3211
r3212
r3213
r3215
r3217
r3219
r3221
r3223
r3226
r3227
r3228
r3229
r3230
r3231
r3232
r3234
r3235
r3236
r3237
r3238
r3239
r3240
r3241
r3242
r3243
r3245
r3247
r3248
r3249
r3250
r3251
r3252
r3253
r3254
r3255
r3256
r3257
r3258
r3259
r3260
r3261
r3263
r3265
r3266
r3267
r3268
r3269
r3270
r3271
r3272
r3273
r3274
r3275
r3276
r3277
r3278
r3280
r3281
r3282
r3283
r3285
r3286
r3287
r3288
r3289
r3291
r3294
r3296
r3297
r3298
r3299
r3300
r3301
r3302
r3303
r3304
r3305
r3307
r3308
r3310
r3311
r3313
r3314
r3315
r3317
r3318
r3319
r3320
r3321
r3322
r3323
r3324
r3326
r3328
r3329
r3330
r3331
r3333
r3335
r3336
r3337
r3338
r3339
r3340
r3342
r3343
r3344
r3345
r3346
r3348
r3349
r3350
r3351
r3352
r3353
r3354
r3355
r3356
r3357
r3358
r3359
r3360
r3361
r3362
r3363
r3364
r3365
r3366
r3368
r3369
r3371
r3372
r3373
r3374
r3375
r3376
r3377
r3378
r3379
r3380
r3381
r3385
r3387
r3391
r3392
r3393
r3394
r3400
r3401
r3405
r3407
r3408
r3409
r3410
r3411
r3412
r3413
r3414
r3416
r3418
r3420
r3421
r3422
r3423
r3424
r3425
r3426
r3427
r3428
r3429
r3430
r3432
r3433
r3437
r3438
r3439
r3440
r3441
r3442
r3443
r3444
r3445
  -empty_dir: branches/R-0-63-patches/lqs
r3448
r3449
r3451
r3452
r3453
r3454
r3458
r3460
r3461
r3463
r3464
r3465
r3470
r3471
r3472
  -empty_dir: branches/R-0-63-patches/doc/html/authors.html
r3474
r3479
r3482
r3483
r3484
r3485
r3486
r3487
r3488
r3489
r3490
r3491
r3492
r3493
r3494
r3495
r3496
r3497
r3498
r3501
r3504
r3509
r3510
r3511
r3526
r3546
r3549
r3551
r3554
r3557
r3567
r3568
r3569
r3571
r3572
r3573
r3574
r3575
r3576
r3577
r3578
r3579
r3580
r3581
r3582
r3586
r3588
r3589
r3590
r3591
r3592
r3595
r3596
  -empty_dir: branches/R-0-63-patches/etc/build-help.in
r3597
r3598
r3601
r3602
r3603
r3604
r3605
r3606
r3607
r3608
r3615
r3616
r3618
r3619
r3620
r3621
r3622
r3623
r3624
r3625
r3626
r3627
r3628
r3629
r3630
r3632
r3633
r3635
r3638
r3646
r3653
r3654
r3655
r3660
r3661
r3662
r3666
r3667
r3669
r3670
r3671
r3672
r3675
r3676
r3677
r3679
r3681
r3683
r3687
r3688
r3689
r3690
r3691
r3692
r3693
r3694
r3695
r3696
r3697
r3698
r3699
r3702
r3704
r3705
r3711
r3719
r3721
r3722
r3724
r3725
  -empty_dir: branches/R-0-63-patches/doc/html/search/index.txt
r3726
r3727
r3728
r3732
r3734
r3735
r3736
r3738
r3739
r3740
r3742
r3744
r3746
r3748
r3750
r3751
r3752
r3753
r3755
r3756
r3757
r3758
r3759
r3761
r3762
r3763
r3764
r3767
r3768
r3769
r3770
r3771
r3772
r3773
r3774
r3775
r3776
r3777
r3778
r3779
r3781
r3782
r3783
r3785
r3788
r3790
r3800
r3809
r3811
r3812
r3819
r3820
r3823
r3825
r3826
r3827
r3828
r3829
r3830
r3831
r3832
r3833
r3834
r3835
  -empty_dir: branches/R-0-63-patches/src/nmath/dwilcox.c
  -empty_dir: branches/R-0-63-patches/src/nmath/pwilcox.c
  -empty_dir: branches/R-0-63-patches/src/nmath/qwilcox.c
  -empty_dir: branches/R-0-63-patches/src/nmath/rwilcox.c
r3836
r3837
r3838
  -empty_dir: branches/R-0-63-patches/src/nmath/dsignrank.c
  -empty_dir: branches/R-0-63-patches/src/nmath/psignrank.c
  -empty_dir: branches/R-0-63-patches/src/nmath/qsignrank.c
  -empty_dir: branches/R-0-63-patches/src/nmath/rsignrank.c
r3839
r3842
r3847
r3848
r3849
r3850
r3853
r3854
r3858
r3859
r3861
r3862
r3864
r3868
r3869
r3871
r3879
r3884
r3887
r3892
r3894
r3896
r3898
r3900
r3903
r3904
r3906
r3907
r3908
r3909
r3910
r3911
r3912
r3914
r3915
r3916
r3918
r3920
r3924
r3925
r3928
r3929
  +file_prop: branches/R-0-63-patches/doc/html/search/IndexEntry.class svn:mime-type application/octet-stream
  +file_prop: branches/R-0-63-patches/doc/html/search/IndexStream.class svn:mime-type application/octet-stream
  +file_prop: branches/R-0-63-patches/doc/html/search/IndexTable.class svn:mime-type application/octet-stream
  +file_prop: branches/R-0-63-patches/doc/html/search/SearchEngine.class svn:mime-type application/octet-stream
  +file_prop: branches/R-0-63-patches/doc/html/search/Tracer.class svn:mime-type application/octet-stream
  +file_prop: branches/R-0-63-patches/doc/html/search/Value.class svn:mime-type application/octet-stream
r3930
r3931
r3932
r3934
r3936
r3940
r3941
r3945
r3947
r3950
r3951
r3954
r3956
r3958
r3962
r3963
r3964
r3965
r3966
r3969
r3971
r3973
r3974
r3975
r3978
r3985
r4007
r4009
r4016
r4026
r4029
r4034
r4045
r4048
r4049
r4055
r4079
r4082
