r78769
r78770
r78771
r78772
r78774
r78775
r78777
r78779
r78788
r78818
r78819
r78820
r78821
r78826
r78835
  +dir_prop: branches/R-syntax svn:mergeinfo /branches/R-2-12-branch:52939%2C54476%2C55265%0A/branches/R-2-13-branch:55265%2C55432%0A/branches/R-2-15-branch:58894%2C59717%0A/branches/R-3-0-branch:62497%0A/branches/R-3-1-branch:65920%0A/branches/R-3-6-branch:76839%2C77241%0A/branches/R-DL:69025-69313%0A/branches/R-conflicts:75454-76247%0A/branches/R-defs:77464-78758%0A/branches/R-glmscore:55360-55826%0A/branches/R-symfam:78109-78182%0A/trunk:78770-78834
r78855
r78856
r78954
  +dir_prop: branches/R-syntax svn:mergeinfo /branches/R-2-12-branch:52939%2C54476%2C55265%0A/branches/R-2-13-branch:55265%2C55432%0A/branches/R-2-15-branch:58894%2C59717%0A/branches/R-3-0-branch:62497%0A/branches/R-3-1-branch:65920%0A/branches/R-3-6-branch:76839%2C77241%0A/branches/R-DL:69025-69313%0A/branches/R-conflicts:75454-76247%0A/branches/R-defs:77464-78758%0A/branches/R-glmscore:55360-55826%0A/branches/R-symfam:78109-78182%0A/trunk:78770-78953
r78955
r78986
r78987
r79226
  +dir_prop: branches/R-syntax svn:mergeinfo /branches/R-2-12-branch:52939%2C54476%2C55265%0A/branches/R-2-13-branch:55265%2C55432%0A/branches/R-2-15-branch:58894%2C59717%0A/branches/R-3-0-branch:62497%0A/branches/R-3-1-branch:65920%0A/branches/R-3-6-branch:76839%2C77241%0A/branches/R-DL:69025-69313%0A/branches/R-conflicts:75454-76247%0A/branches/R-defs:77464-78758%0A/branches/R-glmscore:55360-55826%0A/branches/R-symfam:78109-78182%0A/trunk:78770-79223
r79420
  +dir_prop: branches/R-syntax svn:mergeinfo /branches/R-2-12-branch:52939%2C54476%2C55265%0A/branches/R-2-13-branch:55265%2C55432%0A/branches/R-2-15-branch:58894%2C59717%0A/branches/R-3-0-branch:62497%0A/branches/R-3-1-branch:65920%0A/branches/R-3-6-branch:76839%2C77241%0A/branches/R-DL:69025-69313%0A/branches/R-conflicts:75454-76247%0A/branches/R-defs:77464-78758%0A/branches/R-glmscore:55360-55826%0A/branches/R-symfam:78109-78182%0A/trunk:78770-79416
r79424
r79432
r79548
  +dir_prop: branches/R-syntax svn:mergeinfo /branches/R-2-12-branch:52939%2C54476%2C55265%0A/branches/R-2-13-branch:55265%2C55432%0A/branches/R-2-15-branch:58894%2C59717%0A/branches/R-3-0-branch:62497%0A/branches/R-3-1-branch:65920%0A/branches/R-3-6-branch:76839%2C77241%0A/branches/R-DL:69025-69313%0A/branches/R-conflicts:75454-76247%0A/branches/R-defs:77464-78758%0A/branches/R-glmscore:55360-55826%0A/branches/R-symfam:78109-78182%0A/trunk:78770-79547
r79549
r79550
r79551
r79552
r79575
r79576
  +dir_prop: branches/R-syntax svn:mergeinfo /branches/R-2-12-branch:52939%2C54476%2C55265%0A/branches/R-2-13-branch:55265%2C55432%0A/branches/R-2-15-branch:58894%2C59717%0A/branches/R-3-0-branch:62497%0A/branches/R-3-1-branch:65920%0A/branches/R-3-6-branch:76839%2C77241%0A/branches/R-DL:69025-69313%0A/branches/R-conflicts:75454-76247%0A/branches/R-defs:77464-78758%0A/branches/R-glmscore:55360-55826%0A/branches/R-symfam:78109-78182%0A/trunk:78770-79575
r79579
  +dir_prop: branches/R-syntax svn:mergeinfo /branches/R-2-12-branch:52939%2C54476%2C55265%0A/branches/R-2-13-branch:55265%2C55432%0A/branches/R-2-15-branch:58894%2C59717%0A/branches/R-3-0-branch:62497%0A/branches/R-3-1-branch:65920%0A/branches/R-3-6-branch:76839%2C77241%0A/branches/R-DL:69025-69313%0A/branches/R-conflicts:75454-76247%0A/branches/R-defs:77464-78758%0A/branches/R-glmscore:55360-55826%0A/branches/R-symfam:78109-78182%0A/trunk:78770-79575%2C79577-79578
r79581
r79582
r79596
r79607
r79631
  +dir_prop: branches/R-syntax svn:mergeinfo /branches/R-2-12-branch:52939%2C54476%2C55265%0A/branches/R-2-13-branch:55265%2C55432%0A/branches/R-2-15-branch:58894%2C59717%0A/branches/R-3-0-branch:62497%0A/branches/R-3-1-branch:65920%0A/branches/R-3-6-branch:76839%2C77241%0A/branches/R-DL:69025-69313%0A/branches/R-conflicts:75454-76247%0A/branches/R-defs:77464-78758%0A/branches/R-glmscore:55360-55826%0A/branches/R-symfam:78109-78182%0A/trunk:78770-79575%2C79577-79630
r79632
r79633
r79634
r79640
r79641
r79817
  +dir_prop: branches/R-syntax svn:mergeinfo /branches/R-2-12-branch:52939%2C54476%2C55265%0A/branches/R-2-13-branch:55265%2C55432%0A/branches/R-2-15-branch:58894%2C59717%0A/branches/R-3-0-branch:62497%0A/branches/R-3-1-branch:65920%0A/branches/R-3-6-branch:76839%2C77241%0A/branches/R-DL:69025-69313%0A/branches/R-conflicts:75454-76247%0A/branches/R-defs:77464-78758%0A/branches/R-glmscore:55360-55826%0A/branches/R-symfam:78109-78182%0A/trunk:78770-79575%2C79577-79816
r80546
  -empty_dir: branches/R-syntax/m4/cxx_11.m4
  -empty_dir: branches/R-syntax/src/include/R_ext/R-ftp-http.h
  -empty_dir: branches/R-syntax/src/library/grid/vignettes/grid.Rnw-nolattice
  -empty_dir: branches/R-syntax/src/modules/internet/nanoftp.c
  -empty_dir: branches/R-syntax/src/modules/internet/nanohttp.c
  +dir_prop: branches/R-syntax svn:mergeinfo /branches/R-2-12-branch:52939%2C54476%2C55265%0A/branches/R-2-13-branch:55265%2C55432%0A/branches/R-2-15-branch:58894%2C59717%0A/branches/R-3-0-branch:62497%0A/branches/R-3-1-branch:65920%0A/branches/R-3-6-branch:76839%2C77241%0A/branches/R-4-1-branch:80314%0A/branches/R-DL:69025-69313%0A/branches/R-conflicts:75454-76247%0A/branches/R-defs:77464-78758%0A/branches/R-glmscore:55360-55826%0A/branches/R-symfam:78109-78182%0A/trunk:78770-79575%2C79577-80545
  +file_prop: branches/R-syntax/src/library/translations/inst/fr/LC_MESSAGES/utils.mo svn:mime-type application/x-gettext-translation
  +file_prop: branches/R-syntax/src/library/translations/inst/it/LC_MESSAGES/R-compiler.mo svn:mime-type application/x-gettext-translation
  +file_prop: branches/R-syntax/src/library/translations/inst/it/LC_MESSAGES/R-grid.mo svn:mime-type application/x-gettext-translation
  +file_prop: branches/R-syntax/src/library/translations/inst/it/LC_MESSAGES/R-methods.mo svn:mime-type application/x-gettext-translation
  +file_prop: branches/R-syntax/src/library/translations/inst/it/LC_MESSAGES/R-parallel.mo svn:mime-type application/x-gettext-translation
  +file_prop: branches/R-syntax/src/library/translations/inst/it/LC_MESSAGES/R-splines.mo svn:mime-type application/x-gettext-translation
  +file_prop: branches/R-syntax/src/library/translations/inst/it/LC_MESSAGES/R-utils.mo svn:mime-type application/x-gettext-translation
  +file_prop: branches/R-syntax/src/library/translations/inst/it/LC_MESSAGES/methods.mo svn:mime-type application/x-gettext-translation
  +file_prop: branches/R-syntax/src/library/translations/inst/it/LC_MESSAGES/parallel.mo svn:mime-type application/x-gettext-translation
  +file_prop: branches/R-syntax/src/library/translations/inst/it/LC_MESSAGES/splines.mo svn:mime-type application/x-gettext-translation
  +file_prop: branches/R-syntax/src/library/translations/inst/it/LC_MESSAGES/tcltk.mo svn:mime-type application/x-gettext-translation
  +file_prop: branches/R-syntax/src/library/translations/inst/it/LC_MESSAGES/utils.mo svn:mime-type application/x-gettext-translation
  +file_prop: branches/R-syntax/src/library/translations/inst/lt/LC_MESSAGES/R-base.mo svn:mime-type application/x-gettext-translation
  +file_prop: branches/R-syntax/src/library/translations/inst/lt/LC_MESSAGES/R-compiler.mo svn:mime-type application/x-gettext-translation
  +file_prop: branches/R-syntax/src/library/translations/inst/lt/LC_MESSAGES/R-grDevices.mo svn:mime-type application/x-gettext-translation
  +file_prop: branches/R-syntax/src/library/translations/inst/lt/LC_MESSAGES/R-graphics.mo svn:mime-type application/x-gettext-translation
  +file_prop: branches/R-syntax/src/library/translations/inst/lt/LC_MESSAGES/R-grid.mo svn:mime-type application/x-gettext-translation
  +file_prop: branches/R-syntax/src/library/translations/inst/lt/LC_MESSAGES/R-parallel.mo svn:mime-type application/x-gettext-translation
  +file_prop: branches/R-syntax/src/library/translations/inst/lt/LC_MESSAGES/R-stats4.mo svn:mime-type application/x-gettext-translation
  +file_prop: branches/R-syntax/src/library/translations/inst/lt/LC_MESSAGES/R-tcltk.mo svn:mime-type application/x-gettext-translation
  +file_prop: branches/R-syntax/src/library/translations/inst/lt/LC_MESSAGES/R-utils.mo svn:mime-type application/x-gettext-translation
  +file_prop: branches/R-syntax/src/library/translations/inst/lt/LC_MESSAGES/R.mo svn:mime-type application/x-gettext-translation
  +file_prop: branches/R-syntax/src/library/translations/inst/lt/LC_MESSAGES/RGui.mo svn:mime-type application/x-gettext-translation
  +file_prop: branches/R-syntax/src/library/translations/inst/lt/LC_MESSAGES/grDevices.mo svn:mime-type application/x-gettext-translation
  +file_prop: branches/R-syntax/src/library/translations/inst/lt/LC_MESSAGES/graphics.mo svn:mime-type application/x-gettext-translation
  +file_prop: branches/R-syntax/src/library/translations/inst/lt/LC_MESSAGES/grid.mo svn:mime-type application/x-gettext-translation
  +file_prop: branches/R-syntax/src/library/translations/inst/lt/LC_MESSAGES/methods.mo svn:mime-type application/x-gettext-translation
  +file_prop: branches/R-syntax/src/library/translations/inst/lt/LC_MESSAGES/parallel.mo svn:mime-type application/x-gettext-translation
  +file_prop: branches/R-syntax/src/library/translations/inst/lt/LC_MESSAGES/splines.mo svn:mime-type application/x-gettext-translation
  +file_prop: branches/R-syntax/src/library/translations/inst/lt/LC_MESSAGES/stats.mo svn:mime-type application/x-gettext-translation
  +file_prop: branches/R-syntax/src/library/translations/inst/lt/LC_MESSAGES/tcltk.mo svn:mime-type application/x-gettext-translation
  +file_prop: branches/R-syntax/src/library/translations/inst/lt/LC_MESSAGES/utils.mo svn:mime-type application/x-gettext-translation
  +file_prop: branches/R-syntax/src/library/translations/inst/ru/LC_MESSAGES/utils.mo svn:mime-type application/x-gettext-translation
  +file_prop: branches/R-syntax/src/library/translations/inst/zh_TW/LC_MESSAGES/R-base.mo svn:mime-type application/x-gettext-translation
  +file_prop: branches/R-syntax/src/library/translations/inst/zh_TW/LC_MESSAGES/R-compiler.mo svn:mime-type application/x-gettext-translation
  +file_prop: branches/R-syntax/src/library/translations/inst/zh_TW/LC_MESSAGES/R-grDevices.mo svn:mime-type application/x-gettext-translation
  +file_prop: branches/R-syntax/src/library/translations/inst/zh_TW/LC_MESSAGES/R-graphics.mo svn:mime-type application/x-gettext-translation
  +file_prop: branches/R-syntax/src/library/translations/inst/zh_TW/LC_MESSAGES/R-grid.mo svn:mime-type application/x-gettext-translation
  +file_prop: branches/R-syntax/src/library/translations/inst/zh_TW/LC_MESSAGES/R-parallel.mo svn:mime-type application/x-gettext-translation
  +file_prop: branches/R-syntax/src/library/translations/inst/zh_TW/LC_MESSAGES/R-splines.mo svn:mime-type application/x-gettext-translation
  +file_prop: branches/R-syntax/src/library/translations/inst/zh_TW/LC_MESSAGES/R-stats.mo svn:mime-type application/x-gettext-translation
  +file_prop: branches/R-syntax/src/library/translations/inst/zh_TW/LC_MESSAGES/R-stats4.mo svn:mime-type application/x-gettext-translation
  +file_prop: branches/R-syntax/src/library/translations/inst/zh_TW/LC_MESSAGES/R-tcltk.mo svn:mime-type application/x-gettext-translation
  +file_prop: branches/R-syntax/src/library/translations/inst/zh_TW/LC_MESSAGES/R-utils.mo svn:mime-type application/x-gettext-translation
  +file_prop: branches/R-syntax/src/library/translations/inst/zh_TW/LC_MESSAGES/grDevices.mo svn:mime-type application/x-gettext-translation
  +file_prop: branches/R-syntax/src/library/translations/inst/zh_TW/LC_MESSAGES/grid.mo svn:mime-type application/x-gettext-translation
  +file_prop: branches/R-syntax/src/library/translations/inst/zh_TW/LC_MESSAGES/methods.mo svn:mime-type application/x-gettext-translation
  +file_prop: branches/R-syntax/src/library/translations/inst/zh_TW/LC_MESSAGES/parallel.mo svn:mime-type application/x-gettext-translation
  +file_prop: branches/R-syntax/src/library/translations/inst/zh_TW/LC_MESSAGES/splines.mo svn:mime-type application/x-gettext-translation
  +file_prop: branches/R-syntax/src/library/translations/inst/zh_TW/LC_MESSAGES/stats.mo svn:mime-type application/x-gettext-translation
  +file_prop: branches/R-syntax/src/library/translations/inst/zh_TW/LC_MESSAGES/tcltk.mo svn:mime-type application/x-gettext-translation
  +file_prop: branches/R-syntax/src/library/translations/inst/zh_TW/LC_MESSAGES/tools.mo svn:mime-type application/x-gettext-translation
  +file_prop: branches/R-syntax/src/library/translations/inst/zh_TW/LC_MESSAGES/utils.mo svn:mime-type application/x-gettext-translation
  +file_prop: branches/R-syntax/src/nmath/qDiscrete_search.h svn:eol-style native
  +file_prop: branches/R-syntax/src/nmath/qDiscrete_search.h svn:keywords Author%20Date%20Id%20Rev%20URL
  +file_prop: branches/R-syntax/src/nmath/qnbinom_mu.c svn:eol-style native
r80561
r81507
  -empty_dir: branches/R-syntax/src/gnuwin32/front-ends/Renviron.c
  -empty_dir: branches/R-syntax/src/gnuwin32/malloc.c
  +dir_prop: branches/R-syntax svn:mergeinfo /branches/R-2-12-branch:52939%2C54476%2C55265%0A/branches/R-2-13-branch:55265%2C55432%0A/branches/R-2-15-branch:58894%2C59717%0A/branches/R-3-0-branch:62497%0A/branches/R-3-1-branch:65920%0A/branches/R-3-6-branch:76839%2C77241%0A/branches/R-4-1-branch:80314%0A/branches/R-DL:69025-69313%0A/branches/R-conflicts:75454-76247%0A/branches/R-defs:77464-78758%0A/branches/R-glmscore:55360-55826%0A/branches/R-groups:80166-81095%0A/branches/R-structure:81439%0A/branches/R-symfam:78109-78182%0A/branches/R-ucrt:81323-81359%0A/trunk:78770-79575%2C79577-81503
  +file_prop: branches/R-syntax/src/library/translations/inst/lt/LC_MESSAGES/R-methods.mo svn:mime-type application/x-gettext-translation
  +file_prop: branches/R-syntax/src/library/translations/inst/lt/LC_MESSAGES/R-splines.mo svn:mime-type application/x-gettext-translation
  +file_prop: branches/R-syntax/src/library/translations/inst/lt/LC_MESSAGES/R-stats.mo svn:mime-type application/x-gettext-translation
  +file_prop: branches/R-syntax/src/library/translations/inst/lt/LC_MESSAGES/R-tools.mo svn:mime-type application/x-gettext-translation
  +file_prop: branches/R-syntax/src/library/translations/inst/lt/LC_MESSAGES/tools.mo svn:mime-type application/x-gettext-translation
  +file_prop: branches/R-syntax/src/library/translations/inst/zh_TW/LC_MESSAGES/R-methods.mo svn:mime-type application/x-gettext-translation
  +file_prop: branches/R-syntax/src/library/translations/inst/zh_TW/LC_MESSAGES/R-tools.mo svn:mime-type application/x-gettext-translation
r81680
  +dir_prop: branches/R-syntax svn:mergeinfo /branches/R-2-12-branch:52939%2C54476%2C55265%0A/branches/R-2-13-branch:55265%2C55432%0A/branches/R-2-15-branch:58894%2C59717%0A/branches/R-3-0-branch:62497%0A/branches/R-3-1-branch:65920%0A/branches/R-3-6-branch:76839%2C77241%0A/branches/R-4-1-branch:80314%0A/branches/R-DL:69025-69313%0A/branches/R-conflicts:75454-76247%0A/branches/R-defs:77464-78758%0A/branches/R-glmscore:55360-55826%0A/branches/R-groups:80166-81095%0A/branches/R-structure:81439%0A/branches/R-symfam:78109-78182%0A/branches/R-ucrt:81323-81359%0A/trunk:78770-79575%2C79577-81679
r81710
  +dir_prop: branches/R-syntax svn:mergeinfo /branches/R-2-12-branch:52939%2C54476%2C55265%0A/branches/R-2-13-branch:55265%2C55432%0A/branches/R-2-15-branch:58894%2C59717%0A/branches/R-3-0-branch:62497%0A/branches/R-3-1-branch:65920%0A/branches/R-3-6-branch:76839%2C77241%0A/branches/R-4-1-branch:80314%0A/branches/R-DL:69025-69313%0A/branches/R-conflicts:75454-76247%0A/branches/R-defs:77464-78758%0A/branches/R-glmscore:55360-55826%0A/branches/R-groups:80166-81095%0A/branches/R-structure:81439%0A/branches/R-symfam:78109-78182%0A/branches/R-ucrt:81323-81359%0A/trunk:78770-79575%2C79577-81709
r81711
r81712
r81713
r81756
r81757
r81771
  +dir_prop: branches/R-syntax svn:mergeinfo /branches/R-2-12-branch:52939%2C54476%2C55265%0A/branches/R-2-13-branch:55265%2C55432%0A/branches/R-2-15-branch:58894%2C59717%0A/branches/R-3-0-branch:62497%0A/branches/R-3-1-branch:65920%0A/branches/R-3-6-branch:76839%2C77241%0A/branches/R-4-1-branch:80314%0A/branches/R-DL:69025-69313%0A/branches/R-conflicts:75454-76247%0A/branches/R-defs:77464-78758%0A/branches/R-glmscore:55360-55826%0A/branches/R-groups:80166-81095%0A/branches/R-structure:81439%0A/branches/R-symfam:78109-78182%0A/branches/R-ucrt:81323-81359%0A/trunk:78770-79575%2C79577-81770
r81772
r81855
  +dir_prop: branches/R-syntax svn:mergeinfo /branches/R-2-12-branch:52939%2C54476%2C55265%0A/branches/R-2-13-branch:55265%2C55432%0A/branches/R-2-15-branch:58894%2C59717%0A/branches/R-3-0-branch:62497%0A/branches/R-3-1-branch:65920%0A/branches/R-3-6-branch:76839%2C77241%0A/branches/R-4-1-branch:80314%0A/branches/R-DL:69025-69313%0A/branches/R-conflicts:75454-76247%0A/branches/R-defs:77464-78758%0A/branches/R-glmscore:55360-55826%0A/branches/R-groups:80166-81095%0A/branches/R-structure:81439%0A/branches/R-symfam:78109-78182%0A/branches/R-ucrt:81323-81359%0A/trunk:78770-79575%2C79577-81854
r81856
r81857
r83796
  -empty_dir: branches/R-syntax/doc/Rscript.1
  -empty_dir: branches/R-syntax/share/texmf/tex/latex/omsaer.fd
  -empty_dir: branches/R-syntax/share/texmf/tex/latex/omsaett.fd
  -empty_dir: branches/R-syntax/share/texmf/tex/latex/ts1aer.fd
  -empty_dir: branches/R-syntax/share/texmf/tex/latex/ts1aett.fd
  -empty_dir: branches/R-syntax/src/gnuwin32/cran
  -empty_dir: branches/R-syntax/src/include/S.h
  -empty_dir: branches/R-syntax/src/library/Recommended/.cvsignore
  -empty_dir: branches/R-syntax/src/library/utils/tests/Sexpr-hide-empty.Rd
  -dir_prop: branches/R-syntax svn.ignore
  +dir_prop: branches/R-syntax svn:mergeinfo /branches/R-2-12-branch:52939%2C54476%2C55265%0A/branches/R-2-13-branch:55265%2C55432%0A/branches/R-2-15-branch:58894%2C59717%0A/branches/R-3-0-branch:62497%0A/branches/R-3-1-branch:65920%0A/branches/R-3-6-branch:76839%2C77241%0A/branches/R-4-1-branch:80314%0A/branches/R-DL:69025-69313%0A/branches/R-conflicts:75454-76247%0A/branches/R-defs:77464-78758%0A/branches/R-glmscore:55360-55826%0A/branches/R-groups:80166-81095%0A/branches/R-structure:81439%0A/branches/R-symfam:78109-78182%0A/branches/R-typeset:82735-83683%0A/branches/R-ucrt:81323-81359%0A/branches/R-vecpat:81390-81922%0A/trunk:78770-79575%2C79577-83795
  +file_prop: branches/R-syntax/doc/html/katex/fonts/KaTeX_AMS-Regular.ttf svn:mime-type application/octet-stream
  +file_prop: branches/R-syntax/doc/html/katex/fonts/KaTeX_AMS-Regular.woff svn:mime-type application/octet-stream
  +file_prop: branches/R-syntax/doc/html/katex/fonts/KaTeX_AMS-Regular.woff2 svn:mime-type application/octet-stream
  +file_prop: branches/R-syntax/doc/html/katex/fonts/KaTeX_Caligraphic-Bold.ttf svn:mime-type application/octet-stream
  +file_prop: branches/R-syntax/doc/html/katex/fonts/KaTeX_Caligraphic-Bold.woff svn:mime-type application/octet-stream
  +file_prop: branches/R-syntax/doc/html/katex/fonts/KaTeX_Caligraphic-Bold.woff2 svn:mime-type application/octet-stream
  +file_prop: branches/R-syntax/doc/html/katex/fonts/KaTeX_Caligraphic-Regular.ttf svn:mime-type application/octet-stream
  +file_prop: branches/R-syntax/doc/html/katex/fonts/KaTeX_Caligraphic-Regular.woff svn:mime-type application/octet-stream
  +file_prop: branches/R-syntax/doc/html/katex/fonts/KaTeX_Caligraphic-Regular.woff2 svn:mime-type application/octet-stream
  +file_prop: branches/R-syntax/doc/html/katex/fonts/KaTeX_Fraktur-Bold.ttf svn:mime-type application/octet-stream
  +file_prop: branches/R-syntax/doc/html/katex/fonts/KaTeX_Fraktur-Bold.woff svn:mime-type application/octet-stream
  +file_prop: branches/R-syntax/doc/html/katex/fonts/KaTeX_Fraktur-Bold.woff2 svn:mime-type application/octet-stream
  +file_prop: branches/R-syntax/doc/html/katex/fonts/KaTeX_Fraktur-Regular.ttf svn:mime-type application/octet-stream
  +file_prop: branches/R-syntax/doc/html/katex/fonts/KaTeX_Fraktur-Regular.woff svn:mime-type application/octet-stream
  +file_prop: branches/R-syntax/doc/html/katex/fonts/KaTeX_Fraktur-Regular.woff2 svn:mime-type application/octet-stream
  +file_prop: branches/R-syntax/doc/html/katex/fonts/KaTeX_Main-Bold.ttf svn:mime-type application/octet-stream
  +file_prop: branches/R-syntax/doc/html/katex/fonts/KaTeX_Main-Bold.woff svn:mime-type application/octet-stream
  +file_prop: branches/R-syntax/doc/html/katex/fonts/KaTeX_Main-Bold.woff2 svn:mime-type application/octet-stream
  +file_prop: branches/R-syntax/doc/html/katex/fonts/KaTeX_Main-BoldItalic.ttf svn:mime-type application/octet-stream
  +file_prop: branches/R-syntax/doc/html/katex/fonts/KaTeX_Main-BoldItalic.woff svn:mime-type application/octet-stream
  +file_prop: branches/R-syntax/doc/html/katex/fonts/KaTeX_Main-BoldItalic.woff2 svn:mime-type application/octet-stream
  +file_prop: branches/R-syntax/doc/html/katex/fonts/KaTeX_Main-Italic.ttf svn:mime-type application/octet-stream
  +file_prop: branches/R-syntax/doc/html/katex/fonts/KaTeX_Main-Italic.woff svn:mime-type application/octet-stream
  +file_prop: branches/R-syntax/doc/html/katex/fonts/KaTeX_Main-Italic.woff2 svn:mime-type application/octet-stream
  +file_prop: branches/R-syntax/doc/html/katex/fonts/KaTeX_Main-Regular.ttf svn:mime-type application/octet-stream
  +file_prop: branches/R-syntax/doc/html/katex/fonts/KaTeX_Main-Regular.woff svn:mime-type application/octet-stream
  +file_prop: branches/R-syntax/doc/html/katex/fonts/KaTeX_Main-Regular.woff2 svn:mime-type application/octet-stream
  +file_prop: branches/R-syntax/doc/html/katex/fonts/KaTeX_Math-BoldItalic.ttf svn:mime-type application/octet-stream
  +file_prop: branches/R-syntax/doc/html/katex/fonts/KaTeX_Math-BoldItalic.woff svn:mime-type application/octet-stream
  +file_prop: branches/R-syntax/doc/html/katex/fonts/KaTeX_Math-BoldItalic.woff2 svn:mime-type application/octet-stream
  +file_prop: branches/R-syntax/doc/html/katex/fonts/KaTeX_Math-Italic.ttf svn:mime-type application/octet-stream
  +file_prop: branches/R-syntax/doc/html/katex/fonts/KaTeX_Math-Italic.woff svn:mime-type application/octet-stream
  +file_prop: branches/R-syntax/doc/html/katex/fonts/KaTeX_Math-Italic.woff2 svn:mime-type application/octet-stream
  +file_prop: branches/R-syntax/doc/html/katex/fonts/KaTeX_SansSerif-Bold.ttf svn:mime-type application/octet-stream
  +file_prop: branches/R-syntax/doc/html/katex/fonts/KaTeX_SansSerif-Bold.woff svn:mime-type application/octet-stream
  +file_prop: branches/R-syntax/doc/html/katex/fonts/KaTeX_SansSerif-Bold.woff2 svn:mime-type application/octet-stream
  +file_prop: branches/R-syntax/doc/html/katex/fonts/KaTeX_SansSerif-Italic.ttf svn:mime-type application/octet-stream
  +file_prop: branches/R-syntax/doc/html/katex/fonts/KaTeX_SansSerif-Italic.woff svn:mime-type application/octet-stream
  +file_prop: branches/R-syntax/doc/html/katex/fonts/KaTeX_SansSerif-Italic.woff2 svn:mime-type application/octet-stream
  +file_prop: branches/R-syntax/doc/html/katex/fonts/KaTeX_SansSerif-Regular.ttf svn:mime-type application/octet-stream
  +file_prop: branches/R-syntax/doc/html/katex/fonts/KaTeX_SansSerif-Regular.woff svn:mime-type application/octet-stream
  +file_prop: branches/R-syntax/doc/html/katex/fonts/KaTeX_SansSerif-Regular.woff2 svn:mime-type application/octet-stream
  +file_prop: branches/R-syntax/doc/html/katex/fonts/KaTeX_Script-Regular.ttf svn:mime-type application/octet-stream
  +file_prop: branches/R-syntax/doc/html/katex/fonts/KaTeX_Script-Regular.woff svn:mime-type application/octet-stream
  +file_prop: branches/R-syntax/doc/html/katex/fonts/KaTeX_Script-Regular.woff2 svn:mime-type application/octet-stream
  +file_prop: branches/R-syntax/doc/html/katex/fonts/KaTeX_Size1-Regular.ttf svn:mime-type application/octet-stream
  +file_prop: branches/R-syntax/doc/html/katex/fonts/KaTeX_Size1-Regular.woff svn:mime-type application/octet-stream
  +file_prop: branches/R-syntax/doc/html/katex/fonts/KaTeX_Size1-Regular.woff2 svn:mime-type application/octet-stream
  +file_prop: branches/R-syntax/doc/html/katex/fonts/KaTeX_Size2-Regular.ttf svn:mime-type application/octet-stream
  +file_prop: branches/R-syntax/doc/html/katex/fonts/KaTeX_Size2-Regular.woff svn:mime-type application/octet-stream
  +file_prop: branches/R-syntax/doc/html/katex/fonts/KaTeX_Size2-Regular.woff2 svn:mime-type application/octet-stream
  +file_prop: branches/R-syntax/doc/html/katex/fonts/KaTeX_Size3-Regular.ttf svn:mime-type application/octet-stream
  +file_prop: branches/R-syntax/doc/html/katex/fonts/KaTeX_Size3-Regular.woff svn:mime-type application/octet-stream
  +file_prop: branches/R-syntax/doc/html/katex/fonts/KaTeX_Size3-Regular.woff2 svn:mime-type application/octet-stream
  +file_prop: branches/R-syntax/doc/html/katex/fonts/KaTeX_Size4-Regular.ttf svn:mime-type application/octet-stream
  +file_prop: branches/R-syntax/doc/html/katex/fonts/KaTeX_Size4-Regular.woff svn:mime-type application/octet-stream
  +file_prop: branches/R-syntax/doc/html/katex/fonts/KaTeX_Size4-Regular.woff2 svn:mime-type application/octet-stream
  +file_prop: branches/R-syntax/doc/html/katex/fonts/KaTeX_Typewriter-Regular.ttf svn:mime-type application/octet-stream
  +file_prop: branches/R-syntax/doc/html/katex/fonts/KaTeX_Typewriter-Regular.woff svn:mime-type application/octet-stream
  +file_prop: branches/R-syntax/doc/html/katex/fonts/KaTeX_Typewriter-Regular.woff2 svn:mime-type application/octet-stream
  +file_prop: branches/R-syntax/src/library/grDevices/inst/fonts/Montserrat/static/Montserrat-BoldItalic.ttf svn:mime-type application/octet-stream
  +file_prop: branches/R-syntax/src/library/grDevices/inst/fonts/Montserrat/static/Montserrat-Medium.ttf svn:mime-type application/octet-stream
  +file_prop: branches/R-syntax/src/library/grDevices/inst/fonts/Roboto/Roboto-Medium.ttf svn:mime-type application/octet-stream
  -file_prop: branches/R-syntax/src/nmath/qDiscrete_search.h svn:keywords
