r5639
  -empty_dir: Attic
r5640
r5641
r5642
r5645
r5647
r5648
r5650
r5651
r5652
r5654
r5656
r5658
r5659
r5660
r5662
r5663
r5665
r5666
r5668
r5670
r5671
r5672
r5673
r5676
r5677
r5678
r5682
r5683
r5684
r5685
r5686
r5687
r5688
r5690
r5691
r5692
r5694
r5695
r5696
r5698
r5699
r5700
r5701
r5702
r5703
r5704
r5706
r5707
r5708
r5709
r5710
r5712
r5713
r5715
r5716
r5717
r5718
r5719
r5721
r5722
r5723
r5724
r5725
r5726
r5727
r5728
r5732
r5733
r5738
r5740
r5741
r5744
r5745
r5746
r5747
r5748
r5749
r5753
r5754
r5755
r5757
r5758
r5759
r5760
r5761
r5764
r5765
r5766
r5767
r5771
r5772
r5774
r5775
r5777
r5778
r5779
r5780
r5781
r5782
r5783
r5784
r5785
r5786
  -empty_dir: branches/R-0-65-patches/src/include/Rversion.h.in
r5787
r5788
r5789
r5790
r5791
r5793
r5794
r5795
r5796
r5797
r5799
r5800
r5801
r5802
r5804
r5805
r5806
r5807
r5808
r5809
r5810
r5811
r5812
r5813
r5814
r5815
r5816
r5818
r5819
r5820
r5822
r5823
r5824
r5825
r5826
r5827
r5828
r5829
r5830
r5831
r5832
r5833
r5835
r5836
r5837
r5838
r5839
r5840
r5841
r5842
r5844
r5845
r5846
r5847
r5848
r5849
r5850
r5852
r5853
r5854
r5855
r5857
r5858
r5859
  +file_prop: branches/R-0-65-patches/src/gnuwin32/help/logo.bmp svn:mime-type application/octet-stream
r5861
r5862
r5863
r5865
r5866
r5867
r5868
r5870
r5871
r5872
r5873
r5874
r5875
r5876
r5877
r5878
r5879
r5880
r5881
r5882
r5884
r5885
r5886
r5888
r5889
r5890
r5891
r5892
r5893
r5894
r5895
r5896
r5897
r5898
r5900
r5901
r5902
r5903
r5904
r5905
r5906
r5907
r5908
r5909
r5910
r5911
r5912
r5913
r5915
r5916
r5917
r5919
r5920
r5921
r5922
r5923
r5924
r5925
r5926
r5927
r5928
r5929
r5930
r5931
r5933
r5934
r5935
r5936
r5937
r5938
r5940
r5941
r5942
r5943
r5944
r5947
r5948
r5950
r5951
r5953
r5954
r5955
r5957
r5958
r5959
r5961
r5962
r5963
r5964
r5965
r5966
r5968
r5969
r5970
r5971
r5972
r5974
r5975
r5976
r5977
r5978
r5979
r5980
r5981
r5982
r5983
r5984
  -empty_dir: branches/R-0-65-patches/tests/no-segfault.Rout.save
r5985
r5986
r5987
r5988
r5989
r5990
r5991
r5992
r5993
r5994
r5995
r5996
r5997
r5999
r6000
r6001
r6002
r6003
r6004
r6005
r6006
r6007
r6009
r6010
r6012
r6013
r6014
r6016
r6018
r6019
  -empty_dir: branches/R-0-65-patches/src/gnuwin32/front-ends/proxytest.c
r6020
r6021
r6022
r6023
r6024
r6025
r6026
r6027
r6028
r6029
r6030
r6031
r6032
r6034
r6035
r6036
r6037
r6038
r6039
r6040
r6041
r6042
r6043
r6044
r6045
r6046
r6047
r6048
r6049
r6050
r6051
r6053
r6054
r6055
r6056
r6057
r6058
r6059
r6060
r6061
r6062
r6063
r6064
r6065
r6066
r6068
r6069
r6070
r6071
r6072
r6074
r6075
r6076
r6077
r6078
r6079
r6080
r6081
r6083
r6084
r6088
r6089
r6091
r6092
r6093
r6094
r6096
r6097
r6102
r6104
r6105
r6106
r6107
r6108
r6110
r6111
r6117
r6120
r6132
r6139
r6145
r6147
r6148
r6149
r6152
r6154
r6159
r6176
r6182
r6186
r6197
r6213
r6216
r6221
r6224
r6226
r6235
r6238
r6244
r6248
r6250
r6254
r6261
r6266
r6271
r6272
r6285
r6298
r6302
r6306
r6321
r6326
r6329
r6331
r6335
r6338
r6346
r6353
r6354
r6360
r6365
r6378
r6381
r6400
r6403
r6406
r6409
r6420
r6429
r6453
r6487
r6498
r6504
r6512
r6519
r6535
r6542
r6554
r6557
r6568
r6578
r6590
r6601
r6619
r6633
r6641
r6662
r6667
r6670
r6678
r6689
r6698
r6710
