r6686
  -empty_dir: Attic
r6688
r6693
r6694
r6695
r6696
r6702
r6704
r6705
r6706
r6707
r6708
r6709
  -empty_dir: branches/R-0-90-patches/doc/manual/Manual.out
r6712
r6714
r6715
r6716
r6718
r6719
r6720
r6721
r6722
r6723
r6724
r6725
r6726
r6727
r6728
r6731
r6732
r6733
r6734
  -empty_dir: branches/R-0-90-patches/doc/manual/pdf/Reference.out
r6735
r6736
r6737
r6738
r6739
r6741
r6742
r6744
r6745
r6746
  -empty_dir: branches/R-0-90-patches/src/gnuwin32/fixed/dobundle.sh
r6747
r6748
r6749
r6752
r6753
r6754
r6755
r6756
r6757
r6758
r6759
r6760
r6761
r6762
r6763
r6764
r6765
r6767
r6768
r6769
r6773
r6774
r6775
r6776
r6777
r6779
r6781
r6782
r6783
r6784
r6785
r6787
r6788
r6789
r6790
r6792
r6793
r6794
r6795
r6796
r6797
r6798
r6799
r6800
r6803
r6804
r6805
r6806
r6807
r6808
r6809
r6810
r6811
r6812
r6813
r6814
r6815
r6816
r6817
r6818
r6819
r6822
r6823
  -empty_dir: branches/R-0-90-patches/doc/manual/Manual.tex.in
  -empty_dir: branches/R-0-90-patches/doc/manual/R-external.texi
  -empty_dir: branches/R-0-90-patches/doc/manual/R-prog.texi
  -empty_dir: branches/R-0-90-patches/doc/manual/plotmath.tex
  -empty_dir: branches/R-0-90-patches/doc/manual/primitive-funs.tex
  -empty_dir: branches/R-0-90-patches/doc/manual/programming.tex
  -empty_dir: branches/R-0-90-patches/doc/manual/writing-Rd.tex
r6824
r6825
r6826
r6827
r6828
r6829
r6830
r6831
r6832
r6833
r6834
r6835
r6836
  -empty_dir: branches/R-0-90-patches/src/library/base/R/windows/help.search.R
r6837
r6838
  -empty_dir: branches/R-0-90-patches/doc/manual/pdf/Manual.out
r6839
r6840
r6841
r6842
r6846
r6847
r6849
r6850
r6851
r6852
r6855
r6856
r6857
r6858
r6859
r6860
r6861
r6862
r6863
r6865
r6866
r6867
r6868
r6869
r6870
r6871
r6872
r6873
  -empty_dir: branches/R-0-90-patches/doc/manual/Reference.tex.in
r6874
r6875
r6876
r6877
r6878
r6879
r6880
r6881
r6882
r6883
r6884
r6885
r6886
r6887
r6888
r6889
r6890
r6891
r6892
r6893
r6894
r6896
r6897
r6898
r6899
r6901
r6903
r6904
r6905
r6906
r6907
r6908
r6909
r6911
r6912
r6913
r6914
r6915
r6917
r6918
r6919
r6920
r6921
r6923
r6924
r6931
r6932
r6933
r6934
r6935
  -empty_dir: branches/R-0-90-patches/doc/manual/Rd2dvi.tex
r6936
r6937
r6938
r6939
r6940
r6941
r6942
r6943
r6944
r6945
r6946
  -empty_dir: branches/R-0-90-patches/src/library/base/man/windows/help.Rd
  -empty_dir: branches/R-0-90-patches/src/library/base/man/windows/help.start.Rd
  -empty_dir: branches/R-0-90-patches/src/library/base/man/windows/tempfile.Rd
  -empty_dir: branches/R-0-90-patches/src/library/base/man/windows/unlink.Rd
r6947
  -empty_dir: branches/R-0-90-patches/src/gnuwin32/front-ends/rproxy.h
r6948
r6949
r6950
r6951
r6952
  -empty_dir: branches/R-0-90-patches/src/library/base/man/windows/update.packages.Rd
r6953
r6954
r6957
r6960
r6961
r6962
r6963
r6964
r6965
r6966
r6967
r6968
r6969
r6970
r6971
r6972
r6973
r6974
r6976
r6977
r6979
r6980
r6982
r6983
r6984
r6985
r6986
r6987
r6988
r6989
r6990
r6991
r6992
r6993
r6995
r6997
r6998
r6999
r7000
r7001
r7004
r7008
r7010
r7012
r7013
r7014
r7015
r7018
r7019
r7020
r7021
r7022
r7023
r7024
r7025
r7027
r7028
r7029
r7030
r7031
r7032
r7033
r7034
r7035
r7036
r7037
r7038
r7039
r7040
r7041
r7043
r7044
r7051
r7052
r7053
r7054
r7055
r7056
r7057
r7058
r7059
r7060
r7061
r7063
  -empty_dir: branches/R-0-90-patches/src/library/base/man/update.lm.Rd
r7064
r7065
r7066
r7067
r7068
r7069
r7071
r7072
r7073
r7074
r7075
r7076
r7077
r7078
r7080
r7083
r7085
r7096
r7097
r7098
r7099
r7100
r7101
r7104
r7105
r7109
r7113
r7114
r7117
r7118
r7129
r7137
r7140
r7148
r7152
r7159
r7164
r7169
r7172
r7178
r7179
r7182
r7188
r7198
r7199
r7227
r7242
r7245
r7256
r7261
r7276
r7280
r7301
r7307
r7316
r7322
r7332
r7348
r7370
r7373
r7403
r7408
r7426
r7462
r7469
r7473
r7503
r7532
r7545
r7570
r7580
r7588
r7592
r7635
r7650
r7666
r7678
r7684
r7705
r7724
r7734
r7756
r7775
r7787
r7793
r7823
r7834
r7840
r7851
r7854
r7876
r7883
r7906
r7917
r7931
r7940
r7944
r7955
r7968
r7977
r7991
r7996
r8003
r8033
r8039
r8045
r8064
