r35752
r35754
r35757
r35762
r35764
r35767
r35769
r35772
r35775
r35779
r35783
r35785
r35791
r35793
r35798
r35800
r35806
r35809
r35816
r35819
r35832
r35834
r35836
r35841
r35845
r35848
r35850
r35853
r35854
r35859
r35861
r35863
r35873
r35875
r35880
r35882
r35886
r35889
r35891
r35894
r35907
r35909
r35911
r35913
r35917
r35925
r35927
r35931
r35937
r35939
r35951
r35953
r35957
r35963
r35968
r35971
r35975
r35978
r35980
r35982
r35984
r35987
r35990
r35992
r35994
r35999
r36001
r36003
r36006
r36013
r36016
r36020
r36031
r36032
r36034
r36037
r36042
r36046
r36049
r36050
r36053
r36055
r36060
r36063
r36067
r36072
r36074
r36077
r36079
r36091
r36095
r36098
r36100
r36103
r36106
r36108
r36111
r36115
r36118
r36120
r36122
r36125
r36130
r36140
r36149
r36152
r36153
r36156
r36158
r36161
r36189
r36193
r36195
r36199
  +file_prop: branches/R-2-2-patches/src/library/grid/inst/po/pt_BR/LC_MESSAGES/grid.mo svn:mime-type application/octet-stream
  +file_prop: branches/R-2-2-patches/src/library/methods/inst/po/pt_BR/LC_MESSAGES/methods.mo svn:mime-type application/octet-stream
  +file_prop: branches/R-2-2-patches/src/library/splines/inst/po/pt_BR/LC_MESSAGES/R-splines.mo svn:mime-type application/octet-stream
  +file_prop: branches/R-2-2-patches/src/library/splines/inst/po/pt_BR/LC_MESSAGES/splines.mo svn:mime-type application/octet-stream
  +file_prop: branches/R-2-2-patches/src/library/stats/inst/po/pt_BR/LC_MESSAGES/R-stats.mo svn:mime-type application/octet-stream
  +file_prop: branches/R-2-2-patches/src/library/stats4/inst/po/pt_BR/LC_MESSAGES/R-stats4.mo svn:mime-type application/octet-stream
  +file_prop: branches/R-2-2-patches/src/library/tcltk/inst/po/pt_BR/LC_MESSAGES/R-tcltk.mo svn:mime-type application/octet-stream
  +file_prop: branches/R-2-2-patches/src/library/tools/inst/po/pt_BR/LC_MESSAGES/tools.mo svn:mime-type application/octet-stream
r36204
r36205
r36207
r36208
r36213
r36216
r36234
r36236
r36239
r36241
r36243
r36247
r36248
r36254
r36257
r36260
r36263
r36268
r36270
r36278
r36280
r36284
r36289
r36291
r36293
r36308
r36310
r36315
r36319
r36322
r36324
r36332
r36333
r36336
  -empty_dir: branches/R-2-2-patches/src/library/stats/man/reorder.Rd
r36338
r36340
r36343
r36346
r36350
r36355
r36360
r36365
r36369
r36373
r36375
r36376
r36379
r36384
r36388
r36391
r36394
r36398
r36400
r36405
r36407
r36410
r36412
r36414
r36416
r36418
r36423
r36425
r36429
r36432
r36435
r36437
r36441
r36442
r36444
r36445
r36456
r36460
r36462
r36464
r36466
r36470
r36472
r36495
r36497
r36502
r36506
r36515
r36516
r36517
r36521
r36523
r36524
r36530
r36532
r36535
r36537
r36540
r36542
r36548
r36550
r36556
r36559
r36561
r36563
r36567
r36570
r36571
r36579
r36582
r36592
r36594
r36596
r36599
r36609
r36611
  -empty_dir: branches/R-2-2-patches/src/library/stats/man/mauchley.test.Rd
r36618
r36621
r36626
r36628
r36630
r36631
r36633
r36635
r36636
r36641
r36644
r36647
r36649
r36653
r36655
r36656
r36658
r36660
r36663
r36664
r36665
  +file_prop: branches/R-2-2-patches/src/library/base/inst/po/fr/LC_MESSAGES/R-base.mo svn:mime-type application/octet-stream
  +file_prop: branches/R-2-2-patches/src/library/grDevices/inst/po/fr/LC_MESSAGES/R-grDevices.mo svn:mime-type application/octet-stream
  +file_prop: branches/R-2-2-patches/src/library/grDevices/inst/po/fr/LC_MESSAGES/grDevices.mo svn:mime-type application/octet-stream
  +file_prop: branches/R-2-2-patches/src/library/graphics/inst/po/fr/LC_MESSAGES/R-graphics.mo svn:mime-type application/octet-stream
  +file_prop: branches/R-2-2-patches/src/library/grid/inst/po/fr/LC_MESSAGES/R-grid.mo svn:mime-type application/octet-stream
  +file_prop: branches/R-2-2-patches/src/library/grid/inst/po/fr/LC_MESSAGES/grid.mo svn:mime-type application/octet-stream
  +file_prop: branches/R-2-2-patches/src/library/methods/inst/po/fr/LC_MESSAGES/R-methods.mo svn:mime-type application/octet-stream
  +file_prop: branches/R-2-2-patches/src/library/methods/inst/po/fr/LC_MESSAGES/methods.mo svn:mime-type application/octet-stream
  +file_prop: branches/R-2-2-patches/src/library/splines/inst/po/fr/LC_MESSAGES/R-splines.mo svn:mime-type application/octet-stream
  +file_prop: branches/R-2-2-patches/src/library/splines/inst/po/fr/LC_MESSAGES/splines.mo svn:mime-type application/octet-stream
  +file_prop: branches/R-2-2-patches/src/library/stats/inst/po/fr/LC_MESSAGES/R-stats.mo svn:mime-type application/octet-stream
  +file_prop: branches/R-2-2-patches/src/library/stats/inst/po/fr/LC_MESSAGES/stats.mo svn:mime-type application/octet-stream
  +file_prop: branches/R-2-2-patches/src/library/stats4/inst/po/fr/LC_MESSAGES/R-stats4.mo svn:mime-type application/octet-stream
  +file_prop: branches/R-2-2-patches/src/library/tcltk/inst/po/fr/LC_MESSAGES/R-tcltk.mo svn:mime-type application/octet-stream
  +file_prop: branches/R-2-2-patches/src/library/tools/inst/po/fr/LC_MESSAGES/R-tools.mo svn:mime-type application/octet-stream
  +file_prop: branches/R-2-2-patches/src/library/tools/inst/po/fr/LC_MESSAGES/tools.mo svn:mime-type application/octet-stream
  +file_prop: branches/R-2-2-patches/src/library/utils/inst/po/fr/LC_MESSAGES/R-utils.mo svn:mime-type application/octet-stream
r36668
r36675
r36676
r36678
r36681
r36683
r36687
r36691
r36692
r36695
r36699
r36702
r36711
r36713
r36715
r36718
r36726
r36728
r36730
r36732
r36735
r36736
r36739
r36750
  +file_prop: branches/R-2-2-patches/src/library/utils/inst/po/zh_CN/LC_MESSAGES/R-utils.mo svn:mime-type application/octet-stream
r36751
r36758
r36762
  +file_prop: branches/R-2-2-patches/src/library/graphics/inst/po/ru/LC_MESSAGES/R-graphics.mo svn:mime-type application/octet-stream
r36765
r36771
r36772
r36773
r36777
r36780
r36781
  -empty_dir: branches/R-2-2-patches/debian
r36783
r36785
  +file_prop: branches/R-2-2-patches/src/library/methods/inst/po/pt_BR/LC_MESSAGES/R-methods.mo svn:mime-type application/octet-stream
r36788
r36789
r36790
r36793
r36796
r36798
r36799
r36806
r36813
r36815
r36825
r36827
r36833
r36835
r36844
r36848
r36860
r36881
r36882
r36886
r36907
r36912
r36917
r36928
r36936
r36940
r36942
r36944
r36947
r36958
r36961
r36967
r36978
r36989
r36998
r37004
r37008
r37028
r37043
r37058
r37060
r37068
r37073
r37076
r37078
r37081
r37083
r37092
r37094
r37104
r37114
r37125
r37136
r37141
r37165
r37174
r37176
r37183
r37195
r37207
r37210
r37214
r37224
r37225
r37230
r37234
r37248
r37250
r37260
r37262
r37277
r37283
r37293
r37297
r37305
r37321
r37324
r37326
r37330
r37338
r37340
r37346
r37357
r37378
r37390
r37412
r37415
r37421
r37444
r37448
r37450
r37459
r37465
r37467
r37492
r37509
r37526
r37530
r37533
r37542
r37549
r37559
r37562
r37570
r37571
r37602
r37611
r37638
r37662
r37683
