r6280
  -empty_dir: Attic
  -empty_dir: BUGS
  -empty_dir: COPYING
  -empty_dir: COPYRIGHTS
  -empty_dir: FAQ
  -empty_dir: INSTALL
  -empty_dir: MIRROR-SITES
  -empty_dir: Makeconf.in
  -empty_dir: Makefile.in
  -empty_dir: NEWS
  -empty_dir: PLATFORMS
  -empty_dir: PROJECTS
  -empty_dir: README
  -empty_dir: RESOURCES
  -empty_dir: VERSION
  -empty_dir: Y2K
  -empty_dir: aclocal.m4
  -empty_dir: afm
  -empty_dir: config.site
  -empty_dir: configure
  -empty_dir: configure.in
  -empty_dir: configure.mac
  -empty_dir: date-stamp
  -empty_dir: debian
  -empty_dir: demos
  -empty_dir: doc
  -empty_dir: etc
  -empty_dir: src/Makefile.in
  -empty_dir: src/appl
  -empty_dir: src/f2clib
  -empty_dir: src/gnome
  -empty_dir: src/gnuwin32
  -empty_dir: src/include
  -empty_dir: src/library/Makefile.in
  -empty_dir: src/library/base/INDEX
  -empty_dir: src/library/base/Makefile.in
  -empty_dir: src/library/base/R
  -empty_dir: src/library/base/TITLE
  -empty_dir: src/library/base/data
  -empty_dir: src/library/base/man/Arithmetic.Rd
  -empty_dir: src/library/base/man/Bessel.Rd
  -empty_dir: src/library/base/man/Beta.Rd
  -empty_dir: src/library/base/man/Binomial.Rd
  -empty_dir: src/library/base/man/Cauchy.Rd
  -empty_dir: src/library/base/man/Chisquare.Rd
  -empty_dir: src/library/base/man/Comparison.Rd
  -empty_dir: src/library/base/man/Constants.Rd
  -empty_dir: src/library/base/man/Control.Rd
  -empty_dir: src/library/base/man/Defunct.Rd
  -empty_dir: src/library/base/man/Deprecated.Rd
  -empty_dir: src/library/base/man/Devices.Rd
  -empty_dir: src/library/base/man/Exponential.Rd
  -empty_dir: src/library/base/man/Extract.Rd
  -empty_dir: src/library/base/man/Extremes.Rd
  -empty_dir: src/library/base/man/FDist.Rd
  -empty_dir: src/library/base/man/Foreign.Rd
  -empty_dir: src/library/base/man/Formaldehyde.Rd
  -empty_dir: src/library/base/man/GammaDist.Rd
  -empty_dir: src/library/base/man/Geometric.Rd
  -empty_dir: src/library/base/man/Hyperbolic.Rd
  -empty_dir: src/library/base/man/Hypergeometric.Rd
  -empty_dir: src/library/base/man/IQR.Rd
  -empty_dir: src/library/base/man/InsectSprays.Rd
  -empty_dir: src/library/base/man/Internal.Rd
  -empty_dir: src/library/base/man/Last.value.Rd
  -empty_dir: src/library/base/man/LifeCycleSavings.Rd
  -empty_dir: src/library/base/man/Log.Rd
  -empty_dir: src/library/base/man/Logic.Rd
  -empty_dir: src/library/base/man/Logistic.Rd
  -empty_dir: src/library/base/man/Lognormal.Rd
  -empty_dir: src/library/base/man/Math.Rd
  -empty_dir: src/library/base/man/Memory.Rd
  -empty_dir: src/library/base/man/NA.Rd
  -empty_dir: src/library/base/man/NChisquare.Rd
  -empty_dir: src/library/base/man/NULL.Rd
  -empty_dir: src/library/base/man/NegBinomial.Rd
  -empty_dir: src/library/base/man/Normal.Rd
  -empty_dir: src/library/base/man/OrchardSprays.Rd
  -empty_dir: src/library/base/man/Paren.Rd
  -empty_dir: src/library/base/man/PlantGrowth.Rd
  -empty_dir: src/library/base/man/Poisson.Rd
  -empty_dir: src/library/base/man/Primitive.Rd
  -empty_dir: src/library/base/man/Random.Rd
  -empty_dir: src/library/base/man/Recall.Rd
  -empty_dir: src/library/base/man/Round.Rd
  -empty_dir: src/library/base/man/SignRank.Rd
  -empty_dir: src/library/base/man/Special.Rd
  -empty_dir: src/library/base/man/Startup.Rd
  -empty_dir: src/library/base/man/TDist.Rd
  -empty_dir: src/library/base/man/ToothGrowth.Rd
  -empty_dir: src/library/base/man/Trig.Rd
  -empty_dir: src/library/base/man/Tukey.Rd
  -empty_dir: src/library/base/man/USArrests.Rd
  -empty_dir: src/library/base/man/USJudgeRatings.Rd
  -empty_dir: src/library/base/man/USPersonalExpenditure.Rd
  -empty_dir: src/library/base/man/Uniform.Rd
  -empty_dir: src/library/base/man/VADeaths.Rd
  -empty_dir: src/library/base/man/Version.Rd
  -empty_dir: src/library/base/man/Weibull.Rd
  -empty_dir: src/library/base/man/Wilcoxon.Rd
  -empty_dir: src/library/base/man/abbreviate.Rd
  -empty_dir: src/library/base/man/abline.Rd
  -empty_dir: src/library/base/man/add1.Rd
  -empty_dir: src/library/base/man/aggregate.Rd
  -empty_dir: src/library/base/man/airmiles.Rd
  -empty_dir: src/library/base/man/airquality.Rd
  -empty_dir: src/library/base/man/alias.Rd
  -empty_dir: src/library/base/man/all.Rd
  -empty_dir: src/library/base/man/all.equal.Rd
  -empty_dir: src/library/base/man/allnames.Rd
  -empty_dir: src/library/base/man/anova.Rd
  -empty_dir: src/library/base/man/anscombe.Rd
  -empty_dir: src/library/base/man/aov.Rd
  -empty_dir: src/library/base/man/aperm.Rd
  -empty_dir: src/library/base/man/append.Rd
  -empty_dir: src/library/base/man/apply.Rd
  -empty_dir: src/library/base/man/approxfun.Rd
  -empty_dir: src/library/base/man/apropos.Rd
  -empty_dir: src/library/base/man/args.Rd
  -empty_dir: src/library/base/man/array.Rd
  -empty_dir: src/library/base/man/arrows.Rd
  -empty_dir: src/library/base/man/as.function.Rd
  -empty_dir: src/library/base/man/assign.Rd
  -empty_dir: src/library/base/man/attach.Rd
  -empty_dir: src/library/base/man/attenu.Rd
  -empty_dir: src/library/base/man/attitude.Rd
  -empty_dir: src/library/base/man/attr.Rd
  -empty_dir: src/library/base/man/attributes.Rd
  -empty_dir: src/library/base/man/autoload.Rd
  -empty_dir: src/library/base/man/ave.Rd
  -empty_dir: src/library/base/man/axis.Rd
  -empty_dir: src/library/base/man/backsolve.Rd
  -empty_dir: src/library/base/man/barplot.Rd
  -empty_dir: src/library/base/man/body.Rd
  -empty_dir: src/library/base/man/box.Rd
  -empty_dir: src/library/base/man/boxplot.Rd
  -empty_dir: src/library/base/man/boxplot.default.Rd
  -empty_dir: src/library/base/man/boxplot.formula.Rd
  -empty_dir: src/library/base/man/boxplot.stats.Rd
  -empty_dir: src/library/base/man/browser.Rd
  -empty_dir: src/library/base/man/bug.report.Rd
  -empty_dir: src/library/base/man/bxp.Rd
  -empty_dir: src/library/base/man/c.Rd
  -empty_dir: src/library/base/man/call.Rd
  -empty_dir: src/library/base/man/cars.Rd
  -empty_dir: src/library/base/man/case.names.Rd
  -empty_dir: src/library/base/man/cat.Rd
  -empty_dir: src/library/base/man/cbind.Rd
  -empty_dir: src/library/base/man/character.Rd
  -empty_dir: src/library/base/man/charmatch.Rd
  -empty_dir: src/library/base/man/check.options.Rd
  -empty_dir: src/library/base/man/chickwts.Rd
  -empty_dir: src/library/base/man/chisq.test.Rd
  -empty_dir: src/library/base/man/chol.Rd
  -empty_dir: src/library/base/man/chol2inv.Rd
  -empty_dir: src/library/base/man/chull.Rd
  -empty_dir: src/library/base/man/class.Rd
  -empty_dir: src/library/base/man/close.socket.Rd
  -empty_dir: src/library/base/man/co2.Rd
  -empty_dir: src/library/base/man/codes.Rd
  -empty_dir: src/library/base/man/coefficients.Rd
  -empty_dir: src/library/base/man/col.Rd
  -empty_dir: src/library/base/man/colnames.Rd
  -empty_dir: src/library/base/man/colors.Rd
  -empty_dir: src/library/base/man/commandArgs.Rd
  -empty_dir: src/library/base/man/comment.Rd
  -empty_dir: src/library/base/man/complete.cases.Rd
  -empty_dir: src/library/base/man/complex.Rd
  -empty_dir: src/library/base/man/conflicts.Rd
  -empty_dir: src/library/base/man/contour.Rd
  -empty_dir: src/library/base/man/contrast.Rd
  -empty_dir: src/library/base/man/contrasts.Rd
  -empty_dir: src/library/base/man/contributors.Rd
  -empty_dir: src/library/base/man/convolve.Rd
  -empty_dir: src/library/base/man/coplot.Rd
  -empty_dir: src/library/base/man/copyright.Rd
  -empty_dir: src/library/base/man/cor.Rd
  -empty_dir: src/library/base/man/count.fields.Rd
  -empty_dir: src/library/base/man/cov.wt.Rd
  -empty_dir: src/library/base/man/crossprod.Rd
  -empty_dir: src/library/base/man/cumsum.Rd
  -empty_dir: src/library/base/man/curve.Rd
  -empty_dir: src/library/base/man/cut.Rd
  -empty_dir: src/library/base/man/data.Rd
  -empty_dir: src/library/base/man/data.class.Rd
  -empty_dir: src/library/base/man/data.frame.Rd
  -empty_dir: src/library/base/man/data.matrix.Rd
  -empty_dir: src/library/base/man/dataentry.Rd
  -empty_dir: src/library/base/man/date.Rd
  -empty_dir: src/library/base/man/debug.Rd
  -empty_dir: src/library/base/man/delay.Rd
  -empty_dir: src/library/base/man/delete.response.Rd
  -empty_dir: src/library/base/man/demo.Rd
  -empty_dir: src/library/base/man/density.Rd
  -empty_dir: src/library/base/man/deparse.Rd
  -empty_dir: src/library/base/man/deriv.Rd
  -empty_dir: src/library/base/man/detach.Rd
  -empty_dir: src/library/base/man/dev.Rd
  -empty_dir: src/library/base/man/dev2.Rd
  -empty_dir: src/library/base/man/dev2bitmap.Rd
  -empty_dir: src/library/base/man/deviance.Rd
  -empty_dir: src/library/base/man/df.residual.Rd
  -empty_dir: src/library/base/man/diag.Rd
  -empty_dir: src/library/base/man/diff.Rd
  -empty_dir: src/library/base/man/dim.Rd
  -empty_dir: src/library/base/man/dimnames.Rd
  -empty_dir: src/library/base/man/discoveries.Rd
  -empty_dir: src/library/base/man/do.call.Rd
  -empty_dir: src/library/base/man/dotplot.Rd
  -empty_dir: src/library/base/man/double.Rd
  -empty_dir: src/library/base/man/dput.Rd
  -empty_dir: src/library/base/man/drop.Rd
  -empty_dir: src/library/base/man/dummy.coef.Rd
  -empty_dir: src/library/base/man/dump.Rd
  -empty_dir: src/library/base/man/duplicated.Rd
  -empty_dir: src/library/base/man/dynload.Rd
  -empty_dir: src/library/base/man/edit.Rd
  -empty_dir: src/library/base/man/eff.aovlist.Rd
  -empty_dir: src/library/base/man/effects.Rd
  -empty_dir: src/library/base/man/eigen.Rd
  -empty_dir: src/library/base/man/environment.Rd
  -empty_dir: src/library/base/man/esoph.Rd
  -empty_dir: src/library/base/man/euro.Rd
  -empty_dir: src/library/base/man/eurodist.Rd
  -empty_dir: src/library/base/man/eval.Rd
  -empty_dir: src/library/base/man/example.Rd
  -empty_dir: src/library/base/man/exists.Rd
  -empty_dir: src/library/base/man/expand.grid.Rd
  -empty_dir: src/library/base/man/expression.Rd
  -empty_dir: src/library/base/man/extractAIC.Rd
  -empty_dir: src/library/base/man/factor.Rd
  -empty_dir: src/library/base/man/factor.scope.Rd
  -empty_dir: src/library/base/man/faithful.Rd
  -empty_dir: src/library/base/man/family.Rd
  -empty_dir: src/library/base/man/fft.Rd
  -empty_dir: src/library/base/man/file.Rd
  -empty_dir: src/library/base/man/file.show.Rd
  -empty_dir: src/library/base/man/filled.contour.Rd
  -empty_dir: src/library/base/man/fitted.values.Rd
  -empty_dir: src/library/base/man/fivenum.Rd
  -empty_dir: src/library/base/man/fix.Rd
  -empty_dir: src/library/base/man/formals.Rd
  -empty_dir: src/library/base/man/format.Rd
  -empty_dir: src/library/base/man/format.info.Rd
  -empty_dir: src/library/base/man/formatc.Rd
  -empty_dir: src/library/base/man/formula.Rd
  -empty_dir: src/library/base/man/frame.Rd
  -empty_dir: src/library/base/man/freeny.Rd
  -empty_dir: src/library/base/man/function.Rd
  -empty_dir: src/library/base/man/gc.Rd
  -empty_dir: src/library/base/man/gctorture.Rd
  -empty_dir: src/library/base/man/get.Rd
  -empty_dir: src/library/base/man/getenv.Rd
  -empty_dir: src/library/base/man/getwd.Rd
  -empty_dir: src/library/base/man/gl.Rd
  -empty_dir: src/library/base/man/glm.Rd
  -empty_dir: src/library/base/man/glm.summaries.Rd
  -empty_dir: src/library/base/man/gray.Rd
  -empty_dir: src/library/base/man/grep.Rd
  -empty_dir: src/library/base/man/grid.Rd
  -empty_dir: src/library/base/man/help.Rd
  -empty_dir: src/library/base/man/help.start.Rd
  -empty_dir: src/library/base/man/hist.Rd
  -empty_dir: src/library/base/man/hsv.Rd
  -empty_dir: src/library/base/man/identify.Rd
  -empty_dir: src/library/base/man/ifelse.Rd
  -empty_dir: src/library/base/man/image.Rd
  -empty_dir: src/library/base/man/index.search.Rd
  -empty_dir: src/library/base/man/infert.Rd
  -empty_dir: src/library/base/man/influence.measures.Rd
  -empty_dir: src/library/base/man/integer.Rd
  -empty_dir: src/library/base/man/interaction.Rd
  -empty_dir: src/library/base/man/interactive.Rd
  -empty_dir: src/library/base/man/invisible.Rd
  -empty_dir: src/library/base/man/iris.Rd
  -empty_dir: src/library/base/man/is.finite.Rd
  -empty_dir: src/library/base/man/is.function.Rd
  -empty_dir: src/library/base/man/is.language.Rd
  -empty_dir: src/library/base/man/is.object.Rd
  -empty_dir: src/library/base/man/is.recursive.Rd
  -empty_dir: src/library/base/man/is.single.Rd
  -empty_dir: src/library/base/man/isR.Rd
  -empty_dir: src/library/base/man/islands.Rd
  -empty_dir: src/library/base/man/jitter.Rd
  -empty_dir: src/library/base/man/kappa.Rd
  -empty_dir: src/library/base/man/kronecker.Rd
  -empty_dir: src/library/base/man/labels.Rd
  -empty_dir: src/library/base/man/lapply.Rd
  -empty_dir: src/library/base/man/layout.Rd
  -empty_dir: src/library/base/man/legend.Rd
  -empty_dir: src/library/base/man/length.Rd
  -empty_dir: src/library/base/man/levels.Rd
  -empty_dir: src/library/base/man/levels.factor.Rd
  -empty_dir: src/library/base/man/library.Rd
  -empty_dir: src/library/base/man/library.dynam.Rd
  -empty_dir: src/library/base/man/license.Rd
  -empty_dir: src/library/base/man/lines.Rd
  -empty_dir: src/library/base/man/list.Rd
  -empty_dir: src/library/base/man/list.files.Rd
  -empty_dir: src/library/base/man/lm.Rd
  -empty_dir: src/library/base/man/lm.influence.Rd
  -empty_dir: src/library/base/man/lm.summaries.Rd
  -empty_dir: src/library/base/man/load.Rd
  -empty_dir: src/library/base/man/locator.Rd
  -empty_dir: src/library/base/man/logical.Rd
  -empty_dir: src/library/base/man/loglin.Rd
  -empty_dir: src/library/base/man/longley.Rd
  -empty_dir: src/library/base/man/lower.tri.Rd
  -empty_dir: src/library/base/man/lowess.Rd
  -empty_dir: src/library/base/man/ls.Rd
  -empty_dir: src/library/base/man/ls.diag.Rd
  -empty_dir: src/library/base/man/ls.print.Rd
  -empty_dir: src/library/base/man/lsfit.Rd
  -empty_dir: src/library/base/man/mac
  -empty_dir: src/library/base/man/machine.Rd
  -empty_dir: src/library/base/man/mad.Rd
  -empty_dir: src/library/base/man/mahalanobis.Rd
  -empty_dir: src/library/base/man/make.link.Rd
  -empty_dir: src/library/base/man/make.names.Rd
  -empty_dir: src/library/base/man/make.socket.Rd
  -empty_dir: src/library/base/man/make.tables.Rd
  -empty_dir: src/library/base/man/mat.or.vec.Rd
  -empty_dir: src/library/base/man/match.Rd
  -empty_dir: src/library/base/man/match.arg.Rd
  -empty_dir: src/library/base/man/match.call.Rd
  -empty_dir: src/library/base/man/match.fun.Rd
  -empty_dir: src/library/base/man/matmult.Rd
  -empty_dir: src/library/base/man/matrix.Rd
  -empty_dir: src/library/base/man/mean.Rd
  -empty_dir: src/library/base/man/median.Rd
  -empty_dir: src/library/base/man/menu.Rd
  -empty_dir: src/library/base/man/methods.Rd
  -empty_dir: src/library/base/man/missing.Rd
  -empty_dir: src/library/base/man/mode.Rd
  -empty_dir: src/library/base/man/model.extract.Rd
  -empty_dir: src/library/base/man/model.frame.Rd
  -empty_dir: src/library/base/man/model.matrix.Rd
  -empty_dir: src/library/base/man/model.tables.Rd
  -empty_dir: src/library/base/man/mosaicplot.Rd
  -empty_dir: src/library/base/man/mtcars.Rd
  -empty_dir: src/library/base/man/mtext.Rd
  -empty_dir: src/library/base/man/na.action.Rd
  -empty_dir: src/library/base/man/na.fail.Rd
  -empty_dir: src/library/base/man/name.Rd
  -empty_dir: src/library/base/man/names.Rd
  -empty_dir: src/library/base/man/nargs.Rd
  -empty_dir: src/library/base/man/nchar.Rd
  -empty_dir: src/library/base/man/nextn.Rd
  -empty_dir: src/library/base/man/nhtemp.Rd
  -empty_dir: src/library/base/man/nlevels.Rd
  -empty_dir: src/library/base/man/nlm.Rd
  -empty_dir: src/library/base/man/noquote.Rd
  -empty_dir: src/library/base/man/notyet.Rd
  -empty_dir: src/library/base/man/nrow.Rd
  -empty_dir: src/library/base/man/numeric.Rd
  -empty_dir: src/library/base/man/offset.Rd
  -empty_dir: src/library/base/man/on.exit.Rd
  -empty_dir: src/library/base/man/optimize.Rd
  -empty_dir: src/library/base/man/options.Rd
  -empty_dir: src/library/base/man/order.Rd
  -empty_dir: src/library/base/man/outer.Rd
  -empty_dir: src/library/base/man/page.Rd
  -empty_dir: src/library/base/man/pairs.Rd
  -empty_dir: src/library/base/man/pairs.formula.Rd
  -empty_dir: src/library/base/man/palette.Rd
  -empty_dir: src/library/base/man/palettes.Rd
  -empty_dir: src/library/base/man/panel.smooth.Rd
  -empty_dir: src/library/base/man/par.Rd
  -empty_dir: src/library/base/man/parse.Rd
  -empty_dir: src/library/base/man/paste.Rd
  -empty_dir: src/library/base/man/persp.Rd
  -empty_dir: src/library/base/man/phones.Rd
  -empty_dir: src/library/base/man/pictex.Rd
  -empty_dir: src/library/base/man/piechart.Rd
  -empty_dir: src/library/base/man/plot.Rd
  -empty_dir: src/library/base/man/plot.lm.Rd
  -empty_dir: src/library/base/man/plot.window.Rd
  -empty_dir: src/library/base/man/plot.xy.Rd
  -empty_dir: src/library/base/man/plotdefault.Rd
  -empty_dir: src/library/base/man/plotfactor.Rd
  -empty_dir: src/library/base/man/plotformula.Rd
  -empty_dir: src/library/base/man/pmatch.Rd
  -empty_dir: src/library/base/man/points.Rd
  -empty_dir: src/library/base/man/poly.Rd
  -empty_dir: src/library/base/man/polygon.Rd
  -empty_dir: src/library/base/man/polyroot.Rd
  -empty_dir: src/library/base/man/postscript.Rd
  -empty_dir: src/library/base/man/power.Rd
  -empty_dir: src/library/base/man/ppoints.Rd
  -empty_dir: src/library/base/man/precip.Rd
  -empty_dir: src/library/base/man/predict.Rd
  -empty_dir: src/library/base/man/predict.glm.Rd
  -empty_dir: src/library/base/man/predict.lm.Rd
  -empty_dir: src/library/base/man/presidents.Rd
  -empty_dir: src/library/base/man/pressure.Rd
  -empty_dir: src/library/base/man/pretty.Rd
  -empty_dir: src/library/base/man/print.Rd
  -empty_dir: src/library/base/man/print.coefmat.Rd
  -empty_dir: src/library/base/man/print.default.Rd
  -empty_dir: src/library/base/man/print.matrix.Rd
  -empty_dir: src/library/base/man/proc.time.Rd
  -empty_dir: src/library/base/man/prod.Rd
  -empty_dir: src/library/base/man/proj.Rd
  -empty_dir: src/library/base/man/prompt.Rd
  -empty_dir: src/library/base/man/prompt.data.frame.Rd
  -empty_dir: src/library/base/man/prop.test.Rd
  -empty_dir: src/library/base/man/qqnorm.Rd
  -empty_dir: src/library/base/man/qr.Rd
  -empty_dir: src/library/base/man/qraux.Rd
  -empty_dir: src/library/base/man/quakes.Rd
  -empty_dir: src/library/base/man/quantile.Rd
  -empty_dir: src/library/base/man/quit.Rd
  -empty_dir: src/library/base/man/randu.Rd
  -empty_dir: src/library/base/man/range.Rd
  -empty_dir: src/library/base/man/range.default.Rd
  -empty_dir: src/library/base/man/rank.Rd
  -empty_dir: src/library/base/man/read.fwf.Rd
  -empty_dir: src/library/base/man/read.socket.Rd
  -empty_dir: src/library/base/man/read.table.Rd
  -empty_dir: src/library/base/man/read.table.url.Rd
  -empty_dir: src/library/base/man/readline.Rd
  -empty_dir: src/library/base/man/real.Rd
  -empty_dir: src/library/base/man/rect.Rd
  -empty_dir: src/library/base/man/relevel.Rd
  -empty_dir: src/library/base/man/rep.Rd
  -empty_dir: src/library/base/man/replace.Rd
  -empty_dir: src/library/base/man/replications.Rd
  -empty_dir: src/library/base/man/residuals.Rd
  -empty_dir: src/library/base/man/restart.Rd
  -empty_dir: src/library/base/man/rev.Rd
  -empty_dir: src/library/base/man/rgb.Rd
  -empty_dir: src/library/base/man/rivers.Rd
  -empty_dir: src/library/base/man/rle.Rd
  -empty_dir: src/library/base/man/rm.Rd
  -empty_dir: src/library/base/man/row.Rd
  -empty_dir: src/library/base/man/rowsum.Rd
  -empty_dir: src/library/base/man/rug.Rd
  -empty_dir: src/library/base/man/sample.Rd
  -empty_dir: src/library/base/man/save.Rd
  -empty_dir: src/library/base/man/scale.Rd
  -empty_dir: src/library/base/man/scan.Rd
  -empty_dir: src/library/base/man/screen.Rd
  -empty_dir: src/library/base/man/sd.Rd
  -empty_dir: src/library/base/man/se.aov.Rd
  -empty_dir: src/library/base/man/se.contrast.Rd
  -empty_dir: src/library/base/man/search.Rd
  -empty_dir: src/library/base/man/seq.Rd
  -empty_dir: src/library/base/man/sequence.Rd
  -empty_dir: src/library/base/man/sets.Rd
  -empty_dir: src/library/base/man/sign.Rd
  -empty_dir: src/library/base/man/sink.Rd
  -empty_dir: src/library/base/man/sleep.Rd
  -empty_dir: src/library/base/man/solve.Rd
  -empty_dir: src/library/base/man/sort.Rd
  -empty_dir: src/library/base/man/source.Rd
  -empty_dir: src/library/base/man/splinefun.Rd
  -empty_dir: src/library/base/man/split.Rd
  -empty_dir: src/library/base/man/stackloss.Rd
  -empty_dir: src/library/base/man/stars.Rd
  -empty_dir: src/library/base/man/start.Rd
  -empty_dir: src/library/base/man/stat.anova.Rd
  -empty_dir: src/library/base/man/state.Rd
  -empty_dir: src/library/base/man/stem.Rd
  -empty_dir: src/library/base/man/step.Rd
  -empty_dir: src/library/base/man/stop.Rd
  -empty_dir: src/library/base/man/str.Rd
  -empty_dir: src/library/base/man/stripplot.Rd
  -empty_dir: src/library/base/man/strsplit.Rd
  -empty_dir: src/library/base/man/structure.Rd
  -empty_dir: src/library/base/man/strwidth.Rd
  -empty_dir: src/library/base/man/subset.Rd
  -empty_dir: src/library/base/man/substitute.Rd
  -empty_dir: src/library/base/man/substr.Rd
  -empty_dir: src/library/base/man/sum.Rd
  -empty_dir: src/library/base/man/summary.Rd
  -empty_dir: src/library/base/man/sunflowerplot.Rd
  -empty_dir: src/library/base/man/sunspots.Rd
  -empty_dir: src/library/base/man/svd.Rd
  -empty_dir: src/library/base/man/sweep.Rd
  -empty_dir: src/library/base/man/swiss.Rd
  -empty_dir: src/library/base/man/switch.Rd
  -empty_dir: src/library/base/man/symnum.Rd
  -empty_dir: src/library/base/man/sys.parent.Rd
  -empty_dir: src/library/base/man/system.Rd
  -empty_dir: src/library/base/man/system.file.Rd
  -empty_dir: src/library/base/man/system.time.Rd
  -empty_dir: src/library/base/man/t.Rd
  -empty_dir: src/library/base/man/t.test.Rd
  -empty_dir: src/library/base/man/table.Rd
  -empty_dir: src/library/base/man/tabulate.Rd
  -empty_dir: src/library/base/man/tapply.Rd
  -empty_dir: src/library/base/man/tempfile.Rd
  -empty_dir: src/library/base/man/terms.Rd
  -empty_dir: src/library/base/man/text.Rd
  -empty_dir: src/library/base/man/time.Rd
  -empty_dir: src/library/base/man/title.Rd
  -empty_dir: src/library/base/man/trace.Rd
  -empty_dir: src/library/base/man/traceback.Rd
  -empty_dir: src/library/base/man/transform.Rd
  -empty_dir: src/library/base/man/trees.Rd
  -empty_dir: src/library/base/man/ts.Rd
  -empty_dir: src/library/base/man/tsp.Rd
  -empty_dir: src/library/base/man/typeof.Rd
  -empty_dir: src/library/base/man/unique.Rd
  -empty_dir: src/library/base/man/uniroot.Rd
  -empty_dir: src/library/base/man/units.Rd
  -empty_dir: src/library/base/man/unix
  -empty_dir: src/library/base/man/unlink.Rd
  -empty_dir: src/library/base/man/unlist.Rd
  -empty_dir: src/library/base/man/update.Rd
  -empty_dir: src/library/base/man/update.formula.Rd
  -empty_dir: src/library/base/man/update.lm.Rd
  -empty_dir: src/library/base/man/update.packages.Rd
  -empty_dir: src/library/base/man/uspop.Rd
  -empty_dir: src/library/base/man/var.Rd
  -empty_dir: src/library/base/man/vector.Rd
  -empty_dir: src/library/base/man/volcano.Rd
  -empty_dir: src/library/base/man/warning.Rd
  -empty_dir: src/library/base/man/warnings.Rd
  -empty_dir: src/library/base/man/warpbreaks.Rd
  -empty_dir: src/library/base/man/weighted.mean.Rd
  -empty_dir: src/library/base/man/weighted.residuals.Rd
  -empty_dir: src/library/base/man/which.Rd
  -empty_dir: src/library/base/man/window.Rd
  -empty_dir: src/library/base/man/windows
  -empty_dir: src/library/base/man/women.Rd
  -empty_dir: src/library/base/man/write.Rd
  -empty_dir: src/library/base/man/write.table.Rd
  -empty_dir: src/library/base/man/xy.coords.Rd
  -empty_dir: src/library/base/man/zAlias.Rd
  -empty_dir: src/library/base/man/zC.Rd
  -empty_dir: src/library/base/man/zMachine.Rd
  -empty_dir: src/library/base/man/zMethods.Rd
  -empty_dir: src/library/base/man/zip.file.extract.Rd
  -empty_dir: src/library/eda
  -empty_dir: src/library/lqs
  -empty_dir: src/library/modreg
  -empty_dir: src/library/mva
  -empty_dir: src/library/profile
  -empty_dir: src/library/stepfun
  -empty_dir: src/library/ts
  -empty_dir: src/macintosh
  -empty_dir: src/main
  -empty_dir: src/nmath
  -empty_dir: src/regex
  -empty_dir: src/scripts
  -empty_dir: src/unix
  -empty_dir: tests
  -empty_dir: tools
r6398
