r28973
  -empty_dir: Attic
r28974
r28977
r28979
r28980
r28981
r28982
r28983
r28984
r28986
r28987
r28988
r28989
r28995
r28997
r28998
r29000
r29004
r29006
r29009
r29011
r29012
r29015
r29017
r29018
r29020
r29023
r29027
r29029
r29037
r29040
r29043
r29044
r29047
r29048
r29049
r29052
r29054
r29056
r29060
r29065
r29068
r29071
r29073
r29075
r29077
r29078
r29081
r29083
r29084
r29087
r29088
r29089
r29090
r29091
r29093
r29096
r29101
r29103
r29105
r29107
r29109
r29111
r29112
r29114
r29116
r29117
  -empty_dir: branches/R-1-9-patches/src/library/base/INDEX
r29118
r29119
r29120
r29121
r29124
r29125
r29127
r29129
r29131
r29133
r29134
r29135
  -empty_dir: branches/R-1-9-patches/src/library/utils/man/utils-internal.Rd
r29137
r29140
r29142
r29143
r29144
r29146
r29148
r29150
r29151
r29154
r29155
r29156
r29157
r29160
r29165
r29166
r29168
r29170
r29171
r29173
r29176
r29178
r29180
r29181
r29183
r29185
r29186
r29188
r29190
r29192
r29194
r29196
r29199
r29201
r29203
r29209
r29210
r29212
r29213
r29214
r29218
r29221
r29223
r29225
r29231
r29232
r29233
r29235
r29237
r29239
r29241
r29242
r29245
r29247
r29248
r29249
r29250
r29258
r29259
r29261
r29262
r29264
r29272
r29275
r29278
r29279
r29280
r29281
r29282
r29284
r29286
r29287
r29291
r29294
r29299
r29301
r29304
r29310
r29312
r29314
r29315
r29318
r29319
r29324
r29326
r29328
r29335
r29337
r29341
r29343
r29345
r29348
r29350
r29353
r29356
r29357
r29358
r29360
r29364
r29365
r29366
r29368
r29370
r29372
r29374
r29376
r29377
r29380
r29382
r29383
r29384
r29385
r29386
r29388
r29390
r29391
r29393
r29395
r29396
r29398
r29400
r29401
r29403
r29406
r29408
r29413
r29415
r29416
r29419
r29421
r29427
r29429
r29431
r29433
r29438
r29439
r29444
r29446
r29448
r29452
r29454
r29456
r29458
r29460
r29464
r29466
r29468
r29470
r29471
r29472
r29473
r29475
r29477
r29479
r29481
r29483
r29485
r29487
r29489
r29492
r29494
r29501
r29502
r29505
r29507
r29511
r29512
r29513
r29514
r29516
r29520
r29521
r29522
r29523
r29524
r29531
r29533
r29540
r29541
r29543
r29544
r29547
r29549
r29555
r29556
r29558
r29559
r29565
r29566
r29567
r29568
r29575
r29581
r29583
r29584
r29585
r29587
r29590
r29592
r29594
r29596
r29598
r29599
r29601
r29605
r29608
r29610
r29612
r29614
r29616
r29619
r29623
r29625
r29628
r29630
r29637
r29639
r29641
r29643
r29645
r29647
r29648
r29650
r29663
r29665
r29667
r29670
r29673
r29675
r29676
r29678
r29679
r29680
r29682
r29685
r29686
r29687
r29689
r29691
r29692
r29695
r29696
r29697
r29698
r29699
r29700
r29703
r29704
r29705
r29706
r29707
r29708
r29709
r29710
r29711
r29713
r29715
r29716
r29718
r29719
r29721
r29723
r29725
r29726
r29727
r29730
r29733
r29737
r29739
r29740
r29745
r29754
r29756
r29757
r29759
r29760
r29762
r29765
r29770
r29772
r29775
r29777
r29779
r29781
r29786
r29788
r29790
r29792
r29794
r29795
r29797
r29803
r29804
r29806
r29808
r29815
r29817
r29821
r29825
r29827
r29828
r29832
r29839
r29841
r29843
r29848
r29849
r29851
r29853
r29855
r29860
r29866
r29868
r29869
r29870
r29872
r29873
r29874
r29876
r29877
r29883
r29886
r29890
r29892
r29894
r29904
r29910
r29914
r29916
r29917
r29925
r29927
r29934
r29942
r29944
r29945
r29949
r29951
r29952
r29953
r29957
r29961
r29963
r29965
r29968
r29971
r29972
r29975
r29977
r29982
r29984
r29986
r29988
r29991
r29993
r29994
r29996
r29998
r30000
r30001
r30002
r30010
r30013
r30015
r30019
r30020
r30023
r30031
r30033
r30039
r30041
r30043
r30045
r30047
r30066
r30068
r30078
r30079
r30080
r30084
r30086
r30097
r30112
r30114
r30126
r30131
r30136
r30138
r30144
r30146
r30148
r30150
r30152
r30155
r30157
r30159
r30161
r30162
r30163
r30165
r30173
r30174
r30177
r30179
r30181
r30184
r30187
r30190
r30195
r30209
r30213
r30219
r30221
r30222
r30223
r30224
r30231
r30233
r30235
r30237
r30243
r30254
r30257
r30258
r30263
r30265
r30267
r30271
r30273
r30275
r30278
r30280
r30282
r30284
r30288
r30290
r30293
r30296
r30297
r30311
r30312
r30315
  +dir_prop: branches/R-1-9-patches/src/library/Recommended svn:ignore *.tar.gz%0A*.tgz%0A*.ts%0A
r30319
r30320
r30321
r30323
r30325
r30326
r30327
r30328
r30331
r30338
r30343
r30345
r30356
r30358
r30364
r30365
r30366
r30367
r30368
r30371
r30373
r30378
r30380
r30384
r30386
r30387
r30391
r30395
r30398
r30408
r30416
r30419
r30422
r30428
r30430
r30434
r30456
r30470
r30495
r30514
r30520
r30533
r30541
r30553
r30559
r30572
r30576
r30579
r30582
r30601
r30610
r30611
r30613
r30622
r30640
r30643
r30647
r30650
r30656
r30659
r30668
r30670
r30675
r30687
r30689
r30702
r30706
r30709
r30717
r30736
r30759
r30761
r30764
r30777
r30780
r30795
r30801
r30809
r30815
r30830
r30852
r30862
r30865
r30877
r30887
r30893
r30902
r30909
r30919
r30923
r30950
r30974
r30999
r31021
r31029
r31032
r31040
r31045
r31062
r31087
r31095
r31104
r31107
r31110
r31125
r31136
r31151
r31155
r31159
r31164
r31167
r31171
r31183
r31191
r31195
r31201
r31205
r31210
r31214
r31217
r31218
r31220
r31223
r31227
r31231
r31232
r31237
r31240
r31245
r31248
r31250
r31252
r31255
r31260
r31264
r31267
r31275
r31303
r31316
r31327
r31342
r31506
  +file_prop: branches/R-1-9-patches/SUBVERSION_ID svn:keywords Id
r31507
r31508
  -empty_dir: branches/R-1-9-patches/SUBVERSION_ID
