r5284
  -empty_dir: Attic
  -empty_dir: BUGS
  -empty_dir: COPYING
  -empty_dir: COPYRIGHTS
  -empty_dir: FAQ
  -empty_dir: INSTALL
  -empty_dir: MIRROR-SITES
  -empty_dir: Makeconf.in
  -empty_dir: Makefile.in
  -empty_dir: NEWS
  -empty_dir: PLATFORMS
  -empty_dir: PROJECTS
  -empty_dir: README
  -empty_dir: RESOURCES
  -empty_dir: TASKS
  -empty_dir: Y2K
  -empty_dir: aclocal.m4
  -empty_dir: afm
  -empty_dir: config.site
  -empty_dir: configure
  -empty_dir: configure.in
  -empty_dir: configure.mac
  -empty_dir: configure.win
  -empty_dir: date-stamp
  -empty_dir: debian
  -empty_dir: demos
  -empty_dir: doc
  -empty_dir: etc
  -empty_dir: src/Makefile.in
  -empty_dir: src/appl
  -empty_dir: src/f2clib
  -empty_dir: src/gnome
  -empty_dir: src/gnuwin32/Announce
  -empty_dir: src/gnuwin32/CHANGES
  -empty_dir: src/gnuwin32/COPYRIGHTS.win
  -empty_dir: src/gnuwin32/MakeDll
  -empty_dir: src/gnuwin32/MakePkg
  -empty_dir: src/gnuwin32/Makefile
  -empty_dir: src/gnuwin32/Makefile.packages
  -empty_dir: src/gnuwin32/MkDyndemo
  -empty_dir: src/gnuwin32/MkRules
  -empty_dir: src/gnuwin32/Startup.h
  -empty_dir: src/gnuwin32/check
  -empty_dir: src/gnuwin32/console.c
  -empty_dir: src/gnuwin32/console.h
  -empty_dir: src/gnuwin32/copying
  -empty_dir: src/gnuwin32/dataentry.c
  -empty_dir: src/gnuwin32/devga.c
  -empty_dir: src/gnuwin32/devga.h
  -empty_dir: src/gnuwin32/dodevga.c
  -empty_dir: src/gnuwin32/dounzip.c
  -empty_dir: src/gnuwin32/dynload.c
  -empty_dir: src/gnuwin32/edit.c
  -empty_dir: src/gnuwin32/exported-vars
  -empty_dir: src/gnuwin32/extra.c
  -empty_dir: src/gnuwin32/fileio.c
  -empty_dir: src/gnuwin32/fixed
  -empty_dir: src/gnuwin32/front-ends
  -empty_dir: src/gnuwin32/getline
  -empty_dir: src/gnuwin32/graphapp/Makefile
  -empty_dir: src/gnuwin32/graphapp/arith.c
  -empty_dir: src/gnuwin32/graphapp/array.c
  -empty_dir: src/gnuwin32/graphapp/bitmaps.c
  -empty_dir: src/gnuwin32/graphapp/buttons.c
  -empty_dir: src/gnuwin32/graphapp/clipboard.c
  -empty_dir: src/gnuwin32/graphapp/context.c
  -empty_dir: src/gnuwin32/graphapp/controls.c
  -empty_dir: src/gnuwin32/graphapp/copylib.txt
  -empty_dir: src/gnuwin32/graphapp/cursors.c
  -empty_dir: src/gnuwin32/graphapp/dialogs.c
  -empty_dir: src/gnuwin32/graphapp/drawing.c
  -empty_dir: src/gnuwin32/graphapp/drawtext.c
  -empty_dir: src/gnuwin32/graphapp/events.c
  -empty_dir: src/gnuwin32/graphapp/fonts.c
  -empty_dir: src/gnuwin32/graphapp/ga.h
  -empty_dir: src/gnuwin32/graphapp/gbuttons.c
  -empty_dir: src/gnuwin32/graphapp/gdraw.c
  -empty_dir: src/gnuwin32/graphapp/gif.c
  -empty_dir: src/gnuwin32/graphapp/gimage.c
  -empty_dir: src/gnuwin32/graphapp/gmenus.c
  -empty_dir: src/gnuwin32/graphapp/graphapp.h
  -empty_dir: src/gnuwin32/graphapp/graphappmain.c
  -empty_dir: src/gnuwin32/graphapp/image.c
  -empty_dir: src/gnuwin32/graphapp/init.c
  -empty_dir: src/gnuwin32/graphapp/internal.h
  -empty_dir: src/gnuwin32/graphapp/menus.c
  -empty_dir: src/gnuwin32/graphapp/metafile.c
  -empty_dir: src/gnuwin32/graphapp/objects.c
  -empty_dir: src/gnuwin32/graphapp/printer.c
  -empty_dir: src/gnuwin32/graphapp/readme.txt
  -empty_dir: src/gnuwin32/graphapp/rgb.c
  -empty_dir: src/gnuwin32/graphapp/status.c
  -empty_dir: src/gnuwin32/graphapp/stdimg.c
  -empty_dir: src/gnuwin32/graphapp/stdimg.h
  -empty_dir: src/gnuwin32/graphapp/str.h
  -empty_dir: src/gnuwin32/graphapp/strings.c
  -empty_dir: src/gnuwin32/graphapp/tooltips.c
  -empty_dir: src/gnuwin32/graphapp/winalloc.c
  -empty_dir: src/gnuwin32/graphapp/windows.c
  -empty_dir: src/gnuwin32/graphapp/xredef.c
  -empty_dir: src/gnuwin32/help/Makefile
  -empty_dir: src/gnuwin32/help/Rdconvlib.pl
  -empty_dir: src/gnuwin32/help/build.help
  -empty_dir: src/gnuwin32/help/buildlib.pl
  -empty_dir: src/gnuwin32/help/html-layout.pl
  -empty_dir: src/gnuwin32/installer/Makefile
  -empty_dir: src/gnuwin32/installer/rwinst.c
  -empty_dir: src/gnuwin32/opt.c
  -empty_dir: src/gnuwin32/opt.h
  -empty_dir: src/gnuwin32/psignal.c
  -empty_dir: src/gnuwin32/psignal.h
  -empty_dir: src/gnuwin32/readme
  -empty_dir: src/gnuwin32/readme.packages
  -empty_dir: src/gnuwin32/rhome.c
  -empty_dir: src/gnuwin32/rui.c
  -empty_dir: src/gnuwin32/rui.h
  -empty_dir: src/gnuwin32/run.c
  -empty_dir: src/gnuwin32/run.h
  -empty_dir: src/gnuwin32/rw-faq
  -empty_dir: src/gnuwin32/sys-common.c
  -empty_dir: src/gnuwin32/sys-win32.c
  -empty_dir: src/gnuwin32/system.c
  -empty_dir: src/include/Applic.h
  -empty_dir: src/include/Arith.h
  -empty_dir: src/include/Blas.h
  -empty_dir: src/include/Complex.h
  -empty_dir: src/include/Defn.h
  -empty_dir: src/include/Error.h
  -empty_dir: src/include/Errormsg.h
  -empty_dir: src/include/Fileio.h
  -empty_dir: src/include/Fortran.h
  -empty_dir: src/include/Graphics.h
  -empty_dir: src/include/IOStuff.h
  -empty_dir: src/include/Makefile.in
  -empty_dir: src/include/Mathlib.h
  -empty_dir: src/include/Memory.h
  -empty_dir: src/include/Parse.h
  -empty_dir: src/include/Print.h
  -empty_dir: src/include/PrtUtil.h
  -empty_dir: src/include/Random.h
  -empty_dir: src/include/Rconfig.h.in
  -empty_dir: src/include/Rdefines.h
  -empty_dir: src/include/Rinternals.h
  -empty_dir: src/include/Rversion.h.in
  -empty_dir: src/include/S.h
  -empty_dir: src/include/S_compat.h
  -empty_dir: src/include/Utils.h
  -empty_dir: src/library/Makefile.in
  -empty_dir: src/library/base/Makefile.in
  -empty_dir: src/library/base/R/New-Internal.R
  -empty_dir: src/library/base/R/abline.R
  -empty_dir: src/library/base/R/add.R
  -empty_dir: src/library/base/R/approx.R
  -empty_dir: src/library/base/R/approxfun.R
  -empty_dir: src/library/base/R/as.R
  -empty_dir: src/library/base/R/backsolve.R
  -empty_dir: src/library/base/R/barplot.R
  -empty_dir: src/library/base/R/boxplot.R
  -empty_dir: src/library/base/R/chisq.test.R
  -empty_dir: src/library/base/R/chol.R
  -empty_dir: src/library/base/R/chull.R
  -empty_dir: src/library/base/R/colorstuff.R
  -empty_dir: src/library/base/R/contrast.R
  -empty_dir: src/library/base/R/cut.R
  -empty_dir: src/library/base/R/dataframe.R
  -empty_dir: src/library/base/R/density.R
  -empty_dir: src/library/base/R/diag.R
  -empty_dir: src/library/base/R/diff.R
  -empty_dir: src/library/base/R/dynload.R
  -empty_dir: src/library/base/R/eigen.R
  -empty_dir: src/library/base/R/expand.grid.R
  -empty_dir: src/library/base/R/factor.R
  -empty_dir: src/library/base/R/family.R
  -empty_dir: src/library/base/R/formals.R
  -empty_dir: src/library/base/R/format.R
  -empty_dir: src/library/base/R/gl.R
  -empty_dir: src/library/base/R/glm.R
  -empty_dir: src/library/base/R/glmnull.R
  -empty_dir: src/library/base/R/grid.R
  -empty_dir: src/library/base/R/help.R
  -empty_dir: src/library/base/R/hist.R
  -empty_dir: src/library/base/R/image.R
  -empty_dir: src/library/base/R/kappa.R
  -empty_dir: src/library/base/R/library.R
  -empty_dir: src/library/base/R/lm.R
  -empty_dir: src/library/base/R/lm.influence.R
  -empty_dir: src/library/base/R/lmnull.R
  -empty_dir: src/library/base/R/locator.R
  -empty_dir: src/library/base/R/loglin.R
  -empty_dir: src/library/base/R/lowess.R
  -empty_dir: src/library/base/R/lsfit.R
  -empty_dir: src/library/base/R/match.fun.R
  -empty_dir: src/library/base/R/mode.R
  -empty_dir: src/library/base/R/model.tables.R
  -empty_dir: src/library/base/R/models.R
  -empty_dir: src/library/base/R/mosaicplot.R
  -empty_dir: src/library/base/R/nlm.R
  -empty_dir: src/library/base/R/persp.R
  -empty_dir: src/library/base/R/plot.R
  -empty_dir: src/library/base/R/plot.lm.R
  -empty_dir: src/library/base/R/points.R
  -empty_dir: src/library/base/R/postscript.R
  -empty_dir: src/library/base/R/predict.glm.R
  -empty_dir: src/library/base/R/pretty.R
  -empty_dir: src/library/base/R/prompt.R
  -empty_dir: src/library/base/R/qr.R
  -empty_dir: src/library/base/R/quit.R
  -empty_dir: src/library/base/R/rowsum.R
  -empty_dir: src/library/base/R/sapply.R
  -empty_dir: src/library/base/R/sock.R
  -empty_dir: src/library/base/R/spline.R
  -empty_dir: src/library/base/R/splinefun.R
  -empty_dir: src/library/base/R/split.R
  -empty_dir: src/library/base/R/stem.R
  -empty_dir: src/library/base/R/str.R
  -empty_dir: src/library/base/R/structure.R
  -empty_dir: src/library/base/R/svd.R
  -empty_dir: src/library/base/R/table.R
  -empty_dir: src/library/base/R/tabulate.R
  -empty_dir: src/library/base/R/ts.R
  -empty_dir: src/library/base/R/vector.R
  -empty_dir: src/library/base/R/zapsmall.R
  -empty_dir: src/library/base/data/00Index
  -empty_dir: src/library/base/data/iris.R
  -empty_dir: src/library/base/man/Binomial.Rd
  -empty_dir: src/library/base/man/Cauchy.Rd
  -empty_dir: src/library/base/man/Chisquare.Rd
  -empty_dir: src/library/base/man/Constants.Rd
  -empty_dir: src/library/base/man/Deprecated.Rd
  -empty_dir: src/library/base/man/Devices.Rd
  -empty_dir: src/library/base/man/Foreign.Rd
  -empty_dir: src/library/base/man/Geometric.Rd
  -empty_dir: src/library/base/man/Log.Rd
  -empty_dir: src/library/base/man/NegBinomial.Rd
  -empty_dir: src/library/base/man/Poisson.Rd
  -empty_dir: src/library/base/man/Random.Rd
  -empty_dir: src/library/base/man/Trig.Rd
  -empty_dir: src/library/base/man/Version.Rd
  -empty_dir: src/library/base/man/Weibull.Rd
  -empty_dir: src/library/base/man/abline.Rd
  -empty_dir: src/library/base/man/anova.Rd
  -empty_dir: src/library/base/man/approxfun.Rd
  -empty_dir: src/library/base/man/apropos.Rd
  -empty_dir: src/library/base/man/axis.Rd
  -empty_dir: src/library/base/man/barplot.Rd
  -empty_dir: src/library/base/man/boxplot.Rd
  -empty_dir: src/library/base/man/boxplot.default.Rd
  -empty_dir: src/library/base/man/boxplot.formula.Rd
  -empty_dir: src/library/base/man/chisq.test.Rd
  -empty_dir: src/library/base/man/chol2inv.Rd
  -empty_dir: src/library/base/man/chull.Rd
  -empty_dir: src/library/base/man/codes.Rd
  -empty_dir: src/library/base/man/contributors.Rd
  -empty_dir: src/library/base/man/convolve.Rd
  -empty_dir: src/library/base/man/cor.Rd
  -empty_dir: src/library/base/man/cov.wt.Rd
  -empty_dir: src/library/base/man/crossprod.Rd
  -empty_dir: src/library/base/man/data.Rd
  -empty_dir: src/library/base/man/data.class.Rd
  -empty_dir: src/library/base/man/date.Rd
  -empty_dir: src/library/base/man/density.Rd
  -empty_dir: src/library/base/man/deriv.Rd
  -empty_dir: src/library/base/man/diag.Rd
  -empty_dir: src/library/base/man/dotplot.Rd
  -empty_dir: src/library/base/man/double.Rd
  -empty_dir: src/library/base/man/drop.Rd
  -empty_dir: src/library/base/man/dump.Rd
  -empty_dir: src/library/base/man/dynload.Rd
  -empty_dir: src/library/base/man/factor.Rd
  -empty_dir: src/library/base/man/family.Rd
  -empty_dir: src/library/base/man/formula.Rd
  -empty_dir: src/library/base/man/gc.Rd
  -empty_dir: src/library/base/man/getenv.Rd
  -empty_dir: src/library/base/man/getwd.Rd
  -empty_dir: src/library/base/man/glm.summaries.Rd
  -empty_dir: src/library/base/man/grep.Rd
  -empty_dir: src/library/base/man/grid.Rd
  -empty_dir: src/library/base/man/help.Rd
  -empty_dir: src/library/base/man/hist.Rd
  -empty_dir: src/library/base/man/image.Rd
  -empty_dir: src/library/base/man/influence.measures.Rd
  -empty_dir: src/library/base/man/iris.Rd
  -empty_dir: src/library/base/man/kappa.Rd
  -empty_dir: src/library/base/man/lapply.Rd
  -empty_dir: src/library/base/man/levels.Rd
  -empty_dir: src/library/base/man/levels.factor.Rd
  -empty_dir: src/library/base/man/library.Rd
  -empty_dir: src/library/base/man/license.Rd
  -empty_dir: src/library/base/man/list.files.Rd
  -empty_dir: src/library/base/man/lm.influence.Rd
  -empty_dir: src/library/base/man/lm.summaries.Rd
  -empty_dir: src/library/base/man/locator.Rd
  -empty_dir: src/library/base/man/make.socket.Rd
  -empty_dir: src/library/base/man/match.fun.Rd
  -empty_dir: src/library/base/man/matmult.Rd
  -empty_dir: src/library/base/man/matplot.Rd
  -empty_dir: src/library/base/man/methods.Rd
  -empty_dir: src/library/base/man/mode.Rd
  -empty_dir: src/library/base/man/model.frame.Rd
  -empty_dir: src/library/base/man/mosaicplot.Rd
  -empty_dir: src/library/base/man/mtext.Rd
  -empty_dir: src/library/base/man/nlm.Rd
  -empty_dir: src/library/base/man/noquote.Rd
  -empty_dir: src/library/base/man/notyet.Rd
  -empty_dir: src/library/base/man/offset.Rd
  -empty_dir: src/library/base/man/on.exit.Rd
  -empty_dir: src/library/base/man/options.Rd
  -empty_dir: src/library/base/man/pairs.Rd
  -empty_dir: src/library/base/man/par.Rd
  -empty_dir: src/library/base/man/plot.lm.Rd
  -empty_dir: src/library/base/man/plot.xy.Rd
  -empty_dir: src/library/base/man/plotdefault.Rd
  -empty_dir: src/library/base/man/plotfactor.Rd
  -empty_dir: src/library/base/man/points.Rd
  -empty_dir: src/library/base/man/postscript.Rd
  -empty_dir: src/library/base/man/predict.glm.Rd
  -empty_dir: src/library/base/man/qraux.Rd
  -empty_dir: src/library/base/man/quakes.Rd
  -empty_dir: src/library/base/man/quit.Rd
  -empty_dir: src/library/base/man/randu.Rd
  -empty_dir: src/library/base/man/read.fwf.Rd
  -empty_dir: src/library/base/man/read.table.Rd
  -empty_dir: src/library/base/man/restart.Rd
  -empty_dir: src/library/base/man/scan.Rd
  -empty_dir: src/library/base/man/se.aov.Rd
  -empty_dir: src/library/base/man/source.Rd
  -empty_dir: src/library/base/man/stop.Rd
  -empty_dir: src/library/base/man/str.Rd
  -empty_dir: src/library/base/man/sunspots.Rd
  -empty_dir: src/library/base/man/svd.Rd
  -empty_dir: src/library/base/man/sys.parent.Rd
  -empty_dir: src/library/base/man/table.Rd
  -empty_dir: src/library/base/man/text.Rd
  -empty_dir: src/library/base/man/time.Rd
  -empty_dir: src/library/base/man/ts.Rd
  -empty_dir: src/library/base/man/update.lm.Rd
  -empty_dir: src/library/base/man/var.Rd
  -empty_dir: src/library/base/man/warning.Rd
  -empty_dir: src/library/base/man/warnings.Rd
  -empty_dir: src/library/base/man/window.Rd
  -empty_dir: src/library/base/man/women.Rd
  -empty_dir: src/library/base/man/zAlias.Rd
  -empty_dir: src/library/base/man/zip.file.extract.Rd
  -empty_dir: src/library/eda/Makefile.in
  -empty_dir: src/library/eda/R/line.R
  -empty_dir: src/library/eda/R/smooth.R
  -empty_dir: src/library/lqs/Makefile.in
  -empty_dir: src/library/lqs/R/lqs.R
  -empty_dir: src/library/lqs/man/lqs.Rd
  -empty_dir: src/library/lqs/src/lqs.c
  -empty_dir: src/library/modreg/Makefile.in
  -empty_dir: src/library/modreg/R/ksmooth.R
  -empty_dir: src/library/modreg/R/loess.R
  -empty_dir: src/library/modreg/R/ppr.R
  -empty_dir: src/library/modreg/R/smspline.R
  -empty_dir: src/library/modreg/TITLE
  -empty_dir: src/library/modreg/man/ppr.Rd
  -empty_dir: src/library/modreg/man/smooth.spline.Rd
  -empty_dir: src/library/modreg/man/supsmu.Rd
  -empty_dir: src/library/modreg/src/bvalue.f
  -empty_dir: src/library/modreg/src/bvalus.f
  -empty_dir: src/library/modreg/src/ppr.f
  -empty_dir: src/library/modreg/src/qsbart.f
  -empty_dir: src/library/modreg/src/sinerp.f
  -empty_dir: src/library/mva/INDEX
  -empty_dir: src/library/mva/Makefile.in
  -empty_dir: src/library/mva/R/cmdscale.R
  -empty_dir: src/library/mva/R/dist.R
  -empty_dir: src/library/mva/R/hclust.R
  -empty_dir: src/library/mva/R/kmeans.R
  -empty_dir: src/library/mva/man/biplot.princomp.Rd
  -empty_dir: src/library/mva/man/cancor.Rd
  -empty_dir: src/library/mva/man/cmdscale.Rd
  -empty_dir: src/library/mva/man/hclust.Rd
  -empty_dir: src/library/mva/man/prcomp.Rd
  -empty_dir: src/library/mva/man/princomp.Rd
  -empty_dir: src/library/profile/Common.R
  -empty_dir: src/library/stepfun/Makefile.in
  -empty_dir: src/library/stepfun/R/stepfun.R
  -empty_dir: src/library/stepfun/man/plot.stepfun.Rd
  -empty_dir: src/main/Makefile.in
  -empty_dir: src/main/arithmetic.c
  -empty_dir: src/main/array.c
  -empty_dir: src/main/attrib.c
  -empty_dir: src/main/bind.c
  -empty_dir: src/main/builtin.c
  -empty_dir: src/main/character.c
  -empty_dir: src/main/coerce.c
  -empty_dir: src/main/colors.c
  -empty_dir: src/main/complex.c
  -empty_dir: src/main/context.c
  -empty_dir: src/main/cov.c
  -empty_dir: src/main/cum.c
  -empty_dir: src/main/debug.c
  -empty_dir: src/main/deparse.c
  -empty_dir: src/main/deriv.c
  -empty_dir: src/main/devPS.c
  -empty_dir: src/main/devPicTeX.c
  -empty_dir: src/main/devices.c
  -empty_dir: src/main/dotcode.c
  -empty_dir: src/main/dstruct.c
  -empty_dir: src/main/duplicate.c
  -empty_dir: src/main/envir.c
  -empty_dir: src/main/errors.c
  -empty_dir: src/main/eval.c
  -empty_dir: src/main/format.c
  -empty_dir: src/main/fourier.c
  -empty_dir: src/main/gram-ex.c
  -empty_dir: src/main/gram.c
  -empty_dir: src/main/gram.y
  -empty_dir: src/main/graphics.c
  -empty_dir: src/main/iosupport.c
  -empty_dir: src/main/list.c
  -empty_dir: src/main/logic.c
  -empty_dir: src/main/main.c
  -empty_dir: src/main/match.c
  -empty_dir: src/main/memory.c
  -empty_dir: src/main/model.c
  -empty_dir: src/main/names.c
  -empty_dir: src/main/names.h
  -empty_dir: src/main/objects.c
  -empty_dir: src/main/optimize.c
  -empty_dir: src/main/options.c
  -empty_dir: src/main/par.c
  -empty_dir: src/main/paste.c
  -empty_dir: src/main/platform.c
  -empty_dir: src/main/plot.c
  -empty_dir: src/main/plot3d.c
  -empty_dir: src/main/plotmath.c
  -empty_dir: src/main/print.c
  -empty_dir: src/main/printarray.c
  -empty_dir: src/main/printutils.c
  -empty_dir: src/main/printvector.c
  -empty_dir: src/main/random.c
  -empty_dir: src/main/relop.c
  -empty_dir: src/main/saveload.c
  -empty_dir: src/main/scan.c
  -empty_dir: src/main/seq.c
  -empty_dir: src/main/sort.c
  -empty_dir: src/main/source.c
  -empty_dir: src/main/split.c
  -empty_dir: src/main/subassign.c
  -empty_dir: src/main/subscript.c
  -empty_dir: src/main/subset.c
  -empty_dir: src/main/summary.c
  -empty_dir: src/main/unique.c
  -empty_dir: src/main/util.c
  -empty_dir: src/main/version.c
  -empty_dir: src/nmath/Makefile.in
  -empty_dir: src/nmath/bessel_i.c
  -empty_dir: src/nmath/bessel_j.c
  -empty_dir: src/nmath/bessel_k.c
  -empty_dir: src/nmath/bessel_y.c
  -empty_dir: src/nmath/beta.c
  -empty_dir: src/nmath/chebyshev.c
  -empty_dir: src/nmath/choose.c
  -empty_dir: src/nmath/d1mach.c
  -empty_dir: src/nmath/dbeta.c
  -empty_dir: src/nmath/dbinom.c
  -empty_dir: src/nmath/dcauchy.c
  -empty_dir: src/nmath/dchisq.c
  -empty_dir: src/nmath/dexp.c
  -empty_dir: src/nmath/df.c
  -empty_dir: src/nmath/dgamma.c
  -empty_dir: src/nmath/dgeom.c
  -empty_dir: src/nmath/dhyper.c
  -empty_dir: src/nmath/dlnorm.c
  -empty_dir: src/nmath/dlogis.c
  -empty_dir: src/nmath/dnbeta.c
  -empty_dir: src/nmath/dnbinom.c
  -empty_dir: src/nmath/dnchisq.c
  -empty_dir: src/nmath/dnorm.c
  -empty_dir: src/nmath/dpois.c
  -empty_dir: src/nmath/dt.c
  -empty_dir: src/nmath/dunif.c
  -empty_dir: src/nmath/dweibull.c
  -empty_dir: src/nmath/fcube.c
  -empty_dir: src/nmath/fmax2.c
  -empty_dir: src/nmath/fmin2.c
  -empty_dir: src/nmath/fmod.c
  -empty_dir: src/nmath/fprec.c
  -empty_dir: src/nmath/fround.c
  -empty_dir: src/nmath/fsign.c
  -empty_dir: src/nmath/fsquare.c
  -empty_dir: src/nmath/ftrunc.c
  -empty_dir: src/nmath/gamma.c
  -empty_dir: src/nmath/gammalims.c
  -empty_dir: src/nmath/i1mach.c
  -empty_dir: src/nmath/imax2.c
  -empty_dir: src/nmath/imin2.c
  -empty_dir: src/nmath/lbeta.c
  -empty_dir: src/nmath/lgamma.c
  -empty_dir: src/nmath/lgammacor.c
  -empty_dir: src/nmath/logrelerr.c
  -empty_dir: src/nmath/mlutils.c
  -empty_dir: src/nmath/pbeta.c
  -empty_dir: src/nmath/pbinom.c
  -empty_dir: src/nmath/pcauchy.c
  -empty_dir: src/nmath/pchisq.c
  -empty_dir: src/nmath/pexp.c
  -empty_dir: src/nmath/pf.c
  -empty_dir: src/nmath/pgamma.c
  -empty_dir: src/nmath/pgeom.c
  -empty_dir: src/nmath/phyper.c
  -empty_dir: src/nmath/plnorm.c
  -empty_dir: src/nmath/plogis.c
  -empty_dir: src/nmath/pnbinom.c
  -empty_dir: src/nmath/pnf.c
  -empty_dir: src/nmath/pnorm.c
  -empty_dir: src/nmath/pnt.c
  -empty_dir: src/nmath/polygamma.c
  -empty_dir: src/nmath/ppois.c
  -empty_dir: src/nmath/pt.c
  -empty_dir: src/nmath/ptukey.c
  -empty_dir: src/nmath/punif.c
  -empty_dir: src/nmath/pweibull.c
  -empty_dir: src/nmath/qbeta.c
  -empty_dir: src/nmath/qbinom.c
  -empty_dir: src/nmath/qcauchy.c
  -empty_dir: src/nmath/qchisq.c
  -empty_dir: src/nmath/qexp.c
  -empty_dir: src/nmath/qf.c
  -empty_dir: src/nmath/qgamma.c
  -empty_dir: src/nmath/qgeom.c
  -empty_dir: src/nmath/qhyper.c
  -empty_dir: src/nmath/qlnorm.c
  -empty_dir: src/nmath/qlogis.c
  -empty_dir: src/nmath/qnbinom.c
  -empty_dir: src/nmath/qnchisq.c
  -empty_dir: src/nmath/qnorm.c
  -empty_dir: src/nmath/qpois.c
  -empty_dir: src/nmath/qt.c
  -empty_dir: src/nmath/qtukey.c
  -empty_dir: src/nmath/qunif.c
  -empty_dir: src/nmath/qweibull.c
  -empty_dir: src/nmath/rbeta.c
  -empty_dir: src/nmath/rbinom.c
  -empty_dir: src/nmath/rcauchy.c
  -empty_dir: src/nmath/rchisq.c
  -empty_dir: src/nmath/rexp.c
  -empty_dir: src/nmath/rf.c
  -empty_dir: src/nmath/rgamma.c
  -empty_dir: src/nmath/rgeom.c
  -empty_dir: src/nmath/rhyper.c
  -empty_dir: src/nmath/rlnorm.c
  -empty_dir: src/nmath/rlogis.c
  -empty_dir: src/nmath/rnbinom.c
  -empty_dir: src/nmath/rnorm.c
  -empty_dir: src/nmath/rpois.c
  -empty_dir: src/nmath/rt.c
  -empty_dir: src/nmath/runif.c
  -empty_dir: src/nmath/rweibull.c
  -empty_dir: src/nmath/sexp.c
  -empty_dir: src/nmath/sign.c
  -empty_dir: src/nmath/signrank.c
  -empty_dir: src/nmath/snorm.c
  -empty_dir: src/nmath/sunif.c
  -empty_dir: src/nmath/wilcox.c
  -empty_dir: src/scripts/INSTALL.in
  -empty_dir: src/scripts/Makefile.in
  -empty_dir: src/scripts/R.sh.in
  -empty_dir: src/scripts/Rd2dvi
  -empty_dir: src/scripts/Rdconv.in
  -empty_dir: src/scripts/Rdindex.in
  -empty_dir: src/scripts/Rman2Rd.in
  -empty_dir: src/scripts/Sd2Rd.in
  -empty_dir: src/scripts/build-help.in
  -empty_dir: src/scripts/check
  -empty_dir: src/scripts/fwf2table.in
  -empty_dir: src/scripts/help.links
  -empty_dir: src/scripts/html2dos.in
  -empty_dir: src/scripts/massage-Examples
  -empty_dir: src/unix/Makefile.in
  -empty_dir: src/unix/Startup.h
  -empty_dir: src/unix/dataentry.c
  -empty_dir: src/unix/dataentry.h
  -empty_dir: src/unix/devX11.c
  -empty_dir: src/unix/dynload.c
  -empty_dir: src/unix/edit.c
  -empty_dir: src/unix/hpdlfcn.c
  -empty_dir: src/unix/rotated.c
  -empty_dir: src/unix/rotated.h
  -empty_dir: src/unix/sys-common.c
  -empty_dir: src/unix/sys-unix.c
  -empty_dir: src/unix/system.c
  -empty_dir: src/unix/system.txt
  -empty_dir: tests/Examples
  -empty_dir: tests/Makefile.in
  -empty_dir: tests/README
  -empty_dir: tests/Rdiff
  -empty_dir: tests/arith-true.R
  -empty_dir: tests/arith-true.Rout.save
  -empty_dir: tests/eval-etc.R
  -empty_dir: tests/eval-etc.Rout.save
  -empty_dir: tests/is-things.R
  -empty_dir: tests/is-things.Rout.save
  -empty_dir: tests/mode-methods.R
  -empty_dir: tests/simple-true.R
  -empty_dir: tests/simple-true.Rout.save
  -empty_dir: tools/GETVERSION
r5286
r6386
  +file_prop: branches/R-exp-pd/src/gnuwin32/help/logo.bmp svn:mime-type application/octet-stream
