r5125
  -empty_dir: Attic
  -empty_dir: BUGS
  -empty_dir: COPYING
  -empty_dir: COPYRIGHTS
  -empty_dir: FAQ
  -empty_dir: INSTALL
  -empty_dir: MIRROR-SITES
  -empty_dir: Makeconf.in
  -empty_dir: Makefile.in
  -empty_dir: NEWS
  -empty_dir: PLATFORMS
  -empty_dir: PROJECTS
  -empty_dir: README
  -empty_dir: RESOURCES
  -empty_dir: TASKS
  -empty_dir: Y2K
  -empty_dir: aclocal.m4
  -empty_dir: afm
  -empty_dir: config.site
  -empty_dir: configure
  -empty_dir: configure.in
  -empty_dir: configure.mac
  -empty_dir: configure.win
  -empty_dir: date-stamp
  -empty_dir: debian
  -empty_dir: demos
  -empty_dir: doc
  -empty_dir: etc
  -empty_dir: src/Makefile.in
  -empty_dir: src/appl
  -empty_dir: src/f2clib
  -empty_dir: src/gnome
  -empty_dir: src/gnuwin32
  -empty_dir: src/include/Applic.h
  -empty_dir: src/include/Arith.h
  -empty_dir: src/include/Blas.h
  -empty_dir: src/include/Complex.h
  -empty_dir: src/include/Defn.h
  -empty_dir: src/include/Error.h
  -empty_dir: src/include/Errormsg.h
  -empty_dir: src/include/Fileio.h
  -empty_dir: src/include/Fortran.h
  -empty_dir: src/include/Graphics.h
  -empty_dir: src/include/IOStuff.h
  -empty_dir: src/include/Linpack.h
  -empty_dir: src/include/Makefile.in
  -empty_dir: src/include/Mathlib.h
  -empty_dir: src/include/Memory.h
  -empty_dir: src/include/Parse.h
  -empty_dir: src/include/Platform.h.in
  -empty_dir: src/include/Print.h
  -empty_dir: src/include/PrtUtil.h
  -empty_dir: src/include/README
  -empty_dir: src/include/Random.h
  -empty_dir: src/include/Rdefines.h
  -empty_dir: src/include/S.h
  -empty_dir: src/include/S_compat.h
  -empty_dir: src/include/Statdecl.h
  -empty_dir: src/include/Stattab.h
  -empty_dir: src/include/Utils.h
  -empty_dir: src/include/Version.h.in
  -empty_dir: src/include/f2c.h
  -empty_dir: src/library
  -empty_dir: src/macintosh
  -empty_dir: src/main
  -empty_dir: src/nmath
  -empty_dir: src/regex
  -empty_dir: src/scripts
  -empty_dir: src/unix
  -empty_dir: tests
  -empty_dir: tools
r5190
